[0.248s] Invoking command in '/home/hjpark/dev_hjp/ROS2/storagy-repo-1/i6robotics/build/i6robotics_control_msgs': /usr/bin/cmake --build /home/hjpark/dev_hjp/ROS2/storagy-repo-1/i6robotics/build/i6robotics_control_msgs -- -j16 -l16
[0.769s] [  4%] Built target i6robotics_control_msgs__cpp
[0.769s] [ 12%] Built target i6robotics_control_msgs__rosidl_generator_c
[0.769s] [ 12%] Built target ament_cmake_python_copy_i6robotics_control_msgs
[0.769s] [ 46%] Built target i6robotics_control_msgs__rosidl_typesupport_cpp
[0.769s] [ 46%] Built target i6robotics_control_msgs__rosidl_typesupport_introspection_c
[0.770s] [ 46%] Built target i6robotics_control_msgs__rosidl_typesupport_c
[0.770s] [ 57%] Built target i6robotics_control_msgs__rosidl_typesupport_introspection_cpp
[0.770s] [ 69%] Built target i6robotics_control_msgs__rosidl_typesupport_fastrtps_cpp
[0.771s] [ 80%] Built target i6robotics_control_msgs__rosidl_typesupport_fastrtps_c
[0.771s] [ 80%] Built target i6robotics_control_msgs
[0.771s] [ 81%] Built target i6robotics_control_msgs__py
[0.771s] [ 91%] Built target i6robotics_control_msgs__rosidl_generator_py
[0.771s] [100%] Built target i6robotics_control_msgs__rosidl_typesupport_introspection_c__pyext
[0.771s] [100%] Built target i6robotics_control_msgs__rosidl_typesupport_c__pyext
[0.771s] [100%] Built target i6robotics_control_msgs__rosidl_typesupport_fastrtps_c__pyext
[0.771s] running egg_info
[0.771s] writing i6robotics_control_msgs.egg-info/PKG-INFO
[0.771s] writing dependency_links to i6robotics_control_msgs.egg-info/dependency_links.txt
[0.771s] writing top-level names to i6robotics_control_msgs.egg-info/top_level.txt
[0.772s] reading manifest file 'i6robotics_control_msgs.egg-info/SOURCES.txt'
[0.772s] writing manifest file 'i6robotics_control_msgs.egg-info/SOURCES.txt'
[0.772s] [100%] Built target ament_cmake_python_build_i6robotics_control_msgs_egg
[0.772s] Invoked command in '/home/hjpark/dev_hjp/ROS2/storagy-repo-1/i6robotics/build/i6robotics_control_msgs' returned '0': /usr/bin/cmake --build /home/hjpark/dev_hjp/ROS2/storagy-repo-1/i6robotics/build/i6robotics_control_msgs -- -j16 -l16
[0.778s] Invoking command in '/home/hjpark/dev_hjp/ROS2/storagy-repo-1/i6robotics/build/i6robotics_control_msgs': /usr/bin/cmake --install /home/hjpark/dev_hjp/ROS2/storagy-repo-1/i6robotics/build/i6robotics_control_msgs
[0.783s] -- Install configuration: ""
[0.784s] -- Up-to-date: /home/hjpark/dev_hjp/ROS2/storagy-repo-1/i6robotics/install/i6robotics_control_msgs/share/ament_index/resource_index/rosidl_interfaces/i6robotics_control_msgs
[0.785s] -- Up-to-date: /home/hjpark/dev_hjp/ROS2/storagy-repo-1/i6robotics/install/i6robotics_control_msgs/include/i6robotics_control_msgs/i6robotics_control_msgs
[0.785s] -- Up-to-date: /home/hjpark/dev_hjp/ROS2/storagy-repo-1/i6robotics/install/i6robotics_control_msgs/include/i6robotics_control_msgs/i6robotics_control_msgs/action
[0.785s] -- Up-to-date: /home/hjpark/dev_hjp/ROS2/storagy-repo-1/i6robotics/install/i6robotics_control_msgs/include/i6robotics_control_msgs/i6robotics_control_msgs/action/follow.h
[0.785s] -- Up-to-date: /home/hjpark/dev_hjp/ROS2/storagy-repo-1/i6robotics/install/i6robotics_control_msgs/include/i6robotics_control_msgs/i6robotics_control_msgs/action/nav_order.h
[0.785s] -- Up-to-date: /home/hjpark/dev_hjp/ROS2/storagy-repo-1/i6robotics/install/i6robotics_control_msgs/include/i6robotics_control_msgs/i6robotics_control_msgs/action/detail
[0.785s] -- Up-to-date: /home/hjpark/dev_hjp/ROS2/storagy-repo-1/i6robotics/install/i6robotics_control_msgs/include/i6robotics_control_msgs/i6robotics_control_msgs/action/detail/follow__functions.c
[0.785s] -- Up-to-date: /home/hjpark/dev_hjp/ROS2/storagy-repo-1/i6robotics/install/i6robotics_control_msgs/include/i6robotics_control_msgs/i6robotics_control_msgs/action/detail/follow__type_support.h
[0.785s] -- Up-to-date: /home/hjpark/dev_hjp/ROS2/storagy-repo-1/i6robotics/install/i6robotics_control_msgs/include/i6robotics_control_msgs/i6robotics_control_msgs/action/detail/nav_order__struct.h
[0.785s] -- Up-to-date: /home/hjpark/dev_hjp/ROS2/storagy-repo-1/i6robotics/install/i6robotics_control_msgs/include/i6robotics_control_msgs/i6robotics_control_msgs/action/detail/follow__struct.h
[0.786s] -- Up-to-date: /home/hjpark/dev_hjp/ROS2/storagy-repo-1/i6robotics/install/i6robotics_control_msgs/include/i6robotics_control_msgs/i6robotics_control_msgs/action/detail/follow__functions.h
[0.786s] -- Up-to-date: /home/hjpark/dev_hjp/ROS2/storagy-repo-1/i6robotics/install/i6robotics_control_msgs/include/i6robotics_control_msgs/i6robotics_control_msgs/action/detail/nav_order__functions.c
[0.786s] -- Up-to-date: /home/hjpark/dev_hjp/ROS2/storagy-repo-1/i6robotics/install/i6robotics_control_msgs/include/i6robotics_control_msgs/i6robotics_control_msgs/action/detail/nav_order__functions.h
[0.786s] -- Up-to-date: /home/hjpark/dev_hjp/ROS2/storagy-repo-1/i6robotics/install/i6robotics_control_msgs/include/i6robotics_control_msgs/i6robotics_control_msgs/action/detail/nav_order__type_support.h
[0.786s] -- Up-to-date: /home/hjpark/dev_hjp/ROS2/storagy-repo-1/i6robotics/install/i6robotics_control_msgs/include/i6robotics_control_msgs/i6robotics_control_msgs/srv
[0.786s] -- Up-to-date: /home/hjpark/dev_hjp/ROS2/storagy-repo-1/i6robotics/install/i6robotics_control_msgs/include/i6robotics_control_msgs/i6robotics_control_msgs/srv/nav_order_srv.h
[0.786s] -- Up-to-date: /home/hjpark/dev_hjp/ROS2/storagy-repo-1/i6robotics/install/i6robotics_control_msgs/include/i6robotics_control_msgs/i6robotics_control_msgs/srv/order.h
[0.786s] -- Up-to-date: /home/hjpark/dev_hjp/ROS2/storagy-repo-1/i6robotics/install/i6robotics_control_msgs/include/i6robotics_control_msgs/i6robotics_control_msgs/srv/detail
[0.787s] -- Up-to-date: /home/hjpark/dev_hjp/ROS2/storagy-repo-1/i6robotics/install/i6robotics_control_msgs/include/i6robotics_control_msgs/i6robotics_control_msgs/srv/detail/order__functions.h
[0.787s] -- Up-to-date: /home/hjpark/dev_hjp/ROS2/storagy-repo-1/i6robotics/install/i6robotics_control_msgs/include/i6robotics_control_msgs/i6robotics_control_msgs/srv/detail/order__struct.h
[0.787s] -- Up-to-date: /home/hjpark/dev_hjp/ROS2/storagy-repo-1/i6robotics/install/i6robotics_control_msgs/include/i6robotics_control_msgs/i6robotics_control_msgs/srv/detail/order__functions.c
[0.788s] -- Up-to-date: /home/hjpark/dev_hjp/ROS2/storagy-repo-1/i6robotics/install/i6robotics_control_msgs/include/i6robotics_control_msgs/i6robotics_control_msgs/srv/detail/nav_order_srv__struct.h
[0.788s] -- Up-to-date: /home/hjpark/dev_hjp/ROS2/storagy-repo-1/i6robotics/install/i6robotics_control_msgs/include/i6robotics_control_msgs/i6robotics_control_msgs/srv/detail/nav_order_srv__type_support.h
[0.788s] -- Up-to-date: /home/hjpark/dev_hjp/ROS2/storagy-repo-1/i6robotics/install/i6robotics_control_msgs/include/i6robotics_control_msgs/i6robotics_control_msgs/srv/detail/nav_order_srv__functions.c
[0.788s] -- Up-to-date: /home/hjpark/dev_hjp/ROS2/storagy-repo-1/i6robotics/install/i6robotics_control_msgs/include/i6robotics_control_msgs/i6robotics_control_msgs/srv/detail/nav_order_srv__functions.h
[0.788s] -- Up-to-date: /home/hjpark/dev_hjp/ROS2/storagy-repo-1/i6robotics/install/i6robotics_control_msgs/include/i6robotics_control_msgs/i6robotics_control_msgs/srv/detail/order__type_support.h
[0.788s] -- Up-to-date: /home/hjpark/dev_hjp/ROS2/storagy-repo-1/i6robotics/install/i6robotics_control_msgs/include/i6robotics_control_msgs/i6robotics_control_msgs/msg
[0.788s] -- Up-to-date: /home/hjpark/dev_hjp/ROS2/storagy-repo-1/i6robotics/install/i6robotics_control_msgs/include/i6robotics_control_msgs/i6robotics_control_msgs/msg/rosidl_generator_c__visibility_control.h
[0.788s] -- Up-to-date: /home/hjpark/dev_hjp/ROS2/storagy-repo-1/i6robotics/install/i6robotics_control_msgs/include/i6robotics_control_msgs/i6robotics_control_msgs/msg/nav_order_feedback.h
[0.788s] -- Up-to-date: /home/hjpark/dev_hjp/ROS2/storagy-repo-1/i6robotics/install/i6robotics_control_msgs/include/i6robotics_control_msgs/i6robotics_control_msgs/msg/detail
[0.788s] -- Up-to-date: /home/hjpark/dev_hjp/ROS2/storagy-repo-1/i6robotics/install/i6robotics_control_msgs/include/i6robotics_control_msgs/i6robotics_control_msgs/msg/detail/cmd_and_pose_vel__functions.c
[0.789s] -- Up-to-date: /home/hjpark/dev_hjp/ROS2/storagy-repo-1/i6robotics/install/i6robotics_control_msgs/include/i6robotics_control_msgs/i6robotics_control_msgs/msg/detail/nav_order_feedback__type_support.h
[0.789s] -- Up-to-date: /home/hjpark/dev_hjp/ROS2/storagy-repo-1/i6robotics/install/i6robotics_control_msgs/include/i6robotics_control_msgs/i6robotics_control_msgs/msg/detail/nav_order_feedback__functions.h
[0.789s] -- Up-to-date: /home/hjpark/dev_hjp/ROS2/storagy-repo-1/i6robotics/install/i6robotics_control_msgs/include/i6robotics_control_msgs/i6robotics_control_msgs/msg/detail/nav_order_feedback__functions.c
[0.789s] -- Up-to-date: /home/hjpark/dev_hjp/ROS2/storagy-repo-1/i6robotics/install/i6robotics_control_msgs/include/i6robotics_control_msgs/i6robotics_control_msgs/msg/detail/cmd_and_pose_vel__functions.h
[0.789s] -- Up-to-date: /home/hjpark/dev_hjp/ROS2/storagy-repo-1/i6robotics/install/i6robotics_control_msgs/include/i6robotics_control_msgs/i6robotics_control_msgs/msg/detail/cmd_and_pose_vel__struct.h
[0.789s] -- Up-to-date: /home/hjpark/dev_hjp/ROS2/storagy-repo-1/i6robotics/install/i6robotics_control_msgs/include/i6robotics_control_msgs/i6robotics_control_msgs/msg/detail/cmd_and_pose_vel__type_support.h
[0.789s] -- Up-to-date: /home/hjpark/dev_hjp/ROS2/storagy-repo-1/i6robotics/install/i6robotics_control_msgs/include/i6robotics_control_msgs/i6robotics_control_msgs/msg/detail/nav_order_feedback__struct.h
[0.789s] -- Up-to-date: /home/hjpark/dev_hjp/ROS2/storagy-repo-1/i6robotics/install/i6robotics_control_msgs/include/i6robotics_control_msgs/i6robotics_control_msgs/msg/cmd_and_pose_vel.h
[0.789s] -- Up-to-date: /home/hjpark/dev_hjp/ROS2/storagy-repo-1/i6robotics/install/i6robotics_control_msgs/share/i6robotics_control_msgs/environment/library_path.sh
[0.789s] -- Up-to-date: /home/hjpark/dev_hjp/ROS2/storagy-repo-1/i6robotics/install/i6robotics_control_msgs/share/i6robotics_control_msgs/environment/library_path.dsv
[0.789s] -- Up-to-date: /home/hjpark/dev_hjp/ROS2/storagy-repo-1/i6robotics/install/i6robotics_control_msgs/lib/libi6robotics_control_msgs__rosidl_generator_c.so
[0.789s] -- Up-to-date: /home/hjpark/dev_hjp/ROS2/storagy-repo-1/i6robotics/install/i6robotics_control_msgs/include/i6robotics_control_msgs/i6robotics_control_msgs
[0.789s] -- Up-to-date: /home/hjpark/dev_hjp/ROS2/storagy-repo-1/i6robotics/install/i6robotics_control_msgs/include/i6robotics_control_msgs/i6robotics_control_msgs/action
[0.789s] -- Up-to-date: /home/hjpark/dev_hjp/ROS2/storagy-repo-1/i6robotics/install/i6robotics_control_msgs/include/i6robotics_control_msgs/i6robotics_control_msgs/action/detail
[0.789s] -- Up-to-date: /home/hjpark/dev_hjp/ROS2/storagy-repo-1/i6robotics/install/i6robotics_control_msgs/include/i6robotics_control_msgs/i6robotics_control_msgs/action/detail/nav_order__rosidl_typesupport_fastrtps_c.h
[0.790s] -- Up-to-date: /home/hjpark/dev_hjp/ROS2/storagy-repo-1/i6robotics/install/i6robotics_control_msgs/include/i6robotics_control_msgs/i6robotics_control_msgs/action/detail/follow__rosidl_typesupport_fastrtps_c.h
[0.790s] -- Up-to-date: /home/hjpark/dev_hjp/ROS2/storagy-repo-1/i6robotics/install/i6robotics_control_msgs/include/i6robotics_control_msgs/i6robotics_control_msgs/srv
[0.790s] -- Up-to-date: /home/hjpark/dev_hjp/ROS2/storagy-repo-1/i6robotics/install/i6robotics_control_msgs/include/i6robotics_control_msgs/i6robotics_control_msgs/srv/detail
[0.790s] -- Up-to-date: /home/hjpark/dev_hjp/ROS2/storagy-repo-1/i6robotics/install/i6robotics_control_msgs/include/i6robotics_control_msgs/i6robotics_control_msgs/srv/detail/order__rosidl_typesupport_fastrtps_c.h
[0.790s] -- Up-to-date: /home/hjpark/dev_hjp/ROS2/storagy-repo-1/i6robotics/install/i6robotics_control_msgs/include/i6robotics_control_msgs/i6robotics_control_msgs/srv/detail/nav_order_srv__rosidl_typesupport_fastrtps_c.h
[0.790s] -- Up-to-date: /home/hjpark/dev_hjp/ROS2/storagy-repo-1/i6robotics/install/i6robotics_control_msgs/include/i6robotics_control_msgs/i6robotics_control_msgs/msg
[0.791s] -- Up-to-date: /home/hjpark/dev_hjp/ROS2/storagy-repo-1/i6robotics/install/i6robotics_control_msgs/include/i6robotics_control_msgs/i6robotics_control_msgs/msg/rosidl_typesupport_fastrtps_c__visibility_control.h
[0.792s] -- Up-to-date: /home/hjpark/dev_hjp/ROS2/storagy-repo-1/i6robotics/install/i6robotics_control_msgs/include/i6robotics_control_msgs/i6robotics_control_msgs/msg/detail
[0.792s] -- Up-to-date: /home/hjpark/dev_hjp/ROS2/storagy-repo-1/i6robotics/install/i6robotics_control_msgs/include/i6robotics_control_msgs/i6robotics_control_msgs/msg/detail/nav_order_feedback__rosidl_typesupport_fastrtps_c.h
[0.792s] -- Up-to-date: /home/hjpark/dev_hjp/ROS2/storagy-repo-1/i6robotics/install/i6robotics_control_msgs/include/i6robotics_control_msgs/i6robotics_control_msgs/msg/detail/cmd_and_pose_vel__rosidl_typesupport_fastrtps_c.h
[0.792s] -- Up-to-date: /home/hjpark/dev_hjp/ROS2/storagy-repo-1/i6robotics/install/i6robotics_control_msgs/lib/libi6robotics_control_msgs__rosidl_typesupport_fastrtps_c.so
[0.792s] -- Up-to-date: /home/hjpark/dev_hjp/ROS2/storagy-repo-1/i6robotics/install/i6robotics_control_msgs/include/i6robotics_control_msgs/i6robotics_control_msgs
[0.792s] -- Up-to-date: /home/hjpark/dev_hjp/ROS2/storagy-repo-1/i6robotics/install/i6robotics_control_msgs/include/i6robotics_control_msgs/i6robotics_control_msgs/action
[0.793s] -- Up-to-date: /home/hjpark/dev_hjp/ROS2/storagy-repo-1/i6robotics/install/i6robotics_control_msgs/include/i6robotics_control_msgs/i6robotics_control_msgs/action/nav_order.hpp
[0.793s] -- Up-to-date: /home/hjpark/dev_hjp/ROS2/storagy-repo-1/i6robotics/install/i6robotics_control_msgs/include/i6robotics_control_msgs/i6robotics_control_msgs/action/follow.hpp
[0.794s] -- Up-to-date: /home/hjpark/dev_hjp/ROS2/storagy-repo-1/i6robotics/install/i6robotics_control_msgs/include/i6robotics_control_msgs/i6robotics_control_msgs/action/detail
[0.794s] -- Up-to-date: /home/hjpark/dev_hjp/ROS2/storagy-repo-1/i6robotics/install/i6robotics_control_msgs/include/i6robotics_control_msgs/i6robotics_control_msgs/action/detail/nav_order__builder.hpp
[0.795s] -- Up-to-date: /home/hjpark/dev_hjp/ROS2/storagy-repo-1/i6robotics/install/i6robotics_control_msgs/include/i6robotics_control_msgs/i6robotics_control_msgs/action/detail/nav_order__struct.hpp
[0.796s] -- Up-to-date: /home/hjpark/dev_hjp/ROS2/storagy-repo-1/i6robotics/install/i6robotics_control_msgs/include/i6robotics_control_msgs/i6robotics_control_msgs/action/detail/follow__traits.hpp
[0.796s] -- Up-to-date: /home/hjpark/dev_hjp/ROS2/storagy-repo-1/i6robotics/install/i6robotics_control_msgs/include/i6robotics_control_msgs/i6robotics_control_msgs/action/detail/follow__struct.hpp
[0.796s] -- Up-to-date: /home/hjpark/dev_hjp/ROS2/storagy-repo-1/i6robotics/install/i6robotics_control_msgs/include/i6robotics_control_msgs/i6robotics_control_msgs/action/detail/nav_order__type_support.hpp
[0.796s] -- Up-to-date: /home/hjpark/dev_hjp/ROS2/storagy-repo-1/i6robotics/install/i6robotics_control_msgs/include/i6robotics_control_msgs/i6robotics_control_msgs/action/detail/nav_order__traits.hpp
[0.796s] -- Up-to-date: /home/hjpark/dev_hjp/ROS2/storagy-repo-1/i6robotics/install/i6robotics_control_msgs/include/i6robotics_control_msgs/i6robotics_control_msgs/action/detail/follow__builder.hpp
[0.796s] -- Up-to-date: /home/hjpark/dev_hjp/ROS2/storagy-repo-1/i6robotics/install/i6robotics_control_msgs/include/i6robotics_control_msgs/i6robotics_control_msgs/action/detail/follow__type_support.hpp
[0.796s] -- Up-to-date: /home/hjpark/dev_hjp/ROS2/storagy-repo-1/i6robotics/install/i6robotics_control_msgs/include/i6robotics_control_msgs/i6robotics_control_msgs/srv
[0.797s] -- Up-to-date: /home/hjpark/dev_hjp/ROS2/storagy-repo-1/i6robotics/install/i6robotics_control_msgs/include/i6robotics_control_msgs/i6robotics_control_msgs/srv/order.hpp
[0.797s] -- Up-to-date: /home/hjpark/dev_hjp/ROS2/storagy-repo-1/i6robotics/install/i6robotics_control_msgs/include/i6robotics_control_msgs/i6robotics_control_msgs/srv/detail
[0.797s] -- Up-to-date: /home/hjpark/dev_hjp/ROS2/storagy-repo-1/i6robotics/install/i6robotics_control_msgs/include/i6robotics_control_msgs/i6robotics_control_msgs/srv/detail/nav_order_srv__traits.hpp
[0.797s] -- Up-to-date: /home/hjpark/dev_hjp/ROS2/storagy-repo-1/i6robotics/install/i6robotics_control_msgs/include/i6robotics_control_msgs/i6robotics_control_msgs/srv/detail/order__struct.hpp
[0.797s] -- Up-to-date: /home/hjpark/dev_hjp/ROS2/storagy-repo-1/i6robotics/install/i6robotics_control_msgs/include/i6robotics_control_msgs/i6robotics_control_msgs/srv/detail/order__builder.hpp
[0.797s] -- Up-to-date: /home/hjpark/dev_hjp/ROS2/storagy-repo-1/i6robotics/install/i6robotics_control_msgs/include/i6robotics_control_msgs/i6robotics_control_msgs/srv/detail/order__traits.hpp
[0.797s] -- Up-to-date: /home/hjpark/dev_hjp/ROS2/storagy-repo-1/i6robotics/install/i6robotics_control_msgs/include/i6robotics_control_msgs/i6robotics_control_msgs/srv/detail/order__type_support.hpp
[0.797s] -- Up-to-date: /home/hjpark/dev_hjp/ROS2/storagy-repo-1/i6robotics/install/i6robotics_control_msgs/include/i6robotics_control_msgs/i6robotics_control_msgs/srv/detail/nav_order_srv__struct.hpp
[0.797s] -- Up-to-date: /home/hjpark/dev_hjp/ROS2/storagy-repo-1/i6robotics/install/i6robotics_control_msgs/include/i6robotics_control_msgs/i6robotics_control_msgs/srv/detail/nav_order_srv__type_support.hpp
[0.797s] -- Up-to-date: /home/hjpark/dev_hjp/ROS2/storagy-repo-1/i6robotics/install/i6robotics_control_msgs/include/i6robotics_control_msgs/i6robotics_control_msgs/srv/detail/nav_order_srv__builder.hpp
[0.797s] -- Up-to-date: /home/hjpark/dev_hjp/ROS2/storagy-repo-1/i6robotics/install/i6robotics_control_msgs/include/i6robotics_control_msgs/i6robotics_control_msgs/srv/nav_order_srv.hpp
[0.797s] -- Up-to-date: /home/hjpark/dev_hjp/ROS2/storagy-repo-1/i6robotics/install/i6robotics_control_msgs/include/i6robotics_control_msgs/i6robotics_control_msgs/msg
[0.797s] -- Up-to-date: /home/hjpark/dev_hjp/ROS2/storagy-repo-1/i6robotics/install/i6robotics_control_msgs/include/i6robotics_control_msgs/i6robotics_control_msgs/msg/cmd_and_pose_vel.hpp
[0.798s] -- Up-to-date: /home/hjpark/dev_hjp/ROS2/storagy-repo-1/i6robotics/install/i6robotics_control_msgs/include/i6robotics_control_msgs/i6robotics_control_msgs/msg/nav_order_feedback.hpp
[0.798s] -- Up-to-date: /home/hjpark/dev_hjp/ROS2/storagy-repo-1/i6robotics/install/i6robotics_control_msgs/include/i6robotics_control_msgs/i6robotics_control_msgs/msg/rosidl_generator_cpp__visibility_control.hpp
[0.798s] -- Up-to-date: /home/hjpark/dev_hjp/ROS2/storagy-repo-1/i6robotics/install/i6robotics_control_msgs/include/i6robotics_control_msgs/i6robotics_control_msgs/msg/detail
[0.798s] -- Up-to-date: /home/hjpark/dev_hjp/ROS2/storagy-repo-1/i6robotics/install/i6robotics_control_msgs/include/i6robotics_control_msgs/i6robotics_control_msgs/msg/detail/nav_order_feedback__type_support.hpp
[0.798s] -- Up-to-date: /home/hjpark/dev_hjp/ROS2/storagy-repo-1/i6robotics/install/i6robotics_control_msgs/include/i6robotics_control_msgs/i6robotics_control_msgs/msg/detail/cmd_and_pose_vel__type_support.hpp
[0.798s] -- Up-to-date: /home/hjpark/dev_hjp/ROS2/storagy-repo-1/i6robotics/install/i6robotics_control_msgs/include/i6robotics_control_msgs/i6robotics_control_msgs/msg/detail/cmd_and_pose_vel__builder.hpp
[0.798s] -- Up-to-date: /home/hjpark/dev_hjp/ROS2/storagy-repo-1/i6robotics/install/i6robotics_control_msgs/include/i6robotics_control_msgs/i6robotics_control_msgs/msg/detail/nav_order_feedback__traits.hpp
[0.798s] -- Up-to-date: /home/hjpark/dev_hjp/ROS2/storagy-repo-1/i6robotics/install/i6robotics_control_msgs/include/i6robotics_control_msgs/i6robotics_control_msgs/msg/detail/nav_order_feedback__struct.hpp
[0.798s] -- Up-to-date: /home/hjpark/dev_hjp/ROS2/storagy-repo-1/i6robotics/install/i6robotics_control_msgs/include/i6robotics_control_msgs/i6robotics_control_msgs/msg/detail/cmd_and_pose_vel__struct.hpp
[0.798s] -- Up-to-date: /home/hjpark/dev_hjp/ROS2/storagy-repo-1/i6robotics/install/i6robotics_control_msgs/include/i6robotics_control_msgs/i6robotics_control_msgs/msg/detail/cmd_and_pose_vel__traits.hpp
[0.798s] -- Up-to-date: /home/hjpark/dev_hjp/ROS2/storagy-repo-1/i6robotics/install/i6robotics_control_msgs/include/i6robotics_control_msgs/i6robotics_control_msgs/msg/detail/nav_order_feedback__builder.hpp
[0.798s] -- Up-to-date: /home/hjpark/dev_hjp/ROS2/storagy-repo-1/i6robotics/install/i6robotics_control_msgs/include/i6robotics_control_msgs/i6robotics_control_msgs
[0.798s] -- Up-to-date: /home/hjpark/dev_hjp/ROS2/storagy-repo-1/i6robotics/install/i6robotics_control_msgs/include/i6robotics_control_msgs/i6robotics_control_msgs/action
[0.798s] -- Up-to-date: /home/hjpark/dev_hjp/ROS2/storagy-repo-1/i6robotics/install/i6robotics_control_msgs/include/i6robotics_control_msgs/i6robotics_control_msgs/action/detail
[0.799s] -- Up-to-date: /home/hjpark/dev_hjp/ROS2/storagy-repo-1/i6robotics/install/i6robotics_control_msgs/include/i6robotics_control_msgs/i6robotics_control_msgs/action/detail/nav_order__rosidl_typesupport_fastrtps_cpp.hpp
[0.799s] -- Up-to-date: /home/hjpark/dev_hjp/ROS2/storagy-repo-1/i6robotics/install/i6robotics_control_msgs/include/i6robotics_control_msgs/i6robotics_control_msgs/action/detail/follow__rosidl_typesupport_fastrtps_cpp.hpp
[0.799s] -- Up-to-date: /home/hjpark/dev_hjp/ROS2/storagy-repo-1/i6robotics/install/i6robotics_control_msgs/include/i6robotics_control_msgs/i6robotics_control_msgs/action/detail/dds_fastrtps
[0.799s] -- Up-to-date: /home/hjpark/dev_hjp/ROS2/storagy-repo-1/i6robotics/install/i6robotics_control_msgs/include/i6robotics_control_msgs/i6robotics_control_msgs/srv
[0.799s] -- Up-to-date: /home/hjpark/dev_hjp/ROS2/storagy-repo-1/i6robotics/install/i6robotics_control_msgs/include/i6robotics_control_msgs/i6robotics_control_msgs/srv/detail
[0.799s] -- Up-to-date: /home/hjpark/dev_hjp/ROS2/storagy-repo-1/i6robotics/install/i6robotics_control_msgs/include/i6robotics_control_msgs/i6robotics_control_msgs/srv/detail/nav_order_srv__rosidl_typesupport_fastrtps_cpp.hpp
[0.799s] -- Up-to-date: /home/hjpark/dev_hjp/ROS2/storagy-repo-1/i6robotics/install/i6robotics_control_msgs/include/i6robotics_control_msgs/i6robotics_control_msgs/srv/detail/dds_fastrtps
[0.799s] -- Up-to-date: /home/hjpark/dev_hjp/ROS2/storagy-repo-1/i6robotics/install/i6robotics_control_msgs/include/i6robotics_control_msgs/i6robotics_control_msgs/srv/detail/order__rosidl_typesupport_fastrtps_cpp.hpp
[0.799s] -- Up-to-date: /home/hjpark/dev_hjp/ROS2/storagy-repo-1/i6robotics/install/i6robotics_control_msgs/include/i6robotics_control_msgs/i6robotics_control_msgs/msg
[0.799s] -- Up-to-date: /home/hjpark/dev_hjp/ROS2/storagy-repo-1/i6robotics/install/i6robotics_control_msgs/include/i6robotics_control_msgs/i6robotics_control_msgs/msg/rosidl_typesupport_fastrtps_cpp__visibility_control.h
[0.799s] -- Up-to-date: /home/hjpark/dev_hjp/ROS2/storagy-repo-1/i6robotics/install/i6robotics_control_msgs/include/i6robotics_control_msgs/i6robotics_control_msgs/msg/detail
[0.799s] -- Up-to-date: /home/hjpark/dev_hjp/ROS2/storagy-repo-1/i6robotics/install/i6robotics_control_msgs/include/i6robotics_control_msgs/i6robotics_control_msgs/msg/detail/nav_order_feedback__rosidl_typesupport_fastrtps_cpp.hpp
[0.799s] -- Up-to-date: /home/hjpark/dev_hjp/ROS2/storagy-repo-1/i6robotics/install/i6robotics_control_msgs/include/i6robotics_control_msgs/i6robotics_control_msgs/msg/detail/cmd_and_pose_vel__rosidl_typesupport_fastrtps_cpp.hpp
[0.799s] -- Up-to-date: /home/hjpark/dev_hjp/ROS2/storagy-repo-1/i6robotics/install/i6robotics_control_msgs/include/i6robotics_control_msgs/i6robotics_control_msgs/msg/detail/dds_fastrtps
[0.800s] -- Up-to-date: /home/hjpark/dev_hjp/ROS2/storagy-repo-1/i6robotics/install/i6robotics_control_msgs/lib/libi6robotics_control_msgs__rosidl_typesupport_fastrtps_cpp.so
[0.800s] -- Up-to-date: /home/hjpark/dev_hjp/ROS2/storagy-repo-1/i6robotics/install/i6robotics_control_msgs/include/i6robotics_control_msgs/i6robotics_control_msgs
[0.800s] -- Up-to-date: /home/hjpark/dev_hjp/ROS2/storagy-repo-1/i6robotics/install/i6robotics_control_msgs/include/i6robotics_control_msgs/i6robotics_control_msgs/action
[0.800s] -- Up-to-date: /home/hjpark/dev_hjp/ROS2/storagy-repo-1/i6robotics/install/i6robotics_control_msgs/include/i6robotics_control_msgs/i6robotics_control_msgs/action/detail
[0.800s] -- Up-to-date: /home/hjpark/dev_hjp/ROS2/storagy-repo-1/i6robotics/install/i6robotics_control_msgs/include/i6robotics_control_msgs/i6robotics_control_msgs/action/detail/follow__rosidl_typesupport_introspection_c.h
[0.800s] -- Up-to-date: /home/hjpark/dev_hjp/ROS2/storagy-repo-1/i6robotics/install/i6robotics_control_msgs/include/i6robotics_control_msgs/i6robotics_control_msgs/action/detail/nav_order__rosidl_typesupport_introspection_c.h
[0.800s] -- Up-to-date: /home/hjpark/dev_hjp/ROS2/storagy-repo-1/i6robotics/install/i6robotics_control_msgs/include/i6robotics_control_msgs/i6robotics_control_msgs/action/detail/nav_order__type_support.c
[0.800s] -- Up-to-date: /home/hjpark/dev_hjp/ROS2/storagy-repo-1/i6robotics/install/i6robotics_control_msgs/include/i6robotics_control_msgs/i6robotics_control_msgs/action/detail/follow__type_support.c
[0.800s] -- Up-to-date: /home/hjpark/dev_hjp/ROS2/storagy-repo-1/i6robotics/install/i6robotics_control_msgs/include/i6robotics_control_msgs/i6robotics_control_msgs/srv
[0.800s] -- Up-to-date: /home/hjpark/dev_hjp/ROS2/storagy-repo-1/i6robotics/install/i6robotics_control_msgs/include/i6robotics_control_msgs/i6robotics_control_msgs/srv/detail
[0.800s] -- Up-to-date: /home/hjpark/dev_hjp/ROS2/storagy-repo-1/i6robotics/install/i6robotics_control_msgs/include/i6robotics_control_msgs/i6robotics_control_msgs/srv/detail/nav_order_srv__type_support.c
[0.800s] -- Up-to-date: /home/hjpark/dev_hjp/ROS2/storagy-repo-1/i6robotics/install/i6robotics_control_msgs/include/i6robotics_control_msgs/i6robotics_control_msgs/srv/detail/order__rosidl_typesupport_introspection_c.h
[0.800s] -- Up-to-date: /home/hjpark/dev_hjp/ROS2/storagy-repo-1/i6robotics/install/i6robotics_control_msgs/include/i6robotics_control_msgs/i6robotics_control_msgs/srv/detail/order__type_support.c
[0.801s] -- Up-to-date: /home/hjpark/dev_hjp/ROS2/storagy-repo-1/i6robotics/install/i6robotics_control_msgs/include/i6robotics_control_msgs/i6robotics_control_msgs/srv/detail/nav_order_srv__rosidl_typesupport_introspection_c.h
[0.801s] -- Up-to-date: /home/hjpark/dev_hjp/ROS2/storagy-repo-1/i6robotics/install/i6robotics_control_msgs/include/i6robotics_control_msgs/i6robotics_control_msgs/msg
[0.801s] -- Up-to-date: /home/hjpark/dev_hjp/ROS2/storagy-repo-1/i6robotics/install/i6robotics_control_msgs/include/i6robotics_control_msgs/i6robotics_control_msgs/msg/detail
[0.801s] -- Up-to-date: /home/hjpark/dev_hjp/ROS2/storagy-repo-1/i6robotics/install/i6robotics_control_msgs/include/i6robotics_control_msgs/i6robotics_control_msgs/msg/detail/nav_order_feedback__type_support.c
[0.801s] -- Up-to-date: /home/hjpark/dev_hjp/ROS2/storagy-repo-1/i6robotics/install/i6robotics_control_msgs/include/i6robotics_control_msgs/i6robotics_control_msgs/msg/detail/cmd_and_pose_vel__rosidl_typesupport_introspection_c.h
[0.801s] -- Up-to-date: /home/hjpark/dev_hjp/ROS2/storagy-repo-1/i6robotics/install/i6robotics_control_msgs/include/i6robotics_control_msgs/i6robotics_control_msgs/msg/detail/nav_order_feedback__rosidl_typesupport_introspection_c.h
[0.801s] -- Up-to-date: /home/hjpark/dev_hjp/ROS2/storagy-repo-1/i6robotics/install/i6robotics_control_msgs/include/i6robotics_control_msgs/i6robotics_control_msgs/msg/detail/cmd_and_pose_vel__type_support.c
[0.801s] -- Up-to-date: /home/hjpark/dev_hjp/ROS2/storagy-repo-1/i6robotics/install/i6robotics_control_msgs/include/i6robotics_control_msgs/i6robotics_control_msgs/msg/rosidl_typesupport_introspection_c__visibility_control.h
[0.801s] -- Up-to-date: /home/hjpark/dev_hjp/ROS2/storagy-repo-1/i6robotics/install/i6robotics_control_msgs/lib/libi6robotics_control_msgs__rosidl_typesupport_introspection_c.so
[0.801s] -- Up-to-date: /home/hjpark/dev_hjp/ROS2/storagy-repo-1/i6robotics/install/i6robotics_control_msgs/lib/libi6robotics_control_msgs__rosidl_typesupport_c.so
[0.801s] -- Up-to-date: /home/hjpark/dev_hjp/ROS2/storagy-repo-1/i6robotics/install/i6robotics_control_msgs/include/i6robotics_control_msgs/i6robotics_control_msgs
[0.801s] -- Up-to-date: /home/hjpark/dev_hjp/ROS2/storagy-repo-1/i6robotics/install/i6robotics_control_msgs/include/i6robotics_control_msgs/i6robotics_control_msgs/action
[0.801s] -- Up-to-date: /home/hjpark/dev_hjp/ROS2/storagy-repo-1/i6robotics/install/i6robotics_control_msgs/include/i6robotics_control_msgs/i6robotics_control_msgs/action/detail
[0.801s] -- Up-to-date: /home/hjpark/dev_hjp/ROS2/storagy-repo-1/i6robotics/install/i6robotics_control_msgs/include/i6robotics_control_msgs/i6robotics_control_msgs/action/detail/follow__type_support.cpp
[0.802s] -- Up-to-date: /home/hjpark/dev_hjp/ROS2/storagy-repo-1/i6robotics/install/i6robotics_control_msgs/include/i6robotics_control_msgs/i6robotics_control_msgs/action/detail/nav_order__type_support.cpp
[0.802s] -- Up-to-date: /home/hjpark/dev_hjp/ROS2/storagy-repo-1/i6robotics/install/i6robotics_control_msgs/include/i6robotics_control_msgs/i6robotics_control_msgs/action/detail/follow__rosidl_typesupport_introspection_cpp.hpp
[0.802s] -- Up-to-date: /home/hjpark/dev_hjp/ROS2/storagy-repo-1/i6robotics/install/i6robotics_control_msgs/include/i6robotics_control_msgs/i6robotics_control_msgs/action/detail/nav_order__rosidl_typesupport_introspection_cpp.hpp
[0.802s] -- Up-to-date: /home/hjpark/dev_hjp/ROS2/storagy-repo-1/i6robotics/install/i6robotics_control_msgs/include/i6robotics_control_msgs/i6robotics_control_msgs/srv
[0.802s] -- Up-to-date: /home/hjpark/dev_hjp/ROS2/storagy-repo-1/i6robotics/install/i6robotics_control_msgs/include/i6robotics_control_msgs/i6robotics_control_msgs/srv/detail
[0.802s] -- Up-to-date: /home/hjpark/dev_hjp/ROS2/storagy-repo-1/i6robotics/install/i6robotics_control_msgs/include/i6robotics_control_msgs/i6robotics_control_msgs/srv/detail/order__rosidl_typesupport_introspection_cpp.hpp
[0.802s] -- Up-to-date: /home/hjpark/dev_hjp/ROS2/storagy-repo-1/i6robotics/install/i6robotics_control_msgs/include/i6robotics_control_msgs/i6robotics_control_msgs/srv/detail/nav_order_srv__type_support.cpp
[0.802s] -- Up-to-date: /home/hjpark/dev_hjp/ROS2/storagy-repo-1/i6robotics/install/i6robotics_control_msgs/include/i6robotics_control_msgs/i6robotics_control_msgs/srv/detail/nav_order_srv__rosidl_typesupport_introspection_cpp.hpp
[0.802s] -- Up-to-date: /home/hjpark/dev_hjp/ROS2/storagy-repo-1/i6robotics/install/i6robotics_control_msgs/include/i6robotics_control_msgs/i6robotics_control_msgs/srv/detail/order__type_support.cpp
[0.802s] -- Up-to-date: /home/hjpark/dev_hjp/ROS2/storagy-repo-1/i6robotics/install/i6robotics_control_msgs/include/i6robotics_control_msgs/i6robotics_control_msgs/msg
[0.802s] -- Up-to-date: /home/hjpark/dev_hjp/ROS2/storagy-repo-1/i6robotics/install/i6robotics_control_msgs/include/i6robotics_control_msgs/i6robotics_control_msgs/msg/detail
[0.802s] -- Up-to-date: /home/hjpark/dev_hjp/ROS2/storagy-repo-1/i6robotics/install/i6robotics_control_msgs/include/i6robotics_control_msgs/i6robotics_control_msgs/msg/detail/nav_order_feedback__rosidl_typesupport_introspection_cpp.hpp
[0.802s] -- Up-to-date: /home/hjpark/dev_hjp/ROS2/storagy-repo-1/i6robotics/install/i6robotics_control_msgs/include/i6robotics_control_msgs/i6robotics_control_msgs/msg/detail/nav_order_feedback__type_support.cpp
[0.802s] -- Up-to-date: /home/hjpark/dev_hjp/ROS2/storagy-repo-1/i6robotics/install/i6robotics_control_msgs/include/i6robotics_control_msgs/i6robotics_control_msgs/msg/detail/cmd_and_pose_vel__type_support.cpp
[0.803s] -- Up-to-date: /home/hjpark/dev_hjp/ROS2/storagy-repo-1/i6robotics/install/i6robotics_control_msgs/include/i6robotics_control_msgs/i6robotics_control_msgs/msg/detail/cmd_and_pose_vel__rosidl_typesupport_introspection_cpp.hpp
[0.803s] -- Up-to-date: /home/hjpark/dev_hjp/ROS2/storagy-repo-1/i6robotics/install/i6robotics_control_msgs/lib/libi6robotics_control_msgs__rosidl_typesupport_introspection_cpp.so
[0.803s] -- Up-to-date: /home/hjpark/dev_hjp/ROS2/storagy-repo-1/i6robotics/install/i6robotics_control_msgs/lib/libi6robotics_control_msgs__rosidl_typesupport_cpp.so
[0.803s] -- Up-to-date: /home/hjpark/dev_hjp/ROS2/storagy-repo-1/i6robotics/install/i6robotics_control_msgs/share/i6robotics_control_msgs/environment/pythonpath.sh
[0.803s] -- Up-to-date: /home/hjpark/dev_hjp/ROS2/storagy-repo-1/i6robotics/install/i6robotics_control_msgs/share/i6robotics_control_msgs/environment/pythonpath.dsv
[0.803s] -- Up-to-date: /home/hjpark/dev_hjp/ROS2/storagy-repo-1/i6robotics/install/i6robotics_control_msgs/local/lib/python3.10/dist-packages/i6robotics_control_msgs-0.0.0-py3.10.egg-info
[0.803s] -- Installing: /home/hjpark/dev_hjp/ROS2/storagy-repo-1/i6robotics/install/i6robotics_control_msgs/local/lib/python3.10/dist-packages/i6robotics_control_msgs-0.0.0-py3.10.egg-info/top_level.txt
[0.803s] -- Installing: /home/hjpark/dev_hjp/ROS2/storagy-repo-1/i6robotics/install/i6robotics_control_msgs/local/lib/python3.10/dist-packages/i6robotics_control_msgs-0.0.0-py3.10.egg-info/dependency_links.txt
[0.803s] -- Installing: /home/hjpark/dev_hjp/ROS2/storagy-repo-1/i6robotics/install/i6robotics_control_msgs/local/lib/python3.10/dist-packages/i6robotics_control_msgs-0.0.0-py3.10.egg-info/PKG-INFO
[0.803s] -- Installing: /home/hjpark/dev_hjp/ROS2/storagy-repo-1/i6robotics/install/i6robotics_control_msgs/local/lib/python3.10/dist-packages/i6robotics_control_msgs-0.0.0-py3.10.egg-info/SOURCES.txt
[0.803s] -- Up-to-date: /home/hjpark/dev_hjp/ROS2/storagy-repo-1/i6robotics/install/i6robotics_control_msgs/local/lib/python3.10/dist-packages/i6robotics_control_msgs
[0.803s] -- Up-to-date: /home/hjpark/dev_hjp/ROS2/storagy-repo-1/i6robotics/install/i6robotics_control_msgs/local/lib/python3.10/dist-packages/i6robotics_control_msgs/_i6robotics_control_msgs_s.ep.rosidl_typesupport_fastrtps_c.c
[0.803s] -- Up-to-date: /home/hjpark/dev_hjp/ROS2/storagy-repo-1/i6robotics/install/i6robotics_control_msgs/local/lib/python3.10/dist-packages/i6robotics_control_msgs/i6robotics_control_msgs_s__rosidl_typesupport_introspection_c.cpython-310-x86_64-linux-gnu.so
[0.803s] -- Up-to-date: /home/hjpark/dev_hjp/ROS2/storagy-repo-1/i6robotics/install/i6robotics_control_msgs/local/lib/python3.10/dist-packages/i6robotics_control_msgs/_i6robotics_control_msgs_s.ep.rosidl_typesupport_introspection_c.c
[0.803s] -- Up-to-date: /home/hjpark/dev_hjp/ROS2/storagy-repo-1/i6robotics/install/i6robotics_control_msgs/local/lib/python3.10/dist-packages/i6robotics_control_msgs/_i6robotics_control_msgs_s.ep.rosidl_typesupport_c.c
[0.804s] -- Up-to-date: /home/hjpark/dev_hjp/ROS2/storagy-repo-1/i6robotics/install/i6robotics_control_msgs/local/lib/python3.10/dist-packages/i6robotics_control_msgs/action
[0.804s] -- Up-to-date: /home/hjpark/dev_hjp/ROS2/storagy-repo-1/i6robotics/install/i6robotics_control_msgs/local/lib/python3.10/dist-packages/i6robotics_control_msgs/action/_nav_order.py
[0.804s] -- Up-to-date: /home/hjpark/dev_hjp/ROS2/storagy-repo-1/i6robotics/install/i6robotics_control_msgs/local/lib/python3.10/dist-packages/i6robotics_control_msgs/action/_nav_order_s.c
[0.804s] -- Up-to-date: /home/hjpark/dev_hjp/ROS2/storagy-repo-1/i6robotics/install/i6robotics_control_msgs/local/lib/python3.10/dist-packages/i6robotics_control_msgs/action/_follow.py
[0.804s] -- Up-to-date: /home/hjpark/dev_hjp/ROS2/storagy-repo-1/i6robotics/install/i6robotics_control_msgs/local/lib/python3.10/dist-packages/i6robotics_control_msgs/action/_follow_s.c
[0.804s] -- Up-to-date: /home/hjpark/dev_hjp/ROS2/storagy-repo-1/i6robotics/install/i6robotics_control_msgs/local/lib/python3.10/dist-packages/i6robotics_control_msgs/action/__init__.py
[0.804s] -- Up-to-date: /home/hjpark/dev_hjp/ROS2/storagy-repo-1/i6robotics/install/i6robotics_control_msgs/local/lib/python3.10/dist-packages/i6robotics_control_msgs/i6robotics_control_msgs_s__rosidl_typesupport_fastrtps_c.cpython-310-x86_64-linux-gnu.so
[0.804s] -- Up-to-date: /home/hjpark/dev_hjp/ROS2/storagy-repo-1/i6robotics/install/i6robotics_control_msgs/local/lib/python3.10/dist-packages/i6robotics_control_msgs/srv
[0.804s] -- Up-to-date: /home/hjpark/dev_hjp/ROS2/storagy-repo-1/i6robotics/install/i6robotics_control_msgs/local/lib/python3.10/dist-packages/i6robotics_control_msgs/srv/_order_s.c
[0.804s] -- Up-to-date: /home/hjpark/dev_hjp/ROS2/storagy-repo-1/i6robotics/install/i6robotics_control_msgs/local/lib/python3.10/dist-packages/i6robotics_control_msgs/srv/_order.py
[0.804s] -- Up-to-date: /home/hjpark/dev_hjp/ROS2/storagy-repo-1/i6robotics/install/i6robotics_control_msgs/local/lib/python3.10/dist-packages/i6robotics_control_msgs/srv/_nav_order_srv_s.c
[0.804s] -- Up-to-date: /home/hjpark/dev_hjp/ROS2/storagy-repo-1/i6robotics/install/i6robotics_control_msgs/local/lib/python3.10/dist-packages/i6robotics_control_msgs/srv/_nav_order_srv.py
[0.804s] -- Up-to-date: /home/hjpark/dev_hjp/ROS2/storagy-repo-1/i6robotics/install/i6robotics_control_msgs/local/lib/python3.10/dist-packages/i6robotics_control_msgs/srv/__init__.py
[0.804s] -- Up-to-date: /home/hjpark/dev_hjp/ROS2/storagy-repo-1/i6robotics/install/i6robotics_control_msgs/local/lib/python3.10/dist-packages/i6robotics_control_msgs/msg
[0.805s] -- Up-to-date: /home/hjpark/dev_hjp/ROS2/storagy-repo-1/i6robotics/install/i6robotics_control_msgs/local/lib/python3.10/dist-packages/i6robotics_control_msgs/msg/_nav_order_feedback_s.c
[0.805s] -- Up-to-date: /home/hjpark/dev_hjp/ROS2/storagy-repo-1/i6robotics/install/i6robotics_control_msgs/local/lib/python3.10/dist-packages/i6robotics_control_msgs/msg/_cmd_and_pose_vel_s.c
[0.805s] -- Up-to-date: /home/hjpark/dev_hjp/ROS2/storagy-repo-1/i6robotics/install/i6robotics_control_msgs/local/lib/python3.10/dist-packages/i6robotics_control_msgs/msg/_cmd_and_pose_vel.py
[0.805s] -- Up-to-date: /home/hjpark/dev_hjp/ROS2/storagy-repo-1/i6robotics/install/i6robotics_control_msgs/local/lib/python3.10/dist-packages/i6robotics_control_msgs/msg/_nav_order_feedback.py
[0.805s] -- Up-to-date: /home/hjpark/dev_hjp/ROS2/storagy-repo-1/i6robotics/install/i6robotics_control_msgs/local/lib/python3.10/dist-packages/i6robotics_control_msgs/msg/__init__.py
[0.805s] -- Up-to-date: /home/hjpark/dev_hjp/ROS2/storagy-repo-1/i6robotics/install/i6robotics_control_msgs/local/lib/python3.10/dist-packages/i6robotics_control_msgs/i6robotics_control_msgs_s__rosidl_typesupport_c.cpython-310-x86_64-linux-gnu.so
[0.805s] -- Up-to-date: /home/hjpark/dev_hjp/ROS2/storagy-repo-1/i6robotics/install/i6robotics_control_msgs/local/lib/python3.10/dist-packages/i6robotics_control_msgs/libi6robotics_control_msgs__rosidl_generator_py.so
[0.805s] -- Up-to-date: /home/hjpark/dev_hjp/ROS2/storagy-repo-1/i6robotics/install/i6robotics_control_msgs/local/lib/python3.10/dist-packages/i6robotics_control_msgs/__init__.py
[0.814s] Listing '/home/hjpark/dev_hjp/ROS2/storagy-repo-1/i6robotics/install/i6robotics_control_msgs/local/lib/python3.10/dist-packages/i6robotics_control_msgs'...
[0.814s] Listing '/home/hjpark/dev_hjp/ROS2/storagy-repo-1/i6robotics/install/i6robotics_control_msgs/local/lib/python3.10/dist-packages/i6robotics_control_msgs/action'...
[0.814s] Listing '/home/hjpark/dev_hjp/ROS2/storagy-repo-1/i6robotics/install/i6robotics_control_msgs/local/lib/python3.10/dist-packages/i6robotics_control_msgs/msg'...
[0.814s] Listing '/home/hjpark/dev_hjp/ROS2/storagy-repo-1/i6robotics/install/i6robotics_control_msgs/local/lib/python3.10/dist-packages/i6robotics_control_msgs/srv'...
[0.818s] -- Up-to-date: /home/hjpark/dev_hjp/ROS2/storagy-repo-1/i6robotics/install/i6robotics_control_msgs/local/lib/python3.10/dist-packages/i6robotics_control_msgs/i6robotics_control_msgs_s__rosidl_typesupport_fastrtps_c.cpython-310-x86_64-linux-gnu.so
[0.819s] -- Up-to-date: /home/hjpark/dev_hjp/ROS2/storagy-repo-1/i6robotics/install/i6robotics_control_msgs/local/lib/python3.10/dist-packages/i6robotics_control_msgs/i6robotics_control_msgs_s__rosidl_typesupport_introspection_c.cpython-310-x86_64-linux-gnu.so
[0.819s] -- Up-to-date: /home/hjpark/dev_hjp/ROS2/storagy-repo-1/i6robotics/install/i6robotics_control_msgs/local/lib/python3.10/dist-packages/i6robotics_control_msgs/i6robotics_control_msgs_s__rosidl_typesupport_c.cpython-310-x86_64-linux-gnu.so
[0.820s] -- Up-to-date: /home/hjpark/dev_hjp/ROS2/storagy-repo-1/i6robotics/install/i6robotics_control_msgs/lib/libi6robotics_control_msgs__rosidl_generator_py.so
[0.821s] -- Up-to-date: /home/hjpark/dev_hjp/ROS2/storagy-repo-1/i6robotics/install/i6robotics_control_msgs/share/i6robotics_control_msgs/msg/CmdAndPoseVel.idl
[0.821s] -- Up-to-date: /home/hjpark/dev_hjp/ROS2/storagy-repo-1/i6robotics/install/i6robotics_control_msgs/share/i6robotics_control_msgs/action/NavOrder.idl
[0.821s] -- Up-to-date: /home/hjpark/dev_hjp/ROS2/storagy-repo-1/i6robotics/install/i6robotics_control_msgs/share/i6robotics_control_msgs/action/Follow.idl
[0.822s] -- Up-to-date: /home/hjpark/dev_hjp/ROS2/storagy-repo-1/i6robotics/install/i6robotics_control_msgs/share/i6robotics_control_msgs/srv/NavOrderSrv.idl
[0.822s] -- Up-to-date: /home/hjpark/dev_hjp/ROS2/storagy-repo-1/i6robotics/install/i6robotics_control_msgs/share/i6robotics_control_msgs/srv/Order.idl
[0.822s] -- Up-to-date: /home/hjpark/dev_hjp/ROS2/storagy-repo-1/i6robotics/install/i6robotics_control_msgs/share/i6robotics_control_msgs/msg/NavOrderFeedback.idl
[0.823s] -- Up-to-date: /home/hjpark/dev_hjp/ROS2/storagy-repo-1/i6robotics/install/i6robotics_control_msgs/share/i6robotics_control_msgs/msg/CmdAndPoseVel.msg
[0.823s] -- Up-to-date: /home/hjpark/dev_hjp/ROS2/storagy-repo-1/i6robotics/install/i6robotics_control_msgs/share/i6robotics_control_msgs/action/NavOrder.action
[0.824s] -- Up-to-date: /home/hjpark/dev_hjp/ROS2/storagy-repo-1/i6robotics/install/i6robotics_control_msgs/share/i6robotics_control_msgs/action/Follow.action
[0.824s] -- Up-to-date: /home/hjpark/dev_hjp/ROS2/storagy-repo-1/i6robotics/install/i6robotics_control_msgs/share/i6robotics_control_msgs/srv/NavOrderSrv.srv
[0.824s] -- Up-to-date: /home/hjpark/dev_hjp/ROS2/storagy-repo-1/i6robotics/install/i6robotics_control_msgs/share/i6robotics_control_msgs/srv/NavOrderSrv_Request.msg
[0.824s] -- Up-to-date: /home/hjpark/dev_hjp/ROS2/storagy-repo-1/i6robotics/install/i6robotics_control_msgs/share/i6robotics_control_msgs/srv/NavOrderSrv_Response.msg
[0.825s] -- Up-to-date: /home/hjpark/dev_hjp/ROS2/storagy-repo-1/i6robotics/install/i6robotics_control_msgs/share/i6robotics_control_msgs/srv/Order.srv
[0.825s] -- Up-to-date: /home/hjpark/dev_hjp/ROS2/storagy-repo-1/i6robotics/install/i6robotics_control_msgs/share/i6robotics_control_msgs/srv/Order_Request.msg
[0.825s] -- Up-to-date: /home/hjpark/dev_hjp/ROS2/storagy-repo-1/i6robotics/install/i6robotics_control_msgs/share/i6robotics_control_msgs/srv/Order_Response.msg
[0.825s] -- Up-to-date: /home/hjpark/dev_hjp/ROS2/storagy-repo-1/i6robotics/install/i6robotics_control_msgs/share/i6robotics_control_msgs/msg/NavOrderFeedback.msg
[0.825s] -- Up-to-date: /home/hjpark/dev_hjp/ROS2/storagy-repo-1/i6robotics/install/i6robotics_control_msgs/share/ament_index/resource_index/package_run_dependencies/i6robotics_control_msgs
[0.825s] -- Up-to-date: /home/hjpark/dev_hjp/ROS2/storagy-repo-1/i6robotics/install/i6robotics_control_msgs/share/ament_index/resource_index/parent_prefix_path/i6robotics_control_msgs
[0.826s] -- Up-to-date: /home/hjpark/dev_hjp/ROS2/storagy-repo-1/i6robotics/install/i6robotics_control_msgs/share/i6robotics_control_msgs/environment/ament_prefix_path.sh
[0.826s] -- Up-to-date: /home/hjpark/dev_hjp/ROS2/storagy-repo-1/i6robotics/install/i6robotics_control_msgs/share/i6robotics_control_msgs/environment/ament_prefix_path.dsv
[0.826s] -- Up-to-date: /home/hjpark/dev_hjp/ROS2/storagy-repo-1/i6robotics/install/i6robotics_control_msgs/share/i6robotics_control_msgs/environment/path.sh
[0.826s] -- Up-to-date: /home/hjpark/dev_hjp/ROS2/storagy-repo-1/i6robotics/install/i6robotics_control_msgs/share/i6robotics_control_msgs/environment/path.dsv
[0.827s] -- Up-to-date: /home/hjpark/dev_hjp/ROS2/storagy-repo-1/i6robotics/install/i6robotics_control_msgs/share/i6robotics_control_msgs/local_setup.bash
[0.828s] -- Up-to-date: /home/hjpark/dev_hjp/ROS2/storagy-repo-1/i6robotics/install/i6robotics_control_msgs/share/i6robotics_control_msgs/local_setup.sh
[0.829s] -- Up-to-date: /home/hjpark/dev_hjp/ROS2/storagy-repo-1/i6robotics/install/i6robotics_control_msgs/share/i6robotics_control_msgs/local_setup.zsh
[0.830s] -- Up-to-date: /home/hjpark/dev_hjp/ROS2/storagy-repo-1/i6robotics/install/i6robotics_control_msgs/share/i6robotics_control_msgs/local_setup.dsv
[0.830s] -- Installing: /home/hjpark/dev_hjp/ROS2/storagy-repo-1/i6robotics/install/i6robotics_control_msgs/share/i6robotics_control_msgs/package.dsv
[0.830s] -- Up-to-date: /home/hjpark/dev_hjp/ROS2/storagy-repo-1/i6robotics/install/i6robotics_control_msgs/share/ament_index/resource_index/packages/i6robotics_control_msgs
[0.831s] -- Up-to-date: /home/hjpark/dev_hjp/ROS2/storagy-repo-1/i6robotics/install/i6robotics_control_msgs/share/i6robotics_control_msgs/cmake/export_i6robotics_control_msgs__rosidl_generator_cExport.cmake
[0.832s] -- Up-to-date: /home/hjpark/dev_hjp/ROS2/storagy-repo-1/i6robotics/install/i6robotics_control_msgs/share/i6robotics_control_msgs/cmake/export_i6robotics_control_msgs__rosidl_generator_cExport-noconfig.cmake
[0.832s] -- Up-to-date: /home/hjpark/dev_hjp/ROS2/storagy-repo-1/i6robotics/install/i6robotics_control_msgs/share/i6robotics_control_msgs/cmake/export_i6robotics_control_msgs__rosidl_typesupport_fastrtps_cExport.cmake
[0.833s] -- Up-to-date: /home/hjpark/dev_hjp/ROS2/storagy-repo-1/i6robotics/install/i6robotics_control_msgs/share/i6robotics_control_msgs/cmake/export_i6robotics_control_msgs__rosidl_typesupport_fastrtps_cExport-noconfig.cmake
[0.834s] -- Up-to-date: /home/hjpark/dev_hjp/ROS2/storagy-repo-1/i6robotics/install/i6robotics_control_msgs/share/i6robotics_control_msgs/cmake/export_i6robotics_control_msgs__rosidl_generator_cppExport.cmake
[0.834s] -- Up-to-date: /home/hjpark/dev_hjp/ROS2/storagy-repo-1/i6robotics/install/i6robotics_control_msgs/share/i6robotics_control_msgs/cmake/export_i6robotics_control_msgs__rosidl_typesupport_fastrtps_cppExport.cmake
[0.835s] -- Up-to-date: /home/hjpark/dev_hjp/ROS2/storagy-repo-1/i6robotics/install/i6robotics_control_msgs/share/i6robotics_control_msgs/cmake/export_i6robotics_control_msgs__rosidl_typesupport_fastrtps_cppExport-noconfig.cmake
[0.835s] -- Up-to-date: /home/hjpark/dev_hjp/ROS2/storagy-repo-1/i6robotics/install/i6robotics_control_msgs/share/i6robotics_control_msgs/cmake/i6robotics_control_msgs__rosidl_typesupport_introspection_cExport.cmake
[0.835s] -- Up-to-date: /home/hjpark/dev_hjp/ROS2/storagy-repo-1/i6robotics/install/i6robotics_control_msgs/share/i6robotics_control_msgs/cmake/i6robotics_control_msgs__rosidl_typesupport_introspection_cExport-noconfig.cmake
[0.835s] -- Up-to-date: /home/hjpark/dev_hjp/ROS2/storagy-repo-1/i6robotics/install/i6robotics_control_msgs/share/i6robotics_control_msgs/cmake/i6robotics_control_msgs__rosidl_typesupport_cExport.cmake
[0.835s] -- Up-to-date: /home/hjpark/dev_hjp/ROS2/storagy-repo-1/i6robotics/install/i6robotics_control_msgs/share/i6robotics_control_msgs/cmake/i6robotics_control_msgs__rosidl_typesupport_cExport-noconfig.cmake
[0.836s] -- Up-to-date: /home/hjpark/dev_hjp/ROS2/storagy-repo-1/i6robotics/install/i6robotics_control_msgs/share/i6robotics_control_msgs/cmake/i6robotics_control_msgs__rosidl_typesupport_introspection_cppExport.cmake
[0.836s] -- Up-to-date: /home/hjpark/dev_hjp/ROS2/storagy-repo-1/i6robotics/install/i6robotics_control_msgs/share/i6robotics_control_msgs/cmake/i6robotics_control_msgs__rosidl_typesupport_introspection_cppExport-noconfig.cmake
[0.836s] -- Up-to-date: /home/hjpark/dev_hjp/ROS2/storagy-repo-1/i6robotics/install/i6robotics_control_msgs/share/i6robotics_control_msgs/cmake/i6robotics_control_msgs__rosidl_typesupport_cppExport.cmake
[0.837s] -- Up-to-date: /home/hjpark/dev_hjp/ROS2/storagy-repo-1/i6robotics/install/i6robotics_control_msgs/share/i6robotics_control_msgs/cmake/i6robotics_control_msgs__rosidl_typesupport_cppExport-noconfig.cmake
[0.837s] -- Up-to-date: /home/hjpark/dev_hjp/ROS2/storagy-repo-1/i6robotics/install/i6robotics_control_msgs/share/i6robotics_control_msgs/cmake/export_i6robotics_control_msgs__rosidl_generator_pyExport.cmake
[0.837s] -- Up-to-date: /home/hjpark/dev_hjp/ROS2/storagy-repo-1/i6robotics/install/i6robotics_control_msgs/share/i6robotics_control_msgs/cmake/export_i6robotics_control_msgs__rosidl_generator_pyExport-noconfig.cmake
[0.837s] -- Up-to-date: /home/hjpark/dev_hjp/ROS2/storagy-repo-1/i6robotics/install/i6robotics_control_msgs/share/i6robotics_control_msgs/cmake/rosidl_cmake-extras.cmake
[0.837s] -- Up-to-date: /home/hjpark/dev_hjp/ROS2/storagy-repo-1/i6robotics/install/i6robotics_control_msgs/share/i6robotics_control_msgs/cmake/ament_cmake_export_dependencies-extras.cmake
[0.838s] -- Up-to-date: /home/hjpark/dev_hjp/ROS2/storagy-repo-1/i6robotics/install/i6robotics_control_msgs/share/i6robotics_control_msgs/cmake/ament_cmake_export_include_directories-extras.cmake
[0.838s] -- Up-to-date: /home/hjpark/dev_hjp/ROS2/storagy-repo-1/i6robotics/install/i6robotics_control_msgs/share/i6robotics_control_msgs/cmake/ament_cmake_export_libraries-extras.cmake
[0.838s] -- Up-to-date: /home/hjpark/dev_hjp/ROS2/storagy-repo-1/i6robotics/install/i6robotics_control_msgs/share/i6robotics_control_msgs/cmake/ament_cmake_export_targets-extras.cmake
[0.838s] -- Up-to-date: /home/hjpark/dev_hjp/ROS2/storagy-repo-1/i6robotics/install/i6robotics_control_msgs/share/i6robotics_control_msgs/cmake/rosidl_cmake_export_typesupport_targets-extras.cmake
[0.838s] -- Up-to-date: /home/hjpark/dev_hjp/ROS2/storagy-repo-1/i6robotics/install/i6robotics_control_msgs/share/i6robotics_control_msgs/cmake/rosidl_cmake_export_typesupport_libraries-extras.cmake
[0.838s] -- Up-to-date: /home/hjpark/dev_hjp/ROS2/storagy-repo-1/i6robotics/install/i6robotics_control_msgs/share/i6robotics_control_msgs/cmake/i6robotics_control_msgsConfig.cmake
[0.839s] -- Up-to-date: /home/hjpark/dev_hjp/ROS2/storagy-repo-1/i6robotics/install/i6robotics_control_msgs/share/i6robotics_control_msgs/cmake/i6robotics_control_msgsConfig-version.cmake
[0.840s] -- Up-to-date: /home/hjpark/dev_hjp/ROS2/storagy-repo-1/i6robotics/install/i6robotics_control_msgs/share/i6robotics_control_msgs/package.xml
[0.855s] Invoked command in '/home/hjpark/dev_hjp/ROS2/storagy-repo-1/i6robotics/build/i6robotics_control_msgs' returned '0': /usr/bin/cmake --install /home/hjpark/dev_hjp/ROS2/storagy-repo-1/i6robotics/build/i6robotics_control_msgs
