[0.053s] Invoking command in '/home/hjpark/dev_hjp/ROS2/storagy-repo-1/i6robotics/build/guiding_services': CMAKE_PREFIX_PATH=/opt/ros/humble /usr/bin/cmake --build /home/hjpark/dev_hjp/ROS2/storagy-repo-1/i6robotics/build/guiding_services -- -j16 -l16
[1.014s] [  3%] Built target guiding_services__cpp
[1.014s] [ 12%] Built target guiding_services__rosidl_generator_c
[1.014s] [ 12%] Built target ament_cmake_python_copy_guiding_services
[1.015s] [ 32%] Built target guiding_services__rosidl_typesupport_cpp
[1.015s] [ 32%] Built target guiding_services__rosidl_typesupport_fastrtps_cpp
[1.015s] [ 41%] Built target guiding_services__rosidl_typesupport_introspection_cpp
[1.015s] [ 70%] Built target guiding_services__rosidl_typesupport_fastrtps_c
[1.015s] [ 70%] Built target guiding_services__rosidl_typesupport_introspection_c
[1.015s] [ 70%] Built target guiding_services__rosidl_typesupport_c
[1.015s] [ 70%] Built target guiding_services
[1.015s] [ 74%] Built target guiding_services__py
[1.015s] [ 80%] Built target guiding_services__rosidl_generator_py
[1.015s] [ 93%] Built target guiding_services__rosidl_typesupport_c__pyext
[1.015s] [ 93%] Built target guiding_services__rosidl_typesupport_fastrtps_c__pyext
[1.015s] [100%] Built target guiding_services__rosidl_typesupport_introspection_c__pyext
[1.015s] running egg_info
[1.015s] writing guiding_services.egg-info/PKG-INFO
[1.015s] writing dependency_links to guiding_services.egg-info/dependency_links.txt
[1.015s] writing top-level names to guiding_services.egg-info/top_level.txt
[1.015s] reading manifest file 'guiding_services.egg-info/SOURCES.txt'
[1.016s] writing manifest file 'guiding_services.egg-info/SOURCES.txt'
[1.016s] [100%] Built target ament_cmake_python_build_guiding_services_egg
[1.020s] Invoked command in '/home/hjpark/dev_hjp/ROS2/storagy-repo-1/i6robotics/build/guiding_services' returned '0': CMAKE_PREFIX_PATH=/opt/ros/humble /usr/bin/cmake --build /home/hjpark/dev_hjp/ROS2/storagy-repo-1/i6robotics/build/guiding_services -- -j16 -l16
[1.028s] Invoking command in '/home/hjpark/dev_hjp/ROS2/storagy-repo-1/i6robotics/build/guiding_services': CMAKE_PREFIX_PATH=/opt/ros/humble /usr/bin/cmake --install /home/hjpark/dev_hjp/ROS2/storagy-repo-1/i6robotics/build/guiding_services
[1.036s] -- Install configuration: ""
[1.037s] -- Up-to-date: /home/hjpark/dev_hjp/ROS2/storagy-repo-1/i6robotics/install/guiding_services/share/ament_index/resource_index/rosidl_interfaces/guiding_services
[1.037s] -- Up-to-date: /home/hjpark/dev_hjp/ROS2/storagy-repo-1/i6robotics/install/guiding_services/include/guiding_services/guiding_services
[1.037s] -- Up-to-date: /home/hjpark/dev_hjp/ROS2/storagy-repo-1/i6robotics/install/guiding_services/include/guiding_services/guiding_services/srv
[1.038s] -- Up-to-date: /home/hjpark/dev_hjp/ROS2/storagy-repo-1/i6robotics/install/guiding_services/include/guiding_services/guiding_services/srv/set_goal_choice.h
[1.038s] -- Up-to-date: /home/hjpark/dev_hjp/ROS2/storagy-repo-1/i6robotics/install/guiding_services/include/guiding_services/guiding_services/srv/detail
[1.038s] -- Up-to-date: /home/hjpark/dev_hjp/ROS2/storagy-repo-1/i6robotics/install/guiding_services/include/guiding_services/guiding_services/srv/detail/set_goal_choice__functions.h
[1.038s] -- Up-to-date: /home/hjpark/dev_hjp/ROS2/storagy-repo-1/i6robotics/install/guiding_services/include/guiding_services/guiding_services/srv/detail/set_goal_choice__type_support.h
[1.038s] -- Up-to-date: /home/hjpark/dev_hjp/ROS2/storagy-repo-1/i6robotics/install/guiding_services/include/guiding_services/guiding_services/srv/detail/set_goal_choice__struct.h
[1.045s] -- Up-to-date: /home/hjpark/dev_hjp/ROS2/storagy-repo-1/i6robotics/install/guiding_services/include/guiding_services/guiding_services/srv/detail/set_goal_choice__functions.c
[1.046s] -- Up-to-date: /home/hjpark/dev_hjp/ROS2/storagy-repo-1/i6robotics/install/guiding_services/include/guiding_services/guiding_services/msg
[1.047s] -- Up-to-date: /home/hjpark/dev_hjp/ROS2/storagy-repo-1/i6robotics/install/guiding_services/include/guiding_services/guiding_services/msg/rosidl_generator_c__visibility_control.h
[1.047s] -- Up-to-date: /home/hjpark/dev_hjp/ROS2/storagy-repo-1/i6robotics/install/guiding_services/share/guiding_services/environment/library_path.sh
[1.047s] -- Up-to-date: /home/hjpark/dev_hjp/ROS2/storagy-repo-1/i6robotics/install/guiding_services/share/guiding_services/environment/library_path.dsv
[1.048s] -- Up-to-date: /home/hjpark/dev_hjp/ROS2/storagy-repo-1/i6robotics/install/guiding_services/lib/libguiding_services__rosidl_generator_c.so
[1.049s] -- Up-to-date: /home/hjpark/dev_hjp/ROS2/storagy-repo-1/i6robotics/install/guiding_services/include/guiding_services/guiding_services
[1.049s] -- Up-to-date: /home/hjpark/dev_hjp/ROS2/storagy-repo-1/i6robotics/install/guiding_services/include/guiding_services/guiding_services/srv
[1.049s] -- Up-to-date: /home/hjpark/dev_hjp/ROS2/storagy-repo-1/i6robotics/install/guiding_services/include/guiding_services/guiding_services/srv/detail
[1.049s] -- Up-to-date: /home/hjpark/dev_hjp/ROS2/storagy-repo-1/i6robotics/install/guiding_services/include/guiding_services/guiding_services/srv/detail/set_goal_choice__rosidl_typesupport_fastrtps_c.h
[1.049s] -- Up-to-date: /home/hjpark/dev_hjp/ROS2/storagy-repo-1/i6robotics/install/guiding_services/include/guiding_services/guiding_services/msg
[1.049s] -- Up-to-date: /home/hjpark/dev_hjp/ROS2/storagy-repo-1/i6robotics/install/guiding_services/include/guiding_services/guiding_services/msg/rosidl_typesupport_fastrtps_c__visibility_control.h
[1.052s] -- Up-to-date: /home/hjpark/dev_hjp/ROS2/storagy-repo-1/i6robotics/install/guiding_services/lib/libguiding_services__rosidl_typesupport_fastrtps_c.so
[1.052s] -- Up-to-date: /home/hjpark/dev_hjp/ROS2/storagy-repo-1/i6robotics/install/guiding_services/include/guiding_services/guiding_services
[1.052s] -- Up-to-date: /home/hjpark/dev_hjp/ROS2/storagy-repo-1/i6robotics/install/guiding_services/include/guiding_services/guiding_services/srv
[1.052s] -- Up-to-date: /home/hjpark/dev_hjp/ROS2/storagy-repo-1/i6robotics/install/guiding_services/include/guiding_services/guiding_services/srv/detail
[1.052s] -- Up-to-date: /home/hjpark/dev_hjp/ROS2/storagy-repo-1/i6robotics/install/guiding_services/include/guiding_services/guiding_services/srv/detail/set_goal_choice__rosidl_typesupport_introspection_c.h
[1.052s] -- Up-to-date: /home/hjpark/dev_hjp/ROS2/storagy-repo-1/i6robotics/install/guiding_services/include/guiding_services/guiding_services/srv/detail/set_goal_choice__type_support.c
[1.052s] -- Up-to-date: /home/hjpark/dev_hjp/ROS2/storagy-repo-1/i6robotics/install/guiding_services/include/guiding_services/guiding_services/msg
[1.052s] -- Up-to-date: /home/hjpark/dev_hjp/ROS2/storagy-repo-1/i6robotics/install/guiding_services/include/guiding_services/guiding_services/msg/rosidl_typesupport_introspection_c__visibility_control.h
[1.053s] -- Up-to-date: /home/hjpark/dev_hjp/ROS2/storagy-repo-1/i6robotics/install/guiding_services/lib/libguiding_services__rosidl_typesupport_introspection_c.so
[1.054s] -- Up-to-date: /home/hjpark/dev_hjp/ROS2/storagy-repo-1/i6robotics/install/guiding_services/lib/libguiding_services__rosidl_typesupport_c.so
[1.054s] -- Up-to-date: /home/hjpark/dev_hjp/ROS2/storagy-repo-1/i6robotics/install/guiding_services/include/guiding_services/guiding_services
[1.056s] -- Up-to-date: /home/hjpark/dev_hjp/ROS2/storagy-repo-1/i6robotics/install/guiding_services/include/guiding_services/guiding_services/srv
[1.056s] -- Up-to-date: /home/hjpark/dev_hjp/ROS2/storagy-repo-1/i6robotics/install/guiding_services/include/guiding_services/guiding_services/srv/set_goal_choice.hpp
[1.056s] -- Up-to-date: /home/hjpark/dev_hjp/ROS2/storagy-repo-1/i6robotics/install/guiding_services/include/guiding_services/guiding_services/srv/detail
[1.056s] -- Up-to-date: /home/hjpark/dev_hjp/ROS2/storagy-repo-1/i6robotics/install/guiding_services/include/guiding_services/guiding_services/srv/detail/set_goal_choice__struct.hpp
[1.056s] -- Up-to-date: /home/hjpark/dev_hjp/ROS2/storagy-repo-1/i6robotics/install/guiding_services/include/guiding_services/guiding_services/srv/detail/set_goal_choice__traits.hpp
[1.056s] -- Up-to-date: /home/hjpark/dev_hjp/ROS2/storagy-repo-1/i6robotics/install/guiding_services/include/guiding_services/guiding_services/srv/detail/set_goal_choice__type_support.hpp
[1.056s] -- Up-to-date: /home/hjpark/dev_hjp/ROS2/storagy-repo-1/i6robotics/install/guiding_services/include/guiding_services/guiding_services/srv/detail/set_goal_choice__builder.hpp
[1.057s] -- Up-to-date: /home/hjpark/dev_hjp/ROS2/storagy-repo-1/i6robotics/install/guiding_services/include/guiding_services/guiding_services/msg
[1.057s] -- Up-to-date: /home/hjpark/dev_hjp/ROS2/storagy-repo-1/i6robotics/install/guiding_services/include/guiding_services/guiding_services/msg/rosidl_generator_cpp__visibility_control.hpp
[1.057s] -- Up-to-date: /home/hjpark/dev_hjp/ROS2/storagy-repo-1/i6robotics/install/guiding_services/include/guiding_services/guiding_services
[1.057s] -- Up-to-date: /home/hjpark/dev_hjp/ROS2/storagy-repo-1/i6robotics/install/guiding_services/include/guiding_services/guiding_services/srv
[1.057s] -- Up-to-date: /home/hjpark/dev_hjp/ROS2/storagy-repo-1/i6robotics/install/guiding_services/include/guiding_services/guiding_services/srv/detail
[1.057s] -- Up-to-date: /home/hjpark/dev_hjp/ROS2/storagy-repo-1/i6robotics/install/guiding_services/include/guiding_services/guiding_services/srv/detail/set_goal_choice__rosidl_typesupport_fastrtps_cpp.hpp
[1.057s] -- Up-to-date: /home/hjpark/dev_hjp/ROS2/storagy-repo-1/i6robotics/install/guiding_services/include/guiding_services/guiding_services/srv/detail/dds_fastrtps
[1.057s] -- Up-to-date: /home/hjpark/dev_hjp/ROS2/storagy-repo-1/i6robotics/install/guiding_services/include/guiding_services/guiding_services/msg
[1.057s] -- Up-to-date: /home/hjpark/dev_hjp/ROS2/storagy-repo-1/i6robotics/install/guiding_services/include/guiding_services/guiding_services/msg/rosidl_typesupport_fastrtps_cpp__visibility_control.h
[1.057s] -- Up-to-date: /home/hjpark/dev_hjp/ROS2/storagy-repo-1/i6robotics/install/guiding_services/lib/libguiding_services__rosidl_typesupport_fastrtps_cpp.so
[1.057s] -- Up-to-date: /home/hjpark/dev_hjp/ROS2/storagy-repo-1/i6robotics/install/guiding_services/include/guiding_services/guiding_services
[1.057s] -- Up-to-date: /home/hjpark/dev_hjp/ROS2/storagy-repo-1/i6robotics/install/guiding_services/include/guiding_services/guiding_services/srv
[1.059s] -- Up-to-date: /home/hjpark/dev_hjp/ROS2/storagy-repo-1/i6robotics/install/guiding_services/include/guiding_services/guiding_services/srv/detail
[1.059s] -- Up-to-date: /home/hjpark/dev_hjp/ROS2/storagy-repo-1/i6robotics/install/guiding_services/include/guiding_services/guiding_services/srv/detail/set_goal_choice__type_support.cpp
[1.059s] -- Up-to-date: /home/hjpark/dev_hjp/ROS2/storagy-repo-1/i6robotics/install/guiding_services/include/guiding_services/guiding_services/srv/detail/set_goal_choice__rosidl_typesupport_introspection_cpp.hpp
[1.059s] -- Up-to-date: /home/hjpark/dev_hjp/ROS2/storagy-repo-1/i6robotics/install/guiding_services/lib/libguiding_services__rosidl_typesupport_introspection_cpp.so
[1.061s] -- Up-to-date: /home/hjpark/dev_hjp/ROS2/storagy-repo-1/i6robotics/install/guiding_services/lib/libguiding_services__rosidl_typesupport_cpp.so
[1.061s] -- Up-to-date: /home/hjpark/dev_hjp/ROS2/storagy-repo-1/i6robotics/install/guiding_services/share/guiding_services/environment/pythonpath.sh
[1.061s] -- Up-to-date: /home/hjpark/dev_hjp/ROS2/storagy-repo-1/i6robotics/install/guiding_services/share/guiding_services/environment/pythonpath.dsv
[1.062s] -- Up-to-date: /home/hjpark/dev_hjp/ROS2/storagy-repo-1/i6robotics/install/guiding_services/local/lib/python3.10/dist-packages/guiding_services-0.0.0-py3.10.egg-info
[1.062s] -- Installing: /home/hjpark/dev_hjp/ROS2/storagy-repo-1/i6robotics/install/guiding_services/local/lib/python3.10/dist-packages/guiding_services-0.0.0-py3.10.egg-info/top_level.txt
[1.062s] -- Installing: /home/hjpark/dev_hjp/ROS2/storagy-repo-1/i6robotics/install/guiding_services/local/lib/python3.10/dist-packages/guiding_services-0.0.0-py3.10.egg-info/dependency_links.txt
[1.062s] -- Installing: /home/hjpark/dev_hjp/ROS2/storagy-repo-1/i6robotics/install/guiding_services/local/lib/python3.10/dist-packages/guiding_services-0.0.0-py3.10.egg-info/PKG-INFO
[1.063s] -- Installing: /home/hjpark/dev_hjp/ROS2/storagy-repo-1/i6robotics/install/guiding_services/local/lib/python3.10/dist-packages/guiding_services-0.0.0-py3.10.egg-info/SOURCES.txt
[1.063s] -- Up-to-date: /home/hjpark/dev_hjp/ROS2/storagy-repo-1/i6robotics/install/guiding_services/local/lib/python3.10/dist-packages/guiding_services
[1.063s] -- Up-to-date: /home/hjpark/dev_hjp/ROS2/storagy-repo-1/i6robotics/install/guiding_services/local/lib/python3.10/dist-packages/guiding_services/_guiding_services_s.ep.rosidl_typesupport_c.c
[1.063s] -- Up-to-date: /home/hjpark/dev_hjp/ROS2/storagy-repo-1/i6robotics/install/guiding_services/local/lib/python3.10/dist-packages/guiding_services/libguiding_services__rosidl_generator_py.so
[1.063s] -- Up-to-date: /home/hjpark/dev_hjp/ROS2/storagy-repo-1/i6robotics/install/guiding_services/local/lib/python3.10/dist-packages/guiding_services/srv
[1.063s] -- Up-to-date: /home/hjpark/dev_hjp/ROS2/storagy-repo-1/i6robotics/install/guiding_services/local/lib/python3.10/dist-packages/guiding_services/srv/_set_goal_choice_s.c
[1.064s] -- Up-to-date: /home/hjpark/dev_hjp/ROS2/storagy-repo-1/i6robotics/install/guiding_services/local/lib/python3.10/dist-packages/guiding_services/srv/_set_goal_choice.py
[1.064s] -- Up-to-date: /home/hjpark/dev_hjp/ROS2/storagy-repo-1/i6robotics/install/guiding_services/local/lib/python3.10/dist-packages/guiding_services/srv/__init__.py
[1.064s] -- Up-to-date: /home/hjpark/dev_hjp/ROS2/storagy-repo-1/i6robotics/install/guiding_services/local/lib/python3.10/dist-packages/guiding_services/guiding_services_s__rosidl_typesupport_fastrtps_c.cpython-310-x86_64-linux-gnu.so
[1.064s] -- Up-to-date: /home/hjpark/dev_hjp/ROS2/storagy-repo-1/i6robotics/install/guiding_services/local/lib/python3.10/dist-packages/guiding_services/_guiding_services_s.ep.rosidl_typesupport_fastrtps_c.c
[1.064s] -- Up-to-date: /home/hjpark/dev_hjp/ROS2/storagy-repo-1/i6robotics/install/guiding_services/local/lib/python3.10/dist-packages/guiding_services/guiding_services_s__rosidl_typesupport_introspection_c.cpython-310-x86_64-linux-gnu.so
[1.064s] -- Up-to-date: /home/hjpark/dev_hjp/ROS2/storagy-repo-1/i6robotics/install/guiding_services/local/lib/python3.10/dist-packages/guiding_services/guiding_services_s__rosidl_typesupport_c.cpython-310-x86_64-linux-gnu.so
[1.064s] -- Up-to-date: /home/hjpark/dev_hjp/ROS2/storagy-repo-1/i6robotics/install/guiding_services/local/lib/python3.10/dist-packages/guiding_services/_guiding_services_s.ep.rosidl_typesupport_introspection_c.c
[1.064s] -- Up-to-date: /home/hjpark/dev_hjp/ROS2/storagy-repo-1/i6robotics/install/guiding_services/local/lib/python3.10/dist-packages/guiding_services/__init__.py
[1.079s] Listing '/home/hjpark/dev_hjp/ROS2/storagy-repo-1/i6robotics/install/guiding_services/local/lib/python3.10/dist-packages/guiding_services'...
[1.079s] Listing '/home/hjpark/dev_hjp/ROS2/storagy-repo-1/i6robotics/install/guiding_services/local/lib/python3.10/dist-packages/guiding_services/srv'...
[1.086s] -- Up-to-date: /home/hjpark/dev_hjp/ROS2/storagy-repo-1/i6robotics/install/guiding_services/local/lib/python3.10/dist-packages/guiding_services/guiding_services_s__rosidl_typesupport_fastrtps_c.cpython-310-x86_64-linux-gnu.so
[1.087s] -- Up-to-date: /home/hjpark/dev_hjp/ROS2/storagy-repo-1/i6robotics/install/guiding_services/local/lib/python3.10/dist-packages/guiding_services/guiding_services_s__rosidl_typesupport_introspection_c.cpython-310-x86_64-linux-gnu.so
[1.089s] -- Up-to-date: /home/hjpark/dev_hjp/ROS2/storagy-repo-1/i6robotics/install/guiding_services/local/lib/python3.10/dist-packages/guiding_services/guiding_services_s__rosidl_typesupport_c.cpython-310-x86_64-linux-gnu.so
[1.092s] -- Up-to-date: /home/hjpark/dev_hjp/ROS2/storagy-repo-1/i6robotics/install/guiding_services/lib/libguiding_services__rosidl_generator_py.so
[1.094s] -- Up-to-date: /home/hjpark/dev_hjp/ROS2/storagy-repo-1/i6robotics/install/guiding_services/share/guiding_services/srv/SetGoalChoice.idl
[1.094s] -- Up-to-date: /home/hjpark/dev_hjp/ROS2/storagy-repo-1/i6robotics/install/guiding_services/share/guiding_services/srv/SetGoalChoice.srv
[1.094s] -- Up-to-date: /home/hjpark/dev_hjp/ROS2/storagy-repo-1/i6robotics/install/guiding_services/share/guiding_services/srv/SetGoalChoice_Request.msg
[1.095s] -- Up-to-date: /home/hjpark/dev_hjp/ROS2/storagy-repo-1/i6robotics/install/guiding_services/share/guiding_services/srv/SetGoalChoice_Response.msg
[1.095s] -- Up-to-date: /home/hjpark/dev_hjp/ROS2/storagy-repo-1/i6robotics/install/guiding_services/share/ament_index/resource_index/package_run_dependencies/guiding_services
[1.096s] -- Up-to-date: /home/hjpark/dev_hjp/ROS2/storagy-repo-1/i6robotics/install/guiding_services/share/ament_index/resource_index/parent_prefix_path/guiding_services
[1.096s] -- Up-to-date: /home/hjpark/dev_hjp/ROS2/storagy-repo-1/i6robotics/install/guiding_services/share/guiding_services/environment/ament_prefix_path.sh
[1.096s] -- Up-to-date: /home/hjpark/dev_hjp/ROS2/storagy-repo-1/i6robotics/install/guiding_services/share/guiding_services/environment/ament_prefix_path.dsv
[1.096s] -- Up-to-date: /home/hjpark/dev_hjp/ROS2/storagy-repo-1/i6robotics/install/guiding_services/share/guiding_services/environment/path.sh
[1.096s] -- Up-to-date: /home/hjpark/dev_hjp/ROS2/storagy-repo-1/i6robotics/install/guiding_services/share/guiding_services/environment/path.dsv
[1.097s] -- Up-to-date: /home/hjpark/dev_hjp/ROS2/storagy-repo-1/i6robotics/install/guiding_services/share/guiding_services/local_setup.bash
[1.097s] -- Up-to-date: /home/hjpark/dev_hjp/ROS2/storagy-repo-1/i6robotics/install/guiding_services/share/guiding_services/local_setup.sh
[1.097s] -- Up-to-date: /home/hjpark/dev_hjp/ROS2/storagy-repo-1/i6robotics/install/guiding_services/share/guiding_services/local_setup.zsh
[1.097s] -- Up-to-date: /home/hjpark/dev_hjp/ROS2/storagy-repo-1/i6robotics/install/guiding_services/share/guiding_services/local_setup.dsv
[1.097s] -- Installing: /home/hjpark/dev_hjp/ROS2/storagy-repo-1/i6robotics/install/guiding_services/share/guiding_services/package.dsv
[1.097s] -- Up-to-date: /home/hjpark/dev_hjp/ROS2/storagy-repo-1/i6robotics/install/guiding_services/share/ament_index/resource_index/packages/guiding_services
[1.097s] -- Up-to-date: /home/hjpark/dev_hjp/ROS2/storagy-repo-1/i6robotics/install/guiding_services/share/guiding_services/cmake/export_guiding_services__rosidl_generator_cExport.cmake
[1.097s] -- Up-to-date: /home/hjpark/dev_hjp/ROS2/storagy-repo-1/i6robotics/install/guiding_services/share/guiding_services/cmake/export_guiding_services__rosidl_generator_cExport-noconfig.cmake
[1.097s] -- Up-to-date: /home/hjpark/dev_hjp/ROS2/storagy-repo-1/i6robotics/install/guiding_services/share/guiding_services/cmake/export_guiding_services__rosidl_typesupport_fastrtps_cExport.cmake
[1.097s] -- Up-to-date: /home/hjpark/dev_hjp/ROS2/storagy-repo-1/i6robotics/install/guiding_services/share/guiding_services/cmake/export_guiding_services__rosidl_typesupport_fastrtps_cExport-noconfig.cmake
[1.097s] -- Up-to-date: /home/hjpark/dev_hjp/ROS2/storagy-repo-1/i6robotics/install/guiding_services/share/guiding_services/cmake/guiding_services__rosidl_typesupport_introspection_cExport.cmake
[1.098s] -- Up-to-date: /home/hjpark/dev_hjp/ROS2/storagy-repo-1/i6robotics/install/guiding_services/share/guiding_services/cmake/guiding_services__rosidl_typesupport_introspection_cExport-noconfig.cmake
[1.098s] -- Up-to-date: /home/hjpark/dev_hjp/ROS2/storagy-repo-1/i6robotics/install/guiding_services/share/guiding_services/cmake/guiding_services__rosidl_typesupport_cExport.cmake
[1.098s] -- Up-to-date: /home/hjpark/dev_hjp/ROS2/storagy-repo-1/i6robotics/install/guiding_services/share/guiding_services/cmake/guiding_services__rosidl_typesupport_cExport-noconfig.cmake
[1.098s] -- Up-to-date: /home/hjpark/dev_hjp/ROS2/storagy-repo-1/i6robotics/install/guiding_services/share/guiding_services/cmake/export_guiding_services__rosidl_generator_cppExport.cmake
[1.098s] -- Up-to-date: /home/hjpark/dev_hjp/ROS2/storagy-repo-1/i6robotics/install/guiding_services/share/guiding_services/cmake/export_guiding_services__rosidl_typesupport_fastrtps_cppExport.cmake
[1.098s] -- Up-to-date: /home/hjpark/dev_hjp/ROS2/storagy-repo-1/i6robotics/install/guiding_services/share/guiding_services/cmake/export_guiding_services__rosidl_typesupport_fastrtps_cppExport-noconfig.cmake
[1.098s] -- Up-to-date: /home/hjpark/dev_hjp/ROS2/storagy-repo-1/i6robotics/install/guiding_services/share/guiding_services/cmake/guiding_services__rosidl_typesupport_introspection_cppExport.cmake
[1.098s] -- Up-to-date: /home/hjpark/dev_hjp/ROS2/storagy-repo-1/i6robotics/install/guiding_services/share/guiding_services/cmake/guiding_services__rosidl_typesupport_introspection_cppExport-noconfig.cmake
[1.098s] -- Up-to-date: /home/hjpark/dev_hjp/ROS2/storagy-repo-1/i6robotics/install/guiding_services/share/guiding_services/cmake/guiding_services__rosidl_typesupport_cppExport.cmake
[1.098s] -- Up-to-date: /home/hjpark/dev_hjp/ROS2/storagy-repo-1/i6robotics/install/guiding_services/share/guiding_services/cmake/guiding_services__rosidl_typesupport_cppExport-noconfig.cmake
[1.098s] -- Up-to-date: /home/hjpark/dev_hjp/ROS2/storagy-repo-1/i6robotics/install/guiding_services/share/guiding_services/cmake/export_guiding_services__rosidl_generator_pyExport.cmake
[1.098s] -- Up-to-date: /home/hjpark/dev_hjp/ROS2/storagy-repo-1/i6robotics/install/guiding_services/share/guiding_services/cmake/export_guiding_services__rosidl_generator_pyExport-noconfig.cmake
[1.098s] -- Up-to-date: /home/hjpark/dev_hjp/ROS2/storagy-repo-1/i6robotics/install/guiding_services/share/guiding_services/cmake/rosidl_cmake-extras.cmake
[1.098s] -- Up-to-date: /home/hjpark/dev_hjp/ROS2/storagy-repo-1/i6robotics/install/guiding_services/share/guiding_services/cmake/ament_cmake_export_dependencies-extras.cmake
[1.098s] -- Up-to-date: /home/hjpark/dev_hjp/ROS2/storagy-repo-1/i6robotics/install/guiding_services/share/guiding_services/cmake/ament_cmake_export_include_directories-extras.cmake
[1.098s] -- Up-to-date: /home/hjpark/dev_hjp/ROS2/storagy-repo-1/i6robotics/install/guiding_services/share/guiding_services/cmake/ament_cmake_export_libraries-extras.cmake
[1.098s] -- Up-to-date: /home/hjpark/dev_hjp/ROS2/storagy-repo-1/i6robotics/install/guiding_services/share/guiding_services/cmake/ament_cmake_export_targets-extras.cmake
[1.098s] -- Up-to-date: /home/hjpark/dev_hjp/ROS2/storagy-repo-1/i6robotics/install/guiding_services/share/guiding_services/cmake/rosidl_cmake_export_typesupport_targets-extras.cmake
[1.099s] -- Up-to-date: /home/hjpark/dev_hjp/ROS2/storagy-repo-1/i6robotics/install/guiding_services/share/guiding_services/cmake/rosidl_cmake_export_typesupport_libraries-extras.cmake
[1.099s] -- Up-to-date: /home/hjpark/dev_hjp/ROS2/storagy-repo-1/i6robotics/install/guiding_services/share/guiding_services/cmake/guiding_servicesConfig.cmake
[1.099s] -- Up-to-date: /home/hjpark/dev_hjp/ROS2/storagy-repo-1/i6robotics/install/guiding_services/share/guiding_services/cmake/guiding_servicesConfig-version.cmake
[1.099s] -- Up-to-date: /home/hjpark/dev_hjp/ROS2/storagy-repo-1/i6robotics/install/guiding_services/share/guiding_services/package.xml
[1.130s] Invoked command in '/home/hjpark/dev_hjp/ROS2/storagy-repo-1/i6robotics/build/guiding_services' returned '0': CMAKE_PREFIX_PATH=/opt/ros/humble /usr/bin/cmake --install /home/hjpark/dev_hjp/ROS2/storagy-repo-1/i6robotics/build/guiding_services
