[1.058s] Invoking command in '/home/hjpark/dev_hjp/ROS2/storagy-repo-1/i6robotics/src/i6robotics_data_processing': PYTHONPATH=/home/hjpark/dev_hjp/ROS2/storagy-repo-1/i6robotics/build/i6robotics_data_processing/prefix_override:/usr/lib/python3/dist-packages/colcon_core/task/python/colcon_distutils_commands:/home/hjpark/dev_hjp/ROS2/storagy-repo-1/i6robotics/install/i6robotics_data_processing/lib/python3.10/site-packages: /usr/bin/python3 -W ignore:setup.py install is deprecated -W ignore:easy_install command is deprecated setup.py egg_info --egg-base ../../build/i6robotics_data_processing build --build-base /home/hjpark/dev_hjp/ROS2/storagy-repo-1/i6robotics/build/i6robotics_data_processing/build install --record /home/hjpark/dev_hjp/ROS2/storagy-repo-1/i6robotics/build/i6robotics_data_processing/install.log --single-version-externally-managed install_data
[1.204s] running egg_info
[1.205s] writing ../../build/i6robotics_data_processing/i6robotics_data_processing.egg-info/PKG-INFO
[1.205s] writing dependency_links to ../../build/i6robotics_data_processing/i6robotics_data_processing.egg-info/dependency_links.txt
[1.205s] writing entry points to ../../build/i6robotics_data_processing/i6robotics_data_processing.egg-info/entry_points.txt
[1.205s] writing requirements to ../../build/i6robotics_data_processing/i6robotics_data_processing.egg-info/requires.txt
[1.205s] writing top-level names to ../../build/i6robotics_data_processing/i6robotics_data_processing.egg-info/top_level.txt
[1.206s] reading manifest file '../../build/i6robotics_data_processing/i6robotics_data_processing.egg-info/SOURCES.txt'
[1.207s] writing manifest file '../../build/i6robotics_data_processing/i6robotics_data_processing.egg-info/SOURCES.txt'
[1.207s] running build
[1.207s] running build_py
[1.207s] running install
[1.208s] running install_lib
[1.208s] running install_data
[1.208s] running install_egg_info
[1.209s] removing '/home/hjpark/dev_hjp/ROS2/storagy-repo-1/i6robotics/install/i6robotics_data_processing/lib/python3.10/site-packages/i6robotics_data_processing-0.0.0-py3.10.egg-info' (and everything under it)
[1.209s] Copying ../../build/i6robotics_data_processing/i6robotics_data_processing.egg-info to /home/hjpark/dev_hjp/ROS2/storagy-repo-1/i6robotics/install/i6robotics_data_processing/lib/python3.10/site-packages/i6robotics_data_processing-0.0.0-py3.10.egg-info
[1.210s] running install_scripts
[1.225s] writing list of installed files to '/home/hjpark/dev_hjp/ROS2/storagy-repo-1/i6robotics/build/i6robotics_data_processing/install.log'
[1.253s] Invoked command in '/home/hjpark/dev_hjp/ROS2/storagy-repo-1/i6robotics/src/i6robotics_data_processing' returned '0': PYTHONPATH=/home/hjpark/dev_hjp/ROS2/storagy-repo-1/i6robotics/build/i6robotics_data_processing/prefix_override:/usr/lib/python3/dist-packages/colcon_core/task/python/colcon_distutils_commands:/home/hjpark/dev_hjp/ROS2/storagy-repo-1/i6robotics/install/i6robotics_data_processing/lib/python3.10/site-packages: /usr/bin/python3 -W ignore:setup.py install is deprecated -W ignore:easy_install command is deprecated setup.py egg_info --egg-base ../../build/i6robotics_data_processing build --build-base /home/hjpark/dev_hjp/ROS2/storagy-repo-1/i6robotics/build/i6robotics_data_processing/build install --record /home/hjpark/dev_hjp/ROS2/storagy-repo-1/i6robotics/build/i6robotics_data_processing/install.log --single-version-externally-managed install_data
