[  1%] Built target i6robotics_control_msgs__cpp
[ 12%] Built target i6robotics_control_msgs__rosidl_generator_c
[ 12%] Built target ament_cmake_python_copy_i6robotics_control_msgs
[ 23%] Built target i6robotics_control_msgs__rosidl_typesupport_introspection_c
[ 43%] Built target i6robotics_control_msgs__rosidl_typesupport_cpp
[ 46%] Built target i6robotics_control_msgs__rosidl_typesupport_c
[ 69%] Built target i6robotics_control_msgs__rosidl_typesupport_introspection_cpp
[ 69%] Built target i6robotics_control_msgs__rosidl_typesupport_fastrtps_cpp
[ 80%] Built target i6robotics_control_msgs__rosidl_typesupport_fastrtps_c
[ 80%] Built target i6robotics_control_msgs
[ 81%] Built target i6robotics_control_msgs__py
[ 91%] Built target i6robotics_control_msgs__rosidl_generator_py
[ 97%] Built target i6robotics_control_msgs__rosidl_typesupport_introspection_c__pyext
[ 97%] Built target i6robotics_control_msgs__rosidl_typesupport_fastrtps_c__pyext
[100%] Built target i6robotics_control_msgs__rosidl_typesupport_c__pyext
running egg_info
writing i6robotics_control_msgs.egg-info/PKG-INFO
writing dependency_links to i6robotics_control_msgs.egg-info/dependency_links.txt
writing top-level names to i6robotics_control_msgs.egg-info/top_level.txt
reading manifest file 'i6robotics_control_msgs.egg-info/SOURCES.txt'
writing manifest file 'i6robotics_control_msgs.egg-info/SOURCES.txt'
[100%] Built target ament_cmake_python_build_i6robotics_control_msgs_egg
-- Install configuration: ""
-- Up-to-date: /home/hjpark/dev_hjp/ROS2/storagy-repo-1/i6robotics/install/i6robotics_control_msgs/share/ament_index/resource_index/rosidl_interfaces/i6robotics_control_msgs
-- Up-to-date: /home/hjpark/dev_hjp/ROS2/storagy-repo-1/i6robotics/install/i6robotics_control_msgs/include/i6robotics_control_msgs/i6robotics_control_msgs
-- Up-to-date: /home/hjpark/dev_hjp/ROS2/storagy-repo-1/i6robotics/install/i6robotics_control_msgs/include/i6robotics_control_msgs/i6robotics_control_msgs/action
-- Up-to-date: /home/hjpark/dev_hjp/ROS2/storagy-repo-1/i6robotics/install/i6robotics_control_msgs/include/i6robotics_control_msgs/i6robotics_control_msgs/action/follow.h
-- Up-to-date: /home/hjpark/dev_hjp/ROS2/storagy-repo-1/i6robotics/install/i6robotics_control_msgs/include/i6robotics_control_msgs/i6robotics_control_msgs/action/nav_order.h
-- Up-to-date: /home/hjpark/dev_hjp/ROS2/storagy-repo-1/i6robotics/install/i6robotics_control_msgs/include/i6robotics_control_msgs/i6robotics_control_msgs/action/detail
-- Up-to-date: /home/hjpark/dev_hjp/ROS2/storagy-repo-1/i6robotics/install/i6robotics_control_msgs/include/i6robotics_control_msgs/i6robotics_control_msgs/action/detail/follow__functions.c
-- Up-to-date: /home/hjpark/dev_hjp/ROS2/storagy-repo-1/i6robotics/install/i6robotics_control_msgs/include/i6robotics_control_msgs/i6robotics_control_msgs/action/detail/follow__type_support.h
-- Up-to-date: /home/hjpark/dev_hjp/ROS2/storagy-repo-1/i6robotics/install/i6robotics_control_msgs/include/i6robotics_control_msgs/i6robotics_control_msgs/action/detail/nav_order__struct.h
-- Up-to-date: /home/hjpark/dev_hjp/ROS2/storagy-repo-1/i6robotics/install/i6robotics_control_msgs/include/i6robotics_control_msgs/i6robotics_control_msgs/action/detail/follow__struct.h
-- Up-to-date: /home/hjpark/dev_hjp/ROS2/storagy-repo-1/i6robotics/install/i6robotics_control_msgs/include/i6robotics_control_msgs/i6robotics_control_msgs/action/detail/follow__functions.h
-- Up-to-date: /home/hjpark/dev_hjp/ROS2/storagy-repo-1/i6robotics/install/i6robotics_control_msgs/include/i6robotics_control_msgs/i6robotics_control_msgs/action/detail/nav_order__functions.c
-- Up-to-date: /home/hjpark/dev_hjp/ROS2/storagy-repo-1/i6robotics/install/i6robotics_control_msgs/include/i6robotics_control_msgs/i6robotics_control_msgs/action/detail/nav_order__functions.h
-- Up-to-date: /home/hjpark/dev_hjp/ROS2/storagy-repo-1/i6robotics/install/i6robotics_control_msgs/include/i6robotics_control_msgs/i6robotics_control_msgs/action/detail/nav_order__type_support.h
-- Up-to-date: /home/hjpark/dev_hjp/ROS2/storagy-repo-1/i6robotics/install/i6robotics_control_msgs/include/i6robotics_control_msgs/i6robotics_control_msgs/srv
-- Up-to-date: /home/hjpark/dev_hjp/ROS2/storagy-repo-1/i6robotics/install/i6robotics_control_msgs/include/i6robotics_control_msgs/i6robotics_control_msgs/srv/nav_order_srv.h
-- Up-to-date: /home/hjpark/dev_hjp/ROS2/storagy-repo-1/i6robotics/install/i6robotics_control_msgs/include/i6robotics_control_msgs/i6robotics_control_msgs/srv/order.h
-- Up-to-date: /home/hjpark/dev_hjp/ROS2/storagy-repo-1/i6robotics/install/i6robotics_control_msgs/include/i6robotics_control_msgs/i6robotics_control_msgs/srv/detail
-- Up-to-date: /home/hjpark/dev_hjp/ROS2/storagy-repo-1/i6robotics/install/i6robotics_control_msgs/include/i6robotics_control_msgs/i6robotics_control_msgs/srv/detail/order__functions.h
-- Up-to-date: /home/hjpark/dev_hjp/ROS2/storagy-repo-1/i6robotics/install/i6robotics_control_msgs/include/i6robotics_control_msgs/i6robotics_control_msgs/srv/detail/order__struct.h
-- Up-to-date: /home/hjpark/dev_hjp/ROS2/storagy-repo-1/i6robotics/install/i6robotics_control_msgs/include/i6robotics_control_msgs/i6robotics_control_msgs/srv/detail/order__functions.c
-- Up-to-date: /home/hjpark/dev_hjp/ROS2/storagy-repo-1/i6robotics/install/i6robotics_control_msgs/include/i6robotics_control_msgs/i6robotics_control_msgs/srv/detail/nav_order_srv__struct.h
-- Up-to-date: /home/hjpark/dev_hjp/ROS2/storagy-repo-1/i6robotics/install/i6robotics_control_msgs/include/i6robotics_control_msgs/i6robotics_control_msgs/srv/detail/nav_order_srv__type_support.h
-- Up-to-date: /home/hjpark/dev_hjp/ROS2/storagy-repo-1/i6robotics/install/i6robotics_control_msgs/include/i6robotics_control_msgs/i6robotics_control_msgs/srv/detail/nav_order_srv__functions.c
-- Up-to-date: /home/hjpark/dev_hjp/ROS2/storagy-repo-1/i6robotics/install/i6robotics_control_msgs/include/i6robotics_control_msgs/i6robotics_control_msgs/srv/detail/nav_order_srv__functions.h
-- Up-to-date: /home/hjpark/dev_hjp/ROS2/storagy-repo-1/i6robotics/install/i6robotics_control_msgs/include/i6robotics_control_msgs/i6robotics_control_msgs/srv/detail/order__type_support.h
-- Up-to-date: /home/hjpark/dev_hjp/ROS2/storagy-repo-1/i6robotics/install/i6robotics_control_msgs/include/i6robotics_control_msgs/i6robotics_control_msgs/msg
-- Up-to-date: /home/hjpark/dev_hjp/ROS2/storagy-repo-1/i6robotics/install/i6robotics_control_msgs/include/i6robotics_control_msgs/i6robotics_control_msgs/msg/rosidl_generator_c__visibility_control.h
-- Up-to-date: /home/hjpark/dev_hjp/ROS2/storagy-repo-1/i6robotics/install/i6robotics_control_msgs/include/i6robotics_control_msgs/i6robotics_control_msgs/msg/nav_order_feedback.h
-- Up-to-date: /home/hjpark/dev_hjp/ROS2/storagy-repo-1/i6robotics/install/i6robotics_control_msgs/include/i6robotics_control_msgs/i6robotics_control_msgs/msg/detail
-- Up-to-date: /home/hjpark/dev_hjp/ROS2/storagy-repo-1/i6robotics/install/i6robotics_control_msgs/include/i6robotics_control_msgs/i6robotics_control_msgs/msg/detail/cmd_and_pose_vel__functions.c
-- Up-to-date: /home/hjpark/dev_hjp/ROS2/storagy-repo-1/i6robotics/install/i6robotics_control_msgs/include/i6robotics_control_msgs/i6robotics_control_msgs/msg/detail/nav_order_feedback__type_support.h
-- Up-to-date: /home/hjpark/dev_hjp/ROS2/storagy-repo-1/i6robotics/install/i6robotics_control_msgs/include/i6robotics_control_msgs/i6robotics_control_msgs/msg/detail/nav_order_feedback__functions.h
-- Up-to-date: /home/hjpark/dev_hjp/ROS2/storagy-repo-1/i6robotics/install/i6robotics_control_msgs/include/i6robotics_control_msgs/i6robotics_control_msgs/msg/detail/nav_order_feedback__functions.c
-- Up-to-date: /home/hjpark/dev_hjp/ROS2/storagy-repo-1/i6robotics/install/i6robotics_control_msgs/include/i6robotics_control_msgs/i6robotics_control_msgs/msg/detail/cmd_and_pose_vel__functions.h
-- Up-to-date: /home/hjpark/dev_hjp/ROS2/storagy-repo-1/i6robotics/install/i6robotics_control_msgs/include/i6robotics_control_msgs/i6robotics_control_msgs/msg/detail/cmd_and_pose_vel__struct.h
-- Up-to-date: /home/hjpark/dev_hjp/ROS2/storagy-repo-1/i6robotics/install/i6robotics_control_msgs/include/i6robotics_control_msgs/i6robotics_control_msgs/msg/detail/cmd_and_pose_vel__type_support.h
-- Up-to-date: /home/hjpark/dev_hjp/ROS2/storagy-repo-1/i6robotics/install/i6robotics_control_msgs/include/i6robotics_control_msgs/i6robotics_control_msgs/msg/detail/nav_order_feedback__struct.h
-- Up-to-date: /home/hjpark/dev_hjp/ROS2/storagy-repo-1/i6robotics/install/i6robotics_control_msgs/include/i6robotics_control_msgs/i6robotics_control_msgs/msg/cmd_and_pose_vel.h
-- Up-to-date: /home/hjpark/dev_hjp/ROS2/storagy-repo-1/i6robotics/install/i6robotics_control_msgs/share/i6robotics_control_msgs/environment/library_path.sh
-- Up-to-date: /home/hjpark/dev_hjp/ROS2/storagy-repo-1/i6robotics/install/i6robotics_control_msgs/share/i6robotics_control_msgs/environment/library_path.dsv
-- Up-to-date: /home/hjpark/dev_hjp/ROS2/storagy-repo-1/i6robotics/install/i6robotics_control_msgs/lib/libi6robotics_control_msgs__rosidl_generator_c.so
-- Up-to-date: /home/hjpark/dev_hjp/ROS2/storagy-repo-1/i6robotics/install/i6robotics_control_msgs/include/i6robotics_control_msgs/i6robotics_control_msgs
-- Up-to-date: /home/hjpark/dev_hjp/ROS2/storagy-repo-1/i6robotics/install/i6robotics_control_msgs/include/i6robotics_control_msgs/i6robotics_control_msgs/action
-- Up-to-date: /home/hjpark/dev_hjp/ROS2/storagy-repo-1/i6robotics/install/i6robotics_control_msgs/include/i6robotics_control_msgs/i6robotics_control_msgs/action/detail
-- Up-to-date: /home/hjpark/dev_hjp/ROS2/storagy-repo-1/i6robotics/install/i6robotics_control_msgs/include/i6robotics_control_msgs/i6robotics_control_msgs/action/detail/nav_order__rosidl_typesupport_fastrtps_c.h
-- Up-to-date: /home/hjpark/dev_hjp/ROS2/storagy-repo-1/i6robotics/install/i6robotics_control_msgs/include/i6robotics_control_msgs/i6robotics_control_msgs/action/detail/follow__rosidl_typesupport_fastrtps_c.h
-- Up-to-date: /home/hjpark/dev_hjp/ROS2/storagy-repo-1/i6robotics/install/i6robotics_control_msgs/include/i6robotics_control_msgs/i6robotics_control_msgs/srv
-- Up-to-date: /home/hjpark/dev_hjp/ROS2/storagy-repo-1/i6robotics/install/i6robotics_control_msgs/include/i6robotics_control_msgs/i6robotics_control_msgs/srv/detail
-- Up-to-date: /home/hjpark/dev_hjp/ROS2/storagy-repo-1/i6robotics/install/i6robotics_control_msgs/include/i6robotics_control_msgs/i6robotics_control_msgs/srv/detail/order__rosidl_typesupport_fastrtps_c.h
-- Up-to-date: /home/hjpark/dev_hjp/ROS2/storagy-repo-1/i6robotics/install/i6robotics_control_msgs/include/i6robotics_control_msgs/i6robotics_control_msgs/srv/detail/nav_order_srv__rosidl_typesupport_fastrtps_c.h
-- Up-to-date: /home/hjpark/dev_hjp/ROS2/storagy-repo-1/i6robotics/install/i6robotics_control_msgs/include/i6robotics_control_msgs/i6robotics_control_msgs/msg
-- Up-to-date: /home/hjpark/dev_hjp/ROS2/storagy-repo-1/i6robotics/install/i6robotics_control_msgs/include/i6robotics_control_msgs/i6robotics_control_msgs/msg/rosidl_typesupport_fastrtps_c__visibility_control.h
-- Up-to-date: /home/hjpark/dev_hjp/ROS2/storagy-repo-1/i6robotics/install/i6robotics_control_msgs/include/i6robotics_control_msgs/i6robotics_control_msgs/msg/detail
-- Up-to-date: /home/hjpark/dev_hjp/ROS2/storagy-repo-1/i6robotics/install/i6robotics_control_msgs/include/i6robotics_control_msgs/i6robotics_control_msgs/msg/detail/nav_order_feedback__rosidl_typesupport_fastrtps_c.h
-- Up-to-date: /home/hjpark/dev_hjp/ROS2/storagy-repo-1/i6robotics/install/i6robotics_control_msgs/include/i6robotics_control_msgs/i6robotics_control_msgs/msg/detail/cmd_and_pose_vel__rosidl_typesupport_fastrtps_c.h
-- Up-to-date: /home/hjpark/dev_hjp/ROS2/storagy-repo-1/i6robotics/install/i6robotics_control_msgs/lib/libi6robotics_control_msgs__rosidl_typesupport_fastrtps_c.so
-- Up-to-date: /home/hjpark/dev_hjp/ROS2/storagy-repo-1/i6robotics/install/i6robotics_control_msgs/include/i6robotics_control_msgs/i6robotics_control_msgs
-- Up-to-date: /home/hjpark/dev_hjp/ROS2/storagy-repo-1/i6robotics/install/i6robotics_control_msgs/include/i6robotics_control_msgs/i6robotics_control_msgs/action
-- Up-to-date: /home/hjpark/dev_hjp/ROS2/storagy-repo-1/i6robotics/install/i6robotics_control_msgs/include/i6robotics_control_msgs/i6robotics_control_msgs/action/nav_order.hpp
-- Up-to-date: /home/hjpark/dev_hjp/ROS2/storagy-repo-1/i6robotics/install/i6robotics_control_msgs/include/i6robotics_control_msgs/i6robotics_control_msgs/action/follow.hpp
-- Up-to-date: /home/hjpark/dev_hjp/ROS2/storagy-repo-1/i6robotics/install/i6robotics_control_msgs/include/i6robotics_control_msgs/i6robotics_control_msgs/action/detail
-- Up-to-date: /home/hjpark/dev_hjp/ROS2/storagy-repo-1/i6robotics/install/i6robotics_control_msgs/include/i6robotics_control_msgs/i6robotics_control_msgs/action/detail/nav_order__builder.hpp
-- Up-to-date: /home/hjpark/dev_hjp/ROS2/storagy-repo-1/i6robotics/install/i6robotics_control_msgs/include/i6robotics_control_msgs/i6robotics_control_msgs/action/detail/nav_order__struct.hpp
-- Up-to-date: /home/hjpark/dev_hjp/ROS2/storagy-repo-1/i6robotics/install/i6robotics_control_msgs/include/i6robotics_control_msgs/i6robotics_control_msgs/action/detail/follow__traits.hpp
-- Up-to-date: /home/hjpark/dev_hjp/ROS2/storagy-repo-1/i6robotics/install/i6robotics_control_msgs/include/i6robotics_control_msgs/i6robotics_control_msgs/action/detail/follow__struct.hpp
-- Up-to-date: /home/hjpark/dev_hjp/ROS2/storagy-repo-1/i6robotics/install/i6robotics_control_msgs/include/i6robotics_control_msgs/i6robotics_control_msgs/action/detail/nav_order__type_support.hpp
-- Up-to-date: /home/hjpark/dev_hjp/ROS2/storagy-repo-1/i6robotics/install/i6robotics_control_msgs/include/i6robotics_control_msgs/i6robotics_control_msgs/action/detail/nav_order__traits.hpp
-- Up-to-date: /home/hjpark/dev_hjp/ROS2/storagy-repo-1/i6robotics/install/i6robotics_control_msgs/include/i6robotics_control_msgs/i6robotics_control_msgs/action/detail/follow__builder.hpp
-- Up-to-date: /home/hjpark/dev_hjp/ROS2/storagy-repo-1/i6robotics/install/i6robotics_control_msgs/include/i6robotics_control_msgs/i6robotics_control_msgs/action/detail/follow__type_support.hpp
-- Up-to-date: /home/hjpark/dev_hjp/ROS2/storagy-repo-1/i6robotics/install/i6robotics_control_msgs/include/i6robotics_control_msgs/i6robotics_control_msgs/srv
-- Up-to-date: /home/hjpark/dev_hjp/ROS2/storagy-repo-1/i6robotics/install/i6robotics_control_msgs/include/i6robotics_control_msgs/i6robotics_control_msgs/srv/order.hpp
-- Up-to-date: /home/hjpark/dev_hjp/ROS2/storagy-repo-1/i6robotics/install/i6robotics_control_msgs/include/i6robotics_control_msgs/i6robotics_control_msgs/srv/detail
-- Up-to-date: /home/hjpark/dev_hjp/ROS2/storagy-repo-1/i6robotics/install/i6robotics_control_msgs/include/i6robotics_control_msgs/i6robotics_control_msgs/srv/detail/nav_order_srv__traits.hpp
-- Up-to-date: /home/hjpark/dev_hjp/ROS2/storagy-repo-1/i6robotics/install/i6robotics_control_msgs/include/i6robotics_control_msgs/i6robotics_control_msgs/srv/detail/order__struct.hpp
-- Up-to-date: /home/hjpark/dev_hjp/ROS2/storagy-repo-1/i6robotics/install/i6robotics_control_msgs/include/i6robotics_control_msgs/i6robotics_control_msgs/srv/detail/order__builder.hpp
-- Up-to-date: /home/hjpark/dev_hjp/ROS2/storagy-repo-1/i6robotics/install/i6robotics_control_msgs/include/i6robotics_control_msgs/i6robotics_control_msgs/srv/detail/order__traits.hpp
-- Up-to-date: /home/hjpark/dev_hjp/ROS2/storagy-repo-1/i6robotics/install/i6robotics_control_msgs/include/i6robotics_control_msgs/i6robotics_control_msgs/srv/detail/order__type_support.hpp
-- Up-to-date: /home/hjpark/dev_hjp/ROS2/storagy-repo-1/i6robotics/install/i6robotics_control_msgs/include/i6robotics_control_msgs/i6robotics_control_msgs/srv/detail/nav_order_srv__struct.hpp
-- Up-to-date: /home/hjpark/dev_hjp/ROS2/storagy-repo-1/i6robotics/install/i6robotics_control_msgs/include/i6robotics_control_msgs/i6robotics_control_msgs/srv/detail/nav_order_srv__type_support.hpp
-- Up-to-date: /home/hjpark/dev_hjp/ROS2/storagy-repo-1/i6robotics/install/i6robotics_control_msgs/include/i6robotics_control_msgs/i6robotics_control_msgs/srv/detail/nav_order_srv__builder.hpp
-- Up-to-date: /home/hjpark/dev_hjp/ROS2/storagy-repo-1/i6robotics/install/i6robotics_control_msgs/include/i6robotics_control_msgs/i6robotics_control_msgs/srv/nav_order_srv.hpp
-- Up-to-date: /home/hjpark/dev_hjp/ROS2/storagy-repo-1/i6robotics/install/i6robotics_control_msgs/include/i6robotics_control_msgs/i6robotics_control_msgs/msg
-- Up-to-date: /home/hjpark/dev_hjp/ROS2/storagy-repo-1/i6robotics/install/i6robotics_control_msgs/include/i6robotics_control_msgs/i6robotics_control_msgs/msg/cmd_and_pose_vel.hpp
-- Up-to-date: /home/hjpark/dev_hjp/ROS2/storagy-repo-1/i6robotics/install/i6robotics_control_msgs/include/i6robotics_control_msgs/i6robotics_control_msgs/msg/nav_order_feedback.hpp
-- Up-to-date: /home/hjpark/dev_hjp/ROS2/storagy-repo-1/i6robotics/install/i6robotics_control_msgs/include/i6robotics_control_msgs/i6robotics_control_msgs/msg/rosidl_generator_cpp__visibility_control.hpp
-- Up-to-date: /home/hjpark/dev_hjp/ROS2/storagy-repo-1/i6robotics/install/i6robotics_control_msgs/include/i6robotics_control_msgs/i6robotics_control_msgs/msg/detail
-- Up-to-date: /home/hjpark/dev_hjp/ROS2/storagy-repo-1/i6robotics/install/i6robotics_control_msgs/include/i6robotics_control_msgs/i6robotics_control_msgs/msg/detail/nav_order_feedback__type_support.hpp
-- Up-to-date: /home/hjpark/dev_hjp/ROS2/storagy-repo-1/i6robotics/install/i6robotics_control_msgs/include/i6robotics_control_msgs/i6robotics_control_msgs/msg/detail/cmd_and_pose_vel__type_support.hpp
-- Up-to-date: /home/hjpark/dev_hjp/ROS2/storagy-repo-1/i6robotics/install/i6robotics_control_msgs/include/i6robotics_control_msgs/i6robotics_control_msgs/msg/detail/cmd_and_pose_vel__builder.hpp
-- Up-to-date: /home/hjpark/dev_hjp/ROS2/storagy-repo-1/i6robotics/install/i6robotics_control_msgs/include/i6robotics_control_msgs/i6robotics_control_msgs/msg/detail/nav_order_feedback__traits.hpp
-- Up-to-date: /home/hjpark/dev_hjp/ROS2/storagy-repo-1/i6robotics/install/i6robotics_control_msgs/include/i6robotics_control_msgs/i6robotics_control_msgs/msg/detail/nav_order_feedback__struct.hpp
-- Up-to-date: /home/hjpark/dev_hjp/ROS2/storagy-repo-1/i6robotics/install/i6robotics_control_msgs/include/i6robotics_control_msgs/i6robotics_control_msgs/msg/detail/cmd_and_pose_vel__struct.hpp
-- Up-to-date: /home/hjpark/dev_hjp/ROS2/storagy-repo-1/i6robotics/install/i6robotics_control_msgs/include/i6robotics_control_msgs/i6robotics_control_msgs/msg/detail/cmd_and_pose_vel__traits.hpp
-- Up-to-date: /home/hjpark/dev_hjp/ROS2/storagy-repo-1/i6robotics/install/i6robotics_control_msgs/include/i6robotics_control_msgs/i6robotics_control_msgs/msg/detail/nav_order_feedback__builder.hpp
-- Up-to-date: /home/hjpark/dev_hjp/ROS2/storagy-repo-1/i6robotics/install/i6robotics_control_msgs/include/i6robotics_control_msgs/i6robotics_control_msgs
-- Up-to-date: /home/hjpark/dev_hjp/ROS2/storagy-repo-1/i6robotics/install/i6robotics_control_msgs/include/i6robotics_control_msgs/i6robotics_control_msgs/action
-- Up-to-date: /home/hjpark/dev_hjp/ROS2/storagy-repo-1/i6robotics/install/i6robotics_control_msgs/include/i6robotics_control_msgs/i6robotics_control_msgs/action/detail
-- Up-to-date: /home/hjpark/dev_hjp/ROS2/storagy-repo-1/i6robotics/install/i6robotics_control_msgs/include/i6robotics_control_msgs/i6robotics_control_msgs/action/detail/nav_order__rosidl_typesupport_fastrtps_cpp.hpp
-- Up-to-date: /home/hjpark/dev_hjp/ROS2/storagy-repo-1/i6robotics/install/i6robotics_control_msgs/include/i6robotics_control_msgs/i6robotics_control_msgs/action/detail/follow__rosidl_typesupport_fastrtps_cpp.hpp
-- Up-to-date: /home/hjpark/dev_hjp/ROS2/storagy-repo-1/i6robotics/install/i6robotics_control_msgs/include/i6robotics_control_msgs/i6robotics_control_msgs/action/detail/dds_fastrtps
-- Up-to-date: /home/hjpark/dev_hjp/ROS2/storagy-repo-1/i6robotics/install/i6robotics_control_msgs/include/i6robotics_control_msgs/i6robotics_control_msgs/srv
-- Up-to-date: /home/hjpark/dev_hjp/ROS2/storagy-repo-1/i6robotics/install/i6robotics_control_msgs/include/i6robotics_control_msgs/i6robotics_control_msgs/srv/detail
-- Up-to-date: /home/hjpark/dev_hjp/ROS2/storagy-repo-1/i6robotics/install/i6robotics_control_msgs/include/i6robotics_control_msgs/i6robotics_control_msgs/srv/detail/nav_order_srv__rosidl_typesupport_fastrtps_cpp.hpp
-- Up-to-date: /home/hjpark/dev_hjp/ROS2/storagy-repo-1/i6robotics/install/i6robotics_control_msgs/include/i6robotics_control_msgs/i6robotics_control_msgs/srv/detail/dds_fastrtps
-- Up-to-date: /home/hjpark/dev_hjp/ROS2/storagy-repo-1/i6robotics/install/i6robotics_control_msgs/include/i6robotics_control_msgs/i6robotics_control_msgs/srv/detail/order__rosidl_typesupport_fastrtps_cpp.hpp
-- Up-to-date: /home/hjpark/dev_hjp/ROS2/storagy-repo-1/i6robotics/install/i6robotics_control_msgs/include/i6robotics_control_msgs/i6robotics_control_msgs/msg
-- Up-to-date: /home/hjpark/dev_hjp/ROS2/storagy-repo-1/i6robotics/install/i6robotics_control_msgs/include/i6robotics_control_msgs/i6robotics_control_msgs/msg/rosidl_typesupport_fastrtps_cpp__visibility_control.h
-- Up-to-date: /home/hjpark/dev_hjp/ROS2/storagy-repo-1/i6robotics/install/i6robotics_control_msgs/include/i6robotics_control_msgs/i6robotics_control_msgs/msg/detail
-- Up-to-date: /home/hjpark/dev_hjp/ROS2/storagy-repo-1/i6robotics/install/i6robotics_control_msgs/include/i6robotics_control_msgs/i6robotics_control_msgs/msg/detail/nav_order_feedback__rosidl_typesupport_fastrtps_cpp.hpp
-- Up-to-date: /home/hjpark/dev_hjp/ROS2/storagy-repo-1/i6robotics/install/i6robotics_control_msgs/include/i6robotics_control_msgs/i6robotics_control_msgs/msg/detail/cmd_and_pose_vel__rosidl_typesupport_fastrtps_cpp.hpp
-- Up-to-date: /home/hjpark/dev_hjp/ROS2/storagy-repo-1/i6robotics/install/i6robotics_control_msgs/include/i6robotics_control_msgs/i6robotics_control_msgs/msg/detail/dds_fastrtps
-- Up-to-date: /home/hjpark/dev_hjp/ROS2/storagy-repo-1/i6robotics/install/i6robotics_control_msgs/lib/libi6robotics_control_msgs__rosidl_typesupport_fastrtps_cpp.so
-- Up-to-date: /home/hjpark/dev_hjp/ROS2/storagy-repo-1/i6robotics/install/i6robotics_control_msgs/include/i6robotics_control_msgs/i6robotics_control_msgs
-- Up-to-date: /home/hjpark/dev_hjp/ROS2/storagy-repo-1/i6robotics/install/i6robotics_control_msgs/include/i6robotics_control_msgs/i6robotics_control_msgs/action
-- Up-to-date: /home/hjpark/dev_hjp/ROS2/storagy-repo-1/i6robotics/install/i6robotics_control_msgs/include/i6robotics_control_msgs/i6robotics_control_msgs/action/detail
-- Up-to-date: /home/hjpark/dev_hjp/ROS2/storagy-repo-1/i6robotics/install/i6robotics_control_msgs/include/i6robotics_control_msgs/i6robotics_control_msgs/action/detail/follow__rosidl_typesupport_introspection_c.h
-- Up-to-date: /home/hjpark/dev_hjp/ROS2/storagy-repo-1/i6robotics/install/i6robotics_control_msgs/include/i6robotics_control_msgs/i6robotics_control_msgs/action/detail/nav_order__rosidl_typesupport_introspection_c.h
-- Up-to-date: /home/hjpark/dev_hjp/ROS2/storagy-repo-1/i6robotics/install/i6robotics_control_msgs/include/i6robotics_control_msgs/i6robotics_control_msgs/action/detail/nav_order__type_support.c
-- Up-to-date: /home/hjpark/dev_hjp/ROS2/storagy-repo-1/i6robotics/install/i6robotics_control_msgs/include/i6robotics_control_msgs/i6robotics_control_msgs/action/detail/follow__type_support.c
-- Up-to-date: /home/hjpark/dev_hjp/ROS2/storagy-repo-1/i6robotics/install/i6robotics_control_msgs/include/i6robotics_control_msgs/i6robotics_control_msgs/srv
-- Up-to-date: /home/hjpark/dev_hjp/ROS2/storagy-repo-1/i6robotics/install/i6robotics_control_msgs/include/i6robotics_control_msgs/i6robotics_control_msgs/srv/detail
-- Up-to-date: /home/hjpark/dev_hjp/ROS2/storagy-repo-1/i6robotics/install/i6robotics_control_msgs/include/i6robotics_control_msgs/i6robotics_control_msgs/srv/detail/nav_order_srv__type_support.c
-- Up-to-date: /home/hjpark/dev_hjp/ROS2/storagy-repo-1/i6robotics/install/i6robotics_control_msgs/include/i6robotics_control_msgs/i6robotics_control_msgs/srv/detail/order__rosidl_typesupport_introspection_c.h
-- Up-to-date: /home/hjpark/dev_hjp/ROS2/storagy-repo-1/i6robotics/install/i6robotics_control_msgs/include/i6robotics_control_msgs/i6robotics_control_msgs/srv/detail/order__type_support.c
-- Up-to-date: /home/hjpark/dev_hjp/ROS2/storagy-repo-1/i6robotics/install/i6robotics_control_msgs/include/i6robotics_control_msgs/i6robotics_control_msgs/srv/detail/nav_order_srv__rosidl_typesupport_introspection_c.h
-- Up-to-date: /home/hjpark/dev_hjp/ROS2/storagy-repo-1/i6robotics/install/i6robotics_control_msgs/include/i6robotics_control_msgs/i6robotics_control_msgs/msg
-- Up-to-date: /home/hjpark/dev_hjp/ROS2/storagy-repo-1/i6robotics/install/i6robotics_control_msgs/include/i6robotics_control_msgs/i6robotics_control_msgs/msg/detail
-- Up-to-date: /home/hjpark/dev_hjp/ROS2/storagy-repo-1/i6robotics/install/i6robotics_control_msgs/include/i6robotics_control_msgs/i6robotics_control_msgs/msg/detail/nav_order_feedback__type_support.c
-- Up-to-date: /home/hjpark/dev_hjp/ROS2/storagy-repo-1/i6robotics/install/i6robotics_control_msgs/include/i6robotics_control_msgs/i6robotics_control_msgs/msg/detail/cmd_and_pose_vel__rosidl_typesupport_introspection_c.h
-- Up-to-date: /home/hjpark/dev_hjp/ROS2/storagy-repo-1/i6robotics/install/i6robotics_control_msgs/include/i6robotics_control_msgs/i6robotics_control_msgs/msg/detail/nav_order_feedback__rosidl_typesupport_introspection_c.h
-- Up-to-date: /home/hjpark/dev_hjp/ROS2/storagy-repo-1/i6robotics/install/i6robotics_control_msgs/include/i6robotics_control_msgs/i6robotics_control_msgs/msg/detail/cmd_and_pose_vel__type_support.c
-- Up-to-date: /home/hjpark/dev_hjp/ROS2/storagy-repo-1/i6robotics/install/i6robotics_control_msgs/include/i6robotics_control_msgs/i6robotics_control_msgs/msg/rosidl_typesupport_introspection_c__visibility_control.h
-- Up-to-date: /home/hjpark/dev_hjp/ROS2/storagy-repo-1/i6robotics/install/i6robotics_control_msgs/lib/libi6robotics_control_msgs__rosidl_typesupport_introspection_c.so
-- Up-to-date: /home/hjpark/dev_hjp/ROS2/storagy-repo-1/i6robotics/install/i6robotics_control_msgs/lib/libi6robotics_control_msgs__rosidl_typesupport_c.so
-- Up-to-date: /home/hjpark/dev_hjp/ROS2/storagy-repo-1/i6robotics/install/i6robotics_control_msgs/include/i6robotics_control_msgs/i6robotics_control_msgs
-- Up-to-date: /home/hjpark/dev_hjp/ROS2/storagy-repo-1/i6robotics/install/i6robotics_control_msgs/include/i6robotics_control_msgs/i6robotics_control_msgs/action
-- Up-to-date: /home/hjpark/dev_hjp/ROS2/storagy-repo-1/i6robotics/install/i6robotics_control_msgs/include/i6robotics_control_msgs/i6robotics_control_msgs/action/detail
-- Up-to-date: /home/hjpark/dev_hjp/ROS2/storagy-repo-1/i6robotics/install/i6robotics_control_msgs/include/i6robotics_control_msgs/i6robotics_control_msgs/action/detail/follow__type_support.cpp
-- Up-to-date: /home/hjpark/dev_hjp/ROS2/storagy-repo-1/i6robotics/install/i6robotics_control_msgs/include/i6robotics_control_msgs/i6robotics_control_msgs/action/detail/nav_order__type_support.cpp
-- Up-to-date: /home/hjpark/dev_hjp/ROS2/storagy-repo-1/i6robotics/install/i6robotics_control_msgs/include/i6robotics_control_msgs/i6robotics_control_msgs/action/detail/follow__rosidl_typesupport_introspection_cpp.hpp
-- Up-to-date: /home/hjpark/dev_hjp/ROS2/storagy-repo-1/i6robotics/install/i6robotics_control_msgs/include/i6robotics_control_msgs/i6robotics_control_msgs/action/detail/nav_order__rosidl_typesupport_introspection_cpp.hpp
-- Up-to-date: /home/hjpark/dev_hjp/ROS2/storagy-repo-1/i6robotics/install/i6robotics_control_msgs/include/i6robotics_control_msgs/i6robotics_control_msgs/srv
-- Up-to-date: /home/hjpark/dev_hjp/ROS2/storagy-repo-1/i6robotics/install/i6robotics_control_msgs/include/i6robotics_control_msgs/i6robotics_control_msgs/srv/detail
-- Up-to-date: /home/hjpark/dev_hjp/ROS2/storagy-repo-1/i6robotics/install/i6robotics_control_msgs/include/i6robotics_control_msgs/i6robotics_control_msgs/srv/detail/order__rosidl_typesupport_introspection_cpp.hpp
-- Up-to-date: /home/hjpark/dev_hjp/ROS2/storagy-repo-1/i6robotics/install/i6robotics_control_msgs/include/i6robotics_control_msgs/i6robotics_control_msgs/srv/detail/nav_order_srv__type_support.cpp
-- Up-to-date: /home/hjpark/dev_hjp/ROS2/storagy-repo-1/i6robotics/install/i6robotics_control_msgs/include/i6robotics_control_msgs/i6robotics_control_msgs/srv/detail/nav_order_srv__rosidl_typesupport_introspection_cpp.hpp
-- Up-to-date: /home/hjpark/dev_hjp/ROS2/storagy-repo-1/i6robotics/install/i6robotics_control_msgs/include/i6robotics_control_msgs/i6robotics_control_msgs/srv/detail/order__type_support.cpp
-- Up-to-date: /home/hjpark/dev_hjp/ROS2/storagy-repo-1/i6robotics/install/i6robotics_control_msgs/include/i6robotics_control_msgs/i6robotics_control_msgs/msg
-- Up-to-date: /home/hjpark/dev_hjp/ROS2/storagy-repo-1/i6robotics/install/i6robotics_control_msgs/include/i6robotics_control_msgs/i6robotics_control_msgs/msg/detail
-- Up-to-date: /home/hjpark/dev_hjp/ROS2/storagy-repo-1/i6robotics/install/i6robotics_control_msgs/include/i6robotics_control_msgs/i6robotics_control_msgs/msg/detail/nav_order_feedback__rosidl_typesupport_introspection_cpp.hpp
-- Up-to-date: /home/hjpark/dev_hjp/ROS2/storagy-repo-1/i6robotics/install/i6robotics_control_msgs/include/i6robotics_control_msgs/i6robotics_control_msgs/msg/detail/nav_order_feedback__type_support.cpp
-- Up-to-date: /home/hjpark/dev_hjp/ROS2/storagy-repo-1/i6robotics/install/i6robotics_control_msgs/include/i6robotics_control_msgs/i6robotics_control_msgs/msg/detail/cmd_and_pose_vel__type_support.cpp
-- Up-to-date: /home/hjpark/dev_hjp/ROS2/storagy-repo-1/i6robotics/install/i6robotics_control_msgs/include/i6robotics_control_msgs/i6robotics_control_msgs/msg/detail/cmd_and_pose_vel__rosidl_typesupport_introspection_cpp.hpp
-- Up-to-date: /home/hjpark/dev_hjp/ROS2/storagy-repo-1/i6robotics/install/i6robotics_control_msgs/lib/libi6robotics_control_msgs__rosidl_typesupport_introspection_cpp.so
-- Up-to-date: /home/hjpark/dev_hjp/ROS2/storagy-repo-1/i6robotics/install/i6robotics_control_msgs/lib/libi6robotics_control_msgs__rosidl_typesupport_cpp.so
-- Up-to-date: /home/hjpark/dev_hjp/ROS2/storagy-repo-1/i6robotics/install/i6robotics_control_msgs/share/i6robotics_control_msgs/environment/pythonpath.sh
-- Up-to-date: /home/hjpark/dev_hjp/ROS2/storagy-repo-1/i6robotics/install/i6robotics_control_msgs/share/i6robotics_control_msgs/environment/pythonpath.dsv
-- Up-to-date: /home/hjpark/dev_hjp/ROS2/storagy-repo-1/i6robotics/install/i6robotics_control_msgs/local/lib/python3.10/dist-packages/i6robotics_control_msgs-0.0.0-py3.10.egg-info
-- Installing: /home/hjpark/dev_hjp/ROS2/storagy-repo-1/i6robotics/install/i6robotics_control_msgs/local/lib/python3.10/dist-packages/i6robotics_control_msgs-0.0.0-py3.10.egg-info/top_level.txt
-- Installing: /home/hjpark/dev_hjp/ROS2/storagy-repo-1/i6robotics/install/i6robotics_control_msgs/local/lib/python3.10/dist-packages/i6robotics_control_msgs-0.0.0-py3.10.egg-info/dependency_links.txt
-- Installing: /home/hjpark/dev_hjp/ROS2/storagy-repo-1/i6robotics/install/i6robotics_control_msgs/local/lib/python3.10/dist-packages/i6robotics_control_msgs-0.0.0-py3.10.egg-info/PKG-INFO
-- Installing: /home/hjpark/dev_hjp/ROS2/storagy-repo-1/i6robotics/install/i6robotics_control_msgs/local/lib/python3.10/dist-packages/i6robotics_control_msgs-0.0.0-py3.10.egg-info/SOURCES.txt
-- Up-to-date: /home/hjpark/dev_hjp/ROS2/storagy-repo-1/i6robotics/install/i6robotics_control_msgs/local/lib/python3.10/dist-packages/i6robotics_control_msgs
-- Up-to-date: /home/hjpark/dev_hjp/ROS2/storagy-repo-1/i6robotics/install/i6robotics_control_msgs/local/lib/python3.10/dist-packages/i6robotics_control_msgs/_i6robotics_control_msgs_s.ep.rosidl_typesupport_fastrtps_c.c
-- Up-to-date: /home/hjpark/dev_hjp/ROS2/storagy-repo-1/i6robotics/install/i6robotics_control_msgs/local/lib/python3.10/dist-packages/i6robotics_control_msgs/i6robotics_control_msgs_s__rosidl_typesupport_introspection_c.cpython-310-x86_64-linux-gnu.so
-- Up-to-date: /home/hjpark/dev_hjp/ROS2/storagy-repo-1/i6robotics/install/i6robotics_control_msgs/local/lib/python3.10/dist-packages/i6robotics_control_msgs/_i6robotics_control_msgs_s.ep.rosidl_typesupport_introspection_c.c
-- Up-to-date: /home/hjpark/dev_hjp/ROS2/storagy-repo-1/i6robotics/install/i6robotics_control_msgs/local/lib/python3.10/dist-packages/i6robotics_control_msgs/_i6robotics_control_msgs_s.ep.rosidl_typesupport_c.c
-- Up-to-date: /home/hjpark/dev_hjp/ROS2/storagy-repo-1/i6robotics/install/i6robotics_control_msgs/local/lib/python3.10/dist-packages/i6robotics_control_msgs/action
-- Up-to-date: /home/hjpark/dev_hjp/ROS2/storagy-repo-1/i6robotics/install/i6robotics_control_msgs/local/lib/python3.10/dist-packages/i6robotics_control_msgs/action/_nav_order.py
-- Up-to-date: /home/hjpark/dev_hjp/ROS2/storagy-repo-1/i6robotics/install/i6robotics_control_msgs/local/lib/python3.10/dist-packages/i6robotics_control_msgs/action/_nav_order_s.c
-- Up-to-date: /home/hjpark/dev_hjp/ROS2/storagy-repo-1/i6robotics/install/i6robotics_control_msgs/local/lib/python3.10/dist-packages/i6robotics_control_msgs/action/_follow.py
-- Up-to-date: /home/hjpark/dev_hjp/ROS2/storagy-repo-1/i6robotics/install/i6robotics_control_msgs/local/lib/python3.10/dist-packages/i6robotics_control_msgs/action/_follow_s.c
-- Up-to-date: /home/hjpark/dev_hjp/ROS2/storagy-repo-1/i6robotics/install/i6robotics_control_msgs/local/lib/python3.10/dist-packages/i6robotics_control_msgs/action/__init__.py
-- Up-to-date: /home/hjpark/dev_hjp/ROS2/storagy-repo-1/i6robotics/install/i6robotics_control_msgs/local/lib/python3.10/dist-packages/i6robotics_control_msgs/i6robotics_control_msgs_s__rosidl_typesupport_fastrtps_c.cpython-310-x86_64-linux-gnu.so
-- Up-to-date: /home/hjpark/dev_hjp/ROS2/storagy-repo-1/i6robotics/install/i6robotics_control_msgs/local/lib/python3.10/dist-packages/i6robotics_control_msgs/srv
-- Up-to-date: /home/hjpark/dev_hjp/ROS2/storagy-repo-1/i6robotics/install/i6robotics_control_msgs/local/lib/python3.10/dist-packages/i6robotics_control_msgs/srv/_order_s.c
-- Up-to-date: /home/hjpark/dev_hjp/ROS2/storagy-repo-1/i6robotics/install/i6robotics_control_msgs/local/lib/python3.10/dist-packages/i6robotics_control_msgs/srv/_order.py
-- Up-to-date: /home/hjpark/dev_hjp/ROS2/storagy-repo-1/i6robotics/install/i6robotics_control_msgs/local/lib/python3.10/dist-packages/i6robotics_control_msgs/srv/_nav_order_srv_s.c
-- Up-to-date: /home/hjpark/dev_hjp/ROS2/storagy-repo-1/i6robotics/install/i6robotics_control_msgs/local/lib/python3.10/dist-packages/i6robotics_control_msgs/srv/_nav_order_srv.py
-- Up-to-date: /home/hjpark/dev_hjp/ROS2/storagy-repo-1/i6robotics/install/i6robotics_control_msgs/local/lib/python3.10/dist-packages/i6robotics_control_msgs/srv/__init__.py
-- Up-to-date: /home/hjpark/dev_hjp/ROS2/storagy-repo-1/i6robotics/install/i6robotics_control_msgs/local/lib/python3.10/dist-packages/i6robotics_control_msgs/msg
-- Up-to-date: /home/hjpark/dev_hjp/ROS2/storagy-repo-1/i6robotics/install/i6robotics_control_msgs/local/lib/python3.10/dist-packages/i6robotics_control_msgs/msg/_nav_order_feedback_s.c
-- Up-to-date: /home/hjpark/dev_hjp/ROS2/storagy-repo-1/i6robotics/install/i6robotics_control_msgs/local/lib/python3.10/dist-packages/i6robotics_control_msgs/msg/_cmd_and_pose_vel_s.c
-- Up-to-date: /home/hjpark/dev_hjp/ROS2/storagy-repo-1/i6robotics/install/i6robotics_control_msgs/local/lib/python3.10/dist-packages/i6robotics_control_msgs/msg/_cmd_and_pose_vel.py
-- Up-to-date: /home/hjpark/dev_hjp/ROS2/storagy-repo-1/i6robotics/install/i6robotics_control_msgs/local/lib/python3.10/dist-packages/i6robotics_control_msgs/msg/_nav_order_feedback.py
-- Up-to-date: /home/hjpark/dev_hjp/ROS2/storagy-repo-1/i6robotics/install/i6robotics_control_msgs/local/lib/python3.10/dist-packages/i6robotics_control_msgs/msg/__init__.py
-- Up-to-date: /home/hjpark/dev_hjp/ROS2/storagy-repo-1/i6robotics/install/i6robotics_control_msgs/local/lib/python3.10/dist-packages/i6robotics_control_msgs/i6robotics_control_msgs_s__rosidl_typesupport_c.cpython-310-x86_64-linux-gnu.so
-- Up-to-date: /home/hjpark/dev_hjp/ROS2/storagy-repo-1/i6robotics/install/i6robotics_control_msgs/local/lib/python3.10/dist-packages/i6robotics_control_msgs/libi6robotics_control_msgs__rosidl_generator_py.so
-- Up-to-date: /home/hjpark/dev_hjp/ROS2/storagy-repo-1/i6robotics/install/i6robotics_control_msgs/local/lib/python3.10/dist-packages/i6robotics_control_msgs/__init__.py
Listing '/home/hjpark/dev_hjp/ROS2/storagy-repo-1/i6robotics/install/i6robotics_control_msgs/local/lib/python3.10/dist-packages/i6robotics_control_msgs'...
Listing '/home/hjpark/dev_hjp/ROS2/storagy-repo-1/i6robotics/install/i6robotics_control_msgs/local/lib/python3.10/dist-packages/i6robotics_control_msgs/action'...
Listing '/home/hjpark/dev_hjp/ROS2/storagy-repo-1/i6robotics/install/i6robotics_control_msgs/local/lib/python3.10/dist-packages/i6robotics_control_msgs/msg'...
Listing '/home/hjpark/dev_hjp/ROS2/storagy-repo-1/i6robotics/install/i6robotics_control_msgs/local/lib/python3.10/dist-packages/i6robotics_control_msgs/srv'...
-- Up-to-date: /home/hjpark/dev_hjp/ROS2/storagy-repo-1/i6robotics/install/i6robotics_control_msgs/local/lib/python3.10/dist-packages/i6robotics_control_msgs/i6robotics_control_msgs_s__rosidl_typesupport_fastrtps_c.cpython-310-x86_64-linux-gnu.so
-- Up-to-date: /home/hjpark/dev_hjp/ROS2/storagy-repo-1/i6robotics/install/i6robotics_control_msgs/local/lib/python3.10/dist-packages/i6robotics_control_msgs/i6robotics_control_msgs_s__rosidl_typesupport_introspection_c.cpython-310-x86_64-linux-gnu.so
-- Up-to-date: /home/hjpark/dev_hjp/ROS2/storagy-repo-1/i6robotics/install/i6robotics_control_msgs/local/lib/python3.10/dist-packages/i6robotics_control_msgs/i6robotics_control_msgs_s__rosidl_typesupport_c.cpython-310-x86_64-linux-gnu.so
-- Up-to-date: /home/hjpark/dev_hjp/ROS2/storagy-repo-1/i6robotics/install/i6robotics_control_msgs/lib/libi6robotics_control_msgs__rosidl_generator_py.so
-- Up-to-date: /home/hjpark/dev_hjp/ROS2/storagy-repo-1/i6robotics/install/i6robotics_control_msgs/share/i6robotics_control_msgs/msg/CmdAndPoseVel.idl
-- Up-to-date: /home/hjpark/dev_hjp/ROS2/storagy-repo-1/i6robotics/install/i6robotics_control_msgs/share/i6robotics_control_msgs/action/NavOrder.idl
-- Up-to-date: /home/hjpark/dev_hjp/ROS2/storagy-repo-1/i6robotics/install/i6robotics_control_msgs/share/i6robotics_control_msgs/action/Follow.idl
-- Up-to-date: /home/hjpark/dev_hjp/ROS2/storagy-repo-1/i6robotics/install/i6robotics_control_msgs/share/i6robotics_control_msgs/srv/NavOrderSrv.idl
-- Up-to-date: /home/hjpark/dev_hjp/ROS2/storagy-repo-1/i6robotics/install/i6robotics_control_msgs/share/i6robotics_control_msgs/srv/Order.idl
-- Up-to-date: /home/hjpark/dev_hjp/ROS2/storagy-repo-1/i6robotics/install/i6robotics_control_msgs/share/i6robotics_control_msgs/msg/NavOrderFeedback.idl
-- Up-to-date: /home/hjpark/dev_hjp/ROS2/storagy-repo-1/i6robotics/install/i6robotics_control_msgs/share/i6robotics_control_msgs/msg/CmdAndPoseVel.msg
-- Up-to-date: /home/hjpark/dev_hjp/ROS2/storagy-repo-1/i6robotics/install/i6robotics_control_msgs/share/i6robotics_control_msgs/action/NavOrder.action
-- Up-to-date: /home/hjpark/dev_hjp/ROS2/storagy-repo-1/i6robotics/install/i6robotics_control_msgs/share/i6robotics_control_msgs/action/Follow.action
-- Up-to-date: /home/hjpark/dev_hjp/ROS2/storagy-repo-1/i6robotics/install/i6robotics_control_msgs/share/i6robotics_control_msgs/srv/NavOrderSrv.srv
-- Up-to-date: /home/hjpark/dev_hjp/ROS2/storagy-repo-1/i6robotics/install/i6robotics_control_msgs/share/i6robotics_control_msgs/srv/NavOrderSrv_Request.msg
-- Up-to-date: /home/hjpark/dev_hjp/ROS2/storagy-repo-1/i6robotics/install/i6robotics_control_msgs/share/i6robotics_control_msgs/srv/NavOrderSrv_Response.msg
-- Up-to-date: /home/hjpark/dev_hjp/ROS2/storagy-repo-1/i6robotics/install/i6robotics_control_msgs/share/i6robotics_control_msgs/srv/Order.srv
-- Up-to-date: /home/hjpark/dev_hjp/ROS2/storagy-repo-1/i6robotics/install/i6robotics_control_msgs/share/i6robotics_control_msgs/srv/Order_Request.msg
-- Up-to-date: /home/hjpark/dev_hjp/ROS2/storagy-repo-1/i6robotics/install/i6robotics_control_msgs/share/i6robotics_control_msgs/srv/Order_Response.msg
-- Up-to-date: /home/hjpark/dev_hjp/ROS2/storagy-repo-1/i6robotics/install/i6robotics_control_msgs/share/i6robotics_control_msgs/msg/NavOrderFeedback.msg
-- Up-to-date: /home/hjpark/dev_hjp/ROS2/storagy-repo-1/i6robotics/install/i6robotics_control_msgs/share/ament_index/resource_index/package_run_dependencies/i6robotics_control_msgs
-- Up-to-date: /home/hjpark/dev_hjp/ROS2/storagy-repo-1/i6robotics/install/i6robotics_control_msgs/share/ament_index/resource_index/parent_prefix_path/i6robotics_control_msgs
-- Up-to-date: /home/hjpark/dev_hjp/ROS2/storagy-repo-1/i6robotics/install/i6robotics_control_msgs/share/i6robotics_control_msgs/environment/ament_prefix_path.sh
-- Up-to-date: /home/hjpark/dev_hjp/ROS2/storagy-repo-1/i6robotics/install/i6robotics_control_msgs/share/i6robotics_control_msgs/environment/ament_prefix_path.dsv
-- Up-to-date: /home/hjpark/dev_hjp/ROS2/storagy-repo-1/i6robotics/install/i6robotics_control_msgs/share/i6robotics_control_msgs/environment/path.sh
-- Up-to-date: /home/hjpark/dev_hjp/ROS2/storagy-repo-1/i6robotics/install/i6robotics_control_msgs/share/i6robotics_control_msgs/environment/path.dsv
-- Up-to-date: /home/hjpark/dev_hjp/ROS2/storagy-repo-1/i6robotics/install/i6robotics_control_msgs/share/i6robotics_control_msgs/local_setup.bash
-- Up-to-date: /home/hjpark/dev_hjp/ROS2/storagy-repo-1/i6robotics/install/i6robotics_control_msgs/share/i6robotics_control_msgs/local_setup.sh
-- Up-to-date: /home/hjpark/dev_hjp/ROS2/storagy-repo-1/i6robotics/install/i6robotics_control_msgs/share/i6robotics_control_msgs/local_setup.zsh
-- Up-to-date: /home/hjpark/dev_hjp/ROS2/storagy-repo-1/i6robotics/install/i6robotics_control_msgs/share/i6robotics_control_msgs/local_setup.dsv
-- Installing: /home/hjpark/dev_hjp/ROS2/storagy-repo-1/i6robotics/install/i6robotics_control_msgs/share/i6robotics_control_msgs/package.dsv
-- Up-to-date: /home/hjpark/dev_hjp/ROS2/storagy-repo-1/i6robotics/install/i6robotics_control_msgs/share/ament_index/resource_index/packages/i6robotics_control_msgs
-- Up-to-date: /home/hjpark/dev_hjp/ROS2/storagy-repo-1/i6robotics/install/i6robotics_control_msgs/share/i6robotics_control_msgs/cmake/export_i6robotics_control_msgs__rosidl_generator_cExport.cmake
-- Up-to-date: /home/hjpark/dev_hjp/ROS2/storagy-repo-1/i6robotics/install/i6robotics_control_msgs/share/i6robotics_control_msgs/cmake/export_i6robotics_control_msgs__rosidl_generator_cExport-noconfig.cmake
-- Up-to-date: /home/hjpark/dev_hjp/ROS2/storagy-repo-1/i6robotics/install/i6robotics_control_msgs/share/i6robotics_control_msgs/cmake/export_i6robotics_control_msgs__rosidl_typesupport_fastrtps_cExport.cmake
-- Up-to-date: /home/hjpark/dev_hjp/ROS2/storagy-repo-1/i6robotics/install/i6robotics_control_msgs/share/i6robotics_control_msgs/cmake/export_i6robotics_control_msgs__rosidl_typesupport_fastrtps_cExport-noconfig.cmake
-- Up-to-date: /home/hjpark/dev_hjp/ROS2/storagy-repo-1/i6robotics/install/i6robotics_control_msgs/share/i6robotics_control_msgs/cmake/export_i6robotics_control_msgs__rosidl_generator_cppExport.cmake
-- Up-to-date: /home/hjpark/dev_hjp/ROS2/storagy-repo-1/i6robotics/install/i6robotics_control_msgs/share/i6robotics_control_msgs/cmake/export_i6robotics_control_msgs__rosidl_typesupport_fastrtps_cppExport.cmake
-- Up-to-date: /home/hjpark/dev_hjp/ROS2/storagy-repo-1/i6robotics/install/i6robotics_control_msgs/share/i6robotics_control_msgs/cmake/export_i6robotics_control_msgs__rosidl_typesupport_fastrtps_cppExport-noconfig.cmake
-- Up-to-date: /home/hjpark/dev_hjp/ROS2/storagy-repo-1/i6robotics/install/i6robotics_control_msgs/share/i6robotics_control_msgs/cmake/i6robotics_control_msgs__rosidl_typesupport_introspection_cExport.cmake
-- Up-to-date: /home/hjpark/dev_hjp/ROS2/storagy-repo-1/i6robotics/install/i6robotics_control_msgs/share/i6robotics_control_msgs/cmake/i6robotics_control_msgs__rosidl_typesupport_introspection_cExport-noconfig.cmake
-- Up-to-date: /home/hjpark/dev_hjp/ROS2/storagy-repo-1/i6robotics/install/i6robotics_control_msgs/share/i6robotics_control_msgs/cmake/i6robotics_control_msgs__rosidl_typesupport_cExport.cmake
-- Up-to-date: /home/hjpark/dev_hjp/ROS2/storagy-repo-1/i6robotics/install/i6robotics_control_msgs/share/i6robotics_control_msgs/cmake/i6robotics_control_msgs__rosidl_typesupport_cExport-noconfig.cmake
-- Up-to-date: /home/hjpark/dev_hjp/ROS2/storagy-repo-1/i6robotics/install/i6robotics_control_msgs/share/i6robotics_control_msgs/cmake/i6robotics_control_msgs__rosidl_typesupport_introspection_cppExport.cmake
-- Up-to-date: /home/hjpark/dev_hjp/ROS2/storagy-repo-1/i6robotics/install/i6robotics_control_msgs/share/i6robotics_control_msgs/cmake/i6robotics_control_msgs__rosidl_typesupport_introspection_cppExport-noconfig.cmake
-- Up-to-date: /home/hjpark/dev_hjp/ROS2/storagy-repo-1/i6robotics/install/i6robotics_control_msgs/share/i6robotics_control_msgs/cmake/i6robotics_control_msgs__rosidl_typesupport_cppExport.cmake
-- Up-to-date: /home/hjpark/dev_hjp/ROS2/storagy-repo-1/i6robotics/install/i6robotics_control_msgs/share/i6robotics_control_msgs/cmake/i6robotics_control_msgs__rosidl_typesupport_cppExport-noconfig.cmake
-- Up-to-date: /home/hjpark/dev_hjp/ROS2/storagy-repo-1/i6robotics/install/i6robotics_control_msgs/share/i6robotics_control_msgs/cmake/export_i6robotics_control_msgs__rosidl_generator_pyExport.cmake
-- Up-to-date: /home/hjpark/dev_hjp/ROS2/storagy-repo-1/i6robotics/install/i6robotics_control_msgs/share/i6robotics_control_msgs/cmake/export_i6robotics_control_msgs__rosidl_generator_pyExport-noconfig.cmake
-- Up-to-date: /home/hjpark/dev_hjp/ROS2/storagy-repo-1/i6robotics/install/i6robotics_control_msgs/share/i6robotics_control_msgs/cmake/rosidl_cmake-extras.cmake
-- Up-to-date: /home/hjpark/dev_hjp/ROS2/storagy-repo-1/i6robotics/install/i6robotics_control_msgs/share/i6robotics_control_msgs/cmake/ament_cmake_export_dependencies-extras.cmake
-- Up-to-date: /home/hjpark/dev_hjp/ROS2/storagy-repo-1/i6robotics/install/i6robotics_control_msgs/share/i6robotics_control_msgs/cmake/ament_cmake_export_include_directories-extras.cmake
-- Up-to-date: /home/hjpark/dev_hjp/ROS2/storagy-repo-1/i6robotics/install/i6robotics_control_msgs/share/i6robotics_control_msgs/cmake/ament_cmake_export_libraries-extras.cmake
-- Up-to-date: /home/hjpark/dev_hjp/ROS2/storagy-repo-1/i6robotics/install/i6robotics_control_msgs/share/i6robotics_control_msgs/cmake/ament_cmake_export_targets-extras.cmake
-- Up-to-date: /home/hjpark/dev_hjp/ROS2/storagy-repo-1/i6robotics/install/i6robotics_control_msgs/share/i6robotics_control_msgs/cmake/rosidl_cmake_export_typesupport_targets-extras.cmake
-- Up-to-date: /home/hjpark/dev_hjp/ROS2/storagy-repo-1/i6robotics/install/i6robotics_control_msgs/share/i6robotics_control_msgs/cmake/rosidl_cmake_export_typesupport_libraries-extras.cmake
-- Up-to-date: /home/hjpark/dev_hjp/ROS2/storagy-repo-1/i6robotics/install/i6robotics_control_msgs/share/i6robotics_control_msgs/cmake/i6robotics_control_msgsConfig.cmake
-- Up-to-date: /home/hjpark/dev_hjp/ROS2/storagy-repo-1/i6robotics/install/i6robotics_control_msgs/share/i6robotics_control_msgs/cmake/i6robotics_control_msgsConfig-version.cmake
-- Up-to-date: /home/hjpark/dev_hjp/ROS2/storagy-repo-1/i6robotics/install/i6robotics_control_msgs/share/i6robotics_control_msgs/package.xml
