-- The C compiler identification is GNU 11.4.0
-- The CXX compiler identification is GNU 11.4.0
-- Detecting C compiler ABI info
-- Detecting C compiler ABI info - done
-- Check for working C compiler: /usr/bin/cc - skipped
-- Detecting C compile features
-- Detecting C compile features - done
-- Detecting CXX compiler ABI info
-- Detecting CXX compiler ABI info - done
-- Check for working CXX compiler: /usr/bin/c++ - skipped
-- Detecting CXX compile features
-- Detecting CXX compile features - done
-- Found ament_cmake: 1.3.11 (/opt/ros/humble/share/ament_cmake/cmake)
-- Found Python3: /usr/bin/python3 (found version "3.10.12") found components: Interpreter 
-- Found rosidl_default_generators: 1.2.0 (/opt/ros/humble/share/rosidl_default_generators/cmake)
-- Using all available rosidl_typesupport_c: rosidl_typesupport_fastrtps_c;rosidl_typesupport_introspection_c
-- Found rosidl_adapter: 3.1.6 (/opt/ros/humble/share/rosidl_adapter/cmake)
-- Using all available rosidl_typesupport_cpp: rosidl_typesupport_fastrtps_cpp;rosidl_typesupport_introspection_cpp
-- Found rclpy: 3.3.15 (/opt/ros/humble/share/rclpy/cmake)
-- Found std_msgs: 4.2.4 (/opt/ros/humble/share/std_msgs/cmake)
-- Found ament_cmake_ros: 0.10.0 (/opt/ros/humble/share/ament_cmake_ros/cmake)
-- Using all available rosidl_typesupport_c: rosidl_typesupport_fastrtps_c;rosidl_typesupport_introspection_c
-- Using all available rosidl_typesupport_cpp: rosidl_typesupport_fastrtps_cpp;rosidl_typesupport_introspection_cpp
-- Found PythonInterp: /usr/bin/python3 (found suitable version "3.10.12", minimum required is "3.6") 
-- Found python_cmake_module: 0.10.0 (/opt/ros/humble/share/python_cmake_module/cmake)
-- Found PythonLibs: /usr/lib/x86_64-linux-gnu/libpython3.10.so (found suitable version "3.10.12", minimum required is "3.5") 
-- Using PYTHON_EXECUTABLE: /usr/bin/python3
-- Using PYTHON_INCLUDE_DIRS: /usr/include/python3.10
-- Using PYTHON_LIBRARIES: /usr/lib/x86_64-linux-gnu/libpython3.10.so
-- Found PythonExtra: .so  
-- Found ament_lint_auto: 0.12.11 (/opt/ros/humble/share/ament_lint_auto/cmake)
-- Added test 'lint_cmake' to check CMake code style
-- Added test 'xmllint' to check XML markup files
-- Configuring done
-- Generating done
-- Build files have been written to: /home/hjpark/dev_hjp/ROS2/storagy-repo-1/i6robotics/build/guiding_services
[  3%] [34m[1mGenerating C code for ROS interfaces[0m
[  6%] [34m[1mGenerating C++ code for ROS interfaces[0m
[  6%] Built target ament_cmake_python_copy_guiding_services
running egg_info
creating guiding_services.egg-info
writing guiding_services.egg-info/PKG-INFO
writing dependency_links to guiding_services.egg-info/dependency_links.txt
writing top-level names to guiding_services.egg-info/top_level.txt
writing manifest file 'guiding_services.egg-info/SOURCES.txt'
reading manifest file 'guiding_services.egg-info/SOURCES.txt'
writing manifest file 'guiding_services.egg-info/SOURCES.txt'
[  6%] Built target guiding_services__cpp
[ 16%] [34m[1mGenerating C++ introspection for ROS interfaces[0m
[ 16%] [34m[1mGenerating C++ type support dispatch for ROS interfaces[0m
[ 16%] [34m[1mGenerating C++ type support for eProsima Fast-RTPS[0m
[ 16%] Built target ament_cmake_python_build_guiding_services_egg
[ 19%] [32mBuilding C object CMakeFiles/guiding_services__rosidl_generator_c.dir/rosidl_generator_c/guiding_services/srv/detail/set_goal_choice__functions.c.o[0m
[ 22%] [32m[1mLinking C shared library libguiding_services__rosidl_generator_c.so[0m
[ 22%] Built target guiding_services__rosidl_generator_c
[ 32%] [34m[1mGenerating C type support for eProsima Fast-RTPS[0m
[ 32%] [34m[1mGenerating C introspection for ROS interfaces[0m
[ 32%] [34m[1mGenerating C type support dispatch for ROS interfaces[0m
[ 35%] [32mBuilding CXX object CMakeFiles/guiding_services__rosidl_typesupport_cpp.dir/rosidl_typesupport_cpp/guiding_services/srv/set_goal_choice__type_support.cpp.o[0m
[ 38%] [32mBuilding CXX object CMakeFiles/guiding_services__rosidl_typesupport_introspection_cpp.dir/rosidl_typesupport_introspection_cpp/guiding_services/srv/detail/set_goal_choice__type_support.cpp.o[0m
[ 41%] [32mBuilding CXX object CMakeFiles/guiding_services__rosidl_typesupport_fastrtps_cpp.dir/rosidl_typesupport_fastrtps_cpp/guiding_services/srv/detail/dds_fastrtps/set_goal_choice__type_support.cpp.o[0m
[ 45%] [32mBuilding CXX object CMakeFiles/guiding_services__rosidl_typesupport_c.dir/rosidl_typesupport_c/guiding_services/srv/set_goal_choice__type_support.cpp.o[0m
[ 48%] [32mBuilding C object CMakeFiles/guiding_services__rosidl_typesupport_introspection_c.dir/rosidl_typesupport_introspection_c/guiding_services/srv/detail/set_goal_choice__type_support.c.o[0m
[ 51%] [32m[1mLinking CXX shared library libguiding_services__rosidl_typesupport_c.so[0m
[ 54%] [32m[1mLinking C shared library libguiding_services__rosidl_typesupport_introspection_c.so[0m
[ 54%] Built target guiding_services__rosidl_typesupport_c
[ 54%] Built target guiding_services__rosidl_typesupport_introspection_c
[ 58%] [32m[1mLinking CXX shared library libguiding_services__rosidl_typesupport_cpp.so[0m
[ 58%] Built target guiding_services__rosidl_typesupport_cpp
[ 61%] [32mBuilding CXX object CMakeFiles/guiding_services__rosidl_typesupport_fastrtps_c.dir/rosidl_typesupport_fastrtps_c/guiding_services/srv/detail/set_goal_choice__type_support_c.cpp.o[0m
[ 64%] [32m[1mLinking CXX shared library libguiding_services__rosidl_typesupport_introspection_cpp.so[0m
[ 67%] [32m[1mLinking CXX shared library libguiding_services__rosidl_typesupport_fastrtps_cpp.so[0m
[ 67%] Built target guiding_services__rosidl_typesupport_introspection_cpp
[ 67%] Built target guiding_services__rosidl_typesupport_fastrtps_cpp
[ 70%] [32m[1mLinking CXX shared library libguiding_services__rosidl_typesupport_fastrtps_c.so[0m
[ 70%] Built target guiding_services__rosidl_typesupport_fastrtps_c
[ 70%] Built target guiding_services
[ 74%] [34m[1mGenerating Python code for ROS interfaces[0m
[ 74%] Built target guiding_services__py
[ 77%] [32mBuilding C object CMakeFiles/guiding_services__rosidl_generator_py.dir/rosidl_generator_py/guiding_services/srv/_set_goal_choice_s.c.o[0m
[ 80%] [32m[1mLinking C shared library rosidl_generator_py/guiding_services/libguiding_services__rosidl_generator_py.so[0m
[ 80%] Built target guiding_services__rosidl_generator_py
[ 90%] [32mBuilding C object CMakeFiles/guiding_services__rosidl_typesupport_introspection_c__pyext.dir/rosidl_generator_py/guiding_services/_guiding_services_s.ep.rosidl_typesupport_introspection_c.c.o[0m
[ 90%] [32mBuilding C object CMakeFiles/guiding_services__rosidl_typesupport_fastrtps_c__pyext.dir/rosidl_generator_py/guiding_services/_guiding_services_s.ep.rosidl_typesupport_fastrtps_c.c.o[0m
[ 90%] [32mBuilding C object CMakeFiles/guiding_services__rosidl_typesupport_c__pyext.dir/rosidl_generator_py/guiding_services/_guiding_services_s.ep.rosidl_typesupport_c.c.o[0m
[ 93%] [32m[1mLinking C shared library rosidl_generator_py/guiding_services/guiding_services_s__rosidl_typesupport_fastrtps_c.cpython-310-x86_64-linux-gnu.so[0m
[100%] [32m[1mLinking C shared library rosidl_generator_py/guiding_services/guiding_services_s__rosidl_typesupport_introspection_c.cpython-310-x86_64-linux-gnu.so[0m
[100%] [32m[1mLinking C shared library rosidl_generator_py/guiding_services/guiding_services_s__rosidl_typesupport_c.cpython-310-x86_64-linux-gnu.so[0m
[100%] Built target guiding_services__rosidl_typesupport_c__pyext
[100%] Built target guiding_services__rosidl_typesupport_introspection_c__pyext
[100%] Built target guiding_services__rosidl_typesupport_fastrtps_c__pyext
-- Install configuration: ""
-- Installing: /home/hjpark/dev_hjp/ROS2/storagy-repo-1/i6robotics/install/guiding_services/share/ament_index/resource_index/rosidl_interfaces/guiding_services
-- Installing: /home/hjpark/dev_hjp/ROS2/storagy-repo-1/i6robotics/install/guiding_services/include/guiding_services/guiding_services
-- Installing: /home/hjpark/dev_hjp/ROS2/storagy-repo-1/i6robotics/install/guiding_services/include/guiding_services/guiding_services/srv
-- Installing: /home/hjpark/dev_hjp/ROS2/storagy-repo-1/i6robotics/install/guiding_services/include/guiding_services/guiding_services/srv/set_goal_choice.h
-- Installing: /home/hjpark/dev_hjp/ROS2/storagy-repo-1/i6robotics/install/guiding_services/include/guiding_services/guiding_services/srv/detail
-- Installing: /home/hjpark/dev_hjp/ROS2/storagy-repo-1/i6robotics/install/guiding_services/include/guiding_services/guiding_services/srv/detail/set_goal_choice__functions.h
-- Installing: /home/hjpark/dev_hjp/ROS2/storagy-repo-1/i6robotics/install/guiding_services/include/guiding_services/guiding_services/srv/detail/set_goal_choice__type_support.h
-- Installing: /home/hjpark/dev_hjp/ROS2/storagy-repo-1/i6robotics/install/guiding_services/include/guiding_services/guiding_services/srv/detail/set_goal_choice__struct.h
-- Installing: /home/hjpark/dev_hjp/ROS2/storagy-repo-1/i6robotics/install/guiding_services/include/guiding_services/guiding_services/srv/detail/set_goal_choice__functions.c
-- Installing: /home/hjpark/dev_hjp/ROS2/storagy-repo-1/i6robotics/install/guiding_services/include/guiding_services/guiding_services/msg
-- Installing: /home/hjpark/dev_hjp/ROS2/storagy-repo-1/i6robotics/install/guiding_services/include/guiding_services/guiding_services/msg/rosidl_generator_c__visibility_control.h
-- Installing: /home/hjpark/dev_hjp/ROS2/storagy-repo-1/i6robotics/install/guiding_services/share/guiding_services/environment/library_path.sh
-- Installing: /home/hjpark/dev_hjp/ROS2/storagy-repo-1/i6robotics/install/guiding_services/share/guiding_services/environment/library_path.dsv
-- Installing: /home/hjpark/dev_hjp/ROS2/storagy-repo-1/i6robotics/install/guiding_services/lib/libguiding_services__rosidl_generator_c.so
-- Set runtime path of "/home/hjpark/dev_hjp/ROS2/storagy-repo-1/i6robotics/install/guiding_services/lib/libguiding_services__rosidl_generator_c.so" to ""
-- Up-to-date: /home/hjpark/dev_hjp/ROS2/storagy-repo-1/i6robotics/install/guiding_services/include/guiding_services/guiding_services
-- Up-to-date: /home/hjpark/dev_hjp/ROS2/storagy-repo-1/i6robotics/install/guiding_services/include/guiding_services/guiding_services/srv
-- Up-to-date: /home/hjpark/dev_hjp/ROS2/storagy-repo-1/i6robotics/install/guiding_services/include/guiding_services/guiding_services/srv/detail
-- Installing: /home/hjpark/dev_hjp/ROS2/storagy-repo-1/i6robotics/install/guiding_services/include/guiding_services/guiding_services/srv/detail/set_goal_choice__rosidl_typesupport_fastrtps_c.h
-- Up-to-date: /home/hjpark/dev_hjp/ROS2/storagy-repo-1/i6robotics/install/guiding_services/include/guiding_services/guiding_services/msg
-- Installing: /home/hjpark/dev_hjp/ROS2/storagy-repo-1/i6robotics/install/guiding_services/include/guiding_services/guiding_services/msg/rosidl_typesupport_fastrtps_c__visibility_control.h
-- Installing: /home/hjpark/dev_hjp/ROS2/storagy-repo-1/i6robotics/install/guiding_services/lib/libguiding_services__rosidl_typesupport_fastrtps_c.so
-- Set runtime path of "/home/hjpark/dev_hjp/ROS2/storagy-repo-1/i6robotics/install/guiding_services/lib/libguiding_services__rosidl_typesupport_fastrtps_c.so" to ""
-- Up-to-date: /home/hjpark/dev_hjp/ROS2/storagy-repo-1/i6robotics/install/guiding_services/include/guiding_services/guiding_services
-- Up-to-date: /home/hjpark/dev_hjp/ROS2/storagy-repo-1/i6robotics/install/guiding_services/include/guiding_services/guiding_services/srv
-- Up-to-date: /home/hjpark/dev_hjp/ROS2/storagy-repo-1/i6robotics/install/guiding_services/include/guiding_services/guiding_services/srv/detail
-- Installing: /home/hjpark/dev_hjp/ROS2/storagy-repo-1/i6robotics/install/guiding_services/include/guiding_services/guiding_services/srv/detail/set_goal_choice__rosidl_typesupport_introspection_c.h
-- Installing: /home/hjpark/dev_hjp/ROS2/storagy-repo-1/i6robotics/install/guiding_services/include/guiding_services/guiding_services/srv/detail/set_goal_choice__type_support.c
-- Up-to-date: /home/hjpark/dev_hjp/ROS2/storagy-repo-1/i6robotics/install/guiding_services/include/guiding_services/guiding_services/msg
-- Installing: /home/hjpark/dev_hjp/ROS2/storagy-repo-1/i6robotics/install/guiding_services/include/guiding_services/guiding_services/msg/rosidl_typesupport_introspection_c__visibility_control.h
-- Installing: /home/hjpark/dev_hjp/ROS2/storagy-repo-1/i6robotics/install/guiding_services/lib/libguiding_services__rosidl_typesupport_introspection_c.so
-- Set runtime path of "/home/hjpark/dev_hjp/ROS2/storagy-repo-1/i6robotics/install/guiding_services/lib/libguiding_services__rosidl_typesupport_introspection_c.so" to ""
-- Installing: /home/hjpark/dev_hjp/ROS2/storagy-repo-1/i6robotics/install/guiding_services/lib/libguiding_services__rosidl_typesupport_c.so
-- Set runtime path of "/home/hjpark/dev_hjp/ROS2/storagy-repo-1/i6robotics/install/guiding_services/lib/libguiding_services__rosidl_typesupport_c.so" to ""
-- Up-to-date: /home/hjpark/dev_hjp/ROS2/storagy-repo-1/i6robotics/install/guiding_services/include/guiding_services/guiding_services
-- Up-to-date: /home/hjpark/dev_hjp/ROS2/storagy-repo-1/i6robotics/install/guiding_services/include/guiding_services/guiding_services/srv
-- Installing: /home/hjpark/dev_hjp/ROS2/storagy-repo-1/i6robotics/install/guiding_services/include/guiding_services/guiding_services/srv/set_goal_choice.hpp
-- Up-to-date: /home/hjpark/dev_hjp/ROS2/storagy-repo-1/i6robotics/install/guiding_services/include/guiding_services/guiding_services/srv/detail
-- Installing: /home/hjpark/dev_hjp/ROS2/storagy-repo-1/i6robotics/install/guiding_services/include/guiding_services/guiding_services/srv/detail/set_goal_choice__struct.hpp
-- Installing: /home/hjpark/dev_hjp/ROS2/storagy-repo-1/i6robotics/install/guiding_services/include/guiding_services/guiding_services/srv/detail/set_goal_choice__traits.hpp
-- Installing: /home/hjpark/dev_hjp/ROS2/storagy-repo-1/i6robotics/install/guiding_services/include/guiding_services/guiding_services/srv/detail/set_goal_choice__type_support.hpp
-- Installing: /home/hjpark/dev_hjp/ROS2/storagy-repo-1/i6robotics/install/guiding_services/include/guiding_services/guiding_services/srv/detail/set_goal_choice__builder.hpp
-- Up-to-date: /home/hjpark/dev_hjp/ROS2/storagy-repo-1/i6robotics/install/guiding_services/include/guiding_services/guiding_services/msg
-- Installing: /home/hjpark/dev_hjp/ROS2/storagy-repo-1/i6robotics/install/guiding_services/include/guiding_services/guiding_services/msg/rosidl_generator_cpp__visibility_control.hpp
-- Up-to-date: /home/hjpark/dev_hjp/ROS2/storagy-repo-1/i6robotics/install/guiding_services/include/guiding_services/guiding_services
-- Up-to-date: /home/hjpark/dev_hjp/ROS2/storagy-repo-1/i6robotics/install/guiding_services/include/guiding_services/guiding_services/srv
-- Up-to-date: /home/hjpark/dev_hjp/ROS2/storagy-repo-1/i6robotics/install/guiding_services/include/guiding_services/guiding_services/srv/detail
-- Installing: /home/hjpark/dev_hjp/ROS2/storagy-repo-1/i6robotics/install/guiding_services/include/guiding_services/guiding_services/srv/detail/set_goal_choice__rosidl_typesupport_fastrtps_cpp.hpp
-- Installing: /home/hjpark/dev_hjp/ROS2/storagy-repo-1/i6robotics/install/guiding_services/include/guiding_services/guiding_services/srv/detail/dds_fastrtps
-- Up-to-date: /home/hjpark/dev_hjp/ROS2/storagy-repo-1/i6robotics/install/guiding_services/include/guiding_services/guiding_services/msg
-- Installing: /home/hjpark/dev_hjp/ROS2/storagy-repo-1/i6robotics/install/guiding_services/include/guiding_services/guiding_services/msg/rosidl_typesupport_fastrtps_cpp__visibility_control.h
-- Installing: /home/hjpark/dev_hjp/ROS2/storagy-repo-1/i6robotics/install/guiding_services/lib/libguiding_services__rosidl_typesupport_fastrtps_cpp.so
-- Set runtime path of "/home/hjpark/dev_hjp/ROS2/storagy-repo-1/i6robotics/install/guiding_services/lib/libguiding_services__rosidl_typesupport_fastrtps_cpp.so" to ""
-- Up-to-date: /home/hjpark/dev_hjp/ROS2/storagy-repo-1/i6robotics/install/guiding_services/include/guiding_services/guiding_services
-- Up-to-date: /home/hjpark/dev_hjp/ROS2/storagy-repo-1/i6robotics/install/guiding_services/include/guiding_services/guiding_services/srv
-- Up-to-date: /home/hjpark/dev_hjp/ROS2/storagy-repo-1/i6robotics/install/guiding_services/include/guiding_services/guiding_services/srv/detail
-- Installing: /home/hjpark/dev_hjp/ROS2/storagy-repo-1/i6robotics/install/guiding_services/include/guiding_services/guiding_services/srv/detail/set_goal_choice__type_support.cpp
-- Installing: /home/hjpark/dev_hjp/ROS2/storagy-repo-1/i6robotics/install/guiding_services/include/guiding_services/guiding_services/srv/detail/set_goal_choice__rosidl_typesupport_introspection_cpp.hpp
-- Installing: /home/hjpark/dev_hjp/ROS2/storagy-repo-1/i6robotics/install/guiding_services/lib/libguiding_services__rosidl_typesupport_introspection_cpp.so
-- Set runtime path of "/home/hjpark/dev_hjp/ROS2/storagy-repo-1/i6robotics/install/guiding_services/lib/libguiding_services__rosidl_typesupport_introspection_cpp.so" to ""
-- Installing: /home/hjpark/dev_hjp/ROS2/storagy-repo-1/i6robotics/install/guiding_services/lib/libguiding_services__rosidl_typesupport_cpp.so
-- Set runtime path of "/home/hjpark/dev_hjp/ROS2/storagy-repo-1/i6robotics/install/guiding_services/lib/libguiding_services__rosidl_typesupport_cpp.so" to ""
-- Installing: /home/hjpark/dev_hjp/ROS2/storagy-repo-1/i6robotics/install/guiding_services/share/guiding_services/environment/pythonpath.sh
-- Installing: /home/hjpark/dev_hjp/ROS2/storagy-repo-1/i6robotics/install/guiding_services/share/guiding_services/environment/pythonpath.dsv
-- Installing: /home/hjpark/dev_hjp/ROS2/storagy-repo-1/i6robotics/install/guiding_services/local/lib/python3.10/dist-packages/guiding_services-0.0.0-py3.10.egg-info
-- Installing: /home/hjpark/dev_hjp/ROS2/storagy-repo-1/i6robotics/install/guiding_services/local/lib/python3.10/dist-packages/guiding_services-0.0.0-py3.10.egg-info/top_level.txt
-- Installing: /home/hjpark/dev_hjp/ROS2/storagy-repo-1/i6robotics/install/guiding_services/local/lib/python3.10/dist-packages/guiding_services-0.0.0-py3.10.egg-info/dependency_links.txt
-- Installing: /home/hjpark/dev_hjp/ROS2/storagy-repo-1/i6robotics/install/guiding_services/local/lib/python3.10/dist-packages/guiding_services-0.0.0-py3.10.egg-info/PKG-INFO
-- Installing: /home/hjpark/dev_hjp/ROS2/storagy-repo-1/i6robotics/install/guiding_services/local/lib/python3.10/dist-packages/guiding_services-0.0.0-py3.10.egg-info/SOURCES.txt
-- Installing: /home/hjpark/dev_hjp/ROS2/storagy-repo-1/i6robotics/install/guiding_services/local/lib/python3.10/dist-packages/guiding_services
-- Installing: /home/hjpark/dev_hjp/ROS2/storagy-repo-1/i6robotics/install/guiding_services/local/lib/python3.10/dist-packages/guiding_services/_guiding_services_s.ep.rosidl_typesupport_c.c
-- Installing: /home/hjpark/dev_hjp/ROS2/storagy-repo-1/i6robotics/install/guiding_services/local/lib/python3.10/dist-packages/guiding_services/libguiding_services__rosidl_generator_py.so
-- Installing: /home/hjpark/dev_hjp/ROS2/storagy-repo-1/i6robotics/install/guiding_services/local/lib/python3.10/dist-packages/guiding_services/srv
-- Installing: /home/hjpark/dev_hjp/ROS2/storagy-repo-1/i6robotics/install/guiding_services/local/lib/python3.10/dist-packages/guiding_services/srv/_set_goal_choice_s.c
-- Installing: /home/hjpark/dev_hjp/ROS2/storagy-repo-1/i6robotics/install/guiding_services/local/lib/python3.10/dist-packages/guiding_services/srv/_set_goal_choice.py
-- Installing: /home/hjpark/dev_hjp/ROS2/storagy-repo-1/i6robotics/install/guiding_services/local/lib/python3.10/dist-packages/guiding_services/srv/__init__.py
-- Installing: /home/hjpark/dev_hjp/ROS2/storagy-repo-1/i6robotics/install/guiding_services/local/lib/python3.10/dist-packages/guiding_services/guiding_services_s__rosidl_typesupport_fastrtps_c.cpython-310-x86_64-linux-gnu.so
-- Installing: /home/hjpark/dev_hjp/ROS2/storagy-repo-1/i6robotics/install/guiding_services/local/lib/python3.10/dist-packages/guiding_services/_guiding_services_s.ep.rosidl_typesupport_fastrtps_c.c
-- Installing: /home/hjpark/dev_hjp/ROS2/storagy-repo-1/i6robotics/install/guiding_services/local/lib/python3.10/dist-packages/guiding_services/guiding_services_s__rosidl_typesupport_introspection_c.cpython-310-x86_64-linux-gnu.so
-- Installing: /home/hjpark/dev_hjp/ROS2/storagy-repo-1/i6robotics/install/guiding_services/local/lib/python3.10/dist-packages/guiding_services/guiding_services_s__rosidl_typesupport_c.cpython-310-x86_64-linux-gnu.so
-- Installing: /home/hjpark/dev_hjp/ROS2/storagy-repo-1/i6robotics/install/guiding_services/local/lib/python3.10/dist-packages/guiding_services/_guiding_services_s.ep.rosidl_typesupport_introspection_c.c
-- Installing: /home/hjpark/dev_hjp/ROS2/storagy-repo-1/i6robotics/install/guiding_services/local/lib/python3.10/dist-packages/guiding_services/__init__.py
Listing '/home/hjpark/dev_hjp/ROS2/storagy-repo-1/i6robotics/install/guiding_services/local/lib/python3.10/dist-packages/guiding_services'...
Compiling '/home/hjpark/dev_hjp/ROS2/storagy-repo-1/i6robotics/install/guiding_services/local/lib/python3.10/dist-packages/guiding_services/__init__.py'...
Listing '/home/hjpark/dev_hjp/ROS2/storagy-repo-1/i6robotics/install/guiding_services/local/lib/python3.10/dist-packages/guiding_services/srv'...
Compiling '/home/hjpark/dev_hjp/ROS2/storagy-repo-1/i6robotics/install/guiding_services/local/lib/python3.10/dist-packages/guiding_services/srv/__init__.py'...
Compiling '/home/hjpark/dev_hjp/ROS2/storagy-repo-1/i6robotics/install/guiding_services/local/lib/python3.10/dist-packages/guiding_services/srv/_set_goal_choice.py'...
-- Installing: /home/hjpark/dev_hjp/ROS2/storagy-repo-1/i6robotics/install/guiding_services/local/lib/python3.10/dist-packages/guiding_services/guiding_services_s__rosidl_typesupport_fastrtps_c.cpython-310-x86_64-linux-gnu.so
-- Set runtime path of "/home/hjpark/dev_hjp/ROS2/storagy-repo-1/i6robotics/install/guiding_services/local/lib/python3.10/dist-packages/guiding_services/guiding_services_s__rosidl_typesupport_fastrtps_c.cpython-310-x86_64-linux-gnu.so" to ""
-- Installing: /home/hjpark/dev_hjp/ROS2/storagy-repo-1/i6robotics/install/guiding_services/local/lib/python3.10/dist-packages/guiding_services/guiding_services_s__rosidl_typesupport_introspection_c.cpython-310-x86_64-linux-gnu.so
-- Set runtime path of "/home/hjpark/dev_hjp/ROS2/storagy-repo-1/i6robotics/install/guiding_services/local/lib/python3.10/dist-packages/guiding_services/guiding_services_s__rosidl_typesupport_introspection_c.cpython-310-x86_64-linux-gnu.so" to ""
-- Installing: /home/hjpark/dev_hjp/ROS2/storagy-repo-1/i6robotics/install/guiding_services/local/lib/python3.10/dist-packages/guiding_services/guiding_services_s__rosidl_typesupport_c.cpython-310-x86_64-linux-gnu.so
-- Set runtime path of "/home/hjpark/dev_hjp/ROS2/storagy-repo-1/i6robotics/install/guiding_services/local/lib/python3.10/dist-packages/guiding_services/guiding_services_s__rosidl_typesupport_c.cpython-310-x86_64-linux-gnu.so" to ""
-- Installing: /home/hjpark/dev_hjp/ROS2/storagy-repo-1/i6robotics/install/guiding_services/lib/libguiding_services__rosidl_generator_py.so
-- Set runtime path of "/home/hjpark/dev_hjp/ROS2/storagy-repo-1/i6robotics/install/guiding_services/lib/libguiding_services__rosidl_generator_py.so" to ""
-- Installing: /home/hjpark/dev_hjp/ROS2/storagy-repo-1/i6robotics/install/guiding_services/share/guiding_services/srv/SetGoalChoice.idl
-- Installing: /home/hjpark/dev_hjp/ROS2/storagy-repo-1/i6robotics/install/guiding_services/share/guiding_services/srv/SetGoalChoice.srv
-- Installing: /home/hjpark/dev_hjp/ROS2/storagy-repo-1/i6robotics/install/guiding_services/share/guiding_services/srv/SetGoalChoice_Request.msg
-- Installing: /home/hjpark/dev_hjp/ROS2/storagy-repo-1/i6robotics/install/guiding_services/share/guiding_services/srv/SetGoalChoice_Response.msg
-- Installing: /home/hjpark/dev_hjp/ROS2/storagy-repo-1/i6robotics/install/guiding_services/share/ament_index/resource_index/package_run_dependencies/guiding_services
-- Installing: /home/hjpark/dev_hjp/ROS2/storagy-repo-1/i6robotics/install/guiding_services/share/ament_index/resource_index/parent_prefix_path/guiding_services
-- Installing: /home/hjpark/dev_hjp/ROS2/storagy-repo-1/i6robotics/install/guiding_services/share/guiding_services/environment/ament_prefix_path.sh
-- Installing: /home/hjpark/dev_hjp/ROS2/storagy-repo-1/i6robotics/install/guiding_services/share/guiding_services/environment/ament_prefix_path.dsv
-- Installing: /home/hjpark/dev_hjp/ROS2/storagy-repo-1/i6robotics/install/guiding_services/share/guiding_services/environment/path.sh
-- Installing: /home/hjpark/dev_hjp/ROS2/storagy-repo-1/i6robotics/install/guiding_services/share/guiding_services/environment/path.dsv
-- Installing: /home/hjpark/dev_hjp/ROS2/storagy-repo-1/i6robotics/install/guiding_services/share/guiding_services/local_setup.bash
-- Installing: /home/hjpark/dev_hjp/ROS2/storagy-repo-1/i6robotics/install/guiding_services/share/guiding_services/local_setup.sh
-- Installing: /home/hjpark/dev_hjp/ROS2/storagy-repo-1/i6robotics/install/guiding_services/share/guiding_services/local_setup.zsh
-- Installing: /home/hjpark/dev_hjp/ROS2/storagy-repo-1/i6robotics/install/guiding_services/share/guiding_services/local_setup.dsv
-- Installing: /home/hjpark/dev_hjp/ROS2/storagy-repo-1/i6robotics/install/guiding_services/share/guiding_services/package.dsv
-- Installing: /home/hjpark/dev_hjp/ROS2/storagy-repo-1/i6robotics/install/guiding_services/share/ament_index/resource_index/packages/guiding_services
-- Installing: /home/hjpark/dev_hjp/ROS2/storagy-repo-1/i6robotics/install/guiding_services/share/guiding_services/cmake/export_guiding_services__rosidl_generator_cExport.cmake
-- Installing: /home/hjpark/dev_hjp/ROS2/storagy-repo-1/i6robotics/install/guiding_services/share/guiding_services/cmake/export_guiding_services__rosidl_generator_cExport-noconfig.cmake
-- Installing: /home/hjpark/dev_hjp/ROS2/storagy-repo-1/i6robotics/install/guiding_services/share/guiding_services/cmake/export_guiding_services__rosidl_typesupport_fastrtps_cExport.cmake
-- Installing: /home/hjpark/dev_hjp/ROS2/storagy-repo-1/i6robotics/install/guiding_services/share/guiding_services/cmake/export_guiding_services__rosidl_typesupport_fastrtps_cExport-noconfig.cmake
-- Installing: /home/hjpark/dev_hjp/ROS2/storagy-repo-1/i6robotics/install/guiding_services/share/guiding_services/cmake/guiding_services__rosidl_typesupport_introspection_cExport.cmake
-- Installing: /home/hjpark/dev_hjp/ROS2/storagy-repo-1/i6robotics/install/guiding_services/share/guiding_services/cmake/guiding_services__rosidl_typesupport_introspection_cExport-noconfig.cmake
-- Installing: /home/hjpark/dev_hjp/ROS2/storagy-repo-1/i6robotics/install/guiding_services/share/guiding_services/cmake/guiding_services__rosidl_typesupport_cExport.cmake
-- Installing: /home/hjpark/dev_hjp/ROS2/storagy-repo-1/i6robotics/install/guiding_services/share/guiding_services/cmake/guiding_services__rosidl_typesupport_cExport-noconfig.cmake
-- Installing: /home/hjpark/dev_hjp/ROS2/storagy-repo-1/i6robotics/install/guiding_services/share/guiding_services/cmake/export_guiding_services__rosidl_generator_cppExport.cmake
-- Installing: /home/hjpark/dev_hjp/ROS2/storagy-repo-1/i6robotics/install/guiding_services/share/guiding_services/cmake/export_guiding_services__rosidl_typesupport_fastrtps_cppExport.cmake
-- Installing: /home/hjpark/dev_hjp/ROS2/storagy-repo-1/i6robotics/install/guiding_services/share/guiding_services/cmake/export_guiding_services__rosidl_typesupport_fastrtps_cppExport-noconfig.cmake
-- Installing: /home/hjpark/dev_hjp/ROS2/storagy-repo-1/i6robotics/install/guiding_services/share/guiding_services/cmake/guiding_services__rosidl_typesupport_introspection_cppExport.cmake
-- Installing: /home/hjpark/dev_hjp/ROS2/storagy-repo-1/i6robotics/install/guiding_services/share/guiding_services/cmake/guiding_services__rosidl_typesupport_introspection_cppExport-noconfig.cmake
-- Installing: /home/hjpark/dev_hjp/ROS2/storagy-repo-1/i6robotics/install/guiding_services/share/guiding_services/cmake/guiding_services__rosidl_typesupport_cppExport.cmake
-- Installing: /home/hjpark/dev_hjp/ROS2/storagy-repo-1/i6robotics/install/guiding_services/share/guiding_services/cmake/guiding_services__rosidl_typesupport_cppExport-noconfig.cmake
-- Installing: /home/hjpark/dev_hjp/ROS2/storagy-repo-1/i6robotics/install/guiding_services/share/guiding_services/cmake/export_guiding_services__rosidl_generator_pyExport.cmake
-- Installing: /home/hjpark/dev_hjp/ROS2/storagy-repo-1/i6robotics/install/guiding_services/share/guiding_services/cmake/export_guiding_services__rosidl_generator_pyExport-noconfig.cmake
-- Installing: /home/hjpark/dev_hjp/ROS2/storagy-repo-1/i6robotics/install/guiding_services/share/guiding_services/cmake/rosidl_cmake-extras.cmake
-- Installing: /home/hjpark/dev_hjp/ROS2/storagy-repo-1/i6robotics/install/guiding_services/share/guiding_services/cmake/ament_cmake_export_dependencies-extras.cmake
-- Installing: /home/hjpark/dev_hjp/ROS2/storagy-repo-1/i6robotics/install/guiding_services/share/guiding_services/cmake/ament_cmake_export_include_directories-extras.cmake
-- Installing: /home/hjpark/dev_hjp/ROS2/storagy-repo-1/i6robotics/install/guiding_services/share/guiding_services/cmake/ament_cmake_export_libraries-extras.cmake
-- Installing: /home/hjpark/dev_hjp/ROS2/storagy-repo-1/i6robotics/install/guiding_services/share/guiding_services/cmake/ament_cmake_export_targets-extras.cmake
-- Installing: /home/hjpark/dev_hjp/ROS2/storagy-repo-1/i6robotics/install/guiding_services/share/guiding_services/cmake/rosidl_cmake_export_typesupport_targets-extras.cmake
-- Installing: /home/hjpark/dev_hjp/ROS2/storagy-repo-1/i6robotics/install/guiding_services/share/guiding_services/cmake/rosidl_cmake_export_typesupport_libraries-extras.cmake
-- Installing: /home/hjpark/dev_hjp/ROS2/storagy-repo-1/i6robotics/install/guiding_services/share/guiding_services/cmake/guiding_servicesConfig.cmake
-- Installing: /home/hjpark/dev_hjp/ROS2/storagy-repo-1/i6robotics/install/guiding_services/share/guiding_services/cmake/guiding_servicesConfig-version.cmake
-- Installing: /home/hjpark/dev_hjp/ROS2/storagy-repo-1/i6robotics/install/guiding_services/share/guiding_services/package.xml
