[0.042s] Invoking command in '/home/hjpark/dev_hjp/ROS2/storagy-repo-1/i6robotics/build/guiding_services': CMAKE_PREFIX_PATH=/opt/ros/humble /usr/bin/cmake /home/hjpark/dev_hjp/ROS2/storagy-repo-1/i6robotics/src/guiding_services -DCMAKE_INSTALL_PREFIX=/home/hjpark/dev_hjp/ROS2/storagy-repo-1/i6robotics/install/guiding_services
[1.024s] -- The C compiler identification is GNU 11.4.0
[1.025s] -- The CXX compiler identification is GNU 11.4.0
[1.025s] -- Detecting C compiler ABI info
[1.025s] -- Detecting C compiler ABI info - done
[1.025s] -- Check for working C compiler: /usr/bin/cc - skipped
[1.025s] -- Detecting C compile features
[1.025s] -- Detecting C compile features - done
[1.025s] -- Detecting CXX compiler ABI info
[1.025s] -- Detecting CXX compiler ABI info - done
[1.025s] -- Check for working CXX compiler: /usr/bin/c++ - skipped
[1.025s] -- Detecting CXX compile features
[1.025s] -- Detecting CXX compile features - done
[1.025s] -- Found ament_cmake: 1.3.11 (/opt/ros/humble/share/ament_cmake/cmake)
[1.025s] -- Found Python3: /usr/bin/python3 (found version "3.10.12") found components: Interpreter 
[1.025s] -- Found rosidl_default_generators: 1.2.0 (/opt/ros/humble/share/rosidl_default_generators/cmake)
[1.025s] -- Using all available rosidl_typesupport_c: rosidl_typesupport_fastrtps_c;rosidl_typesupport_introspection_c
[1.025s] -- Found rosidl_adapter: 3.1.6 (/opt/ros/humble/share/rosidl_adapter/cmake)
[1.025s] -- Using all available rosidl_typesupport_cpp: rosidl_typesupport_fastrtps_cpp;rosidl_typesupport_introspection_cpp
[1.025s] -- Found rclpy: 3.3.15 (/opt/ros/humble/share/rclpy/cmake)
[1.026s] -- Found std_msgs: 4.2.4 (/opt/ros/humble/share/std_msgs/cmake)
[1.026s] -- Found ament_cmake_ros: 0.10.0 (/opt/ros/humble/share/ament_cmake_ros/cmake)
[1.069s] -- Using all available rosidl_typesupport_c: rosidl_typesupport_fastrtps_c;rosidl_typesupport_introspection_c
[1.351s] -- Using all available rosidl_typesupport_cpp: rosidl_typesupport_fastrtps_cpp;rosidl_typesupport_introspection_cpp
[1.373s] -- Found PythonInterp: /usr/bin/python3 (found suitable version "3.10.12", minimum required is "3.6") 
[1.375s] -- Found python_cmake_module: 0.10.0 (/opt/ros/humble/share/python_cmake_module/cmake)
[1.401s] -- Found PythonLibs: /usr/lib/x86_64-linux-gnu/libpython3.10.so (found suitable version "3.10.12", minimum required is "3.5") 
[1.401s] -- Using PYTHON_EXECUTABLE: /usr/bin/python3
[1.401s] -- Using PYTHON_INCLUDE_DIRS: /usr/include/python3.10
[1.401s] -- Using PYTHON_LIBRARIES: /usr/lib/x86_64-linux-gnu/libpython3.10.so
[1.422s] -- Found PythonExtra: .so  
[1.466s] -- Found ament_lint_auto: 0.12.11 (/opt/ros/humble/share/ament_lint_auto/cmake)
[1.482s] -- Added test 'lint_cmake' to check CMake code style
[1.483s] -- Added test 'xmllint' to check XML markup files
[1.485s] -- Configuring done
[1.515s] -- Generating done
[1.525s] -- Build files have been written to: /home/hjpark/dev_hjp/ROS2/storagy-repo-1/i6robotics/build/guiding_services
[1.532s] Invoked command in '/home/hjpark/dev_hjp/ROS2/storagy-repo-1/i6robotics/build/guiding_services' returned '0': CMAKE_PREFIX_PATH=/opt/ros/humble /usr/bin/cmake /home/hjpark/dev_hjp/ROS2/storagy-repo-1/i6robotics/src/guiding_services -DCMAKE_INSTALL_PREFIX=/home/hjpark/dev_hjp/ROS2/storagy-repo-1/i6robotics/install/guiding_services
[1.534s] Invoking command in '/home/hjpark/dev_hjp/ROS2/storagy-repo-1/i6robotics/build/guiding_services': CMAKE_PREFIX_PATH=/opt/ros/humble /usr/bin/cmake --build /home/hjpark/dev_hjp/ROS2/storagy-repo-1/i6robotics/build/guiding_services -- -j16 -l16
[1.574s] [  3%] [34m[1mGenerating C code for ROS interfaces[0m
[1.582s] [  6%] [34m[1mGenerating C++ code for ROS interfaces[0m
[1.590s] [  6%] Built target ament_cmake_python_copy_guiding_services
[1.825s] running egg_info
[1.826s] creating guiding_services.egg-info
[1.826s] writing guiding_services.egg-info/PKG-INFO
[1.826s] writing dependency_links to guiding_services.egg-info/dependency_links.txt
[1.826s] writing top-level names to guiding_services.egg-info/top_level.txt
[1.826s] writing manifest file 'guiding_services.egg-info/SOURCES.txt'
[1.830s] reading manifest file 'guiding_services.egg-info/SOURCES.txt'
[1.830s] writing manifest file 'guiding_services.egg-info/SOURCES.txt'
[1.830s] [  6%] Built target guiding_services__cpp
[1.841s] [ 16%] [34m[1mGenerating C++ introspection for ROS interfaces[0m
[1.841s] [ 16%] [34m[1mGenerating C++ type support dispatch for ROS interfaces[0m
[1.841s] [ 16%] [34m[1mGenerating C++ type support for eProsima Fast-RTPS[0m
[1.860s] [ 16%] Built target ament_cmake_python_build_guiding_services_egg
[1.866s] [ 19%] [32mBuilding C object CMakeFiles/guiding_services__rosidl_generator_c.dir/rosidl_generator_c/guiding_services/srv/detail/set_goal_choice__functions.c.o[0m
[1.915s] [ 22%] [32m[1mLinking C shared library libguiding_services__rosidl_generator_c.so[0m
[1.948s] [ 22%] Built target guiding_services__rosidl_generator_c
[1.958s] [ 32%] [34m[1mGenerating C type support for eProsima Fast-RTPS[0m
[1.958s] [ 32%] [34m[1mGenerating C introspection for ROS interfaces[0m
[1.958s] [ 32%] [34m[1mGenerating C type support dispatch for ROS interfaces[0m
[2.044s] [ 35%] [32mBuilding CXX object CMakeFiles/guiding_services__rosidl_typesupport_cpp.dir/rosidl_typesupport_cpp/guiding_services/srv/set_goal_choice__type_support.cpp.o[0m
[2.061s] [ 38%] [32mBuilding CXX object CMakeFiles/guiding_services__rosidl_typesupport_introspection_cpp.dir/rosidl_typesupport_introspection_cpp/guiding_services/srv/detail/set_goal_choice__type_support.cpp.o[0m
[2.079s] [ 41%] [32mBuilding CXX object CMakeFiles/guiding_services__rosidl_typesupport_fastrtps_cpp.dir/rosidl_typesupport_fastrtps_cpp/guiding_services/srv/detail/dds_fastrtps/set_goal_choice__type_support.cpp.o[0m
[2.167s] [ 45%] [32mBuilding CXX object CMakeFiles/guiding_services__rosidl_typesupport_c.dir/rosidl_typesupport_c/guiding_services/srv/set_goal_choice__type_support.cpp.o[0m
[2.191s] [ 48%] [32mBuilding C object CMakeFiles/guiding_services__rosidl_typesupport_introspection_c.dir/rosidl_typesupport_introspection_c/guiding_services/srv/detail/set_goal_choice__type_support.c.o[0m
[2.196s] [ 51%] [32m[1mLinking CXX shared library libguiding_services__rosidl_typesupport_c.so[0m
[2.226s] [ 54%] [32m[1mLinking C shared library libguiding_services__rosidl_typesupport_introspection_c.so[0m
[2.237s] [ 54%] Built target guiding_services__rosidl_typesupport_c
[2.255s] [ 54%] Built target guiding_services__rosidl_typesupport_introspection_c
[2.262s] [ 58%] [32m[1mLinking CXX shared library libguiding_services__rosidl_typesupport_cpp.so[0m
[2.302s] [ 58%] Built target guiding_services__rosidl_typesupport_cpp
[2.313s] [ 61%] [32mBuilding CXX object CMakeFiles/guiding_services__rosidl_typesupport_fastrtps_c.dir/rosidl_typesupport_fastrtps_c/guiding_services/srv/detail/set_goal_choice__type_support_c.cpp.o[0m
[2.380s] [ 64%] [32m[1mLinking CXX shared library libguiding_services__rosidl_typesupport_introspection_cpp.so[0m
[2.434s] [ 67%] [32m[1mLinking CXX shared library libguiding_services__rosidl_typesupport_fastrtps_cpp.so[0m
[2.442s] [ 67%] Built target guiding_services__rosidl_typesupport_introspection_cpp
[2.503s] [ 67%] Built target guiding_services__rosidl_typesupport_fastrtps_cpp
[2.585s] [ 70%] [32m[1mLinking CXX shared library libguiding_services__rosidl_typesupport_fastrtps_c.so[0m
[2.665s] [ 70%] Built target guiding_services__rosidl_typesupport_fastrtps_c
[2.681s] [ 70%] Built target guiding_services
[2.700s] [ 74%] [34m[1mGenerating Python code for ROS interfaces[0m
[3.024s] [ 74%] Built target guiding_services__py
[3.045s] [ 77%] [32mBuilding C object CMakeFiles/guiding_services__rosidl_generator_py.dir/rosidl_generator_py/guiding_services/srv/_set_goal_choice_s.c.o[0m
[3.127s] [ 80%] [32m[1mLinking C shared library rosidl_generator_py/guiding_services/libguiding_services__rosidl_generator_py.so[0m
[3.165s] [ 80%] Built target guiding_services__rosidl_generator_py
[3.184s] [ 90%] [32mBuilding C object CMakeFiles/guiding_services__rosidl_typesupport_introspection_c__pyext.dir/rosidl_generator_py/guiding_services/_guiding_services_s.ep.rosidl_typesupport_introspection_c.c.o[0m
[3.184s] [ 90%] [32mBuilding C object CMakeFiles/guiding_services__rosidl_typesupport_fastrtps_c__pyext.dir/rosidl_generator_py/guiding_services/_guiding_services_s.ep.rosidl_typesupport_fastrtps_c.c.o[0m
[3.184s] [ 90%] [32mBuilding C object CMakeFiles/guiding_services__rosidl_typesupport_c__pyext.dir/rosidl_generator_py/guiding_services/_guiding_services_s.ep.rosidl_typesupport_c.c.o[0m
[3.295s] [ 93%] [32m[1mLinking C shared library rosidl_generator_py/guiding_services/guiding_services_s__rosidl_typesupport_fastrtps_c.cpython-310-x86_64-linux-gnu.so[0m
[3.298s] [100%] [32m[1mLinking C shared library rosidl_generator_py/guiding_services/guiding_services_s__rosidl_typesupport_introspection_c.cpython-310-x86_64-linux-gnu.so[0m
[3.298s] [100%] [32m[1mLinking C shared library rosidl_generator_py/guiding_services/guiding_services_s__rosidl_typesupport_c.cpython-310-x86_64-linux-gnu.so[0m
[3.378s] [100%] Built target guiding_services__rosidl_typesupport_c__pyext
[3.388s] [100%] Built target guiding_services__rosidl_typesupport_introspection_c__pyext
[3.391s] [100%] Built target guiding_services__rosidl_typesupport_fastrtps_c__pyext
[3.417s] Invoked command in '/home/hjpark/dev_hjp/ROS2/storagy-repo-1/i6robotics/build/guiding_services' returned '0': CMAKE_PREFIX_PATH=/opt/ros/humble /usr/bin/cmake --build /home/hjpark/dev_hjp/ROS2/storagy-repo-1/i6robotics/build/guiding_services -- -j16 -l16
[3.420s] Invoking command in '/home/hjpark/dev_hjp/ROS2/storagy-repo-1/i6robotics/build/guiding_services': CMAKE_PREFIX_PATH=/opt/ros/humble /usr/bin/cmake --install /home/hjpark/dev_hjp/ROS2/storagy-repo-1/i6robotics/build/guiding_services
[3.433s] -- Install configuration: ""
[3.433s] -- Installing: /home/hjpark/dev_hjp/ROS2/storagy-repo-1/i6robotics/install/guiding_services/share/ament_index/resource_index/rosidl_interfaces/guiding_services
[3.433s] -- Installing: /home/hjpark/dev_hjp/ROS2/storagy-repo-1/i6robotics/install/guiding_services/include/guiding_services/guiding_services
[3.433s] -- Installing: /home/hjpark/dev_hjp/ROS2/storagy-repo-1/i6robotics/install/guiding_services/include/guiding_services/guiding_services/srv
[3.433s] -- Installing: /home/hjpark/dev_hjp/ROS2/storagy-repo-1/i6robotics/install/guiding_services/include/guiding_services/guiding_services/srv/set_goal_choice.h
[3.433s] -- Installing: /home/hjpark/dev_hjp/ROS2/storagy-repo-1/i6robotics/install/guiding_services/include/guiding_services/guiding_services/srv/detail
[3.433s] -- Installing: /home/hjpark/dev_hjp/ROS2/storagy-repo-1/i6robotics/install/guiding_services/include/guiding_services/guiding_services/srv/detail/set_goal_choice__functions.h
[3.434s] -- Installing: /home/hjpark/dev_hjp/ROS2/storagy-repo-1/i6robotics/install/guiding_services/include/guiding_services/guiding_services/srv/detail/set_goal_choice__type_support.h
[3.435s] -- Installing: /home/hjpark/dev_hjp/ROS2/storagy-repo-1/i6robotics/install/guiding_services/include/guiding_services/guiding_services/srv/detail/set_goal_choice__struct.h
[3.440s] -- Installing: /home/hjpark/dev_hjp/ROS2/storagy-repo-1/i6robotics/install/guiding_services/include/guiding_services/guiding_services/srv/detail/set_goal_choice__functions.c
[3.440s] -- Installing: /home/hjpark/dev_hjp/ROS2/storagy-repo-1/i6robotics/install/guiding_services/include/guiding_services/guiding_services/msg
[3.440s] -- Installing: /home/hjpark/dev_hjp/ROS2/storagy-repo-1/i6robotics/install/guiding_services/include/guiding_services/guiding_services/msg/rosidl_generator_c__visibility_control.h
[3.441s] -- Installing: /home/hjpark/dev_hjp/ROS2/storagy-repo-1/i6robotics/install/guiding_services/share/guiding_services/environment/library_path.sh
[3.442s] -- Installing: /home/hjpark/dev_hjp/ROS2/storagy-repo-1/i6robotics/install/guiding_services/share/guiding_services/environment/library_path.dsv
[3.444s] -- Installing: /home/hjpark/dev_hjp/ROS2/storagy-repo-1/i6robotics/install/guiding_services/lib/libguiding_services__rosidl_generator_c.so
[3.444s] -- Set runtime path of "/home/hjpark/dev_hjp/ROS2/storagy-repo-1/i6robotics/install/guiding_services/lib/libguiding_services__rosidl_generator_c.so" to ""
[3.444s] -- Up-to-date: /home/hjpark/dev_hjp/ROS2/storagy-repo-1/i6robotics/install/guiding_services/include/guiding_services/guiding_services
[3.444s] -- Up-to-date: /home/hjpark/dev_hjp/ROS2/storagy-repo-1/i6robotics/install/guiding_services/include/guiding_services/guiding_services/srv
[3.445s] -- Up-to-date: /home/hjpark/dev_hjp/ROS2/storagy-repo-1/i6robotics/install/guiding_services/include/guiding_services/guiding_services/srv/detail
[3.445s] -- Installing: /home/hjpark/dev_hjp/ROS2/storagy-repo-1/i6robotics/install/guiding_services/include/guiding_services/guiding_services/srv/detail/set_goal_choice__rosidl_typesupport_fastrtps_c.h
[3.445s] -- Up-to-date: /home/hjpark/dev_hjp/ROS2/storagy-repo-1/i6robotics/install/guiding_services/include/guiding_services/guiding_services/msg
[3.446s] -- Installing: /home/hjpark/dev_hjp/ROS2/storagy-repo-1/i6robotics/install/guiding_services/include/guiding_services/guiding_services/msg/rosidl_typesupport_fastrtps_c__visibility_control.h
[3.447s] -- Installing: /home/hjpark/dev_hjp/ROS2/storagy-repo-1/i6robotics/install/guiding_services/lib/libguiding_services__rosidl_typesupport_fastrtps_c.so
[3.454s] -- Set runtime path of "/home/hjpark/dev_hjp/ROS2/storagy-repo-1/i6robotics/install/guiding_services/lib/libguiding_services__rosidl_typesupport_fastrtps_c.so" to ""
[3.454s] -- Up-to-date: /home/hjpark/dev_hjp/ROS2/storagy-repo-1/i6robotics/install/guiding_services/include/guiding_services/guiding_services
[3.456s] -- Up-to-date: /home/hjpark/dev_hjp/ROS2/storagy-repo-1/i6robotics/install/guiding_services/include/guiding_services/guiding_services/srv
[3.456s] -- Up-to-date: /home/hjpark/dev_hjp/ROS2/storagy-repo-1/i6robotics/install/guiding_services/include/guiding_services/guiding_services/srv/detail
[3.456s] -- Installing: /home/hjpark/dev_hjp/ROS2/storagy-repo-1/i6robotics/install/guiding_services/include/guiding_services/guiding_services/srv/detail/set_goal_choice__rosidl_typesupport_introspection_c.h
[3.456s] -- Installing: /home/hjpark/dev_hjp/ROS2/storagy-repo-1/i6robotics/install/guiding_services/include/guiding_services/guiding_services/srv/detail/set_goal_choice__type_support.c
[3.457s] -- Up-to-date: /home/hjpark/dev_hjp/ROS2/storagy-repo-1/i6robotics/install/guiding_services/include/guiding_services/guiding_services/msg
[3.457s] -- Installing: /home/hjpark/dev_hjp/ROS2/storagy-repo-1/i6robotics/install/guiding_services/include/guiding_services/guiding_services/msg/rosidl_typesupport_introspection_c__visibility_control.h
[3.457s] -- Installing: /home/hjpark/dev_hjp/ROS2/storagy-repo-1/i6robotics/install/guiding_services/lib/libguiding_services__rosidl_typesupport_introspection_c.so
[3.457s] -- Set runtime path of "/home/hjpark/dev_hjp/ROS2/storagy-repo-1/i6robotics/install/guiding_services/lib/libguiding_services__rosidl_typesupport_introspection_c.so" to ""
[3.457s] -- Installing: /home/hjpark/dev_hjp/ROS2/storagy-repo-1/i6robotics/install/guiding_services/lib/libguiding_services__rosidl_typesupport_c.so
[3.457s] -- Set runtime path of "/home/hjpark/dev_hjp/ROS2/storagy-repo-1/i6robotics/install/guiding_services/lib/libguiding_services__rosidl_typesupport_c.so" to ""
[3.457s] -- Up-to-date: /home/hjpark/dev_hjp/ROS2/storagy-repo-1/i6robotics/install/guiding_services/include/guiding_services/guiding_services
[3.457s] -- Up-to-date: /home/hjpark/dev_hjp/ROS2/storagy-repo-1/i6robotics/install/guiding_services/include/guiding_services/guiding_services/srv
[3.458s] -- Installing: /home/hjpark/dev_hjp/ROS2/storagy-repo-1/i6robotics/install/guiding_services/include/guiding_services/guiding_services/srv/set_goal_choice.hpp
[3.458s] -- Up-to-date: /home/hjpark/dev_hjp/ROS2/storagy-repo-1/i6robotics/install/guiding_services/include/guiding_services/guiding_services/srv/detail
[3.458s] -- Installing: /home/hjpark/dev_hjp/ROS2/storagy-repo-1/i6robotics/install/guiding_services/include/guiding_services/guiding_services/srv/detail/set_goal_choice__struct.hpp
[3.458s] -- Installing: /home/hjpark/dev_hjp/ROS2/storagy-repo-1/i6robotics/install/guiding_services/include/guiding_services/guiding_services/srv/detail/set_goal_choice__traits.hpp
[3.458s] -- Installing: /home/hjpark/dev_hjp/ROS2/storagy-repo-1/i6robotics/install/guiding_services/include/guiding_services/guiding_services/srv/detail/set_goal_choice__type_support.hpp
[3.458s] -- Installing: /home/hjpark/dev_hjp/ROS2/storagy-repo-1/i6robotics/install/guiding_services/include/guiding_services/guiding_services/srv/detail/set_goal_choice__builder.hpp
[3.458s] -- Up-to-date: /home/hjpark/dev_hjp/ROS2/storagy-repo-1/i6robotics/install/guiding_services/include/guiding_services/guiding_services/msg
[3.458s] -- Installing: /home/hjpark/dev_hjp/ROS2/storagy-repo-1/i6robotics/install/guiding_services/include/guiding_services/guiding_services/msg/rosidl_generator_cpp__visibility_control.hpp
[3.458s] -- Up-to-date: /home/hjpark/dev_hjp/ROS2/storagy-repo-1/i6robotics/install/guiding_services/include/guiding_services/guiding_services
[3.459s] -- Up-to-date: /home/hjpark/dev_hjp/ROS2/storagy-repo-1/i6robotics/install/guiding_services/include/guiding_services/guiding_services/srv
[3.459s] -- Up-to-date: /home/hjpark/dev_hjp/ROS2/storagy-repo-1/i6robotics/install/guiding_services/include/guiding_services/guiding_services/srv/detail
[3.459s] -- Installing: /home/hjpark/dev_hjp/ROS2/storagy-repo-1/i6robotics/install/guiding_services/include/guiding_services/guiding_services/srv/detail/set_goal_choice__rosidl_typesupport_fastrtps_cpp.hpp
[3.459s] -- Installing: /home/hjpark/dev_hjp/ROS2/storagy-repo-1/i6robotics/install/guiding_services/include/guiding_services/guiding_services/srv/detail/dds_fastrtps
[3.459s] -- Up-to-date: /home/hjpark/dev_hjp/ROS2/storagy-repo-1/i6robotics/install/guiding_services/include/guiding_services/guiding_services/msg
[3.460s] -- Installing: /home/hjpark/dev_hjp/ROS2/storagy-repo-1/i6robotics/install/guiding_services/include/guiding_services/guiding_services/msg/rosidl_typesupport_fastrtps_cpp__visibility_control.h
[3.460s] -- Installing: /home/hjpark/dev_hjp/ROS2/storagy-repo-1/i6robotics/install/guiding_services/lib/libguiding_services__rosidl_typesupport_fastrtps_cpp.so
[3.461s] -- Set runtime path of "/home/hjpark/dev_hjp/ROS2/storagy-repo-1/i6robotics/install/guiding_services/lib/libguiding_services__rosidl_typesupport_fastrtps_cpp.so" to ""
[3.462s] -- Up-to-date: /home/hjpark/dev_hjp/ROS2/storagy-repo-1/i6robotics/install/guiding_services/include/guiding_services/guiding_services
[3.463s] -- Up-to-date: /home/hjpark/dev_hjp/ROS2/storagy-repo-1/i6robotics/install/guiding_services/include/guiding_services/guiding_services/srv
[3.464s] -- Up-to-date: /home/hjpark/dev_hjp/ROS2/storagy-repo-1/i6robotics/install/guiding_services/include/guiding_services/guiding_services/srv/detail
[3.465s] -- Installing: /home/hjpark/dev_hjp/ROS2/storagy-repo-1/i6robotics/install/guiding_services/include/guiding_services/guiding_services/srv/detail/set_goal_choice__type_support.cpp
[3.466s] -- Installing: /home/hjpark/dev_hjp/ROS2/storagy-repo-1/i6robotics/install/guiding_services/include/guiding_services/guiding_services/srv/detail/set_goal_choice__rosidl_typesupport_introspection_cpp.hpp
[3.466s] -- Installing: /home/hjpark/dev_hjp/ROS2/storagy-repo-1/i6robotics/install/guiding_services/lib/libguiding_services__rosidl_typesupport_introspection_cpp.so
[3.469s] -- Set runtime path of "/home/hjpark/dev_hjp/ROS2/storagy-repo-1/i6robotics/install/guiding_services/lib/libguiding_services__rosidl_typesupport_introspection_cpp.so" to ""
[3.469s] -- Installing: /home/hjpark/dev_hjp/ROS2/storagy-repo-1/i6robotics/install/guiding_services/lib/libguiding_services__rosidl_typesupport_cpp.so
[3.469s] -- Set runtime path of "/home/hjpark/dev_hjp/ROS2/storagy-repo-1/i6robotics/install/guiding_services/lib/libguiding_services__rosidl_typesupport_cpp.so" to ""
[3.470s] -- Installing: /home/hjpark/dev_hjp/ROS2/storagy-repo-1/i6robotics/install/guiding_services/share/guiding_services/environment/pythonpath.sh
[3.470s] -- Installing: /home/hjpark/dev_hjp/ROS2/storagy-repo-1/i6robotics/install/guiding_services/share/guiding_services/environment/pythonpath.dsv
[3.470s] -- Installing: /home/hjpark/dev_hjp/ROS2/storagy-repo-1/i6robotics/install/guiding_services/local/lib/python3.10/dist-packages/guiding_services-0.0.0-py3.10.egg-info
[3.470s] -- Installing: /home/hjpark/dev_hjp/ROS2/storagy-repo-1/i6robotics/install/guiding_services/local/lib/python3.10/dist-packages/guiding_services-0.0.0-py3.10.egg-info/top_level.txt
[3.470s] -- Installing: /home/hjpark/dev_hjp/ROS2/storagy-repo-1/i6robotics/install/guiding_services/local/lib/python3.10/dist-packages/guiding_services-0.0.0-py3.10.egg-info/dependency_links.txt
[3.470s] -- Installing: /home/hjpark/dev_hjp/ROS2/storagy-repo-1/i6robotics/install/guiding_services/local/lib/python3.10/dist-packages/guiding_services-0.0.0-py3.10.egg-info/PKG-INFO
[3.471s] -- Installing: /home/hjpark/dev_hjp/ROS2/storagy-repo-1/i6robotics/install/guiding_services/local/lib/python3.10/dist-packages/guiding_services-0.0.0-py3.10.egg-info/SOURCES.txt
[3.471s] -- Installing: /home/hjpark/dev_hjp/ROS2/storagy-repo-1/i6robotics/install/guiding_services/local/lib/python3.10/dist-packages/guiding_services
[3.471s] -- Installing: /home/hjpark/dev_hjp/ROS2/storagy-repo-1/i6robotics/install/guiding_services/local/lib/python3.10/dist-packages/guiding_services/_guiding_services_s.ep.rosidl_typesupport_c.c
[3.471s] -- Installing: /home/hjpark/dev_hjp/ROS2/storagy-repo-1/i6robotics/install/guiding_services/local/lib/python3.10/dist-packages/guiding_services/libguiding_services__rosidl_generator_py.so
[3.471s] -- Installing: /home/hjpark/dev_hjp/ROS2/storagy-repo-1/i6robotics/install/guiding_services/local/lib/python3.10/dist-packages/guiding_services/srv
[3.471s] -- Installing: /home/hjpark/dev_hjp/ROS2/storagy-repo-1/i6robotics/install/guiding_services/local/lib/python3.10/dist-packages/guiding_services/srv/_set_goal_choice_s.c
[3.471s] -- Installing: /home/hjpark/dev_hjp/ROS2/storagy-repo-1/i6robotics/install/guiding_services/local/lib/python3.10/dist-packages/guiding_services/srv/_set_goal_choice.py
[3.472s] -- Installing: /home/hjpark/dev_hjp/ROS2/storagy-repo-1/i6robotics/install/guiding_services/local/lib/python3.10/dist-packages/guiding_services/srv/__init__.py
[3.472s] -- Installing: /home/hjpark/dev_hjp/ROS2/storagy-repo-1/i6robotics/install/guiding_services/local/lib/python3.10/dist-packages/guiding_services/guiding_services_s__rosidl_typesupport_fastrtps_c.cpython-310-x86_64-linux-gnu.so
[3.472s] -- Installing: /home/hjpark/dev_hjp/ROS2/storagy-repo-1/i6robotics/install/guiding_services/local/lib/python3.10/dist-packages/guiding_services/_guiding_services_s.ep.rosidl_typesupport_fastrtps_c.c
[3.472s] -- Installing: /home/hjpark/dev_hjp/ROS2/storagy-repo-1/i6robotics/install/guiding_services/local/lib/python3.10/dist-packages/guiding_services/guiding_services_s__rosidl_typesupport_introspection_c.cpython-310-x86_64-linux-gnu.so
[3.472s] -- Installing: /home/hjpark/dev_hjp/ROS2/storagy-repo-1/i6robotics/install/guiding_services/local/lib/python3.10/dist-packages/guiding_services/guiding_services_s__rosidl_typesupport_c.cpython-310-x86_64-linux-gnu.so
[3.473s] -- Installing: /home/hjpark/dev_hjp/ROS2/storagy-repo-1/i6robotics/install/guiding_services/local/lib/python3.10/dist-packages/guiding_services/_guiding_services_s.ep.rosidl_typesupport_introspection_c.c
[3.473s] -- Installing: /home/hjpark/dev_hjp/ROS2/storagy-repo-1/i6robotics/install/guiding_services/local/lib/python3.10/dist-packages/guiding_services/__init__.py
[3.548s] Listing '/home/hjpark/dev_hjp/ROS2/storagy-repo-1/i6robotics/install/guiding_services/local/lib/python3.10/dist-packages/guiding_services'...
[3.549s] Compiling '/home/hjpark/dev_hjp/ROS2/storagy-repo-1/i6robotics/install/guiding_services/local/lib/python3.10/dist-packages/guiding_services/__init__.py'...
[3.549s] Listing '/home/hjpark/dev_hjp/ROS2/storagy-repo-1/i6robotics/install/guiding_services/local/lib/python3.10/dist-packages/guiding_services/srv'...
[3.549s] Compiling '/home/hjpark/dev_hjp/ROS2/storagy-repo-1/i6robotics/install/guiding_services/local/lib/python3.10/dist-packages/guiding_services/srv/__init__.py'...
[3.549s] Compiling '/home/hjpark/dev_hjp/ROS2/storagy-repo-1/i6robotics/install/guiding_services/local/lib/python3.10/dist-packages/guiding_services/srv/_set_goal_choice.py'...
[3.557s] -- Installing: /home/hjpark/dev_hjp/ROS2/storagy-repo-1/i6robotics/install/guiding_services/local/lib/python3.10/dist-packages/guiding_services/guiding_services_s__rosidl_typesupport_fastrtps_c.cpython-310-x86_64-linux-gnu.so
[3.557s] -- Set runtime path of "/home/hjpark/dev_hjp/ROS2/storagy-repo-1/i6robotics/install/guiding_services/local/lib/python3.10/dist-packages/guiding_services/guiding_services_s__rosidl_typesupport_fastrtps_c.cpython-310-x86_64-linux-gnu.so" to ""
[3.557s] -- Installing: /home/hjpark/dev_hjp/ROS2/storagy-repo-1/i6robotics/install/guiding_services/local/lib/python3.10/dist-packages/guiding_services/guiding_services_s__rosidl_typesupport_introspection_c.cpython-310-x86_64-linux-gnu.so
[3.557s] -- Set runtime path of "/home/hjpark/dev_hjp/ROS2/storagy-repo-1/i6robotics/install/guiding_services/local/lib/python3.10/dist-packages/guiding_services/guiding_services_s__rosidl_typesupport_introspection_c.cpython-310-x86_64-linux-gnu.so" to ""
[3.558s] -- Installing: /home/hjpark/dev_hjp/ROS2/storagy-repo-1/i6robotics/install/guiding_services/local/lib/python3.10/dist-packages/guiding_services/guiding_services_s__rosidl_typesupport_c.cpython-310-x86_64-linux-gnu.so
[3.558s] -- Set runtime path of "/home/hjpark/dev_hjp/ROS2/storagy-repo-1/i6robotics/install/guiding_services/local/lib/python3.10/dist-packages/guiding_services/guiding_services_s__rosidl_typesupport_c.cpython-310-x86_64-linux-gnu.so" to ""
[3.558s] -- Installing: /home/hjpark/dev_hjp/ROS2/storagy-repo-1/i6robotics/install/guiding_services/lib/libguiding_services__rosidl_generator_py.so
[3.567s] -- Set runtime path of "/home/hjpark/dev_hjp/ROS2/storagy-repo-1/i6robotics/install/guiding_services/lib/libguiding_services__rosidl_generator_py.so" to ""
[3.567s] -- Installing: /home/hjpark/dev_hjp/ROS2/storagy-repo-1/i6robotics/install/guiding_services/share/guiding_services/srv/SetGoalChoice.idl
[3.567s] -- Installing: /home/hjpark/dev_hjp/ROS2/storagy-repo-1/i6robotics/install/guiding_services/share/guiding_services/srv/SetGoalChoice.srv
[3.568s] -- Installing: /home/hjpark/dev_hjp/ROS2/storagy-repo-1/i6robotics/install/guiding_services/share/guiding_services/srv/SetGoalChoice_Request.msg
[3.568s] -- Installing: /home/hjpark/dev_hjp/ROS2/storagy-repo-1/i6robotics/install/guiding_services/share/guiding_services/srv/SetGoalChoice_Response.msg
[3.568s] -- Installing: /home/hjpark/dev_hjp/ROS2/storagy-repo-1/i6robotics/install/guiding_services/share/ament_index/resource_index/package_run_dependencies/guiding_services
[3.569s] -- Installing: /home/hjpark/dev_hjp/ROS2/storagy-repo-1/i6robotics/install/guiding_services/share/ament_index/resource_index/parent_prefix_path/guiding_services
[3.570s] -- Installing: /home/hjpark/dev_hjp/ROS2/storagy-repo-1/i6robotics/install/guiding_services/share/guiding_services/environment/ament_prefix_path.sh
[3.570s] -- Installing: /home/hjpark/dev_hjp/ROS2/storagy-repo-1/i6robotics/install/guiding_services/share/guiding_services/environment/ament_prefix_path.dsv
[3.570s] -- Installing: /home/hjpark/dev_hjp/ROS2/storagy-repo-1/i6robotics/install/guiding_services/share/guiding_services/environment/path.sh
[3.571s] -- Installing: /home/hjpark/dev_hjp/ROS2/storagy-repo-1/i6robotics/install/guiding_services/share/guiding_services/environment/path.dsv
[3.571s] -- Installing: /home/hjpark/dev_hjp/ROS2/storagy-repo-1/i6robotics/install/guiding_services/share/guiding_services/local_setup.bash
[3.571s] -- Installing: /home/hjpark/dev_hjp/ROS2/storagy-repo-1/i6robotics/install/guiding_services/share/guiding_services/local_setup.sh
[3.572s] -- Installing: /home/hjpark/dev_hjp/ROS2/storagy-repo-1/i6robotics/install/guiding_services/share/guiding_services/local_setup.zsh
[3.572s] -- Installing: /home/hjpark/dev_hjp/ROS2/storagy-repo-1/i6robotics/install/guiding_services/share/guiding_services/local_setup.dsv
[3.573s] -- Installing: /home/hjpark/dev_hjp/ROS2/storagy-repo-1/i6robotics/install/guiding_services/share/guiding_services/package.dsv
[3.573s] -- Installing: /home/hjpark/dev_hjp/ROS2/storagy-repo-1/i6robotics/install/guiding_services/share/ament_index/resource_index/packages/guiding_services
[3.573s] -- Installing: /home/hjpark/dev_hjp/ROS2/storagy-repo-1/i6robotics/install/guiding_services/share/guiding_services/cmake/export_guiding_services__rosidl_generator_cExport.cmake
[3.574s] -- Installing: /home/hjpark/dev_hjp/ROS2/storagy-repo-1/i6robotics/install/guiding_services/share/guiding_services/cmake/export_guiding_services__rosidl_generator_cExport-noconfig.cmake
[3.574s] -- Installing: /home/hjpark/dev_hjp/ROS2/storagy-repo-1/i6robotics/install/guiding_services/share/guiding_services/cmake/export_guiding_services__rosidl_typesupport_fastrtps_cExport.cmake
[3.579s] -- Installing: /home/hjpark/dev_hjp/ROS2/storagy-repo-1/i6robotics/install/guiding_services/share/guiding_services/cmake/export_guiding_services__rosidl_typesupport_fastrtps_cExport-noconfig.cmake
[3.580s] -- Installing: /home/hjpark/dev_hjp/ROS2/storagy-repo-1/i6robotics/install/guiding_services/share/guiding_services/cmake/guiding_services__rosidl_typesupport_introspection_cExport.cmake
[3.580s] -- Installing: /home/hjpark/dev_hjp/ROS2/storagy-repo-1/i6robotics/install/guiding_services/share/guiding_services/cmake/guiding_services__rosidl_typesupport_introspection_cExport-noconfig.cmake
[3.582s] -- Installing: /home/hjpark/dev_hjp/ROS2/storagy-repo-1/i6robotics/install/guiding_services/share/guiding_services/cmake/guiding_services__rosidl_typesupport_cExport.cmake
[3.582s] -- Installing: /home/hjpark/dev_hjp/ROS2/storagy-repo-1/i6robotics/install/guiding_services/share/guiding_services/cmake/guiding_services__rosidl_typesupport_cExport-noconfig.cmake
[3.582s] -- Installing: /home/hjpark/dev_hjp/ROS2/storagy-repo-1/i6robotics/install/guiding_services/share/guiding_services/cmake/export_guiding_services__rosidl_generator_cppExport.cmake
[3.583s] -- Installing: /home/hjpark/dev_hjp/ROS2/storagy-repo-1/i6robotics/install/guiding_services/share/guiding_services/cmake/export_guiding_services__rosidl_typesupport_fastrtps_cppExport.cmake
[3.583s] -- Installing: /home/hjpark/dev_hjp/ROS2/storagy-repo-1/i6robotics/install/guiding_services/share/guiding_services/cmake/export_guiding_services__rosidl_typesupport_fastrtps_cppExport-noconfig.cmake
[3.583s] -- Installing: /home/hjpark/dev_hjp/ROS2/storagy-repo-1/i6robotics/install/guiding_services/share/guiding_services/cmake/guiding_services__rosidl_typesupport_introspection_cppExport.cmake
[3.584s] -- Installing: /home/hjpark/dev_hjp/ROS2/storagy-repo-1/i6robotics/install/guiding_services/share/guiding_services/cmake/guiding_services__rosidl_typesupport_introspection_cppExport-noconfig.cmake
[3.584s] -- Installing: /home/hjpark/dev_hjp/ROS2/storagy-repo-1/i6robotics/install/guiding_services/share/guiding_services/cmake/guiding_services__rosidl_typesupport_cppExport.cmake
[3.584s] -- Installing: /home/hjpark/dev_hjp/ROS2/storagy-repo-1/i6robotics/install/guiding_services/share/guiding_services/cmake/guiding_services__rosidl_typesupport_cppExport-noconfig.cmake
[3.585s] -- Installing: /home/hjpark/dev_hjp/ROS2/storagy-repo-1/i6robotics/install/guiding_services/share/guiding_services/cmake/export_guiding_services__rosidl_generator_pyExport.cmake
[3.585s] -- Installing: /home/hjpark/dev_hjp/ROS2/storagy-repo-1/i6robotics/install/guiding_services/share/guiding_services/cmake/export_guiding_services__rosidl_generator_pyExport-noconfig.cmake
[3.586s] -- Installing: /home/hjpark/dev_hjp/ROS2/storagy-repo-1/i6robotics/install/guiding_services/share/guiding_services/cmake/rosidl_cmake-extras.cmake
[3.587s] -- Installing: /home/hjpark/dev_hjp/ROS2/storagy-repo-1/i6robotics/install/guiding_services/share/guiding_services/cmake/ament_cmake_export_dependencies-extras.cmake
[3.587s] -- Installing: /home/hjpark/dev_hjp/ROS2/storagy-repo-1/i6robotics/install/guiding_services/share/guiding_services/cmake/ament_cmake_export_include_directories-extras.cmake
[3.587s] -- Installing: /home/hjpark/dev_hjp/ROS2/storagy-repo-1/i6robotics/install/guiding_services/share/guiding_services/cmake/ament_cmake_export_libraries-extras.cmake
[3.587s] -- Installing: /home/hjpark/dev_hjp/ROS2/storagy-repo-1/i6robotics/install/guiding_services/share/guiding_services/cmake/ament_cmake_export_targets-extras.cmake
[3.588s] -- Installing: /home/hjpark/dev_hjp/ROS2/storagy-repo-1/i6robotics/install/guiding_services/share/guiding_services/cmake/rosidl_cmake_export_typesupport_targets-extras.cmake
[3.588s] -- Installing: /home/hjpark/dev_hjp/ROS2/storagy-repo-1/i6robotics/install/guiding_services/share/guiding_services/cmake/rosidl_cmake_export_typesupport_libraries-extras.cmake
[3.589s] -- Installing: /home/hjpark/dev_hjp/ROS2/storagy-repo-1/i6robotics/install/guiding_services/share/guiding_services/cmake/guiding_servicesConfig.cmake
[3.589s] -- Installing: /home/hjpark/dev_hjp/ROS2/storagy-repo-1/i6robotics/install/guiding_services/share/guiding_services/cmake/guiding_servicesConfig-version.cmake
[3.589s] -- Installing: /home/hjpark/dev_hjp/ROS2/storagy-repo-1/i6robotics/install/guiding_services/share/guiding_services/package.xml
[3.600s] Invoked command in '/home/hjpark/dev_hjp/ROS2/storagy-repo-1/i6robotics/build/guiding_services' returned '0': CMAKE_PREFIX_PATH=/opt/ros/humble /usr/bin/cmake --install /home/hjpark/dev_hjp/ROS2/storagy-repo-1/i6robotics/build/guiding_services
