[0.816s] Invoking command in '/home/hjpark/dev_hjp/ROS2/storagy-repo-1/i6robotics/build/i6robotics_msgs': /usr/bin/cmake --build /home/hjpark/dev_hjp/ROS2/storagy-repo-1/i6robotics/build/i6robotics_msgs -- -j16 -l16
[0.861s] Invoked command in '/home/hjpark/dev_hjp/ROS2/storagy-repo-1/i6robotics/build/i6robotics_msgs' returned '0': /usr/bin/cmake --build /home/hjpark/dev_hjp/ROS2/storagy-repo-1/i6robotics/build/i6robotics_msgs -- -j16 -l16
[0.863s] Invoking command in '/home/hjpark/dev_hjp/ROS2/storagy-repo-1/i6robotics/build/i6robotics_msgs': /usr/bin/cmake --install /home/hjpark/dev_hjp/ROS2/storagy-repo-1/i6robotics/build/i6robotics_msgs
[0.866s] -- Install configuration: ""
[0.866s] -- Up-to-date: /home/hjpark/dev_hjp/ROS2/storagy-repo-1/i6robotics/install/i6robotics_msgs/share/ament_index/resource_index/package_run_dependencies/i6robotics_msgs
[0.866s] -- Up-to-date: /home/hjpark/dev_hjp/ROS2/storagy-repo-1/i6robotics/install/i6robotics_msgs/share/ament_index/resource_index/parent_prefix_path/i6robotics_msgs
[0.867s] -- Up-to-date: /home/hjpark/dev_hjp/ROS2/storagy-repo-1/i6robotics/install/i6robotics_msgs/share/i6robotics_msgs/environment/ament_prefix_path.sh
[0.867s] -- Up-to-date: /home/hjpark/dev_hjp/ROS2/storagy-repo-1/i6robotics/install/i6robotics_msgs/share/i6robotics_msgs/environment/ament_prefix_path.dsv
[0.867s] -- Up-to-date: /home/hjpark/dev_hjp/ROS2/storagy-repo-1/i6robotics/install/i6robotics_msgs/share/i6robotics_msgs/environment/path.sh
[0.867s] -- Up-to-date: /home/hjpark/dev_hjp/ROS2/storagy-repo-1/i6robotics/install/i6robotics_msgs/share/i6robotics_msgs/environment/path.dsv
[0.867s] -- Up-to-date: /home/hjpark/dev_hjp/ROS2/storagy-repo-1/i6robotics/install/i6robotics_msgs/share/i6robotics_msgs/local_setup.bash
[0.867s] -- Up-to-date: /home/hjpark/dev_hjp/ROS2/storagy-repo-1/i6robotics/install/i6robotics_msgs/share/i6robotics_msgs/local_setup.sh
[0.867s] -- Up-to-date: /home/hjpark/dev_hjp/ROS2/storagy-repo-1/i6robotics/install/i6robotics_msgs/share/i6robotics_msgs/local_setup.zsh
[0.867s] -- Up-to-date: /home/hjpark/dev_hjp/ROS2/storagy-repo-1/i6robotics/install/i6robotics_msgs/share/i6robotics_msgs/local_setup.dsv
[0.868s] -- Up-to-date: /home/hjpark/dev_hjp/ROS2/storagy-repo-1/i6robotics/install/i6robotics_msgs/share/i6robotics_msgs/package.dsv
[0.868s] -- Up-to-date: /home/hjpark/dev_hjp/ROS2/storagy-repo-1/i6robotics/install/i6robotics_msgs/share/ament_index/resource_index/packages/i6robotics_msgs
[0.868s] -- Up-to-date: /home/hjpark/dev_hjp/ROS2/storagy-repo-1/i6robotics/install/i6robotics_msgs/share/i6robotics_msgs/cmake/i6robotics_msgsConfig.cmake
[0.868s] -- Up-to-date: /home/hjpark/dev_hjp/ROS2/storagy-repo-1/i6robotics/install/i6robotics_msgs/share/i6robotics_msgs/cmake/i6robotics_msgsConfig-version.cmake
[0.868s] -- Up-to-date: /home/hjpark/dev_hjp/ROS2/storagy-repo-1/i6robotics/install/i6robotics_msgs/share/i6robotics_msgs/package.xml
[0.870s] Invoked command in '/home/hjpark/dev_hjp/ROS2/storagy-repo-1/i6robotics/build/i6robotics_msgs' returned '0': /usr/bin/cmake --install /home/hjpark/dev_hjp/ROS2/storagy-repo-1/i6robotics/build/i6robotics_msgs
