[1.495s] Invoking command in '/home/hjpark/dev_hjp/ROS2/storagy-repo-1/i6robotics/src/i6robotics_get_data': PYTHONPATH=/home/hjpark/dev_hjp/ROS2/storagy-repo-1/i6robotics/build/i6robotics_get_data/prefix_override:/usr/lib/python3/dist-packages/colcon_core/task/python/colcon_distutils_commands:/home/hjpark/dev_hjp/ROS2/storagy-repo-1/i6robotics/install/i6robotics_get_data/lib/python3.10/site-packages:${PYTHONPATH} /usr/bin/python3 -W ignore:setup.py install is deprecated -W ignore:easy_install command is deprecated setup.py egg_info --egg-base ../../build/i6robotics_get_data build --build-base /home/hjpark/dev_hjp/ROS2/storagy-repo-1/i6robotics/build/i6robotics_get_data/build install --record /home/hjpark/dev_hjp/ROS2/storagy-repo-1/i6robotics/build/i6robotics_get_data/install.log --single-version-externally-managed install_data
[1.706s] running egg_info
[1.706s] writing ../../build/i6robotics_get_data/i6robotics_get_data.egg-info/PKG-INFO
[1.706s] writing dependency_links to ../../build/i6robotics_get_data/i6robotics_get_data.egg-info/dependency_links.txt
[1.707s] writing entry points to ../../build/i6robotics_get_data/i6robotics_get_data.egg-info/entry_points.txt
[1.707s] writing requirements to ../../build/i6robotics_get_data/i6robotics_get_data.egg-info/requires.txt
[1.707s] writing top-level names to ../../build/i6robotics_get_data/i6robotics_get_data.egg-info/top_level.txt
[1.708s] reading manifest file '../../build/i6robotics_get_data/i6robotics_get_data.egg-info/SOURCES.txt'
[1.710s] writing manifest file '../../build/i6robotics_get_data/i6robotics_get_data.egg-info/SOURCES.txt'
[1.710s] running build
[1.710s] running build_py
[1.710s] running install
[1.710s] running install_lib
[1.711s] running install_data
[1.711s] running install_egg_info
[1.713s] removing '/home/hjpark/dev_hjp/ROS2/storagy-repo-1/i6robotics/install/i6robotics_get_data/lib/python3.10/site-packages/i6robotics_get_data-0.0.0-py3.10.egg-info' (and everything under it)
[1.713s] Copying ../../build/i6robotics_get_data/i6robotics_get_data.egg-info to /home/hjpark/dev_hjp/ROS2/storagy-repo-1/i6robotics/install/i6robotics_get_data/lib/python3.10/site-packages/i6robotics_get_data-0.0.0-py3.10.egg-info
[1.714s] running install_scripts
[1.739s] writing list of installed files to '/home/hjpark/dev_hjp/ROS2/storagy-repo-1/i6robotics/build/i6robotics_get_data/install.log'
[1.793s] Invoked command in '/home/hjpark/dev_hjp/ROS2/storagy-repo-1/i6robotics/src/i6robotics_get_data' returned '0': PYTHONPATH=/home/hjpark/dev_hjp/ROS2/storagy-repo-1/i6robotics/build/i6robotics_get_data/prefix_override:/usr/lib/python3/dist-packages/colcon_core/task/python/colcon_distutils_commands:/home/hjpark/dev_hjp/ROS2/storagy-repo-1/i6robotics/install/i6robotics_get_data/lib/python3.10/site-packages:${PYTHONPATH} /usr/bin/python3 -W ignore:setup.py install is deprecated -W ignore:easy_install command is deprecated setup.py egg_info --egg-base ../../build/i6robotics_get_data build --build-base /home/hjpark/dev_hjp/ROS2/storagy-repo-1/i6robotics/build/i6robotics_get_data/build install --record /home/hjpark/dev_hjp/ROS2/storagy-repo-1/i6robotics/build/i6robotics_get_data/install.log --single-version-externally-managed install_data
