/home/hjpark/dev_hjp/ROS2/storagy-repo-1/i6robotics/install/i6robotics_guiding/lib/python3.10/site-packages/i6robotics_guiding/nav2pose_client_test6.py
/home/hjpark/dev_hjp/ROS2/storagy-repo-1/i6robotics/install/i6robotics_guiding/lib/python3.10/site-packages/i6robotics_guiding/rear_camera_publisher3.py
/home/hjpark/dev_hjp/ROS2/storagy-repo-1/i6robotics/install/i6robotics_guiding/lib/python3.10/site-packages/i6robotics_guiding/nav2pose_client_test7.py
/home/hjpark/dev_hjp/ROS2/storagy-repo-1/i6robotics/install/i6robotics_guiding/lib/python3.10/site-packages/i6robotics_guiding/set_goal_choice_client.py
/home/hjpark/dev_hjp/ROS2/storagy-repo-1/i6robotics/install/i6robotics_guiding/lib/python3.10/site-packages/i6robotics_guiding/__init__.py
/home/hjpark/dev_hjp/ROS2/storagy-repo-1/i6robotics/install/i6robotics_guiding/lib/python3.10/site-packages/i6robotics_guiding/__pycache__/nav2pose_client_test6.cpython-310.pyc
/home/hjpark/dev_hjp/ROS2/storagy-repo-1/i6robotics/install/i6robotics_guiding/lib/python3.10/site-packages/i6robotics_guiding/__pycache__/rear_camera_publisher3.cpython-310.pyc
/home/hjpark/dev_hjp/ROS2/storagy-repo-1/i6robotics/install/i6robotics_guiding/lib/python3.10/site-packages/i6robotics_guiding/__pycache__/nav2pose_client_test7.cpython-310.pyc
/home/hjpark/dev_hjp/ROS2/storagy-repo-1/i6robotics/install/i6robotics_guiding/lib/python3.10/site-packages/i6robotics_guiding/__pycache__/set_goal_choice_client.cpython-310.pyc
/home/hjpark/dev_hjp/ROS2/storagy-repo-1/i6robotics/install/i6robotics_guiding/lib/python3.10/site-packages/i6robotics_guiding/__pycache__/__init__.cpython-310.pyc
/home/hjpark/dev_hjp/ROS2/storagy-repo-1/i6robotics/install/i6robotics_guiding/share/ament_index/resource_index/packages/i6robotics_guiding
/home/hjpark/dev_hjp/ROS2/storagy-repo-1/i6robotics/install/i6robotics_guiding/share/i6robotics_guiding/package.xml
/home/hjpark/dev_hjp/ROS2/storagy-repo-1/i6robotics/install/i6robotics_guiding/share/i6robotics_guiding/launch/guiding.launch.py
/home/hjpark/dev_hjp/ROS2/storagy-repo-1/i6robotics/install/i6robotics_guiding/share/i6robotics_guiding/srv/SetGoalChoice.srv
/home/hjpark/dev_hjp/ROS2/storagy-repo-1/i6robotics/install/i6robotics_guiding/lib/python3.10/site-packages/i6robotics_guiding-0.0.1-py3.10.egg-info/zip-safe
/home/hjpark/dev_hjp/ROS2/storagy-repo-1/i6robotics/install/i6robotics_guiding/lib/python3.10/site-packages/i6robotics_guiding-0.0.1-py3.10.egg-info/top_level.txt
/home/hjpark/dev_hjp/ROS2/storagy-repo-1/i6robotics/install/i6robotics_guiding/lib/python3.10/site-packages/i6robotics_guiding-0.0.1-py3.10.egg-info/requires.txt
/home/hjpark/dev_hjp/ROS2/storagy-repo-1/i6robotics/install/i6robotics_guiding/lib/python3.10/site-packages/i6robotics_guiding-0.0.1-py3.10.egg-info/dependency_links.txt
/home/hjpark/dev_hjp/ROS2/storagy-repo-1/i6robotics/install/i6robotics_guiding/lib/python3.10/site-packages/i6robotics_guiding-0.0.1-py3.10.egg-info/PKG-INFO
/home/hjpark/dev_hjp/ROS2/storagy-repo-1/i6robotics/install/i6robotics_guiding/lib/python3.10/site-packages/i6robotics_guiding-0.0.1-py3.10.egg-info/SOURCES.txt
/home/hjpark/dev_hjp/ROS2/storagy-repo-1/i6robotics/install/i6robotics_guiding/lib/python3.10/site-packages/i6robotics_guiding-0.0.1-py3.10.egg-info/entry_points.txt
/home/hjpark/dev_hjp/ROS2/storagy-repo-1/i6robotics/install/i6robotics_guiding/lib/i6robotics_guiding/nav2pose_client_test6
/home/hjpark/dev_hjp/ROS2/storagy-repo-1/i6robotics/install/i6robotics_guiding/lib/i6robotics_guiding/nav2pose_client_test7
/home/hjpark/dev_hjp/ROS2/storagy-repo-1/i6robotics/install/i6robotics_guiding/lib/i6robotics_guiding/rear_camera_publisher3
/home/hjpark/dev_hjp/ROS2/storagy-repo-1/i6robotics/install/i6robotics_guiding/lib/i6robotics_guiding/set_goal_choice_client
