[0.982s] Invoking command in '/home/hjpark/dev_hjp/ROS2/storagy-repo-1/i6robotics/build/i6robotics_msgs': CMAKE_PREFIX_PATH=/opt/ros/humble /usr/bin/cmake --build /home/hjpark/dev_hjp/ROS2/storagy-repo-1/i6robotics/build/i6robotics_msgs -- -j16 -l16
[1.030s] Invoked command in '/home/hjpark/dev_hjp/ROS2/storagy-repo-1/i6robotics/build/i6robotics_msgs' returned '0': CMAKE_PREFIX_PATH=/opt/ros/humble /usr/bin/cmake --build /home/hjpark/dev_hjp/ROS2/storagy-repo-1/i6robotics/build/i6robotics_msgs -- -j16 -l16
[1.032s] Invoking command in '/home/hjpark/dev_hjp/ROS2/storagy-repo-1/i6robotics/build/i6robotics_msgs': CMAKE_PREFIX_PATH=/opt/ros/humble /usr/bin/cmake --install /home/hjpark/dev_hjp/ROS2/storagy-repo-1/i6robotics/build/i6robotics_msgs
[1.040s] -- Install configuration: ""
[1.041s] -- Up-to-date: /home/hjpark/dev_hjp/ROS2/storagy-repo-1/i6robotics/install/i6robotics_msgs/share/ament_index/resource_index/package_run_dependencies/i6robotics_msgs
[1.041s] -- Up-to-date: /home/hjpark/dev_hjp/ROS2/storagy-repo-1/i6robotics/install/i6robotics_msgs/share/ament_index/resource_index/parent_prefix_path/i6robotics_msgs
[1.041s] -- Up-to-date: /home/hjpark/dev_hjp/ROS2/storagy-repo-1/i6robotics/install/i6robotics_msgs/share/i6robotics_msgs/environment/ament_prefix_path.sh
[1.041s] -- Up-to-date: /home/hjpark/dev_hjp/ROS2/storagy-repo-1/i6robotics/install/i6robotics_msgs/share/i6robotics_msgs/environment/ament_prefix_path.dsv
[1.041s] -- Up-to-date: /home/hjpark/dev_hjp/ROS2/storagy-repo-1/i6robotics/install/i6robotics_msgs/share/i6robotics_msgs/environment/path.sh
[1.041s] -- Up-to-date: /home/hjpark/dev_hjp/ROS2/storagy-repo-1/i6robotics/install/i6robotics_msgs/share/i6robotics_msgs/environment/path.dsv
[1.041s] -- Up-to-date: /home/hjpark/dev_hjp/ROS2/storagy-repo-1/i6robotics/install/i6robotics_msgs/share/i6robotics_msgs/local_setup.bash
[1.041s] -- Up-to-date: /home/hjpark/dev_hjp/ROS2/storagy-repo-1/i6robotics/install/i6robotics_msgs/share/i6robotics_msgs/local_setup.sh
[1.041s] -- Up-to-date: /home/hjpark/dev_hjp/ROS2/storagy-repo-1/i6robotics/install/i6robotics_msgs/share/i6robotics_msgs/local_setup.zsh
[1.041s] -- Up-to-date: /home/hjpark/dev_hjp/ROS2/storagy-repo-1/i6robotics/install/i6robotics_msgs/share/i6robotics_msgs/local_setup.dsv
[1.041s] -- Installing: /home/hjpark/dev_hjp/ROS2/storagy-repo-1/i6robotics/install/i6robotics_msgs/share/i6robotics_msgs/package.dsv
[1.042s] -- Up-to-date: /home/hjpark/dev_hjp/ROS2/storagy-repo-1/i6robotics/install/i6robotics_msgs/share/ament_index/resource_index/packages/i6robotics_msgs
[1.042s] -- Up-to-date: /home/hjpark/dev_hjp/ROS2/storagy-repo-1/i6robotics/install/i6robotics_msgs/share/i6robotics_msgs/cmake/i6robotics_msgsConfig.cmake
[1.042s] -- Up-to-date: /home/hjpark/dev_hjp/ROS2/storagy-repo-1/i6robotics/install/i6robotics_msgs/share/i6robotics_msgs/cmake/i6robotics_msgsConfig-version.cmake
[1.042s] -- Up-to-date: /home/hjpark/dev_hjp/ROS2/storagy-repo-1/i6robotics/install/i6robotics_msgs/share/i6robotics_msgs/package.xml
[1.043s] Invoked command in '/home/hjpark/dev_hjp/ROS2/storagy-repo-1/i6robotics/build/i6robotics_msgs' returned '0': CMAKE_PREFIX_PATH=/opt/ros/humble /usr/bin/cmake --install /home/hjpark/dev_hjp/ROS2/storagy-repo-1/i6robotics/build/i6robotics_msgs
