[1.402s] Invoking command in '/home/hjpark/dev_hjp/ROS2/storagy-repo-1/i6robotics/src/i6robotics_data_processing': PYTHONPATH=/home/hjpark/dev_hjp/ROS2/storagy-repo-1/i6robotics/build/i6robotics_data_processing/prefix_override:/usr/lib/python3/dist-packages/colcon_core/task/python/colcon_distutils_commands:/home/hjpark/dev_hjp/ROS2/storagy-repo-1/i6robotics/install/i6robotics_data_processing/lib/python3.10/site-packages:${PYTHONPATH} /usr/bin/python3 -W ignore:setup.py install is deprecated -W ignore:easy_install command is deprecated setup.py egg_info --egg-base ../../build/i6robotics_data_processing build --build-base /home/hjpark/dev_hjp/ROS2/storagy-repo-1/i6robotics/build/i6robotics_data_processing/build install --record /home/hjpark/dev_hjp/ROS2/storagy-repo-1/i6robotics/build/i6robotics_data_processing/install.log --single-version-externally-managed install_data
[1.616s] running egg_info
[1.617s] creating ../../build/i6robotics_data_processing/i6robotics_data_processing.egg-info
[1.617s] writing ../../build/i6robotics_data_processing/i6robotics_data_processing.egg-info/PKG-INFO
[1.617s] writing dependency_links to ../../build/i6robotics_data_processing/i6robotics_data_processing.egg-info/dependency_links.txt
[1.617s] writing entry points to ../../build/i6robotics_data_processing/i6robotics_data_processing.egg-info/entry_points.txt
[1.617s] writing requirements to ../../build/i6robotics_data_processing/i6robotics_data_processing.egg-info/requires.txt
[1.617s] writing top-level names to ../../build/i6robotics_data_processing/i6robotics_data_processing.egg-info/top_level.txt
[1.618s] writing manifest file '../../build/i6robotics_data_processing/i6robotics_data_processing.egg-info/SOURCES.txt'
[1.619s] reading manifest file '../../build/i6robotics_data_processing/i6robotics_data_processing.egg-info/SOURCES.txt'
[1.620s] writing manifest file '../../build/i6robotics_data_processing/i6robotics_data_processing.egg-info/SOURCES.txt'
[1.620s] running build
[1.620s] running build_py
[1.620s] creating /home/hjpark/dev_hjp/ROS2/storagy-repo-1/i6robotics/build/i6robotics_data_processing/build
[1.620s] creating /home/hjpark/dev_hjp/ROS2/storagy-repo-1/i6robotics/build/i6robotics_data_processing/build/lib
[1.620s] creating /home/hjpark/dev_hjp/ROS2/storagy-repo-1/i6robotics/build/i6robotics_data_processing/build/lib/i6robotics_data_processing
[1.621s] copying i6robotics_data_processing/__init__.py -> /home/hjpark/dev_hjp/ROS2/storagy-repo-1/i6robotics/build/i6robotics_data_processing/build/lib/i6robotics_data_processing
[1.621s] running install
[1.621s] running install_lib
[1.622s] creating /home/hjpark/dev_hjp/ROS2/storagy-repo-1/i6robotics/install/i6robotics_data_processing/lib/python3.10/site-packages/i6robotics_data_processing
[1.622s] copying /home/hjpark/dev_hjp/ROS2/storagy-repo-1/i6robotics/build/i6robotics_data_processing/build/lib/i6robotics_data_processing/__init__.py -> /home/hjpark/dev_hjp/ROS2/storagy-repo-1/i6robotics/install/i6robotics_data_processing/lib/python3.10/site-packages/i6robotics_data_processing
[1.622s] byte-compiling /home/hjpark/dev_hjp/ROS2/storagy-repo-1/i6robotics/install/i6robotics_data_processing/lib/python3.10/site-packages/i6robotics_data_processing/__init__.py to __init__.cpython-310.pyc
[1.622s] running install_data
[1.622s] creating /home/hjpark/dev_hjp/ROS2/storagy-repo-1/i6robotics/install/i6robotics_data_processing/share/ament_index
[1.622s] creating /home/hjpark/dev_hjp/ROS2/storagy-repo-1/i6robotics/install/i6robotics_data_processing/share/ament_index/resource_index
[1.622s] creating /home/hjpark/dev_hjp/ROS2/storagy-repo-1/i6robotics/install/i6robotics_data_processing/share/ament_index/resource_index/packages
[1.623s] copying resource/i6robotics_data_processing -> /home/hjpark/dev_hjp/ROS2/storagy-repo-1/i6robotics/install/i6robotics_data_processing/share/ament_index/resource_index/packages
[1.623s] copying package.xml -> /home/hjpark/dev_hjp/ROS2/storagy-repo-1/i6robotics/install/i6robotics_data_processing/share/i6robotics_data_processing
[1.623s] running install_egg_info
[1.626s] Copying ../../build/i6robotics_data_processing/i6robotics_data_processing.egg-info to /home/hjpark/dev_hjp/ROS2/storagy-repo-1/i6robotics/install/i6robotics_data_processing/lib/python3.10/site-packages/i6robotics_data_processing-0.0.0-py3.10.egg-info
[1.626s] running install_scripts
[1.644s] writing list of installed files to '/home/hjpark/dev_hjp/ROS2/storagy-repo-1/i6robotics/build/i6robotics_data_processing/install.log'
[1.699s] Invoked command in '/home/hjpark/dev_hjp/ROS2/storagy-repo-1/i6robotics/src/i6robotics_data_processing' returned '0': PYTHONPATH=/home/hjpark/dev_hjp/ROS2/storagy-repo-1/i6robotics/build/i6robotics_data_processing/prefix_override:/usr/lib/python3/dist-packages/colcon_core/task/python/colcon_distutils_commands:/home/hjpark/dev_hjp/ROS2/storagy-repo-1/i6robotics/install/i6robotics_data_processing/lib/python3.10/site-packages:${PYTHONPATH} /usr/bin/python3 -W ignore:setup.py install is deprecated -W ignore:easy_install command is deprecated setup.py egg_info --egg-base ../../build/i6robotics_data_processing build --build-base /home/hjpark/dev_hjp/ROS2/storagy-repo-1/i6robotics/build/i6robotics_data_processing/build install --record /home/hjpark/dev_hjp/ROS2/storagy-repo-1/i6robotics/build/i6robotics_data_processing/install.log --single-version-externally-managed install_data
