[0.996s] Invoking command in '/home/hjpark/dev_hjp/ROS2/storagy-repo-1/i6robotics/build/i6robotics_msgs': CMAKE_PREFIX_PATH=/opt/ros/humble /usr/bin/cmake /home/hjpark/dev_hjp/ROS2/storagy-repo-1/i6robotics/src/i6robotics_msgs -DCMAKE_INSTALL_PREFIX=/home/hjpark/dev_hjp/ROS2/storagy-repo-1/i6robotics/install/i6robotics_msgs
[1.045s] -- The C compiler identification is GNU 11.4.0
[1.102s] -- The CXX compiler identification is GNU 11.4.0
[1.109s] -- Detecting C compiler ABI info
[1.180s] -- Detecting C compiler ABI info - done
[1.186s] -- Check for working C compiler: /usr/bin/cc - skipped
[1.186s] -- Detecting C compile features
[1.187s] -- Detecting C compile features - done
[1.189s] -- Detecting CXX compiler ABI info
[1.272s] -- Detecting CXX compiler ABI info - done
[1.283s] -- Check for working CXX compiler: /usr/bin/c++ - skipped
[1.283s] -- Detecting CXX compile features
[1.284s] -- Detecting CXX compile features - done
[1.287s] -- Found ament_cmake: 1.3.11 (/opt/ros/humble/share/ament_cmake/cmake)
[1.434s] -- Found Python3: /usr/bin/python3 (found version "3.10.12") found components: Interpreter 
[1.516s] -- Found ament_lint_auto: 0.12.11 (/opt/ros/humble/share/ament_lint_auto/cmake)
[1.589s] -- Added test 'lint_cmake' to check CMake code style
[1.590s] -- Added test 'xmllint' to check XML markup files
[1.592s] -- Configuring done
[1.596s] -- Generating done
[1.599s] -- Build files have been written to: /home/hjpark/dev_hjp/ROS2/storagy-repo-1/i6robotics/build/i6robotics_msgs
[1.606s] Invoked command in '/home/hjpark/dev_hjp/ROS2/storagy-repo-1/i6robotics/build/i6robotics_msgs' returned '0': CMAKE_PREFIX_PATH=/opt/ros/humble /usr/bin/cmake /home/hjpark/dev_hjp/ROS2/storagy-repo-1/i6robotics/src/i6robotics_msgs -DCMAKE_INSTALL_PREFIX=/home/hjpark/dev_hjp/ROS2/storagy-repo-1/i6robotics/install/i6robotics_msgs
[1.607s] Invoking command in '/home/hjpark/dev_hjp/ROS2/storagy-repo-1/i6robotics/build/i6robotics_msgs': CMAKE_PREFIX_PATH=/opt/ros/humble /usr/bin/cmake --build /home/hjpark/dev_hjp/ROS2/storagy-repo-1/i6robotics/build/i6robotics_msgs -- -j16 -l16
[1.655s] Invoked command in '/home/hjpark/dev_hjp/ROS2/storagy-repo-1/i6robotics/build/i6robotics_msgs' returned '0': CMAKE_PREFIX_PATH=/opt/ros/humble /usr/bin/cmake --build /home/hjpark/dev_hjp/ROS2/storagy-repo-1/i6robotics/build/i6robotics_msgs -- -j16 -l16
[1.669s] Invoking command in '/home/hjpark/dev_hjp/ROS2/storagy-repo-1/i6robotics/build/i6robotics_msgs': CMAKE_PREFIX_PATH=/opt/ros/humble /usr/bin/cmake --install /home/hjpark/dev_hjp/ROS2/storagy-repo-1/i6robotics/build/i6robotics_msgs
[1.678s] -- Install configuration: ""
[1.678s] -- Installing: /home/hjpark/dev_hjp/ROS2/storagy-repo-1/i6robotics/install/i6robotics_msgs/share/ament_index/resource_index/package_run_dependencies/i6robotics_msgs
[1.679s] -- Installing: /home/hjpark/dev_hjp/ROS2/storagy-repo-1/i6robotics/install/i6robotics_msgs/share/ament_index/resource_index/parent_prefix_path/i6robotics_msgs
[1.679s] -- Installing: /home/hjpark/dev_hjp/ROS2/storagy-repo-1/i6robotics/install/i6robotics_msgs/share/i6robotics_msgs/environment/ament_prefix_path.sh
[1.679s] -- Installing: /home/hjpark/dev_hjp/ROS2/storagy-repo-1/i6robotics/install/i6robotics_msgs/share/i6robotics_msgs/environment/ament_prefix_path.dsv
[1.679s] -- Installing: /home/hjpark/dev_hjp/ROS2/storagy-repo-1/i6robotics/install/i6robotics_msgs/share/i6robotics_msgs/environment/path.sh
[1.679s] -- Installing: /home/hjpark/dev_hjp/ROS2/storagy-repo-1/i6robotics/install/i6robotics_msgs/share/i6robotics_msgs/environment/path.dsv
[1.679s] -- Installing: /home/hjpark/dev_hjp/ROS2/storagy-repo-1/i6robotics/install/i6robotics_msgs/share/i6robotics_msgs/local_setup.bash
[1.680s] -- Installing: /home/hjpark/dev_hjp/ROS2/storagy-repo-1/i6robotics/install/i6robotics_msgs/share/i6robotics_msgs/local_setup.sh
[1.680s] -- Installing: /home/hjpark/dev_hjp/ROS2/storagy-repo-1/i6robotics/install/i6robotics_msgs/share/i6robotics_msgs/local_setup.zsh
[1.680s] -- Installing: /home/hjpark/dev_hjp/ROS2/storagy-repo-1/i6robotics/install/i6robotics_msgs/share/i6robotics_msgs/local_setup.dsv
[1.680s] -- Installing: /home/hjpark/dev_hjp/ROS2/storagy-repo-1/i6robotics/install/i6robotics_msgs/share/i6robotics_msgs/package.dsv
[1.680s] -- Installing: /home/hjpark/dev_hjp/ROS2/storagy-repo-1/i6robotics/install/i6robotics_msgs/share/ament_index/resource_index/packages/i6robotics_msgs
[1.680s] -- Installing: /home/hjpark/dev_hjp/ROS2/storagy-repo-1/i6robotics/install/i6robotics_msgs/share/i6robotics_msgs/cmake/i6robotics_msgsConfig.cmake
[1.680s] -- Installing: /home/hjpark/dev_hjp/ROS2/storagy-repo-1/i6robotics/install/i6robotics_msgs/share/i6robotics_msgs/cmake/i6robotics_msgsConfig-version.cmake
[1.680s] -- Installing: /home/hjpark/dev_hjp/ROS2/storagy-repo-1/i6robotics/install/i6robotics_msgs/share/i6robotics_msgs/package.xml
[1.696s] Invoked command in '/home/hjpark/dev_hjp/ROS2/storagy-repo-1/i6robotics/build/i6robotics_msgs' returned '0': CMAKE_PREFIX_PATH=/opt/ros/humble /usr/bin/cmake --install /home/hjpark/dev_hjp/ROS2/storagy-repo-1/i6robotics/build/i6robotics_msgs
