[1.365s] Invoking command in '/home/hjpark/dev_hjp/ROS2/storagy-repo-1/i6robotics/src/i6robotics_get_data': PYTHONPATH=/home/hjpark/dev_hjp/ROS2/storagy-repo-1/i6robotics/build/i6robotics_get_data/prefix_override:/usr/lib/python3/dist-packages/colcon_core/task/python/colcon_distutils_commands:/home/hjpark/dev_hjp/ROS2/storagy-repo-1/i6robotics/install/i6robotics_get_data/lib/python3.10/site-packages:${PYTHONPATH} /usr/bin/python3 -W ignore:setup.py install is deprecated -W ignore:easy_install command is deprecated setup.py egg_info --egg-base ../../build/i6robotics_get_data build --build-base /home/hjpark/dev_hjp/ROS2/storagy-repo-1/i6robotics/build/i6robotics_get_data/build install --record /home/hjpark/dev_hjp/ROS2/storagy-repo-1/i6robotics/build/i6robotics_get_data/install.log --single-version-externally-managed install_data
[1.589s] running egg_info
[1.590s] creating ../../build/i6robotics_get_data/i6robotics_get_data.egg-info
[1.590s] writing ../../build/i6robotics_get_data/i6robotics_get_data.egg-info/PKG-INFO
[1.591s] writing dependency_links to ../../build/i6robotics_get_data/i6robotics_get_data.egg-info/dependency_links.txt
[1.591s] writing entry points to ../../build/i6robotics_get_data/i6robotics_get_data.egg-info/entry_points.txt
[1.591s] writing requirements to ../../build/i6robotics_get_data/i6robotics_get_data.egg-info/requires.txt
[1.591s] writing top-level names to ../../build/i6robotics_get_data/i6robotics_get_data.egg-info/top_level.txt
[1.591s] writing manifest file '../../build/i6robotics_get_data/i6robotics_get_data.egg-info/SOURCES.txt'
[1.594s] reading manifest file '../../build/i6robotics_get_data/i6robotics_get_data.egg-info/SOURCES.txt'
[1.595s] writing manifest file '../../build/i6robotics_get_data/i6robotics_get_data.egg-info/SOURCES.txt'
[1.595s] running build
[1.595s] running build_py
[1.595s] creating /home/hjpark/dev_hjp/ROS2/storagy-repo-1/i6robotics/build/i6robotics_get_data/build
[1.596s] creating /home/hjpark/dev_hjp/ROS2/storagy-repo-1/i6robotics/build/i6robotics_get_data/build/lib
[1.596s] creating /home/hjpark/dev_hjp/ROS2/storagy-repo-1/i6robotics/build/i6robotics_get_data/build/lib/i6robotics_get_data
[1.596s] copying i6robotics_get_data/__init__.py -> /home/hjpark/dev_hjp/ROS2/storagy-repo-1/i6robotics/build/i6robotics_get_data/build/lib/i6robotics_get_data
[1.596s] running install
[1.596s] running install_lib
[1.597s] creating /home/hjpark/dev_hjp/ROS2/storagy-repo-1/i6robotics/install/i6robotics_get_data/lib/python3.10/site-packages/i6robotics_get_data
[1.597s] copying /home/hjpark/dev_hjp/ROS2/storagy-repo-1/i6robotics/build/i6robotics_get_data/build/lib/i6robotics_get_data/__init__.py -> /home/hjpark/dev_hjp/ROS2/storagy-repo-1/i6robotics/install/i6robotics_get_data/lib/python3.10/site-packages/i6robotics_get_data
[1.598s] byte-compiling /home/hjpark/dev_hjp/ROS2/storagy-repo-1/i6robotics/install/i6robotics_get_data/lib/python3.10/site-packages/i6robotics_get_data/__init__.py to __init__.cpython-310.pyc
[1.598s] running install_data
[1.598s] creating /home/hjpark/dev_hjp/ROS2/storagy-repo-1/i6robotics/install/i6robotics_get_data/share/ament_index
[1.598s] creating /home/hjpark/dev_hjp/ROS2/storagy-repo-1/i6robotics/install/i6robotics_get_data/share/ament_index/resource_index
[1.598s] creating /home/hjpark/dev_hjp/ROS2/storagy-repo-1/i6robotics/install/i6robotics_get_data/share/ament_index/resource_index/packages
[1.598s] copying resource/i6robotics_get_data -> /home/hjpark/dev_hjp/ROS2/storagy-repo-1/i6robotics/install/i6robotics_get_data/share/ament_index/resource_index/packages
[1.599s] copying package.xml -> /home/hjpark/dev_hjp/ROS2/storagy-repo-1/i6robotics/install/i6robotics_get_data/share/i6robotics_get_data
[1.599s] running install_egg_info
[1.601s] Copying ../../build/i6robotics_get_data/i6robotics_get_data.egg-info to /home/hjpark/dev_hjp/ROS2/storagy-repo-1/i6robotics/install/i6robotics_get_data/lib/python3.10/site-packages/i6robotics_get_data-0.0.0-py3.10.egg-info
[1.602s] running install_scripts
[1.628s] writing list of installed files to '/home/hjpark/dev_hjp/ROS2/storagy-repo-1/i6robotics/build/i6robotics_get_data/install.log'
[1.684s] Invoked command in '/home/hjpark/dev_hjp/ROS2/storagy-repo-1/i6robotics/src/i6robotics_get_data' returned '0': PYTHONPATH=/home/hjpark/dev_hjp/ROS2/storagy-repo-1/i6robotics/build/i6robotics_get_data/prefix_override:/usr/lib/python3/dist-packages/colcon_core/task/python/colcon_distutils_commands:/home/hjpark/dev_hjp/ROS2/storagy-repo-1/i6robotics/install/i6robotics_get_data/lib/python3.10/site-packages:${PYTHONPATH} /usr/bin/python3 -W ignore:setup.py install is deprecated -W ignore:easy_install command is deprecated setup.py egg_info --egg-base ../../build/i6robotics_get_data build --build-base /home/hjpark/dev_hjp/ROS2/storagy-repo-1/i6robotics/build/i6robotics_get_data/build install --record /home/hjpark/dev_hjp/ROS2/storagy-repo-1/i6robotics/build/i6robotics_get_data/install.log --single-version-externally-managed install_data
