/home/hjpark/dev_hjp/ROS2/storagy-repo-1/i6robotics/install/i6robotics_control/lib/python3.10/site-packages/i6robotics_control/i6robotics_control_navigation.py
/home/hjpark/dev_hjp/ROS2/storagy-repo-1/i6robotics/install/i6robotics_control/lib/python3.10/site-packages/i6robotics_control/i6robotics_control_nav2simplecmd_action_node.py
/home/hjpark/dev_hjp/ROS2/storagy-repo-1/i6robotics/install/i6robotics_control/lib/python3.10/site-packages/i6robotics_control/follow_action_server.py
/home/hjpark/dev_hjp/ROS2/storagy-repo-1/i6robotics/install/i6robotics_control/lib/python3.10/site-packages/i6robotics_control/i6robotics_control_node.py
/home/hjpark/dev_hjp/ROS2/storagy-repo-1/i6robotics/install/i6robotics_control/lib/python3.10/site-packages/i6robotics_control/control_action_clients.py
/home/hjpark/dev_hjp/ROS2/storagy-repo-1/i6robotics/install/i6robotics_control/lib/python3.10/site-packages/i6robotics_control/service_example.py
/home/hjpark/dev_hjp/ROS2/storagy-repo-1/i6robotics/install/i6robotics_control/lib/python3.10/site-packages/i6robotics_control/i6robotics_control_navigation_service.py
/home/hjpark/dev_hjp/ROS2/storagy-repo-1/i6robotics/install/i6robotics_control/lib/python3.10/site-packages/i6robotics_control/__init__.py
/home/hjpark/dev_hjp/ROS2/storagy-repo-1/i6robotics/install/i6robotics_control/lib/python3.10/site-packages/i6robotics_control/__pycache__/i6robotics_control_navigation.cpython-310.pyc
/home/hjpark/dev_hjp/ROS2/storagy-repo-1/i6robotics/install/i6robotics_control/lib/python3.10/site-packages/i6robotics_control/__pycache__/i6robotics_control_nav2simplecmd_action_node.cpython-310.pyc
/home/hjpark/dev_hjp/ROS2/storagy-repo-1/i6robotics/install/i6robotics_control/lib/python3.10/site-packages/i6robotics_control/__pycache__/follow_action_server.cpython-310.pyc
/home/hjpark/dev_hjp/ROS2/storagy-repo-1/i6robotics/install/i6robotics_control/lib/python3.10/site-packages/i6robotics_control/__pycache__/i6robotics_control_node.cpython-310.pyc
/home/hjpark/dev_hjp/ROS2/storagy-repo-1/i6robotics/install/i6robotics_control/lib/python3.10/site-packages/i6robotics_control/__pycache__/control_action_clients.cpython-310.pyc
/home/hjpark/dev_hjp/ROS2/storagy-repo-1/i6robotics/install/i6robotics_control/lib/python3.10/site-packages/i6robotics_control/__pycache__/service_example.cpython-310.pyc
/home/hjpark/dev_hjp/ROS2/storagy-repo-1/i6robotics/install/i6robotics_control/lib/python3.10/site-packages/i6robotics_control/__pycache__/i6robotics_control_navigation_service.cpython-310.pyc
/home/hjpark/dev_hjp/ROS2/storagy-repo-1/i6robotics/install/i6robotics_control/lib/python3.10/site-packages/i6robotics_control/__pycache__/__init__.cpython-310.pyc
/home/hjpark/dev_hjp/ROS2/storagy-repo-1/i6robotics/install/i6robotics_control/share/ament_index/resource_index/packages/i6robotics_control
/home/hjpark/dev_hjp/ROS2/storagy-repo-1/i6robotics/install/i6robotics_control/share/i6robotics_control/package.xml
/home/hjpark/dev_hjp/ROS2/storagy-repo-1/i6robotics/install/i6robotics_control/lib/python3.10/site-packages/i6robotics_control-0.0.0-py3.10.egg-info/zip-safe
/home/hjpark/dev_hjp/ROS2/storagy-repo-1/i6robotics/install/i6robotics_control/lib/python3.10/site-packages/i6robotics_control-0.0.0-py3.10.egg-info/top_level.txt
/home/hjpark/dev_hjp/ROS2/storagy-repo-1/i6robotics/install/i6robotics_control/lib/python3.10/site-packages/i6robotics_control-0.0.0-py3.10.egg-info/requires.txt
/home/hjpark/dev_hjp/ROS2/storagy-repo-1/i6robotics/install/i6robotics_control/lib/python3.10/site-packages/i6robotics_control-0.0.0-py3.10.egg-info/dependency_links.txt
/home/hjpark/dev_hjp/ROS2/storagy-repo-1/i6robotics/install/i6robotics_control/lib/python3.10/site-packages/i6robotics_control-0.0.0-py3.10.egg-info/PKG-INFO
/home/hjpark/dev_hjp/ROS2/storagy-repo-1/i6robotics/install/i6robotics_control/lib/python3.10/site-packages/i6robotics_control-0.0.0-py3.10.egg-info/SOURCES.txt
/home/hjpark/dev_hjp/ROS2/storagy-repo-1/i6robotics/install/i6robotics_control/lib/python3.10/site-packages/i6robotics_control-0.0.0-py3.10.egg-info/entry_points.txt
/home/hjpark/dev_hjp/ROS2/storagy-repo-1/i6robotics/install/i6robotics_control/lib/i6robotics_control/i6robotics_control_nav_action_node
/home/hjpark/dev_hjp/ROS2/storagy-repo-1/i6robotics/install/i6robotics_control/lib/i6robotics_control/i6robotics_control_nav_feedback_node
/home/hjpark/dev_hjp/ROS2/storagy-repo-1/i6robotics/install/i6robotics_control/lib/i6robotics_control/i6robotics_control_nav_service_node
/home/hjpark/dev_hjp/ROS2/storagy-repo-1/i6robotics/install/i6robotics_control/lib/i6robotics_control/i6robotics_control_node
/home/hjpark/dev_hjp/ROS2/storagy-repo-1/i6robotics/install/i6robotics_control/lib/i6robotics_control/i6robotics_control_simplecmd_node
/home/hjpark/dev_hjp/ROS2/storagy-repo-1/i6robotics/install/i6robotics_control/lib/i6robotics_control/my_action_client
/home/hjpark/dev_hjp/ROS2/storagy-repo-1/i6robotics/install/i6robotics_control/lib/i6robotics_control/nav_to_pose_action_client
