[0.331s] Invoking command in '/home/hjpark/dev_hjp/ROS2/storagy-repo-1/i6robotics/build/i6robotics_control_msgs': CMAKE_PREFIX_PATH=/opt/ros/humble /usr/bin/cmake /home/hjpark/dev_hjp/ROS2/storagy-repo-1/i6robotics/src/i6robotics_control_msgs -DCMAKE_INSTALL_PREFIX=/home/hjpark/dev_hjp/ROS2/storagy-repo-1/i6robotics/install/i6robotics_control_msgs
[1.014s] -- The C compiler identification is GNU 11.4.0
[1.014s] -- The CXX compiler identification is GNU 11.4.0
[1.014s] -- Detecting C compiler ABI info
[1.014s] -- Detecting C compiler ABI info - done
[1.014s] -- Check for working C compiler: /usr/bin/cc - skipped
[1.014s] -- Detecting C compile features
[1.014s] -- Detecting C compile features - done
[1.014s] -- Detecting CXX compiler ABI info
[1.014s] -- Detecting CXX compiler ABI info - done
[1.014s] -- Check for working CXX compiler: /usr/bin/c++ - skipped
[1.014s] -- Detecting CXX compile features
[1.014s] -- Detecting CXX compile features - done
[1.014s] -- Found ament_cmake: 1.3.11 (/opt/ros/humble/share/ament_cmake/cmake)
[1.014s] -- Found Python3: /usr/bin/python3 (found version "3.10.12") found components: Interpreter 
[1.015s] -- Found geometry_msgs: 4.2.4 (/opt/ros/humble/share/geometry_msgs/cmake)
[1.015s] -- Found rosidl_generator_c: 3.1.6 (/opt/ros/humble/share/rosidl_generator_c/cmake)
[1.015s] -- Found rosidl_adapter: 3.1.6 (/opt/ros/humble/share/rosidl_adapter/cmake)
[1.015s] -- Found rosidl_generator_cpp: 3.1.6 (/opt/ros/humble/share/rosidl_generator_cpp/cmake)
[1.015s] -- Using all available rosidl_typesupport_c: rosidl_typesupport_fastrtps_c;rosidl_typesupport_introspection_c
[1.015s] -- Using all available rosidl_typesupport_cpp: rosidl_typesupport_fastrtps_cpp;rosidl_typesupport_introspection_cpp
[1.015s] -- Found rosidl_default_generators: 1.2.0 (/opt/ros/humble/share/rosidl_default_generators/cmake)
[1.175s] -- Found ament_cmake_ros: 0.10.0 (/opt/ros/humble/share/ament_cmake_ros/cmake)
[1.569s] -- Using all available rosidl_typesupport_c: rosidl_typesupport_fastrtps_c;rosidl_typesupport_introspection_c
[1.721s] -- Using all available rosidl_typesupport_cpp: rosidl_typesupport_fastrtps_cpp;rosidl_typesupport_introspection_cpp
[1.740s] -- Found PythonInterp: /usr/bin/python3 (found suitable version "3.10.12", minimum required is "3.6") 
[1.741s] -- Found python_cmake_module: 0.10.0 (/opt/ros/humble/share/python_cmake_module/cmake)
[1.764s] -- Found PythonLibs: /usr/lib/x86_64-linux-gnu/libpython3.10.so (found suitable version "3.10.12", minimum required is "3.5") 
[1.764s] -- Using PYTHON_EXECUTABLE: /usr/bin/python3
[1.764s] -- Using PYTHON_INCLUDE_DIRS: /usr/include/python3.10
[1.764s] -- Using PYTHON_LIBRARIES: /usr/lib/x86_64-linux-gnu/libpython3.10.so
[1.783s] -- Found PythonExtra: .so  
[1.838s] -- Found ament_lint_auto: 0.12.11 (/opt/ros/humble/share/ament_lint_auto/cmake)
[1.854s] -- Added test 'lint_cmake' to check CMake code style
[1.855s] -- Added test 'xmllint' to check XML markup files
[1.857s] -- Configuring done
[1.897s] -- Generating done
[1.908s] -- Build files have been written to: /home/hjpark/dev_hjp/ROS2/storagy-repo-1/i6robotics/build/i6robotics_control_msgs
[1.918s] Invoked command in '/home/hjpark/dev_hjp/ROS2/storagy-repo-1/i6robotics/build/i6robotics_control_msgs' returned '0': CMAKE_PREFIX_PATH=/opt/ros/humble /usr/bin/cmake /home/hjpark/dev_hjp/ROS2/storagy-repo-1/i6robotics/src/i6robotics_control_msgs -DCMAKE_INSTALL_PREFIX=/home/hjpark/dev_hjp/ROS2/storagy-repo-1/i6robotics/install/i6robotics_control_msgs
[1.919s] Invoking command in '/home/hjpark/dev_hjp/ROS2/storagy-repo-1/i6robotics/build/i6robotics_control_msgs': CMAKE_PREFIX_PATH=/opt/ros/humble /usr/bin/cmake --build /home/hjpark/dev_hjp/ROS2/storagy-repo-1/i6robotics/build/i6robotics_control_msgs -- -j16 -l16
[1.957s] [  1%] [34m[1mGenerating C code for ROS interfaces[0m
[1.974s] [  2%] [34m[1mGenerating C++ code for ROS interfaces[0m
[1.977s] [  2%] Built target ament_cmake_python_copy_i6robotics_control_msgs
[2.200s] running egg_info
[2.201s] creating i6robotics_control_msgs.egg-info
[2.201s] writing i6robotics_control_msgs.egg-info/PKG-INFO
[2.201s] writing dependency_links to i6robotics_control_msgs.egg-info/dependency_links.txt
[2.201s] writing top-level names to i6robotics_control_msgs.egg-info/top_level.txt
[2.202s] writing manifest file 'i6robotics_control_msgs.egg-info/SOURCES.txt'
[2.208s] reading manifest file 'i6robotics_control_msgs.egg-info/SOURCES.txt'
[2.208s] writing manifest file 'i6robotics_control_msgs.egg-info/SOURCES.txt'
[2.240s] [  2%] Built target ament_cmake_python_build_i6robotics_control_msgs_egg
[2.677s] [ 11%] [32mBuilding C object CMakeFiles/i6robotics_control_msgs__rosidl_generator_c.dir/rosidl_generator_c/i6robotics_control_msgs/action/detail/nav_order__functions.c.o[0m
[2.677s] [ 11%] [32mBuilding C object CMakeFiles/i6robotics_control_msgs__rosidl_generator_c.dir/rosidl_generator_c/i6robotics_control_msgs/srv/detail/order__functions.c.o[0m
[2.677s] [ 11%] [32mBuilding C object CMakeFiles/i6robotics_control_msgs__rosidl_generator_c.dir/rosidl_generator_c/i6robotics_control_msgs/msg/detail/cmd_and_pose_vel__functions.c.o[0m
[2.678s] [ 11%] [32mBuilding C object CMakeFiles/i6robotics_control_msgs__rosidl_generator_c.dir/rosidl_generator_c/i6robotics_control_msgs/srv/detail/nav_order_srv__functions.c.o[0m
[2.678s] [ 11%] [32mBuilding C object CMakeFiles/i6robotics_control_msgs__rosidl_generator_c.dir/rosidl_generator_c/i6robotics_control_msgs/action/detail/follow__functions.c.o[0m
[2.678s] [ 11%] [32mBuilding C object CMakeFiles/i6robotics_control_msgs__rosidl_generator_c.dir/rosidl_generator_c/i6robotics_control_msgs/msg/detail/nav_order_feedback__functions.c.o[0m
[2.778s] [ 12%] [32m[1mLinking C shared library libi6robotics_control_msgs__rosidl_generator_c.so[0m
[2.822s] [ 12%] Built target i6robotics_control_msgs__cpp
[2.822s] [ 12%] Built target i6robotics_control_msgs__rosidl_generator_c
[2.833s] [ 19%] [34m[1mGenerating C++ type support for eProsima Fast-RTPS[0m
[2.833s] [ 19%] [34m[1mGenerating C++ type support dispatch for ROS interfaces[0m
[2.833s] [ 19%] [34m[1mGenerating C++ introspection for ROS interfaces[0m
[2.833s] [ 19%] [34m[1mGenerating C introspection for ROS interfaces[0m
[2.833s] [ 19%] [34m[1mGenerating C type support dispatch for ROS interfaces[0m
[3.268s] [ 21%] [32mBuilding CXX object CMakeFiles/i6robotics_control_msgs__rosidl_typesupport_c.dir/rosidl_typesupport_c/i6robotics_control_msgs/msg/cmd_and_pose_vel__type_support.cpp.o[0m
[3.268s] [ 26%] [32mBuilding CXX object CMakeFiles/i6robotics_control_msgs__rosidl_typesupport_c.dir/rosidl_typesupport_c/i6robotics_control_msgs/srv/nav_order_srv__type_support.cpp.o[0m
[3.269s] [ 26%] [32mBuilding CXX object CMakeFiles/i6robotics_control_msgs__rosidl_typesupport_c.dir/rosidl_typesupport_c/i6robotics_control_msgs/srv/order__type_support.cpp.o[0m
[3.269s] [ 28%] [32mBuilding CXX object CMakeFiles/i6robotics_control_msgs__rosidl_typesupport_c.dir/rosidl_typesupport_c/i6robotics_control_msgs/action/nav_order__type_support.cpp.o[0m
[3.269s] [ 28%] [32mBuilding CXX object CMakeFiles/i6robotics_control_msgs__rosidl_typesupport_c.dir/rosidl_typesupport_c/i6robotics_control_msgs/msg/nav_order_feedback__type_support.cpp.o[0m
[3.269s] [ 28%] [32mBuilding CXX object CMakeFiles/i6robotics_control_msgs__rosidl_typesupport_c.dir/rosidl_typesupport_c/i6robotics_control_msgs/action/follow__type_support.cpp.o[0m
[3.287s] [ 30%] [32mBuilding CXX object CMakeFiles/i6robotics_control_msgs__rosidl_typesupport_cpp.dir/rosidl_typesupport_cpp/i6robotics_control_msgs/srv/nav_order_srv__type_support.cpp.o[0m
[3.287s] [ 32%] [32mBuilding CXX object CMakeFiles/i6robotics_control_msgs__rosidl_typesupport_cpp.dir/rosidl_typesupport_cpp/i6robotics_control_msgs/action/nav_order__type_support.cpp.o[0m
[3.288s] [ 33%] [32mBuilding CXX object CMakeFiles/i6robotics_control_msgs__rosidl_typesupport_cpp.dir/rosidl_typesupport_cpp/i6robotics_control_msgs/action/follow__type_support.cpp.o[0m
[3.289s] [ 33%] [32mBuilding CXX object CMakeFiles/i6robotics_control_msgs__rosidl_typesupport_cpp.dir/rosidl_typesupport_cpp/i6robotics_control_msgs/msg/cmd_and_pose_vel__type_support.cpp.o[0m
[3.295s] [ 35%] [32mBuilding CXX object CMakeFiles/i6robotics_control_msgs__rosidl_typesupport_cpp.dir/rosidl_typesupport_cpp/i6robotics_control_msgs/msg/nav_order_feedback__type_support.cpp.o[0m
[3.300s] [ 36%] [32mBuilding CXX object CMakeFiles/i6robotics_control_msgs__rosidl_typesupport_cpp.dir/rosidl_typesupport_cpp/i6robotics_control_msgs/srv/order__type_support.cpp.o[0m
[3.390s] [ 38%] [32m[1mLinking CXX shared library libi6robotics_control_msgs__rosidl_typesupport_c.so[0m
[3.468s] [ 38%] Built target i6robotics_control_msgs__rosidl_typesupport_c
[3.486s] [ 40%] [34m[1mGenerating C type support for eProsima Fast-RTPS[0m
[3.487s] [ 42%] [32mBuilding CXX object CMakeFiles/i6robotics_control_msgs__rosidl_typesupport_introspection_cpp.dir/rosidl_typesupport_introspection_cpp/i6robotics_control_msgs/msg/detail/cmd_and_pose_vel__type_support.cpp.o[0m
[3.487s] [ 40%] [32mBuilding CXX object CMakeFiles/i6robotics_control_msgs__rosidl_typesupport_introspection_cpp.dir/rosidl_typesupport_introspection_cpp/i6robotics_control_msgs/action/detail/nav_order__type_support.cpp.o[0m
[3.494s] [ 43%] [32mBuilding CXX object CMakeFiles/i6robotics_control_msgs__rosidl_typesupport_introspection_cpp.dir/rosidl_typesupport_introspection_cpp/i6robotics_control_msgs/action/detail/follow__type_support.cpp.o[0m
[3.495s] [ 45%] [32mBuilding CXX object CMakeFiles/i6robotics_control_msgs__rosidl_typesupport_introspection_cpp.dir/rosidl_typesupport_introspection_cpp/i6robotics_control_msgs/msg/detail/nav_order_feedback__type_support.cpp.o[0m
[3.496s] [ 46%] [32mBuilding CXX object CMakeFiles/i6robotics_control_msgs__rosidl_typesupport_introspection_cpp.dir/rosidl_typesupport_introspection_cpp/i6robotics_control_msgs/srv/detail/order__type_support.cpp.o[0m
[3.496s] [ 47%] [32mBuilding CXX object CMakeFiles/i6robotics_control_msgs__rosidl_typesupport_introspection_cpp.dir/rosidl_typesupport_introspection_cpp/i6robotics_control_msgs/srv/detail/nav_order_srv__type_support.cpp.o[0m
[3.775s] [ 49%] [32mBuilding C object CMakeFiles/i6robotics_control_msgs__rosidl_typesupport_introspection_c.dir/rosidl_typesupport_introspection_c/i6robotics_control_msgs/msg/detail/cmd_and_pose_vel__type_support.c.o[0m
[3.777s] [ 50%] [32mBuilding C object CMakeFiles/i6robotics_control_msgs__rosidl_typesupport_introspection_c.dir/rosidl_typesupport_introspection_c/i6robotics_control_msgs/action/detail/nav_order__type_support.c.o[0m
[3.799s] [ 52%] [32mBuilding C object CMakeFiles/i6robotics_control_msgs__rosidl_typesupport_introspection_c.dir/rosidl_typesupport_introspection_c/i6robotics_control_msgs/srv/detail/nav_order_srv__type_support.c.o[0m
[3.803s] [ 53%] [32mBuilding C object CMakeFiles/i6robotics_control_msgs__rosidl_typesupport_introspection_c.dir/rosidl_typesupport_introspection_c/i6robotics_control_msgs/action/detail/follow__type_support.c.o[0m
[3.832s] [ 54%] [32mBuilding C object CMakeFiles/i6robotics_control_msgs__rosidl_typesupport_introspection_c.dir/rosidl_typesupport_introspection_c/i6robotics_control_msgs/srv/detail/order__type_support.c.o[0m
[3.833s] [ 56%] [32mBuilding C object CMakeFiles/i6robotics_control_msgs__rosidl_typesupport_introspection_c.dir/rosidl_typesupport_introspection_c/i6robotics_control_msgs/msg/detail/nav_order_feedback__type_support.c.o[0m
[3.868s] [ 57%] [32mBuilding CXX object CMakeFiles/i6robotics_control_msgs__rosidl_typesupport_fastrtps_cpp.dir/rosidl_typesupport_fastrtps_cpp/i6robotics_control_msgs/srv/detail/dds_fastrtps/order__type_support.cpp.o[0m
[3.869s] [ 60%] [32mBuilding CXX object CMakeFiles/i6robotics_control_msgs__rosidl_typesupport_fastrtps_cpp.dir/rosidl_typesupport_fastrtps_cpp/i6robotics_control_msgs/msg/detail/dds_fastrtps/cmd_and_pose_vel__type_support.cpp.o[0m
[3.869s] [ 60%] [32mBuilding CXX object CMakeFiles/i6robotics_control_msgs__rosidl_typesupport_fastrtps_cpp.dir/rosidl_typesupport_fastrtps_cpp/i6robotics_control_msgs/srv/detail/dds_fastrtps/nav_order_srv__type_support.cpp.o[0m
[3.872s] [ 63%] [32mBuilding CXX object CMakeFiles/i6robotics_control_msgs__rosidl_typesupport_fastrtps_cpp.dir/rosidl_typesupport_fastrtps_cpp/i6robotics_control_msgs/action/detail/dds_fastrtps/follow__type_support.cpp.o[0m
[3.872s] [ 63%] [32mBuilding CXX object CMakeFiles/i6robotics_control_msgs__rosidl_typesupport_fastrtps_cpp.dir/rosidl_typesupport_fastrtps_cpp/i6robotics_control_msgs/action/detail/dds_fastrtps/nav_order__type_support.cpp.o[0m
[3.883s] [ 64%] [32mBuilding CXX object CMakeFiles/i6robotics_control_msgs__rosidl_typesupport_fastrtps_cpp.dir/rosidl_typesupport_fastrtps_cpp/i6robotics_control_msgs/msg/detail/dds_fastrtps/nav_order_feedback__type_support.cpp.o[0m
[3.888s] [ 66%] [32m[1mLinking C shared library libi6robotics_control_msgs__rosidl_typesupport_introspection_c.so[0m
[3.938s] [ 66%] Built target i6robotics_control_msgs__rosidl_typesupport_introspection_c
[4.043s] [ 67%] [32m[1mLinking CXX shared library libi6robotics_control_msgs__rosidl_typesupport_cpp.so[0m
[4.092s] [ 67%] Built target i6robotics_control_msgs__rosidl_typesupport_cpp
[4.271s] [ 69%] [32m[1mLinking CXX shared library libi6robotics_control_msgs__rosidl_typesupport_introspection_cpp.so[0m
[4.359s] [ 69%] Built target i6robotics_control_msgs__rosidl_typesupport_introspection_cpp
[4.486s] [ 70%] [32m[1mLinking CXX shared library libi6robotics_control_msgs__rosidl_typesupport_fastrtps_cpp.so[0m
[4.590s] [ 78%] [32mBuilding CXX object CMakeFiles/i6robotics_control_msgs__rosidl_typesupport_fastrtps_c.dir/rosidl_typesupport_fastrtps_c/i6robotics_control_msgs/msg/detail/nav_order_feedback__type_support_c.cpp.o[0m
[4.590s] [ 78%] [32mBuilding CXX object CMakeFiles/i6robotics_control_msgs__rosidl_typesupport_fastrtps_c.dir/rosidl_typesupport_fastrtps_c/i6robotics_control_msgs/srv/detail/nav_order_srv__type_support_c.cpp.o[0m
[4.590s] [ 78%] [32mBuilding CXX object CMakeFiles/i6robotics_control_msgs__rosidl_typesupport_fastrtps_c.dir/rosidl_typesupport_fastrtps_c/i6robotics_control_msgs/action/detail/follow__type_support_c.cpp.o[0m
[4.590s] [ 78%] [32mBuilding CXX object CMakeFiles/i6robotics_control_msgs__rosidl_typesupport_fastrtps_c.dir/rosidl_typesupport_fastrtps_c/i6robotics_control_msgs/srv/detail/order__type_support_c.cpp.o[0m
[4.590s] [ 78%] [32mBuilding CXX object CMakeFiles/i6robotics_control_msgs__rosidl_typesupport_fastrtps_c.dir/rosidl_typesupport_fastrtps_c/i6robotics_control_msgs/msg/detail/cmd_and_pose_vel__type_support_c.cpp.o[0m
[4.590s] [ 78%] [32mBuilding CXX object CMakeFiles/i6robotics_control_msgs__rosidl_typesupport_fastrtps_c.dir/rosidl_typesupport_fastrtps_c/i6robotics_control_msgs/action/detail/nav_order__type_support_c.cpp.o[0m
[4.642s] [ 78%] Built target i6robotics_control_msgs__rosidl_typesupport_fastrtps_cpp
[4.969s] [ 80%] [32m[1mLinking CXX shared library libi6robotics_control_msgs__rosidl_typesupport_fastrtps_c.so[0m
[5.035s] [ 80%] Built target i6robotics_control_msgs__rosidl_typesupport_fastrtps_c
[5.055s] [ 80%] Built target i6robotics_control_msgs
[5.075s] [ 81%] [34m[1mGenerating Python code for ROS interfaces[0m
[6.294s] [ 81%] Built target i6robotics_control_msgs__py
[6.314s] [ 88%] [32mBuilding C object CMakeFiles/i6robotics_control_msgs__rosidl_generator_py.dir/rosidl_generator_py/i6robotics_control_msgs/action/_follow_s.c.o[0m
[6.314s] [ 88%] [32mBuilding C object CMakeFiles/i6robotics_control_msgs__rosidl_generator_py.dir/rosidl_generator_py/i6robotics_control_msgs/msg/_nav_order_feedback_s.c.o[0m
[6.314s] [ 88%] [32mBuilding C object CMakeFiles/i6robotics_control_msgs__rosidl_generator_py.dir/rosidl_generator_py/i6robotics_control_msgs/srv/_nav_order_srv_s.c.o[0m
[6.314s] [ 88%] [32mBuilding C object CMakeFiles/i6robotics_control_msgs__rosidl_generator_py.dir/rosidl_generator_py/i6robotics_control_msgs/msg/_cmd_and_pose_vel_s.c.o[0m
[6.314s] [ 90%] [32mBuilding C object CMakeFiles/i6robotics_control_msgs__rosidl_generator_py.dir/rosidl_generator_py/i6robotics_control_msgs/srv/_order_s.c.o[0m
[6.314s] [ 90%] [32mBuilding C object CMakeFiles/i6robotics_control_msgs__rosidl_generator_py.dir/rosidl_generator_py/i6robotics_control_msgs/action/_nav_order_s.c.o[0m
[6.427s] [ 91%] [32m[1mLinking C shared library rosidl_generator_py/i6robotics_control_msgs/libi6robotics_control_msgs__rosidl_generator_py.so[0m
[6.469s] [ 91%] Built target i6robotics_control_msgs__rosidl_generator_py
[6.490s] [ 95%] [32mBuilding C object CMakeFiles/i6robotics_control_msgs__rosidl_typesupport_c__pyext.dir/rosidl_generator_py/i6robotics_control_msgs/_i6robotics_control_msgs_s.ep.rosidl_typesupport_c.c.o[0m
[6.490s] [ 95%] [32mBuilding C object CMakeFiles/i6robotics_control_msgs__rosidl_typesupport_fastrtps_c__pyext.dir/rosidl_generator_py/i6robotics_control_msgs/_i6robotics_control_msgs_s.ep.rosidl_typesupport_fastrtps_c.c.o[0m
[6.490s] [ 95%] [32mBuilding C object CMakeFiles/i6robotics_control_msgs__rosidl_typesupport_introspection_c__pyext.dir/rosidl_generator_py/i6robotics_control_msgs/_i6robotics_control_msgs_s.ep.rosidl_typesupport_introspection_c.c.o[0m
[6.641s] [ 98%] [32m[1mLinking C shared library rosidl_generator_py/i6robotics_control_msgs/i6robotics_control_msgs_s__rosidl_typesupport_fastrtps_c.cpython-310-x86_64-linux-gnu.so[0m
[6.641s] [ 98%] [32m[1mLinking C shared library rosidl_generator_py/i6robotics_control_msgs/i6robotics_control_msgs_s__rosidl_typesupport_introspection_c.cpython-310-x86_64-linux-gnu.so[0m
[6.653s] [100%] [32m[1mLinking C shared library rosidl_generator_py/i6robotics_control_msgs/i6robotics_control_msgs_s__rosidl_typesupport_c.cpython-310-x86_64-linux-gnu.so[0m
[6.706s] [100%] Built target i6robotics_control_msgs__rosidl_typesupport_introspection_c__pyext
[6.707s] [100%] Built target i6robotics_control_msgs__rosidl_typesupport_fastrtps_c__pyext
[6.722s] [100%] Built target i6robotics_control_msgs__rosidl_typesupport_c__pyext
[6.741s] Invoked command in '/home/hjpark/dev_hjp/ROS2/storagy-repo-1/i6robotics/build/i6robotics_control_msgs' returned '0': CMAKE_PREFIX_PATH=/opt/ros/humble /usr/bin/cmake --build /home/hjpark/dev_hjp/ROS2/storagy-repo-1/i6robotics/build/i6robotics_control_msgs -- -j16 -l16
[6.742s] Invoking command in '/home/hjpark/dev_hjp/ROS2/storagy-repo-1/i6robotics/build/i6robotics_control_msgs': CMAKE_PREFIX_PATH=/opt/ros/humble /usr/bin/cmake --install /home/hjpark/dev_hjp/ROS2/storagy-repo-1/i6robotics/build/i6robotics_control_msgs
[6.756s] -- Install configuration: ""
[6.756s] -- Installing: /home/hjpark/dev_hjp/ROS2/storagy-repo-1/i6robotics/install/i6robotics_control_msgs/share/ament_index/resource_index/rosidl_interfaces/i6robotics_control_msgs
[6.756s] -- Installing: /home/hjpark/dev_hjp/ROS2/storagy-repo-1/i6robotics/install/i6robotics_control_msgs/include/i6robotics_control_msgs/i6robotics_control_msgs
[6.756s] -- Installing: /home/hjpark/dev_hjp/ROS2/storagy-repo-1/i6robotics/install/i6robotics_control_msgs/include/i6robotics_control_msgs/i6robotics_control_msgs/action
[6.757s] -- Installing: /home/hjpark/dev_hjp/ROS2/storagy-repo-1/i6robotics/install/i6robotics_control_msgs/include/i6robotics_control_msgs/i6robotics_control_msgs/action/follow.h
[6.757s] -- Installing: /home/hjpark/dev_hjp/ROS2/storagy-repo-1/i6robotics/install/i6robotics_control_msgs/include/i6robotics_control_msgs/i6robotics_control_msgs/action/nav_order.h
[6.757s] -- Installing: /home/hjpark/dev_hjp/ROS2/storagy-repo-1/i6robotics/install/i6robotics_control_msgs/include/i6robotics_control_msgs/i6robotics_control_msgs/action/detail
[6.757s] -- Installing: /home/hjpark/dev_hjp/ROS2/storagy-repo-1/i6robotics/install/i6robotics_control_msgs/include/i6robotics_control_msgs/i6robotics_control_msgs/action/detail/follow__functions.c
[6.757s] -- Installing: /home/hjpark/dev_hjp/ROS2/storagy-repo-1/i6robotics/install/i6robotics_control_msgs/include/i6robotics_control_msgs/i6robotics_control_msgs/action/detail/follow__type_support.h
[6.757s] -- Installing: /home/hjpark/dev_hjp/ROS2/storagy-repo-1/i6robotics/install/i6robotics_control_msgs/include/i6robotics_control_msgs/i6robotics_control_msgs/action/detail/nav_order__struct.h
[6.757s] -- Installing: /home/hjpark/dev_hjp/ROS2/storagy-repo-1/i6robotics/install/i6robotics_control_msgs/include/i6robotics_control_msgs/i6robotics_control_msgs/action/detail/follow__struct.h
[6.757s] -- Installing: /home/hjpark/dev_hjp/ROS2/storagy-repo-1/i6robotics/install/i6robotics_control_msgs/include/i6robotics_control_msgs/i6robotics_control_msgs/action/detail/follow__functions.h
[6.757s] -- Installing: /home/hjpark/dev_hjp/ROS2/storagy-repo-1/i6robotics/install/i6robotics_control_msgs/include/i6robotics_control_msgs/i6robotics_control_msgs/action/detail/nav_order__functions.c
[6.758s] -- Installing: /home/hjpark/dev_hjp/ROS2/storagy-repo-1/i6robotics/install/i6robotics_control_msgs/include/i6robotics_control_msgs/i6robotics_control_msgs/action/detail/nav_order__functions.h
[6.758s] -- Installing: /home/hjpark/dev_hjp/ROS2/storagy-repo-1/i6robotics/install/i6robotics_control_msgs/include/i6robotics_control_msgs/i6robotics_control_msgs/action/detail/nav_order__type_support.h
[6.758s] -- Installing: /home/hjpark/dev_hjp/ROS2/storagy-repo-1/i6robotics/install/i6robotics_control_msgs/include/i6robotics_control_msgs/i6robotics_control_msgs/srv
[6.758s] -- Installing: /home/hjpark/dev_hjp/ROS2/storagy-repo-1/i6robotics/install/i6robotics_control_msgs/include/i6robotics_control_msgs/i6robotics_control_msgs/srv/nav_order_srv.h
[6.758s] -- Installing: /home/hjpark/dev_hjp/ROS2/storagy-repo-1/i6robotics/install/i6robotics_control_msgs/include/i6robotics_control_msgs/i6robotics_control_msgs/srv/order.h
[6.758s] -- Installing: /home/hjpark/dev_hjp/ROS2/storagy-repo-1/i6robotics/install/i6robotics_control_msgs/include/i6robotics_control_msgs/i6robotics_control_msgs/srv/detail
[6.758s] -- Installing: /home/hjpark/dev_hjp/ROS2/storagy-repo-1/i6robotics/install/i6robotics_control_msgs/include/i6robotics_control_msgs/i6robotics_control_msgs/srv/detail/order__functions.h
[6.758s] -- Installing: /home/hjpark/dev_hjp/ROS2/storagy-repo-1/i6robotics/install/i6robotics_control_msgs/include/i6robotics_control_msgs/i6robotics_control_msgs/srv/detail/order__struct.h
[6.759s] -- Installing: /home/hjpark/dev_hjp/ROS2/storagy-repo-1/i6robotics/install/i6robotics_control_msgs/include/i6robotics_control_msgs/i6robotics_control_msgs/srv/detail/order__functions.c
[6.759s] -- Installing: /home/hjpark/dev_hjp/ROS2/storagy-repo-1/i6robotics/install/i6robotics_control_msgs/include/i6robotics_control_msgs/i6robotics_control_msgs/srv/detail/nav_order_srv__struct.h
[6.759s] -- Installing: /home/hjpark/dev_hjp/ROS2/storagy-repo-1/i6robotics/install/i6robotics_control_msgs/include/i6robotics_control_msgs/i6robotics_control_msgs/srv/detail/nav_order_srv__type_support.h
[6.759s] -- Installing: /home/hjpark/dev_hjp/ROS2/storagy-repo-1/i6robotics/install/i6robotics_control_msgs/include/i6robotics_control_msgs/i6robotics_control_msgs/srv/detail/nav_order_srv__functions.c
[6.759s] -- Installing: /home/hjpark/dev_hjp/ROS2/storagy-repo-1/i6robotics/install/i6robotics_control_msgs/include/i6robotics_control_msgs/i6robotics_control_msgs/srv/detail/nav_order_srv__functions.h
[6.759s] -- Installing: /home/hjpark/dev_hjp/ROS2/storagy-repo-1/i6robotics/install/i6robotics_control_msgs/include/i6robotics_control_msgs/i6robotics_control_msgs/srv/detail/order__type_support.h
[6.759s] -- Installing: /home/hjpark/dev_hjp/ROS2/storagy-repo-1/i6robotics/install/i6robotics_control_msgs/include/i6robotics_control_msgs/i6robotics_control_msgs/msg
[6.759s] -- Installing: /home/hjpark/dev_hjp/ROS2/storagy-repo-1/i6robotics/install/i6robotics_control_msgs/include/i6robotics_control_msgs/i6robotics_control_msgs/msg/rosidl_generator_c__visibility_control.h
[6.759s] -- Installing: /home/hjpark/dev_hjp/ROS2/storagy-repo-1/i6robotics/install/i6robotics_control_msgs/include/i6robotics_control_msgs/i6robotics_control_msgs/msg/nav_order_feedback.h
[6.760s] -- Installing: /home/hjpark/dev_hjp/ROS2/storagy-repo-1/i6robotics/install/i6robotics_control_msgs/include/i6robotics_control_msgs/i6robotics_control_msgs/msg/detail
[6.760s] -- Installing: /home/hjpark/dev_hjp/ROS2/storagy-repo-1/i6robotics/install/i6robotics_control_msgs/include/i6robotics_control_msgs/i6robotics_control_msgs/msg/detail/cmd_and_pose_vel__functions.c
[6.760s] -- Installing: /home/hjpark/dev_hjp/ROS2/storagy-repo-1/i6robotics/install/i6robotics_control_msgs/include/i6robotics_control_msgs/i6robotics_control_msgs/msg/detail/nav_order_feedback__type_support.h
[6.760s] -- Installing: /home/hjpark/dev_hjp/ROS2/storagy-repo-1/i6robotics/install/i6robotics_control_msgs/include/i6robotics_control_msgs/i6robotics_control_msgs/msg/detail/nav_order_feedback__functions.h
[6.760s] -- Installing: /home/hjpark/dev_hjp/ROS2/storagy-repo-1/i6robotics/install/i6robotics_control_msgs/include/i6robotics_control_msgs/i6robotics_control_msgs/msg/detail/nav_order_feedback__functions.c
[6.760s] -- Installing: /home/hjpark/dev_hjp/ROS2/storagy-repo-1/i6robotics/install/i6robotics_control_msgs/include/i6robotics_control_msgs/i6robotics_control_msgs/msg/detail/cmd_and_pose_vel__functions.h
[6.760s] -- Installing: /home/hjpark/dev_hjp/ROS2/storagy-repo-1/i6robotics/install/i6robotics_control_msgs/include/i6robotics_control_msgs/i6robotics_control_msgs/msg/detail/cmd_and_pose_vel__struct.h
[6.760s] -- Installing: /home/hjpark/dev_hjp/ROS2/storagy-repo-1/i6robotics/install/i6robotics_control_msgs/include/i6robotics_control_msgs/i6robotics_control_msgs/msg/detail/cmd_and_pose_vel__type_support.h
[6.760s] -- Installing: /home/hjpark/dev_hjp/ROS2/storagy-repo-1/i6robotics/install/i6robotics_control_msgs/include/i6robotics_control_msgs/i6robotics_control_msgs/msg/detail/nav_order_feedback__struct.h
[6.761s] -- Installing: /home/hjpark/dev_hjp/ROS2/storagy-repo-1/i6robotics/install/i6robotics_control_msgs/include/i6robotics_control_msgs/i6robotics_control_msgs/msg/cmd_and_pose_vel.h
[6.761s] -- Installing: /home/hjpark/dev_hjp/ROS2/storagy-repo-1/i6robotics/install/i6robotics_control_msgs/share/i6robotics_control_msgs/environment/library_path.sh
[6.761s] -- Installing: /home/hjpark/dev_hjp/ROS2/storagy-repo-1/i6robotics/install/i6robotics_control_msgs/share/i6robotics_control_msgs/environment/library_path.dsv
[6.761s] -- Installing: /home/hjpark/dev_hjp/ROS2/storagy-repo-1/i6robotics/install/i6robotics_control_msgs/lib/libi6robotics_control_msgs__rosidl_generator_c.so
[6.763s] -- Set runtime path of "/home/hjpark/dev_hjp/ROS2/storagy-repo-1/i6robotics/install/i6robotics_control_msgs/lib/libi6robotics_control_msgs__rosidl_generator_c.so" to ""
[6.763s] -- Up-to-date: /home/hjpark/dev_hjp/ROS2/storagy-repo-1/i6robotics/install/i6robotics_control_msgs/include/i6robotics_control_msgs/i6robotics_control_msgs
[6.764s] -- Up-to-date: /home/hjpark/dev_hjp/ROS2/storagy-repo-1/i6robotics/install/i6robotics_control_msgs/include/i6robotics_control_msgs/i6robotics_control_msgs/action
[6.766s] -- Up-to-date: /home/hjpark/dev_hjp/ROS2/storagy-repo-1/i6robotics/install/i6robotics_control_msgs/include/i6robotics_control_msgs/i6robotics_control_msgs/action/detail
[6.766s] -- Installing: /home/hjpark/dev_hjp/ROS2/storagy-repo-1/i6robotics/install/i6robotics_control_msgs/include/i6robotics_control_msgs/i6robotics_control_msgs/action/detail/nav_order__rosidl_typesupport_fastrtps_c.h
[6.767s] -- Installing: /home/hjpark/dev_hjp/ROS2/storagy-repo-1/i6robotics/install/i6robotics_control_msgs/include/i6robotics_control_msgs/i6robotics_control_msgs/action/detail/follow__rosidl_typesupport_fastrtps_c.h
[6.768s] -- Up-to-date: /home/hjpark/dev_hjp/ROS2/storagy-repo-1/i6robotics/install/i6robotics_control_msgs/include/i6robotics_control_msgs/i6robotics_control_msgs/srv
[6.768s] -- Up-to-date: /home/hjpark/dev_hjp/ROS2/storagy-repo-1/i6robotics/install/i6robotics_control_msgs/include/i6robotics_control_msgs/i6robotics_control_msgs/srv/detail
[6.768s] -- Installing: /home/hjpark/dev_hjp/ROS2/storagy-repo-1/i6robotics/install/i6robotics_control_msgs/include/i6robotics_control_msgs/i6robotics_control_msgs/srv/detail/order__rosidl_typesupport_fastrtps_c.h
[6.768s] -- Installing: /home/hjpark/dev_hjp/ROS2/storagy-repo-1/i6robotics/install/i6robotics_control_msgs/include/i6robotics_control_msgs/i6robotics_control_msgs/srv/detail/nav_order_srv__rosidl_typesupport_fastrtps_c.h
[6.768s] -- Up-to-date: /home/hjpark/dev_hjp/ROS2/storagy-repo-1/i6robotics/install/i6robotics_control_msgs/include/i6robotics_control_msgs/i6robotics_control_msgs/msg
[6.768s] -- Installing: /home/hjpark/dev_hjp/ROS2/storagy-repo-1/i6robotics/install/i6robotics_control_msgs/include/i6robotics_control_msgs/i6robotics_control_msgs/msg/rosidl_typesupport_fastrtps_c__visibility_control.h
[6.768s] -- Up-to-date: /home/hjpark/dev_hjp/ROS2/storagy-repo-1/i6robotics/install/i6robotics_control_msgs/include/i6robotics_control_msgs/i6robotics_control_msgs/msg/detail
[6.768s] -- Installing: /home/hjpark/dev_hjp/ROS2/storagy-repo-1/i6robotics/install/i6robotics_control_msgs/include/i6robotics_control_msgs/i6robotics_control_msgs/msg/detail/nav_order_feedback__rosidl_typesupport_fastrtps_c.h
[6.768s] -- Installing: /home/hjpark/dev_hjp/ROS2/storagy-repo-1/i6robotics/install/i6robotics_control_msgs/include/i6robotics_control_msgs/i6robotics_control_msgs/msg/detail/cmd_and_pose_vel__rosidl_typesupport_fastrtps_c.h
[6.769s] -- Installing: /home/hjpark/dev_hjp/ROS2/storagy-repo-1/i6robotics/install/i6robotics_control_msgs/lib/libi6robotics_control_msgs__rosidl_typesupport_fastrtps_c.so
[6.769s] -- Set runtime path of "/home/hjpark/dev_hjp/ROS2/storagy-repo-1/i6robotics/install/i6robotics_control_msgs/lib/libi6robotics_control_msgs__rosidl_typesupport_fastrtps_c.so" to ""
[6.769s] -- Up-to-date: /home/hjpark/dev_hjp/ROS2/storagy-repo-1/i6robotics/install/i6robotics_control_msgs/include/i6robotics_control_msgs/i6robotics_control_msgs
[6.769s] -- Up-to-date: /home/hjpark/dev_hjp/ROS2/storagy-repo-1/i6robotics/install/i6robotics_control_msgs/include/i6robotics_control_msgs/i6robotics_control_msgs/action
[6.769s] -- Installing: /home/hjpark/dev_hjp/ROS2/storagy-repo-1/i6robotics/install/i6robotics_control_msgs/include/i6robotics_control_msgs/i6robotics_control_msgs/action/nav_order.hpp
[6.769s] -- Installing: /home/hjpark/dev_hjp/ROS2/storagy-repo-1/i6robotics/install/i6robotics_control_msgs/include/i6robotics_control_msgs/i6robotics_control_msgs/action/follow.hpp
[6.769s] -- Up-to-date: /home/hjpark/dev_hjp/ROS2/storagy-repo-1/i6robotics/install/i6robotics_control_msgs/include/i6robotics_control_msgs/i6robotics_control_msgs/action/detail
[6.769s] -- Installing: /home/hjpark/dev_hjp/ROS2/storagy-repo-1/i6robotics/install/i6robotics_control_msgs/include/i6robotics_control_msgs/i6robotics_control_msgs/action/detail/nav_order__builder.hpp
[6.769s] -- Installing: /home/hjpark/dev_hjp/ROS2/storagy-repo-1/i6robotics/install/i6robotics_control_msgs/include/i6robotics_control_msgs/i6robotics_control_msgs/action/detail/nav_order__struct.hpp
[6.770s] -- Installing: /home/hjpark/dev_hjp/ROS2/storagy-repo-1/i6robotics/install/i6robotics_control_msgs/include/i6robotics_control_msgs/i6robotics_control_msgs/action/detail/follow__traits.hpp
[6.770s] -- Installing: /home/hjpark/dev_hjp/ROS2/storagy-repo-1/i6robotics/install/i6robotics_control_msgs/include/i6robotics_control_msgs/i6robotics_control_msgs/action/detail/follow__struct.hpp
[6.770s] -- Installing: /home/hjpark/dev_hjp/ROS2/storagy-repo-1/i6robotics/install/i6robotics_control_msgs/include/i6robotics_control_msgs/i6robotics_control_msgs/action/detail/nav_order__type_support.hpp
[6.770s] -- Installing: /home/hjpark/dev_hjp/ROS2/storagy-repo-1/i6robotics/install/i6robotics_control_msgs/include/i6robotics_control_msgs/i6robotics_control_msgs/action/detail/nav_order__traits.hpp
[6.770s] -- Installing: /home/hjpark/dev_hjp/ROS2/storagy-repo-1/i6robotics/install/i6robotics_control_msgs/include/i6robotics_control_msgs/i6robotics_control_msgs/action/detail/follow__builder.hpp
[6.770s] -- Installing: /home/hjpark/dev_hjp/ROS2/storagy-repo-1/i6robotics/install/i6robotics_control_msgs/include/i6robotics_control_msgs/i6robotics_control_msgs/action/detail/follow__type_support.hpp
[6.770s] -- Up-to-date: /home/hjpark/dev_hjp/ROS2/storagy-repo-1/i6robotics/install/i6robotics_control_msgs/include/i6robotics_control_msgs/i6robotics_control_msgs/srv
[6.770s] -- Installing: /home/hjpark/dev_hjp/ROS2/storagy-repo-1/i6robotics/install/i6robotics_control_msgs/include/i6robotics_control_msgs/i6robotics_control_msgs/srv/order.hpp
[6.771s] -- Up-to-date: /home/hjpark/dev_hjp/ROS2/storagy-repo-1/i6robotics/install/i6robotics_control_msgs/include/i6robotics_control_msgs/i6robotics_control_msgs/srv/detail
[6.771s] -- Installing: /home/hjpark/dev_hjp/ROS2/storagy-repo-1/i6robotics/install/i6robotics_control_msgs/include/i6robotics_control_msgs/i6robotics_control_msgs/srv/detail/nav_order_srv__traits.hpp
[6.771s] -- Installing: /home/hjpark/dev_hjp/ROS2/storagy-repo-1/i6robotics/install/i6robotics_control_msgs/include/i6robotics_control_msgs/i6robotics_control_msgs/srv/detail/order__struct.hpp
[6.771s] -- Installing: /home/hjpark/dev_hjp/ROS2/storagy-repo-1/i6robotics/install/i6robotics_control_msgs/include/i6robotics_control_msgs/i6robotics_control_msgs/srv/detail/order__builder.hpp
[6.771s] -- Installing: /home/hjpark/dev_hjp/ROS2/storagy-repo-1/i6robotics/install/i6robotics_control_msgs/include/i6robotics_control_msgs/i6robotics_control_msgs/srv/detail/order__traits.hpp
[6.771s] -- Installing: /home/hjpark/dev_hjp/ROS2/storagy-repo-1/i6robotics/install/i6robotics_control_msgs/include/i6robotics_control_msgs/i6robotics_control_msgs/srv/detail/order__type_support.hpp
[6.771s] -- Installing: /home/hjpark/dev_hjp/ROS2/storagy-repo-1/i6robotics/install/i6robotics_control_msgs/include/i6robotics_control_msgs/i6robotics_control_msgs/srv/detail/nav_order_srv__struct.hpp
[6.771s] -- Installing: /home/hjpark/dev_hjp/ROS2/storagy-repo-1/i6robotics/install/i6robotics_control_msgs/include/i6robotics_control_msgs/i6robotics_control_msgs/srv/detail/nav_order_srv__type_support.hpp
[6.771s] -- Installing: /home/hjpark/dev_hjp/ROS2/storagy-repo-1/i6robotics/install/i6robotics_control_msgs/include/i6robotics_control_msgs/i6robotics_control_msgs/srv/detail/nav_order_srv__builder.hpp
[6.772s] -- Installing: /home/hjpark/dev_hjp/ROS2/storagy-repo-1/i6robotics/install/i6robotics_control_msgs/include/i6robotics_control_msgs/i6robotics_control_msgs/srv/nav_order_srv.hpp
[6.772s] -- Up-to-date: /home/hjpark/dev_hjp/ROS2/storagy-repo-1/i6robotics/install/i6robotics_control_msgs/include/i6robotics_control_msgs/i6robotics_control_msgs/msg
[6.772s] -- Installing: /home/hjpark/dev_hjp/ROS2/storagy-repo-1/i6robotics/install/i6robotics_control_msgs/include/i6robotics_control_msgs/i6robotics_control_msgs/msg/cmd_and_pose_vel.hpp
[6.772s] -- Installing: /home/hjpark/dev_hjp/ROS2/storagy-repo-1/i6robotics/install/i6robotics_control_msgs/include/i6robotics_control_msgs/i6robotics_control_msgs/msg/nav_order_feedback.hpp
[6.772s] -- Installing: /home/hjpark/dev_hjp/ROS2/storagy-repo-1/i6robotics/install/i6robotics_control_msgs/include/i6robotics_control_msgs/i6robotics_control_msgs/msg/rosidl_generator_cpp__visibility_control.hpp
[6.772s] -- Up-to-date: /home/hjpark/dev_hjp/ROS2/storagy-repo-1/i6robotics/install/i6robotics_control_msgs/include/i6robotics_control_msgs/i6robotics_control_msgs/msg/detail
[6.772s] -- Installing: /home/hjpark/dev_hjp/ROS2/storagy-repo-1/i6robotics/install/i6robotics_control_msgs/include/i6robotics_control_msgs/i6robotics_control_msgs/msg/detail/nav_order_feedback__type_support.hpp
[6.772s] -- Installing: /home/hjpark/dev_hjp/ROS2/storagy-repo-1/i6robotics/install/i6robotics_control_msgs/include/i6robotics_control_msgs/i6robotics_control_msgs/msg/detail/cmd_and_pose_vel__type_support.hpp
[6.772s] -- Installing: /home/hjpark/dev_hjp/ROS2/storagy-repo-1/i6robotics/install/i6robotics_control_msgs/include/i6robotics_control_msgs/i6robotics_control_msgs/msg/detail/cmd_and_pose_vel__builder.hpp
[6.772s] -- Installing: /home/hjpark/dev_hjp/ROS2/storagy-repo-1/i6robotics/install/i6robotics_control_msgs/include/i6robotics_control_msgs/i6robotics_control_msgs/msg/detail/nav_order_feedback__traits.hpp
[6.772s] -- Installing: /home/hjpark/dev_hjp/ROS2/storagy-repo-1/i6robotics/install/i6robotics_control_msgs/include/i6robotics_control_msgs/i6robotics_control_msgs/msg/detail/nav_order_feedback__struct.hpp
[6.773s] -- Installing: /home/hjpark/dev_hjp/ROS2/storagy-repo-1/i6robotics/install/i6robotics_control_msgs/include/i6robotics_control_msgs/i6robotics_control_msgs/msg/detail/cmd_and_pose_vel__struct.hpp
[6.773s] -- Installing: /home/hjpark/dev_hjp/ROS2/storagy-repo-1/i6robotics/install/i6robotics_control_msgs/include/i6robotics_control_msgs/i6robotics_control_msgs/msg/detail/cmd_and_pose_vel__traits.hpp
[6.773s] -- Installing: /home/hjpark/dev_hjp/ROS2/storagy-repo-1/i6robotics/install/i6robotics_control_msgs/include/i6robotics_control_msgs/i6robotics_control_msgs/msg/detail/nav_order_feedback__builder.hpp
[6.773s] -- Up-to-date: /home/hjpark/dev_hjp/ROS2/storagy-repo-1/i6robotics/install/i6robotics_control_msgs/include/i6robotics_control_msgs/i6robotics_control_msgs
[6.773s] -- Up-to-date: /home/hjpark/dev_hjp/ROS2/storagy-repo-1/i6robotics/install/i6robotics_control_msgs/include/i6robotics_control_msgs/i6robotics_control_msgs/action
[6.773s] -- Up-to-date: /home/hjpark/dev_hjp/ROS2/storagy-repo-1/i6robotics/install/i6robotics_control_msgs/include/i6robotics_control_msgs/i6robotics_control_msgs/action/detail
[6.773s] -- Installing: /home/hjpark/dev_hjp/ROS2/storagy-repo-1/i6robotics/install/i6robotics_control_msgs/include/i6robotics_control_msgs/i6robotics_control_msgs/action/detail/nav_order__rosidl_typesupport_fastrtps_cpp.hpp
[6.773s] -- Installing: /home/hjpark/dev_hjp/ROS2/storagy-repo-1/i6robotics/install/i6robotics_control_msgs/include/i6robotics_control_msgs/i6robotics_control_msgs/action/detail/follow__rosidl_typesupport_fastrtps_cpp.hpp
[6.773s] -- Installing: /home/hjpark/dev_hjp/ROS2/storagy-repo-1/i6robotics/install/i6robotics_control_msgs/include/i6robotics_control_msgs/i6robotics_control_msgs/action/detail/dds_fastrtps
[6.773s] -- Up-to-date: /home/hjpark/dev_hjp/ROS2/storagy-repo-1/i6robotics/install/i6robotics_control_msgs/include/i6robotics_control_msgs/i6robotics_control_msgs/srv
[6.773s] -- Up-to-date: /home/hjpark/dev_hjp/ROS2/storagy-repo-1/i6robotics/install/i6robotics_control_msgs/include/i6robotics_control_msgs/i6robotics_control_msgs/srv/detail
[6.773s] -- Installing: /home/hjpark/dev_hjp/ROS2/storagy-repo-1/i6robotics/install/i6robotics_control_msgs/include/i6robotics_control_msgs/i6robotics_control_msgs/srv/detail/nav_order_srv__rosidl_typesupport_fastrtps_cpp.hpp
[6.774s] -- Installing: /home/hjpark/dev_hjp/ROS2/storagy-repo-1/i6robotics/install/i6robotics_control_msgs/include/i6robotics_control_msgs/i6robotics_control_msgs/srv/detail/dds_fastrtps
[6.774s] -- Installing: /home/hjpark/dev_hjp/ROS2/storagy-repo-1/i6robotics/install/i6robotics_control_msgs/include/i6robotics_control_msgs/i6robotics_control_msgs/srv/detail/order__rosidl_typesupport_fastrtps_cpp.hpp
[6.774s] -- Up-to-date: /home/hjpark/dev_hjp/ROS2/storagy-repo-1/i6robotics/install/i6robotics_control_msgs/include/i6robotics_control_msgs/i6robotics_control_msgs/msg
[6.774s] -- Installing: /home/hjpark/dev_hjp/ROS2/storagy-repo-1/i6robotics/install/i6robotics_control_msgs/include/i6robotics_control_msgs/i6robotics_control_msgs/msg/rosidl_typesupport_fastrtps_cpp__visibility_control.h
[6.774s] -- Up-to-date: /home/hjpark/dev_hjp/ROS2/storagy-repo-1/i6robotics/install/i6robotics_control_msgs/include/i6robotics_control_msgs/i6robotics_control_msgs/msg/detail
[6.774s] -- Installing: /home/hjpark/dev_hjp/ROS2/storagy-repo-1/i6robotics/install/i6robotics_control_msgs/include/i6robotics_control_msgs/i6robotics_control_msgs/msg/detail/nav_order_feedback__rosidl_typesupport_fastrtps_cpp.hpp
[6.774s] -- Installing: /home/hjpark/dev_hjp/ROS2/storagy-repo-1/i6robotics/install/i6robotics_control_msgs/include/i6robotics_control_msgs/i6robotics_control_msgs/msg/detail/cmd_and_pose_vel__rosidl_typesupport_fastrtps_cpp.hpp
[6.774s] -- Installing: /home/hjpark/dev_hjp/ROS2/storagy-repo-1/i6robotics/install/i6robotics_control_msgs/include/i6robotics_control_msgs/i6robotics_control_msgs/msg/detail/dds_fastrtps
[6.774s] -- Installing: /home/hjpark/dev_hjp/ROS2/storagy-repo-1/i6robotics/install/i6robotics_control_msgs/lib/libi6robotics_control_msgs__rosidl_typesupport_fastrtps_cpp.so
[6.775s] -- Set runtime path of "/home/hjpark/dev_hjp/ROS2/storagy-repo-1/i6robotics/install/i6robotics_control_msgs/lib/libi6robotics_control_msgs__rosidl_typesupport_fastrtps_cpp.so" to ""
[6.775s] -- Up-to-date: /home/hjpark/dev_hjp/ROS2/storagy-repo-1/i6robotics/install/i6robotics_control_msgs/include/i6robotics_control_msgs/i6robotics_control_msgs
[6.775s] -- Up-to-date: /home/hjpark/dev_hjp/ROS2/storagy-repo-1/i6robotics/install/i6robotics_control_msgs/include/i6robotics_control_msgs/i6robotics_control_msgs/action
[6.775s] -- Up-to-date: /home/hjpark/dev_hjp/ROS2/storagy-repo-1/i6robotics/install/i6robotics_control_msgs/include/i6robotics_control_msgs/i6robotics_control_msgs/action/detail
[6.775s] -- Installing: /home/hjpark/dev_hjp/ROS2/storagy-repo-1/i6robotics/install/i6robotics_control_msgs/include/i6robotics_control_msgs/i6robotics_control_msgs/action/detail/follow__rosidl_typesupport_introspection_c.h
[6.775s] -- Installing: /home/hjpark/dev_hjp/ROS2/storagy-repo-1/i6robotics/install/i6robotics_control_msgs/include/i6robotics_control_msgs/i6robotics_control_msgs/action/detail/nav_order__rosidl_typesupport_introspection_c.h
[6.775s] -- Installing: /home/hjpark/dev_hjp/ROS2/storagy-repo-1/i6robotics/install/i6robotics_control_msgs/include/i6robotics_control_msgs/i6robotics_control_msgs/action/detail/nav_order__type_support.c
[6.775s] -- Installing: /home/hjpark/dev_hjp/ROS2/storagy-repo-1/i6robotics/install/i6robotics_control_msgs/include/i6robotics_control_msgs/i6robotics_control_msgs/action/detail/follow__type_support.c
[6.775s] -- Up-to-date: /home/hjpark/dev_hjp/ROS2/storagy-repo-1/i6robotics/install/i6robotics_control_msgs/include/i6robotics_control_msgs/i6robotics_control_msgs/srv
[6.775s] -- Up-to-date: /home/hjpark/dev_hjp/ROS2/storagy-repo-1/i6robotics/install/i6robotics_control_msgs/include/i6robotics_control_msgs/i6robotics_control_msgs/srv/detail
[6.775s] -- Installing: /home/hjpark/dev_hjp/ROS2/storagy-repo-1/i6robotics/install/i6robotics_control_msgs/include/i6robotics_control_msgs/i6robotics_control_msgs/srv/detail/nav_order_srv__type_support.c
[6.776s] -- Installing: /home/hjpark/dev_hjp/ROS2/storagy-repo-1/i6robotics/install/i6robotics_control_msgs/include/i6robotics_control_msgs/i6robotics_control_msgs/srv/detail/order__rosidl_typesupport_introspection_c.h
[6.776s] -- Installing: /home/hjpark/dev_hjp/ROS2/storagy-repo-1/i6robotics/install/i6robotics_control_msgs/include/i6robotics_control_msgs/i6robotics_control_msgs/srv/detail/order__type_support.c
[6.776s] -- Installing: /home/hjpark/dev_hjp/ROS2/storagy-repo-1/i6robotics/install/i6robotics_control_msgs/include/i6robotics_control_msgs/i6robotics_control_msgs/srv/detail/nav_order_srv__rosidl_typesupport_introspection_c.h
[6.776s] -- Up-to-date: /home/hjpark/dev_hjp/ROS2/storagy-repo-1/i6robotics/install/i6robotics_control_msgs/include/i6robotics_control_msgs/i6robotics_control_msgs/msg
[6.776s] -- Up-to-date: /home/hjpark/dev_hjp/ROS2/storagy-repo-1/i6robotics/install/i6robotics_control_msgs/include/i6robotics_control_msgs/i6robotics_control_msgs/msg/detail
[6.776s] -- Installing: /home/hjpark/dev_hjp/ROS2/storagy-repo-1/i6robotics/install/i6robotics_control_msgs/include/i6robotics_control_msgs/i6robotics_control_msgs/msg/detail/nav_order_feedback__type_support.c
[6.776s] -- Installing: /home/hjpark/dev_hjp/ROS2/storagy-repo-1/i6robotics/install/i6robotics_control_msgs/include/i6robotics_control_msgs/i6robotics_control_msgs/msg/detail/cmd_and_pose_vel__rosidl_typesupport_introspection_c.h
[6.776s] -- Installing: /home/hjpark/dev_hjp/ROS2/storagy-repo-1/i6robotics/install/i6robotics_control_msgs/include/i6robotics_control_msgs/i6robotics_control_msgs/msg/detail/nav_order_feedback__rosidl_typesupport_introspection_c.h
[6.776s] -- Installing: /home/hjpark/dev_hjp/ROS2/storagy-repo-1/i6robotics/install/i6robotics_control_msgs/include/i6robotics_control_msgs/i6robotics_control_msgs/msg/detail/cmd_and_pose_vel__type_support.c
[6.776s] -- Installing: /home/hjpark/dev_hjp/ROS2/storagy-repo-1/i6robotics/install/i6robotics_control_msgs/include/i6robotics_control_msgs/i6robotics_control_msgs/msg/rosidl_typesupport_introspection_c__visibility_control.h
[6.777s] -- Installing: /home/hjpark/dev_hjp/ROS2/storagy-repo-1/i6robotics/install/i6robotics_control_msgs/lib/libi6robotics_control_msgs__rosidl_typesupport_introspection_c.so
[6.777s] -- Set runtime path of "/home/hjpark/dev_hjp/ROS2/storagy-repo-1/i6robotics/install/i6robotics_control_msgs/lib/libi6robotics_control_msgs__rosidl_typesupport_introspection_c.so" to ""
[6.777s] -- Installing: /home/hjpark/dev_hjp/ROS2/storagy-repo-1/i6robotics/install/i6robotics_control_msgs/lib/libi6robotics_control_msgs__rosidl_typesupport_c.so
[6.777s] -- Set runtime path of "/home/hjpark/dev_hjp/ROS2/storagy-repo-1/i6robotics/install/i6robotics_control_msgs/lib/libi6robotics_control_msgs__rosidl_typesupport_c.so" to ""
[6.778s] -- Up-to-date: /home/hjpark/dev_hjp/ROS2/storagy-repo-1/i6robotics/install/i6robotics_control_msgs/include/i6robotics_control_msgs/i6robotics_control_msgs
[6.778s] -- Up-to-date: /home/hjpark/dev_hjp/ROS2/storagy-repo-1/i6robotics/install/i6robotics_control_msgs/include/i6robotics_control_msgs/i6robotics_control_msgs/action
[6.778s] -- Up-to-date: /home/hjpark/dev_hjp/ROS2/storagy-repo-1/i6robotics/install/i6robotics_control_msgs/include/i6robotics_control_msgs/i6robotics_control_msgs/action/detail
[6.778s] -- Installing: /home/hjpark/dev_hjp/ROS2/storagy-repo-1/i6robotics/install/i6robotics_control_msgs/include/i6robotics_control_msgs/i6robotics_control_msgs/action/detail/follow__type_support.cpp
[6.778s] -- Installing: /home/hjpark/dev_hjp/ROS2/storagy-repo-1/i6robotics/install/i6robotics_control_msgs/include/i6robotics_control_msgs/i6robotics_control_msgs/action/detail/nav_order__type_support.cpp
[6.778s] -- Installing: /home/hjpark/dev_hjp/ROS2/storagy-repo-1/i6robotics/install/i6robotics_control_msgs/include/i6robotics_control_msgs/i6robotics_control_msgs/action/detail/follow__rosidl_typesupport_introspection_cpp.hpp
[6.778s] -- Installing: /home/hjpark/dev_hjp/ROS2/storagy-repo-1/i6robotics/install/i6robotics_control_msgs/include/i6robotics_control_msgs/i6robotics_control_msgs/action/detail/nav_order__rosidl_typesupport_introspection_cpp.hpp
[6.778s] -- Up-to-date: /home/hjpark/dev_hjp/ROS2/storagy-repo-1/i6robotics/install/i6robotics_control_msgs/include/i6robotics_control_msgs/i6robotics_control_msgs/srv
[6.778s] -- Up-to-date: /home/hjpark/dev_hjp/ROS2/storagy-repo-1/i6robotics/install/i6robotics_control_msgs/include/i6robotics_control_msgs/i6robotics_control_msgs/srv/detail
[6.778s] -- Installing: /home/hjpark/dev_hjp/ROS2/storagy-repo-1/i6robotics/install/i6robotics_control_msgs/include/i6robotics_control_msgs/i6robotics_control_msgs/srv/detail/order__rosidl_typesupport_introspection_cpp.hpp
[6.778s] -- Installing: /home/hjpark/dev_hjp/ROS2/storagy-repo-1/i6robotics/install/i6robotics_control_msgs/include/i6robotics_control_msgs/i6robotics_control_msgs/srv/detail/nav_order_srv__type_support.cpp
[6.778s] -- Installing: /home/hjpark/dev_hjp/ROS2/storagy-repo-1/i6robotics/install/i6robotics_control_msgs/include/i6robotics_control_msgs/i6robotics_control_msgs/srv/detail/nav_order_srv__rosidl_typesupport_introspection_cpp.hpp
[6.779s] -- Installing: /home/hjpark/dev_hjp/ROS2/storagy-repo-1/i6robotics/install/i6robotics_control_msgs/include/i6robotics_control_msgs/i6robotics_control_msgs/srv/detail/order__type_support.cpp
[6.779s] -- Up-to-date: /home/hjpark/dev_hjp/ROS2/storagy-repo-1/i6robotics/install/i6robotics_control_msgs/include/i6robotics_control_msgs/i6robotics_control_msgs/msg
[6.779s] -- Up-to-date: /home/hjpark/dev_hjp/ROS2/storagy-repo-1/i6robotics/install/i6robotics_control_msgs/include/i6robotics_control_msgs/i6robotics_control_msgs/msg/detail
[6.779s] -- Installing: /home/hjpark/dev_hjp/ROS2/storagy-repo-1/i6robotics/install/i6robotics_control_msgs/include/i6robotics_control_msgs/i6robotics_control_msgs/msg/detail/nav_order_feedback__rosidl_typesupport_introspection_cpp.hpp
[6.779s] -- Installing: /home/hjpark/dev_hjp/ROS2/storagy-repo-1/i6robotics/install/i6robotics_control_msgs/include/i6robotics_control_msgs/i6robotics_control_msgs/msg/detail/nav_order_feedback__type_support.cpp
[6.781s] -- Installing: /home/hjpark/dev_hjp/ROS2/storagy-repo-1/i6robotics/install/i6robotics_control_msgs/include/i6robotics_control_msgs/i6robotics_control_msgs/msg/detail/cmd_and_pose_vel__type_support.cpp
[6.782s] -- Installing: /home/hjpark/dev_hjp/ROS2/storagy-repo-1/i6robotics/install/i6robotics_control_msgs/include/i6robotics_control_msgs/i6robotics_control_msgs/msg/detail/cmd_and_pose_vel__rosidl_typesupport_introspection_cpp.hpp
[6.783s] -- Installing: /home/hjpark/dev_hjp/ROS2/storagy-repo-1/i6robotics/install/i6robotics_control_msgs/lib/libi6robotics_control_msgs__rosidl_typesupport_introspection_cpp.so
[6.786s] -- Set runtime path of "/home/hjpark/dev_hjp/ROS2/storagy-repo-1/i6robotics/install/i6robotics_control_msgs/lib/libi6robotics_control_msgs__rosidl_typesupport_introspection_cpp.so" to ""
[6.786s] -- Installing: /home/hjpark/dev_hjp/ROS2/storagy-repo-1/i6robotics/install/i6robotics_control_msgs/lib/libi6robotics_control_msgs__rosidl_typesupport_cpp.so
[6.786s] -- Set runtime path of "/home/hjpark/dev_hjp/ROS2/storagy-repo-1/i6robotics/install/i6robotics_control_msgs/lib/libi6robotics_control_msgs__rosidl_typesupport_cpp.so" to ""
[6.786s] -- Installing: /home/hjpark/dev_hjp/ROS2/storagy-repo-1/i6robotics/install/i6robotics_control_msgs/share/i6robotics_control_msgs/environment/pythonpath.sh
[6.786s] -- Installing: /home/hjpark/dev_hjp/ROS2/storagy-repo-1/i6robotics/install/i6robotics_control_msgs/share/i6robotics_control_msgs/environment/pythonpath.dsv
[6.786s] -- Installing: /home/hjpark/dev_hjp/ROS2/storagy-repo-1/i6robotics/install/i6robotics_control_msgs/local/lib/python3.10/dist-packages/i6robotics_control_msgs-0.0.0-py3.10.egg-info
[6.787s] -- Installing: /home/hjpark/dev_hjp/ROS2/storagy-repo-1/i6robotics/install/i6robotics_control_msgs/local/lib/python3.10/dist-packages/i6robotics_control_msgs-0.0.0-py3.10.egg-info/top_level.txt
[6.787s] -- Installing: /home/hjpark/dev_hjp/ROS2/storagy-repo-1/i6robotics/install/i6robotics_control_msgs/local/lib/python3.10/dist-packages/i6robotics_control_msgs-0.0.0-py3.10.egg-info/dependency_links.txt
[6.787s] -- Installing: /home/hjpark/dev_hjp/ROS2/storagy-repo-1/i6robotics/install/i6robotics_control_msgs/local/lib/python3.10/dist-packages/i6robotics_control_msgs-0.0.0-py3.10.egg-info/PKG-INFO
[6.787s] -- Installing: /home/hjpark/dev_hjp/ROS2/storagy-repo-1/i6robotics/install/i6robotics_control_msgs/local/lib/python3.10/dist-packages/i6robotics_control_msgs-0.0.0-py3.10.egg-info/SOURCES.txt
[6.787s] -- Installing: /home/hjpark/dev_hjp/ROS2/storagy-repo-1/i6robotics/install/i6robotics_control_msgs/local/lib/python3.10/dist-packages/i6robotics_control_msgs
[6.787s] -- Installing: /home/hjpark/dev_hjp/ROS2/storagy-repo-1/i6robotics/install/i6robotics_control_msgs/local/lib/python3.10/dist-packages/i6robotics_control_msgs/_i6robotics_control_msgs_s.ep.rosidl_typesupport_fastrtps_c.c
[6.787s] -- Installing: /home/hjpark/dev_hjp/ROS2/storagy-repo-1/i6robotics/install/i6robotics_control_msgs/local/lib/python3.10/dist-packages/i6robotics_control_msgs/i6robotics_control_msgs_s__rosidl_typesupport_introspection_c.cpython-310-x86_64-linux-gnu.so
[6.787s] -- Installing: /home/hjpark/dev_hjp/ROS2/storagy-repo-1/i6robotics/install/i6robotics_control_msgs/local/lib/python3.10/dist-packages/i6robotics_control_msgs/_i6robotics_control_msgs_s.ep.rosidl_typesupport_introspection_c.c
[6.788s] -- Installing: /home/hjpark/dev_hjp/ROS2/storagy-repo-1/i6robotics/install/i6robotics_control_msgs/local/lib/python3.10/dist-packages/i6robotics_control_msgs/_i6robotics_control_msgs_s.ep.rosidl_typesupport_c.c
[6.788s] -- Installing: /home/hjpark/dev_hjp/ROS2/storagy-repo-1/i6robotics/install/i6robotics_control_msgs/local/lib/python3.10/dist-packages/i6robotics_control_msgs/action
[6.788s] -- Installing: /home/hjpark/dev_hjp/ROS2/storagy-repo-1/i6robotics/install/i6robotics_control_msgs/local/lib/python3.10/dist-packages/i6robotics_control_msgs/action/_nav_order.py
[6.788s] -- Installing: /home/hjpark/dev_hjp/ROS2/storagy-repo-1/i6robotics/install/i6robotics_control_msgs/local/lib/python3.10/dist-packages/i6robotics_control_msgs/action/_nav_order_s.c
[6.788s] -- Installing: /home/hjpark/dev_hjp/ROS2/storagy-repo-1/i6robotics/install/i6robotics_control_msgs/local/lib/python3.10/dist-packages/i6robotics_control_msgs/action/_follow.py
[6.788s] -- Installing: /home/hjpark/dev_hjp/ROS2/storagy-repo-1/i6robotics/install/i6robotics_control_msgs/local/lib/python3.10/dist-packages/i6robotics_control_msgs/action/_follow_s.c
[6.789s] -- Installing: /home/hjpark/dev_hjp/ROS2/storagy-repo-1/i6robotics/install/i6robotics_control_msgs/local/lib/python3.10/dist-packages/i6robotics_control_msgs/action/__init__.py
[6.789s] -- Installing: /home/hjpark/dev_hjp/ROS2/storagy-repo-1/i6robotics/install/i6robotics_control_msgs/local/lib/python3.10/dist-packages/i6robotics_control_msgs/i6robotics_control_msgs_s__rosidl_typesupport_fastrtps_c.cpython-310-x86_64-linux-gnu.so
[6.789s] -- Installing: /home/hjpark/dev_hjp/ROS2/storagy-repo-1/i6robotics/install/i6robotics_control_msgs/local/lib/python3.10/dist-packages/i6robotics_control_msgs/srv
[6.789s] -- Installing: /home/hjpark/dev_hjp/ROS2/storagy-repo-1/i6robotics/install/i6robotics_control_msgs/local/lib/python3.10/dist-packages/i6robotics_control_msgs/srv/_order_s.c
[6.789s] -- Installing: /home/hjpark/dev_hjp/ROS2/storagy-repo-1/i6robotics/install/i6robotics_control_msgs/local/lib/python3.10/dist-packages/i6robotics_control_msgs/srv/_order.py
[6.789s] -- Installing: /home/hjpark/dev_hjp/ROS2/storagy-repo-1/i6robotics/install/i6robotics_control_msgs/local/lib/python3.10/dist-packages/i6robotics_control_msgs/srv/_nav_order_srv_s.c
[6.789s] -- Installing: /home/hjpark/dev_hjp/ROS2/storagy-repo-1/i6robotics/install/i6robotics_control_msgs/local/lib/python3.10/dist-packages/i6robotics_control_msgs/srv/_nav_order_srv.py
[6.789s] -- Installing: /home/hjpark/dev_hjp/ROS2/storagy-repo-1/i6robotics/install/i6robotics_control_msgs/local/lib/python3.10/dist-packages/i6robotics_control_msgs/srv/__init__.py
[6.790s] -- Installing: /home/hjpark/dev_hjp/ROS2/storagy-repo-1/i6robotics/install/i6robotics_control_msgs/local/lib/python3.10/dist-packages/i6robotics_control_msgs/msg
[6.790s] -- Installing: /home/hjpark/dev_hjp/ROS2/storagy-repo-1/i6robotics/install/i6robotics_control_msgs/local/lib/python3.10/dist-packages/i6robotics_control_msgs/msg/_nav_order_feedback_s.c
[6.790s] -- Installing: /home/hjpark/dev_hjp/ROS2/storagy-repo-1/i6robotics/install/i6robotics_control_msgs/local/lib/python3.10/dist-packages/i6robotics_control_msgs/msg/_cmd_and_pose_vel_s.c
[6.790s] -- Installing: /home/hjpark/dev_hjp/ROS2/storagy-repo-1/i6robotics/install/i6robotics_control_msgs/local/lib/python3.10/dist-packages/i6robotics_control_msgs/msg/_cmd_and_pose_vel.py
[6.790s] -- Installing: /home/hjpark/dev_hjp/ROS2/storagy-repo-1/i6robotics/install/i6robotics_control_msgs/local/lib/python3.10/dist-packages/i6robotics_control_msgs/msg/_nav_order_feedback.py
[6.790s] -- Installing: /home/hjpark/dev_hjp/ROS2/storagy-repo-1/i6robotics/install/i6robotics_control_msgs/local/lib/python3.10/dist-packages/i6robotics_control_msgs/msg/__init__.py
[6.790s] -- Installing: /home/hjpark/dev_hjp/ROS2/storagy-repo-1/i6robotics/install/i6robotics_control_msgs/local/lib/python3.10/dist-packages/i6robotics_control_msgs/i6robotics_control_msgs_s__rosidl_typesupport_c.cpython-310-x86_64-linux-gnu.so
[6.790s] -- Installing: /home/hjpark/dev_hjp/ROS2/storagy-repo-1/i6robotics/install/i6robotics_control_msgs/local/lib/python3.10/dist-packages/i6robotics_control_msgs/libi6robotics_control_msgs__rosidl_generator_py.so
[6.790s] -- Installing: /home/hjpark/dev_hjp/ROS2/storagy-repo-1/i6robotics/install/i6robotics_control_msgs/local/lib/python3.10/dist-packages/i6robotics_control_msgs/__init__.py
[6.843s] Listing '/home/hjpark/dev_hjp/ROS2/storagy-repo-1/i6robotics/install/i6robotics_control_msgs/local/lib/python3.10/dist-packages/i6robotics_control_msgs'...
[6.843s] Compiling '/home/hjpark/dev_hjp/ROS2/storagy-repo-1/i6robotics/install/i6robotics_control_msgs/local/lib/python3.10/dist-packages/i6robotics_control_msgs/__init__.py'...
[6.843s] Listing '/home/hjpark/dev_hjp/ROS2/storagy-repo-1/i6robotics/install/i6robotics_control_msgs/local/lib/python3.10/dist-packages/i6robotics_control_msgs/action'...
[6.844s] Compiling '/home/hjpark/dev_hjp/ROS2/storagy-repo-1/i6robotics/install/i6robotics_control_msgs/local/lib/python3.10/dist-packages/i6robotics_control_msgs/action/__init__.py'...
[6.844s] Compiling '/home/hjpark/dev_hjp/ROS2/storagy-repo-1/i6robotics/install/i6robotics_control_msgs/local/lib/python3.10/dist-packages/i6robotics_control_msgs/action/_follow.py'...
[6.844s] Compiling '/home/hjpark/dev_hjp/ROS2/storagy-repo-1/i6robotics/install/i6robotics_control_msgs/local/lib/python3.10/dist-packages/i6robotics_control_msgs/action/_nav_order.py'...
[6.844s] Listing '/home/hjpark/dev_hjp/ROS2/storagy-repo-1/i6robotics/install/i6robotics_control_msgs/local/lib/python3.10/dist-packages/i6robotics_control_msgs/msg'...
[6.844s] Compiling '/home/hjpark/dev_hjp/ROS2/storagy-repo-1/i6robotics/install/i6robotics_control_msgs/local/lib/python3.10/dist-packages/i6robotics_control_msgs/msg/__init__.py'...
[6.844s] Compiling '/home/hjpark/dev_hjp/ROS2/storagy-repo-1/i6robotics/install/i6robotics_control_msgs/local/lib/python3.10/dist-packages/i6robotics_control_msgs/msg/_cmd_and_pose_vel.py'...
[6.844s] Compiling '/home/hjpark/dev_hjp/ROS2/storagy-repo-1/i6robotics/install/i6robotics_control_msgs/local/lib/python3.10/dist-packages/i6robotics_control_msgs/msg/_nav_order_feedback.py'...
[6.844s] Listing '/home/hjpark/dev_hjp/ROS2/storagy-repo-1/i6robotics/install/i6robotics_control_msgs/local/lib/python3.10/dist-packages/i6robotics_control_msgs/srv'...
[6.844s] Compiling '/home/hjpark/dev_hjp/ROS2/storagy-repo-1/i6robotics/install/i6robotics_control_msgs/local/lib/python3.10/dist-packages/i6robotics_control_msgs/srv/__init__.py'...
[6.844s] Compiling '/home/hjpark/dev_hjp/ROS2/storagy-repo-1/i6robotics/install/i6robotics_control_msgs/local/lib/python3.10/dist-packages/i6robotics_control_msgs/srv/_nav_order_srv.py'...
[6.844s] Compiling '/home/hjpark/dev_hjp/ROS2/storagy-repo-1/i6robotics/install/i6robotics_control_msgs/local/lib/python3.10/dist-packages/i6robotics_control_msgs/srv/_order.py'...
[6.853s] -- Installing: /home/hjpark/dev_hjp/ROS2/storagy-repo-1/i6robotics/install/i6robotics_control_msgs/local/lib/python3.10/dist-packages/i6robotics_control_msgs/i6robotics_control_msgs_s__rosidl_typesupport_fastrtps_c.cpython-310-x86_64-linux-gnu.so
[6.854s] -- Set runtime path of "/home/hjpark/dev_hjp/ROS2/storagy-repo-1/i6robotics/install/i6robotics_control_msgs/local/lib/python3.10/dist-packages/i6robotics_control_msgs/i6robotics_control_msgs_s__rosidl_typesupport_fastrtps_c.cpython-310-x86_64-linux-gnu.so" to ""
[6.854s] -- Installing: /home/hjpark/dev_hjp/ROS2/storagy-repo-1/i6robotics/install/i6robotics_control_msgs/local/lib/python3.10/dist-packages/i6robotics_control_msgs/i6robotics_control_msgs_s__rosidl_typesupport_introspection_c.cpython-310-x86_64-linux-gnu.so
[6.854s] -- Set runtime path of "/home/hjpark/dev_hjp/ROS2/storagy-repo-1/i6robotics/install/i6robotics_control_msgs/local/lib/python3.10/dist-packages/i6robotics_control_msgs/i6robotics_control_msgs_s__rosidl_typesupport_introspection_c.cpython-310-x86_64-linux-gnu.so" to ""
[6.854s] -- Installing: /home/hjpark/dev_hjp/ROS2/storagy-repo-1/i6robotics/install/i6robotics_control_msgs/local/lib/python3.10/dist-packages/i6robotics_control_msgs/i6robotics_control_msgs_s__rosidl_typesupport_c.cpython-310-x86_64-linux-gnu.so
[6.855s] -- Set runtime path of "/home/hjpark/dev_hjp/ROS2/storagy-repo-1/i6robotics/install/i6robotics_control_msgs/local/lib/python3.10/dist-packages/i6robotics_control_msgs/i6robotics_control_msgs_s__rosidl_typesupport_c.cpython-310-x86_64-linux-gnu.so" to ""
[6.855s] -- Installing: /home/hjpark/dev_hjp/ROS2/storagy-repo-1/i6robotics/install/i6robotics_control_msgs/lib/libi6robotics_control_msgs__rosidl_generator_py.so
[6.855s] -- Set runtime path of "/home/hjpark/dev_hjp/ROS2/storagy-repo-1/i6robotics/install/i6robotics_control_msgs/lib/libi6robotics_control_msgs__rosidl_generator_py.so" to ""
[6.856s] -- Installing: /home/hjpark/dev_hjp/ROS2/storagy-repo-1/i6robotics/install/i6robotics_control_msgs/share/i6robotics_control_msgs/msg/CmdAndPoseVel.idl
[6.856s] -- Installing: /home/hjpark/dev_hjp/ROS2/storagy-repo-1/i6robotics/install/i6robotics_control_msgs/share/i6robotics_control_msgs/action/NavOrder.idl
[6.856s] -- Installing: /home/hjpark/dev_hjp/ROS2/storagy-repo-1/i6robotics/install/i6robotics_control_msgs/share/i6robotics_control_msgs/action/Follow.idl
[6.856s] -- Installing: /home/hjpark/dev_hjp/ROS2/storagy-repo-1/i6robotics/install/i6robotics_control_msgs/share/i6robotics_control_msgs/srv/NavOrderSrv.idl
[6.856s] -- Installing: /home/hjpark/dev_hjp/ROS2/storagy-repo-1/i6robotics/install/i6robotics_control_msgs/share/i6robotics_control_msgs/srv/Order.idl
[6.856s] -- Installing: /home/hjpark/dev_hjp/ROS2/storagy-repo-1/i6robotics/install/i6robotics_control_msgs/share/i6robotics_control_msgs/msg/NavOrderFeedback.idl
[6.856s] -- Installing: /home/hjpark/dev_hjp/ROS2/storagy-repo-1/i6robotics/install/i6robotics_control_msgs/share/i6robotics_control_msgs/msg/CmdAndPoseVel.msg
[6.856s] -- Installing: /home/hjpark/dev_hjp/ROS2/storagy-repo-1/i6robotics/install/i6robotics_control_msgs/share/i6robotics_control_msgs/action/NavOrder.action
[6.856s] -- Installing: /home/hjpark/dev_hjp/ROS2/storagy-repo-1/i6robotics/install/i6robotics_control_msgs/share/i6robotics_control_msgs/action/Follow.action
[6.857s] -- Installing: /home/hjpark/dev_hjp/ROS2/storagy-repo-1/i6robotics/install/i6robotics_control_msgs/share/i6robotics_control_msgs/srv/NavOrderSrv.srv
[6.857s] -- Installing: /home/hjpark/dev_hjp/ROS2/storagy-repo-1/i6robotics/install/i6robotics_control_msgs/share/i6robotics_control_msgs/srv/NavOrderSrv_Request.msg
[6.857s] -- Installing: /home/hjpark/dev_hjp/ROS2/storagy-repo-1/i6robotics/install/i6robotics_control_msgs/share/i6robotics_control_msgs/srv/NavOrderSrv_Response.msg
[6.857s] -- Installing: /home/hjpark/dev_hjp/ROS2/storagy-repo-1/i6robotics/install/i6robotics_control_msgs/share/i6robotics_control_msgs/srv/Order.srv
[6.857s] -- Installing: /home/hjpark/dev_hjp/ROS2/storagy-repo-1/i6robotics/install/i6robotics_control_msgs/share/i6robotics_control_msgs/srv/Order_Request.msg
[6.857s] -- Installing: /home/hjpark/dev_hjp/ROS2/storagy-repo-1/i6robotics/install/i6robotics_control_msgs/share/i6robotics_control_msgs/srv/Order_Response.msg
[6.857s] -- Installing: /home/hjpark/dev_hjp/ROS2/storagy-repo-1/i6robotics/install/i6robotics_control_msgs/share/i6robotics_control_msgs/msg/NavOrderFeedback.msg
[6.858s] -- Installing: /home/hjpark/dev_hjp/ROS2/storagy-repo-1/i6robotics/install/i6robotics_control_msgs/share/ament_index/resource_index/package_run_dependencies/i6robotics_control_msgs
[6.858s] -- Installing: /home/hjpark/dev_hjp/ROS2/storagy-repo-1/i6robotics/install/i6robotics_control_msgs/share/ament_index/resource_index/parent_prefix_path/i6robotics_control_msgs
[6.858s] -- Installing: /home/hjpark/dev_hjp/ROS2/storagy-repo-1/i6robotics/install/i6robotics_control_msgs/share/i6robotics_control_msgs/environment/ament_prefix_path.sh
[6.858s] -- Installing: /home/hjpark/dev_hjp/ROS2/storagy-repo-1/i6robotics/install/i6robotics_control_msgs/share/i6robotics_control_msgs/environment/ament_prefix_path.dsv
[6.858s] -- Installing: /home/hjpark/dev_hjp/ROS2/storagy-repo-1/i6robotics/install/i6robotics_control_msgs/share/i6robotics_control_msgs/environment/path.sh
[6.858s] -- Installing: /home/hjpark/dev_hjp/ROS2/storagy-repo-1/i6robotics/install/i6robotics_control_msgs/share/i6robotics_control_msgs/environment/path.dsv
[6.859s] -- Installing: /home/hjpark/dev_hjp/ROS2/storagy-repo-1/i6robotics/install/i6robotics_control_msgs/share/i6robotics_control_msgs/local_setup.bash
[6.859s] -- Installing: /home/hjpark/dev_hjp/ROS2/storagy-repo-1/i6robotics/install/i6robotics_control_msgs/share/i6robotics_control_msgs/local_setup.sh
[6.859s] -- Installing: /home/hjpark/dev_hjp/ROS2/storagy-repo-1/i6robotics/install/i6robotics_control_msgs/share/i6robotics_control_msgs/local_setup.zsh
[6.859s] -- Installing: /home/hjpark/dev_hjp/ROS2/storagy-repo-1/i6robotics/install/i6robotics_control_msgs/share/i6robotics_control_msgs/local_setup.dsv
[6.859s] -- Installing: /home/hjpark/dev_hjp/ROS2/storagy-repo-1/i6robotics/install/i6robotics_control_msgs/share/i6robotics_control_msgs/package.dsv
[6.859s] -- Installing: /home/hjpark/dev_hjp/ROS2/storagy-repo-1/i6robotics/install/i6robotics_control_msgs/share/ament_index/resource_index/packages/i6robotics_control_msgs
[6.859s] -- Installing: /home/hjpark/dev_hjp/ROS2/storagy-repo-1/i6robotics/install/i6robotics_control_msgs/share/i6robotics_control_msgs/cmake/export_i6robotics_control_msgs__rosidl_generator_cExport.cmake
[6.860s] -- Installing: /home/hjpark/dev_hjp/ROS2/storagy-repo-1/i6robotics/install/i6robotics_control_msgs/share/i6robotics_control_msgs/cmake/export_i6robotics_control_msgs__rosidl_generator_cExport-noconfig.cmake
[6.860s] -- Installing: /home/hjpark/dev_hjp/ROS2/storagy-repo-1/i6robotics/install/i6robotics_control_msgs/share/i6robotics_control_msgs/cmake/export_i6robotics_control_msgs__rosidl_typesupport_fastrtps_cExport.cmake
[6.860s] -- Installing: /home/hjpark/dev_hjp/ROS2/storagy-repo-1/i6robotics/install/i6robotics_control_msgs/share/i6robotics_control_msgs/cmake/export_i6robotics_control_msgs__rosidl_typesupport_fastrtps_cExport-noconfig.cmake
[6.860s] -- Installing: /home/hjpark/dev_hjp/ROS2/storagy-repo-1/i6robotics/install/i6robotics_control_msgs/share/i6robotics_control_msgs/cmake/export_i6robotics_control_msgs__rosidl_generator_cppExport.cmake
[6.860s] -- Installing: /home/hjpark/dev_hjp/ROS2/storagy-repo-1/i6robotics/install/i6robotics_control_msgs/share/i6robotics_control_msgs/cmake/export_i6robotics_control_msgs__rosidl_typesupport_fastrtps_cppExport.cmake
[6.860s] -- Installing: /home/hjpark/dev_hjp/ROS2/storagy-repo-1/i6robotics/install/i6robotics_control_msgs/share/i6robotics_control_msgs/cmake/export_i6robotics_control_msgs__rosidl_typesupport_fastrtps_cppExport-noconfig.cmake
[6.861s] -- Installing: /home/hjpark/dev_hjp/ROS2/storagy-repo-1/i6robotics/install/i6robotics_control_msgs/share/i6robotics_control_msgs/cmake/i6robotics_control_msgs__rosidl_typesupport_introspection_cExport.cmake
[6.861s] -- Installing: /home/hjpark/dev_hjp/ROS2/storagy-repo-1/i6robotics/install/i6robotics_control_msgs/share/i6robotics_control_msgs/cmake/i6robotics_control_msgs__rosidl_typesupport_introspection_cExport-noconfig.cmake
[6.861s] -- Installing: /home/hjpark/dev_hjp/ROS2/storagy-repo-1/i6robotics/install/i6robotics_control_msgs/share/i6robotics_control_msgs/cmake/i6robotics_control_msgs__rosidl_typesupport_cExport.cmake
[6.861s] -- Installing: /home/hjpark/dev_hjp/ROS2/storagy-repo-1/i6robotics/install/i6robotics_control_msgs/share/i6robotics_control_msgs/cmake/i6robotics_control_msgs__rosidl_typesupport_cExport-noconfig.cmake
[6.861s] -- Installing: /home/hjpark/dev_hjp/ROS2/storagy-repo-1/i6robotics/install/i6robotics_control_msgs/share/i6robotics_control_msgs/cmake/i6robotics_control_msgs__rosidl_typesupport_introspection_cppExport.cmake
[6.861s] -- Installing: /home/hjpark/dev_hjp/ROS2/storagy-repo-1/i6robotics/install/i6robotics_control_msgs/share/i6robotics_control_msgs/cmake/i6robotics_control_msgs__rosidl_typesupport_introspection_cppExport-noconfig.cmake
[6.861s] -- Installing: /home/hjpark/dev_hjp/ROS2/storagy-repo-1/i6robotics/install/i6robotics_control_msgs/share/i6robotics_control_msgs/cmake/i6robotics_control_msgs__rosidl_typesupport_cppExport.cmake
[6.862s] -- Installing: /home/hjpark/dev_hjp/ROS2/storagy-repo-1/i6robotics/install/i6robotics_control_msgs/share/i6robotics_control_msgs/cmake/i6robotics_control_msgs__rosidl_typesupport_cppExport-noconfig.cmake
[6.862s] -- Installing: /home/hjpark/dev_hjp/ROS2/storagy-repo-1/i6robotics/install/i6robotics_control_msgs/share/i6robotics_control_msgs/cmake/export_i6robotics_control_msgs__rosidl_generator_pyExport.cmake
[6.862s] -- Installing: /home/hjpark/dev_hjp/ROS2/storagy-repo-1/i6robotics/install/i6robotics_control_msgs/share/i6robotics_control_msgs/cmake/export_i6robotics_control_msgs__rosidl_generator_pyExport-noconfig.cmake
[6.862s] -- Installing: /home/hjpark/dev_hjp/ROS2/storagy-repo-1/i6robotics/install/i6robotics_control_msgs/share/i6robotics_control_msgs/cmake/rosidl_cmake-extras.cmake
[6.862s] -- Installing: /home/hjpark/dev_hjp/ROS2/storagy-repo-1/i6robotics/install/i6robotics_control_msgs/share/i6robotics_control_msgs/cmake/ament_cmake_export_dependencies-extras.cmake
[6.862s] -- Installing: /home/hjpark/dev_hjp/ROS2/storagy-repo-1/i6robotics/install/i6robotics_control_msgs/share/i6robotics_control_msgs/cmake/ament_cmake_export_include_directories-extras.cmake
[6.862s] -- Installing: /home/hjpark/dev_hjp/ROS2/storagy-repo-1/i6robotics/install/i6robotics_control_msgs/share/i6robotics_control_msgs/cmake/ament_cmake_export_libraries-extras.cmake
[6.863s] -- Installing: /home/hjpark/dev_hjp/ROS2/storagy-repo-1/i6robotics/install/i6robotics_control_msgs/share/i6robotics_control_msgs/cmake/ament_cmake_export_targets-extras.cmake
[6.863s] -- Installing: /home/hjpark/dev_hjp/ROS2/storagy-repo-1/i6robotics/install/i6robotics_control_msgs/share/i6robotics_control_msgs/cmake/rosidl_cmake_export_typesupport_targets-extras.cmake
[6.863s] -- Installing: /home/hjpark/dev_hjp/ROS2/storagy-repo-1/i6robotics/install/i6robotics_control_msgs/share/i6robotics_control_msgs/cmake/rosidl_cmake_export_typesupport_libraries-extras.cmake
[6.863s] -- Installing: /home/hjpark/dev_hjp/ROS2/storagy-repo-1/i6robotics/install/i6robotics_control_msgs/share/i6robotics_control_msgs/cmake/i6robotics_control_msgsConfig.cmake
[6.863s] -- Installing: /home/hjpark/dev_hjp/ROS2/storagy-repo-1/i6robotics/install/i6robotics_control_msgs/share/i6robotics_control_msgs/cmake/i6robotics_control_msgsConfig-version.cmake
[6.863s] -- Installing: /home/hjpark/dev_hjp/ROS2/storagy-repo-1/i6robotics/install/i6robotics_control_msgs/share/i6robotics_control_msgs/package.xml
[6.866s] Invoked command in '/home/hjpark/dev_hjp/ROS2/storagy-repo-1/i6robotics/build/i6robotics_control_msgs' returned '0': CMAKE_PREFIX_PATH=/opt/ros/humble /usr/bin/cmake --install /home/hjpark/dev_hjp/ROS2/storagy-repo-1/i6robotics/build/i6robotics_control_msgs
