[0.124s] DEBUG:colcon:Command line arguments: ['/usr/bin/colcon', 'build']
[0.124s] DEBUG:colcon:Parsed command line arguments: Namespace(log_base=None, log_level=None, verb_name='build', build_base='build', install_base='install', merge_install=False, symlink_install=False, test_result_base=None, continue_on_error=False, executor='parallel', parallel_workers=16, event_handlers=None, ignore_user_meta=False, metas=['./colcon.meta'], base_paths=['.'], packages_ignore=None, packages_ignore_regex=None, paths=None, packages_up_to=None, packages_up_to_regex=None, packages_above=None, packages_above_and_dependencies=None, packages_above_depth=None, packages_select_by_dep=None, packages_skip_by_dep=None, packages_skip_up_to=None, packages_select_build_failed=False, packages_skip_build_finished=False, packages_select_test_failures=False, packages_skip_test_passed=False, packages_select=None, packages_skip=None, packages_select_regex=None, packages_skip_regex=None, packages_start=None, packages_end=None, allow_overriding=[], cmake_args=None, cmake_target=None, cmake_target_skip_unavailable=False, cmake_clean_cache=False, cmake_clean_first=False, cmake_force_configure=False, ament_cmake_args=None, catkin_cmake_args=None, catkin_skip_building_tests=False, mixin_files=None, mixin=None, verb_parser=<colcon_mixin.mixin.mixin_argument.MixinArgumentDecorator object at 0x7d2e41d17040>, verb_extension=<colcon_core.verb.build.BuildVerb object at 0x7d2e41e0feb0>, main=<bound method BuildVerb.main of <colcon_core.verb.build.BuildVerb object at 0x7d2e41e0feb0>>, mixin_verb=('build',))
[0.289s] Level 1:colcon.colcon_core.package_discovery:discover_packages(colcon_meta) check parameters
[0.289s] Level 1:colcon.colcon_core.package_discovery:discover_packages(recursive) check parameters
[0.289s] Level 1:colcon.colcon_core.package_discovery:discover_packages(ignore) check parameters
[0.289s] Level 1:colcon.colcon_core.package_discovery:discover_packages(path) check parameters
[0.289s] Level 1:colcon.colcon_core.package_discovery:discover_packages(colcon_meta) discover
[0.289s] Level 1:colcon.colcon_core.package_discovery:discover_packages(recursive) discover
[0.289s] INFO:colcon.colcon_core.package_discovery:Crawling recursively for packages in '/home/hjpark/dev_hjp/ROS2/storagy-repo-1/i6robotics'
[0.289s] Level 1:colcon.colcon_core.package_identification:_identify(.) by extensions ['ignore', 'ignore_ament_install']
[0.290s] Level 1:colcon.colcon_core.package_identification:_identify(.) by extension 'ignore'
[0.290s] Level 1:colcon.colcon_core.package_identification:_identify(.) by extension 'ignore_ament_install'
[0.290s] Level 1:colcon.colcon_core.package_identification:_identify(.) by extensions ['colcon_pkg']
[0.290s] Level 1:colcon.colcon_core.package_identification:_identify(.) by extension 'colcon_pkg'
[0.290s] Level 1:colcon.colcon_core.package_identification:_identify(.) by extensions ['colcon_meta']
[0.290s] Level 1:colcon.colcon_core.package_identification:_identify(.) by extension 'colcon_meta'
[0.290s] Level 1:colcon.colcon_core.package_identification:_identify(.) by extensions ['ros']
[0.290s] Level 1:colcon.colcon_core.package_identification:_identify(.) by extension 'ros'
[0.301s] Level 1:colcon.colcon_core.package_identification:_identify(.) by extensions ['cmake', 'python']
[0.301s] Level 1:colcon.colcon_core.package_identification:_identify(.) by extension 'cmake'
[0.301s] Level 1:colcon.colcon_core.package_identification:_identify(.) by extension 'python'
[0.301s] Level 1:colcon.colcon_core.package_identification:_identify(.) by extensions ['python_setup_py']
[0.301s] Level 1:colcon.colcon_core.package_identification:_identify(.) by extension 'python_setup_py'
[0.301s] Level 1:colcon.colcon_core.package_identification:_identify(build) by extensions ['ignore', 'ignore_ament_install']
[0.301s] Level 1:colcon.colcon_core.package_identification:_identify(build) by extension 'ignore'
[0.301s] Level 1:colcon.colcon_core.package_identification:_identify(build) ignored
[0.301s] Level 1:colcon.colcon_core.package_identification:_identify(install) by extensions ['ignore', 'ignore_ament_install']
[0.301s] Level 1:colcon.colcon_core.package_identification:_identify(install) by extension 'ignore'
[0.301s] Level 1:colcon.colcon_core.package_identification:_identify(install) ignored
[0.301s] Level 1:colcon.colcon_core.package_identification:_identify(log) by extensions ['ignore', 'ignore_ament_install']
[0.302s] Level 1:colcon.colcon_core.package_identification:_identify(log) by extension 'ignore'
[0.302s] Level 1:colcon.colcon_core.package_identification:_identify(log) ignored
[0.302s] Level 1:colcon.colcon_core.package_identification:_identify(src) by extensions ['ignore', 'ignore_ament_install']
[0.302s] Level 1:colcon.colcon_core.package_identification:_identify(src) by extension 'ignore'
[0.302s] Level 1:colcon.colcon_core.package_identification:_identify(src) by extension 'ignore_ament_install'
[0.302s] Level 1:colcon.colcon_core.package_identification:_identify(src) by extensions ['colcon_pkg']
[0.302s] Level 1:colcon.colcon_core.package_identification:_identify(src) by extension 'colcon_pkg'
[0.302s] Level 1:colcon.colcon_core.package_identification:_identify(src) by extensions ['colcon_meta']
[0.302s] Level 1:colcon.colcon_core.package_identification:_identify(src) by extension 'colcon_meta'
[0.302s] Level 1:colcon.colcon_core.package_identification:_identify(src) by extensions ['ros']
[0.302s] Level 1:colcon.colcon_core.package_identification:_identify(src) by extension 'ros'
[0.302s] Level 1:colcon.colcon_core.package_identification:_identify(src) by extensions ['cmake', 'python']
[0.302s] Level 1:colcon.colcon_core.package_identification:_identify(src) by extension 'cmake'
[0.302s] Level 1:colcon.colcon_core.package_identification:_identify(src) by extension 'python'
[0.302s] Level 1:colcon.colcon_core.package_identification:_identify(src) by extensions ['python_setup_py']
[0.302s] Level 1:colcon.colcon_core.package_identification:_identify(src) by extension 'python_setup_py'
[0.302s] Level 1:colcon.colcon_core.package_identification:_identify(src/guiding_services) by extensions ['ignore', 'ignore_ament_install']
[0.302s] Level 1:colcon.colcon_core.package_identification:_identify(src/guiding_services) by extension 'ignore'
[0.303s] Level 1:colcon.colcon_core.package_identification:_identify(src/guiding_services) by extension 'ignore_ament_install'
[0.303s] Level 1:colcon.colcon_core.package_identification:_identify(src/guiding_services) by extensions ['colcon_pkg']
[0.303s] Level 1:colcon.colcon_core.package_identification:_identify(src/guiding_services) by extension 'colcon_pkg'
[0.303s] Level 1:colcon.colcon_core.package_identification:_identify(src/guiding_services) by extensions ['colcon_meta']
[0.303s] Level 1:colcon.colcon_core.package_identification:_identify(src/guiding_services) by extension 'colcon_meta'
[0.303s] Level 1:colcon.colcon_core.package_identification:_identify(src/guiding_services) by extensions ['ros']
[0.303s] Level 1:colcon.colcon_core.package_identification:_identify(src/guiding_services) by extension 'ros'
[0.305s] DEBUG:colcon.colcon_core.package_identification:Package 'src/guiding_services' with type 'ros.ament_cmake' and name 'guiding_services'
[0.306s] Level 1:colcon.colcon_core.package_identification:_identify(src/i6robotics_control) by extensions ['ignore', 'ignore_ament_install']
[0.306s] Level 1:colcon.colcon_core.package_identification:_identify(src/i6robotics_control) by extension 'ignore'
[0.306s] Level 1:colcon.colcon_core.package_identification:_identify(src/i6robotics_control) by extension 'ignore_ament_install'
[0.306s] Level 1:colcon.colcon_core.package_identification:_identify(src/i6robotics_control) by extensions ['colcon_pkg']
[0.306s] Level 1:colcon.colcon_core.package_identification:_identify(src/i6robotics_control) by extension 'colcon_pkg'
[0.306s] Level 1:colcon.colcon_core.package_identification:_identify(src/i6robotics_control) by extensions ['colcon_meta']
[0.306s] Level 1:colcon.colcon_core.package_identification:_identify(src/i6robotics_control) by extension 'colcon_meta'
[0.306s] Level 1:colcon.colcon_core.package_identification:_identify(src/i6robotics_control) by extensions ['ros']
[0.306s] Level 1:colcon.colcon_core.package_identification:_identify(src/i6robotics_control) by extension 'ros'
[0.307s] DEBUG:colcon.colcon_core.package_identification:Package 'src/i6robotics_control' with type 'ros.ament_python' and name 'i6robotics_control'
[0.307s] Level 1:colcon.colcon_core.package_identification:_identify(src/i6robotics_control_msgs) by extensions ['ignore', 'ignore_ament_install']
[0.307s] Level 1:colcon.colcon_core.package_identification:_identify(src/i6robotics_control_msgs) by extension 'ignore'
[0.307s] Level 1:colcon.colcon_core.package_identification:_identify(src/i6robotics_control_msgs) by extension 'ignore_ament_install'
[0.307s] Level 1:colcon.colcon_core.package_identification:_identify(src/i6robotics_control_msgs) by extensions ['colcon_pkg']
[0.307s] Level 1:colcon.colcon_core.package_identification:_identify(src/i6robotics_control_msgs) by extension 'colcon_pkg'
[0.307s] Level 1:colcon.colcon_core.package_identification:_identify(src/i6robotics_control_msgs) by extensions ['colcon_meta']
[0.307s] Level 1:colcon.colcon_core.package_identification:_identify(src/i6robotics_control_msgs) by extension 'colcon_meta'
[0.307s] Level 1:colcon.colcon_core.package_identification:_identify(src/i6robotics_control_msgs) by extensions ['ros']
[0.307s] Level 1:colcon.colcon_core.package_identification:_identify(src/i6robotics_control_msgs) by extension 'ros'
[0.308s] DEBUG:colcon.colcon_core.package_identification:Package 'src/i6robotics_control_msgs' with type 'ros.ament_cmake' and name 'i6robotics_control_msgs'
[0.308s] Level 1:colcon.colcon_core.package_identification:_identify(src/i6robotics_data_processing) by extensions ['ignore', 'ignore_ament_install']
[0.308s] Level 1:colcon.colcon_core.package_identification:_identify(src/i6robotics_data_processing) by extension 'ignore'
[0.309s] Level 1:colcon.colcon_core.package_identification:_identify(src/i6robotics_data_processing) by extension 'ignore_ament_install'
[0.309s] Level 1:colcon.colcon_core.package_identification:_identify(src/i6robotics_data_processing) by extensions ['colcon_pkg']
[0.309s] Level 1:colcon.colcon_core.package_identification:_identify(src/i6robotics_data_processing) by extension 'colcon_pkg'
[0.309s] Level 1:colcon.colcon_core.package_identification:_identify(src/i6robotics_data_processing) by extensions ['colcon_meta']
[0.309s] Level 1:colcon.colcon_core.package_identification:_identify(src/i6robotics_data_processing) by extension 'colcon_meta'
[0.309s] Level 1:colcon.colcon_core.package_identification:_identify(src/i6robotics_data_processing) by extensions ['ros']
[0.309s] Level 1:colcon.colcon_core.package_identification:_identify(src/i6robotics_data_processing) by extension 'ros'
[0.310s] DEBUG:colcon.colcon_core.package_identification:Package 'src/i6robotics_data_processing' with type 'ros.ament_python' and name 'i6robotics_data_processing'
[0.310s] Level 1:colcon.colcon_core.package_identification:_identify(src/i6robotics_get_data) by extensions ['ignore', 'ignore_ament_install']
[0.310s] Level 1:colcon.colcon_core.package_identification:_identify(src/i6robotics_get_data) by extension 'ignore'
[0.310s] Level 1:colcon.colcon_core.package_identification:_identify(src/i6robotics_get_data) by extension 'ignore_ament_install'
[0.310s] Level 1:colcon.colcon_core.package_identification:_identify(src/i6robotics_get_data) by extensions ['colcon_pkg']
[0.310s] Level 1:colcon.colcon_core.package_identification:_identify(src/i6robotics_get_data) by extension 'colcon_pkg'
[0.310s] Level 1:colcon.colcon_core.package_identification:_identify(src/i6robotics_get_data) by extensions ['colcon_meta']
[0.310s] Level 1:colcon.colcon_core.package_identification:_identify(src/i6robotics_get_data) by extension 'colcon_meta'
[0.310s] Level 1:colcon.colcon_core.package_identification:_identify(src/i6robotics_get_data) by extensions ['ros']
[0.310s] Level 1:colcon.colcon_core.package_identification:_identify(src/i6robotics_get_data) by extension 'ros'
[0.311s] DEBUG:colcon.colcon_core.package_identification:Package 'src/i6robotics_get_data' with type 'ros.ament_python' and name 'i6robotics_get_data'
[0.311s] Level 1:colcon.colcon_core.package_identification:_identify(src/i6robotics_guiding) by extensions ['ignore', 'ignore_ament_install']
[0.311s] Level 1:colcon.colcon_core.package_identification:_identify(src/i6robotics_guiding) by extension 'ignore'
[0.311s] Level 1:colcon.colcon_core.package_identification:_identify(src/i6robotics_guiding) by extension 'ignore_ament_install'
[0.311s] Level 1:colcon.colcon_core.package_identification:_identify(src/i6robotics_guiding) by extensions ['colcon_pkg']
[0.311s] Level 1:colcon.colcon_core.package_identification:_identify(src/i6robotics_guiding) by extension 'colcon_pkg'
[0.311s] Level 1:colcon.colcon_core.package_identification:_identify(src/i6robotics_guiding) by extensions ['colcon_meta']
[0.311s] Level 1:colcon.colcon_core.package_identification:_identify(src/i6robotics_guiding) by extension 'colcon_meta'
[0.311s] Level 1:colcon.colcon_core.package_identification:_identify(src/i6robotics_guiding) by extensions ['ros']
[0.311s] Level 1:colcon.colcon_core.package_identification:_identify(src/i6robotics_guiding) by extension 'ros'
[0.312s] DEBUG:colcon.colcon_core.package_identification:Package 'src/i6robotics_guiding' with type 'ros.ament_python' and name 'i6robotics_guiding'
[0.313s] Level 1:colcon.colcon_core.package_identification:_identify(src/i6robotics_msgs) by extensions ['ignore', 'ignore_ament_install']
[0.313s] Level 1:colcon.colcon_core.package_identification:_identify(src/i6robotics_msgs) by extension 'ignore'
[0.313s] Level 1:colcon.colcon_core.package_identification:_identify(src/i6robotics_msgs) by extension 'ignore_ament_install'
[0.313s] Level 1:colcon.colcon_core.package_identification:_identify(src/i6robotics_msgs) by extensions ['colcon_pkg']
[0.313s] Level 1:colcon.colcon_core.package_identification:_identify(src/i6robotics_msgs) by extension 'colcon_pkg'
[0.313s] Level 1:colcon.colcon_core.package_identification:_identify(src/i6robotics_msgs) by extensions ['colcon_meta']
[0.313s] Level 1:colcon.colcon_core.package_identification:_identify(src/i6robotics_msgs) by extension 'colcon_meta'
[0.313s] Level 1:colcon.colcon_core.package_identification:_identify(src/i6robotics_msgs) by extensions ['ros']
[0.313s] Level 1:colcon.colcon_core.package_identification:_identify(src/i6robotics_msgs) by extension 'ros'
[0.314s] DEBUG:colcon.colcon_core.package_identification:Package 'src/i6robotics_msgs' with type 'ros.ament_cmake' and name 'i6robotics_msgs'
[0.314s] Level 1:colcon.colcon_core.package_discovery:discover_packages(recursive) using defaults
[0.314s] Level 1:colcon.colcon_core.package_discovery:discover_packages(ignore) discover
[0.314s] Level 1:colcon.colcon_core.package_discovery:discover_packages(ignore) using defaults
[0.314s] Level 1:colcon.colcon_core.package_discovery:discover_packages(path) discover
[0.314s] Level 1:colcon.colcon_core.package_discovery:discover_packages(path) using defaults
[0.338s] Level 1:colcon.colcon_core.package_discovery:discover_packages(prefix_path) check parameters
[0.338s] Level 1:colcon.colcon_core.package_discovery:discover_packages(prefix_path) discover
[0.339s] Level 1:colcon.colcon_core.package_discovery:discover_packages(prefix_path) using defaults
[0.340s] Level 5:colcon.colcon_core.verb:set package 'guiding_services' build argument 'cmake_args' from command line to 'None'
[0.340s] Level 5:colcon.colcon_core.verb:set package 'guiding_services' build argument 'cmake_target' from command line to 'None'
[0.340s] Level 5:colcon.colcon_core.verb:set package 'guiding_services' build argument 'cmake_target_skip_unavailable' from command line to 'False'
[0.340s] Level 5:colcon.colcon_core.verb:set package 'guiding_services' build argument 'cmake_clean_cache' from command line to 'False'
[0.340s] Level 5:colcon.colcon_core.verb:set package 'guiding_services' build argument 'cmake_clean_first' from command line to 'False'
[0.340s] Level 5:colcon.colcon_core.verb:set package 'guiding_services' build argument 'cmake_force_configure' from command line to 'False'
[0.341s] Level 5:colcon.colcon_core.verb:set package 'guiding_services' build argument 'ament_cmake_args' from command line to 'None'
[0.341s] Level 5:colcon.colcon_core.verb:set package 'guiding_services' build argument 'catkin_cmake_args' from command line to 'None'
[0.341s] Level 5:colcon.colcon_core.verb:set package 'guiding_services' build argument 'catkin_skip_building_tests' from command line to 'False'
[0.341s] DEBUG:colcon.colcon_core.verb:Building package 'guiding_services' with the following arguments: {'ament_cmake_args': None, 'build_base': '/home/hjpark/dev_hjp/ROS2/storagy-repo-1/i6robotics/build/guiding_services', 'catkin_cmake_args': None, 'catkin_skip_building_tests': False, 'cmake_args': None, 'cmake_clean_cache': False, 'cmake_clean_first': False, 'cmake_force_configure': False, 'cmake_target': None, 'cmake_target_skip_unavailable': False, 'install_base': '/home/hjpark/dev_hjp/ROS2/storagy-repo-1/i6robotics/install/guiding_services', 'merge_install': False, 'path': '/home/hjpark/dev_hjp/ROS2/storagy-repo-1/i6robotics/src/guiding_services', 'symlink_install': False, 'test_result_base': None}
[0.341s] Level 5:colcon.colcon_core.verb:set package 'i6robotics_control' build argument 'cmake_args' from command line to 'None'
[0.341s] Level 5:colcon.colcon_core.verb:set package 'i6robotics_control' build argument 'cmake_target' from command line to 'None'
[0.341s] Level 5:colcon.colcon_core.verb:set package 'i6robotics_control' build argument 'cmake_target_skip_unavailable' from command line to 'False'
[0.341s] Level 5:colcon.colcon_core.verb:set package 'i6robotics_control' build argument 'cmake_clean_cache' from command line to 'False'
[0.341s] Level 5:colcon.colcon_core.verb:set package 'i6robotics_control' build argument 'cmake_clean_first' from command line to 'False'
[0.341s] Level 5:colcon.colcon_core.verb:set package 'i6robotics_control' build argument 'cmake_force_configure' from command line to 'False'
[0.341s] Level 5:colcon.colcon_core.verb:set package 'i6robotics_control' build argument 'ament_cmake_args' from command line to 'None'
[0.341s] Level 5:colcon.colcon_core.verb:set package 'i6robotics_control' build argument 'catkin_cmake_args' from command line to 'None'
[0.341s] Level 5:colcon.colcon_core.verb:set package 'i6robotics_control' build argument 'catkin_skip_building_tests' from command line to 'False'
[0.341s] DEBUG:colcon.colcon_core.verb:Building package 'i6robotics_control' with the following arguments: {'ament_cmake_args': None, 'build_base': '/home/hjpark/dev_hjp/ROS2/storagy-repo-1/i6robotics/build/i6robotics_control', 'catkin_cmake_args': None, 'catkin_skip_building_tests': False, 'cmake_args': None, 'cmake_clean_cache': False, 'cmake_clean_first': False, 'cmake_force_configure': False, 'cmake_target': None, 'cmake_target_skip_unavailable': False, 'install_base': '/home/hjpark/dev_hjp/ROS2/storagy-repo-1/i6robotics/install/i6robotics_control', 'merge_install': False, 'path': '/home/hjpark/dev_hjp/ROS2/storagy-repo-1/i6robotics/src/i6robotics_control', 'symlink_install': False, 'test_result_base': None}
[0.341s] Level 5:colcon.colcon_core.verb:set package 'i6robotics_control_msgs' build argument 'cmake_args' from command line to 'None'
[0.342s] Level 5:colcon.colcon_core.verb:set package 'i6robotics_control_msgs' build argument 'cmake_target' from command line to 'None'
[0.342s] Level 5:colcon.colcon_core.verb:set package 'i6robotics_control_msgs' build argument 'cmake_target_skip_unavailable' from command line to 'False'
[0.342s] Level 5:colcon.colcon_core.verb:set package 'i6robotics_control_msgs' build argument 'cmake_clean_cache' from command line to 'False'
[0.342s] Level 5:colcon.colcon_core.verb:set package 'i6robotics_control_msgs' build argument 'cmake_clean_first' from command line to 'False'
[0.342s] Level 5:colcon.colcon_core.verb:set package 'i6robotics_control_msgs' build argument 'cmake_force_configure' from command line to 'False'
[0.342s] Level 5:colcon.colcon_core.verb:set package 'i6robotics_control_msgs' build argument 'ament_cmake_args' from command line to 'None'
[0.342s] Level 5:colcon.colcon_core.verb:set package 'i6robotics_control_msgs' build argument 'catkin_cmake_args' from command line to 'None'
[0.342s] Level 5:colcon.colcon_core.verb:set package 'i6robotics_control_msgs' build argument 'catkin_skip_building_tests' from command line to 'False'
[0.342s] DEBUG:colcon.colcon_core.verb:Building package 'i6robotics_control_msgs' with the following arguments: {'ament_cmake_args': None, 'build_base': '/home/hjpark/dev_hjp/ROS2/storagy-repo-1/i6robotics/build/i6robotics_control_msgs', 'catkin_cmake_args': None, 'catkin_skip_building_tests': False, 'cmake_args': None, 'cmake_clean_cache': False, 'cmake_clean_first': False, 'cmake_force_configure': False, 'cmake_target': None, 'cmake_target_skip_unavailable': False, 'install_base': '/home/hjpark/dev_hjp/ROS2/storagy-repo-1/i6robotics/install/i6robotics_control_msgs', 'merge_install': False, 'path': '/home/hjpark/dev_hjp/ROS2/storagy-repo-1/i6robotics/src/i6robotics_control_msgs', 'symlink_install': False, 'test_result_base': None}
[0.342s] Level 5:colcon.colcon_core.verb:set package 'i6robotics_data_processing' build argument 'cmake_args' from command line to 'None'
[0.342s] Level 5:colcon.colcon_core.verb:set package 'i6robotics_data_processing' build argument 'cmake_target' from command line to 'None'
[0.342s] Level 5:colcon.colcon_core.verb:set package 'i6robotics_data_processing' build argument 'cmake_target_skip_unavailable' from command line to 'False'
[0.342s] Level 5:colcon.colcon_core.verb:set package 'i6robotics_data_processing' build argument 'cmake_clean_cache' from command line to 'False'
[0.342s] Level 5:colcon.colcon_core.verb:set package 'i6robotics_data_processing' build argument 'cmake_clean_first' from command line to 'False'
[0.342s] Level 5:colcon.colcon_core.verb:set package 'i6robotics_data_processing' build argument 'cmake_force_configure' from command line to 'False'
[0.342s] Level 5:colcon.colcon_core.verb:set package 'i6robotics_data_processing' build argument 'ament_cmake_args' from command line to 'None'
[0.342s] Level 5:colcon.colcon_core.verb:set package 'i6robotics_data_processing' build argument 'catkin_cmake_args' from command line to 'None'
[0.342s] Level 5:colcon.colcon_core.verb:set package 'i6robotics_data_processing' build argument 'catkin_skip_building_tests' from command line to 'False'
[0.342s] DEBUG:colcon.colcon_core.verb:Building package 'i6robotics_data_processing' with the following arguments: {'ament_cmake_args': None, 'build_base': '/home/hjpark/dev_hjp/ROS2/storagy-repo-1/i6robotics/build/i6robotics_data_processing', 'catkin_cmake_args': None, 'catkin_skip_building_tests': False, 'cmake_args': None, 'cmake_clean_cache': False, 'cmake_clean_first': False, 'cmake_force_configure': False, 'cmake_target': None, 'cmake_target_skip_unavailable': False, 'install_base': '/home/hjpark/dev_hjp/ROS2/storagy-repo-1/i6robotics/install/i6robotics_data_processing', 'merge_install': False, 'path': '/home/hjpark/dev_hjp/ROS2/storagy-repo-1/i6robotics/src/i6robotics_data_processing', 'symlink_install': False, 'test_result_base': None}
[0.343s] Level 5:colcon.colcon_core.verb:set package 'i6robotics_get_data' build argument 'cmake_args' from command line to 'None'
[0.343s] Level 5:colcon.colcon_core.verb:set package 'i6robotics_get_data' build argument 'cmake_target' from command line to 'None'
[0.343s] Level 5:colcon.colcon_core.verb:set package 'i6robotics_get_data' build argument 'cmake_target_skip_unavailable' from command line to 'False'
[0.343s] Level 5:colcon.colcon_core.verb:set package 'i6robotics_get_data' build argument 'cmake_clean_cache' from command line to 'False'
[0.343s] Level 5:colcon.colcon_core.verb:set package 'i6robotics_get_data' build argument 'cmake_clean_first' from command line to 'False'
[0.343s] Level 5:colcon.colcon_core.verb:set package 'i6robotics_get_data' build argument 'cmake_force_configure' from command line to 'False'
[0.343s] Level 5:colcon.colcon_core.verb:set package 'i6robotics_get_data' build argument 'ament_cmake_args' from command line to 'None'
[0.343s] Level 5:colcon.colcon_core.verb:set package 'i6robotics_get_data' build argument 'catkin_cmake_args' from command line to 'None'
[0.343s] Level 5:colcon.colcon_core.verb:set package 'i6robotics_get_data' build argument 'catkin_skip_building_tests' from command line to 'False'
[0.343s] DEBUG:colcon.colcon_core.verb:Building package 'i6robotics_get_data' with the following arguments: {'ament_cmake_args': None, 'build_base': '/home/hjpark/dev_hjp/ROS2/storagy-repo-1/i6robotics/build/i6robotics_get_data', 'catkin_cmake_args': None, 'catkin_skip_building_tests': False, 'cmake_args': None, 'cmake_clean_cache': False, 'cmake_clean_first': False, 'cmake_force_configure': False, 'cmake_target': None, 'cmake_target_skip_unavailable': False, 'install_base': '/home/hjpark/dev_hjp/ROS2/storagy-repo-1/i6robotics/install/i6robotics_get_data', 'merge_install': False, 'path': '/home/hjpark/dev_hjp/ROS2/storagy-repo-1/i6robotics/src/i6robotics_get_data', 'symlink_install': False, 'test_result_base': None}
[0.343s] Level 5:colcon.colcon_core.verb:set package 'i6robotics_guiding' build argument 'cmake_args' from command line to 'None'
[0.343s] Level 5:colcon.colcon_core.verb:set package 'i6robotics_guiding' build argument 'cmake_target' from command line to 'None'
[0.343s] Level 5:colcon.colcon_core.verb:set package 'i6robotics_guiding' build argument 'cmake_target_skip_unavailable' from command line to 'False'
[0.343s] Level 5:colcon.colcon_core.verb:set package 'i6robotics_guiding' build argument 'cmake_clean_cache' from command line to 'False'
[0.343s] Level 5:colcon.colcon_core.verb:set package 'i6robotics_guiding' build argument 'cmake_clean_first' from command line to 'False'
[0.343s] Level 5:colcon.colcon_core.verb:set package 'i6robotics_guiding' build argument 'cmake_force_configure' from command line to 'False'
[0.343s] Level 5:colcon.colcon_core.verb:set package 'i6robotics_guiding' build argument 'ament_cmake_args' from command line to 'None'
[0.343s] Level 5:colcon.colcon_core.verb:set package 'i6robotics_guiding' build argument 'catkin_cmake_args' from command line to 'None'
[0.343s] Level 5:colcon.colcon_core.verb:set package 'i6robotics_guiding' build argument 'catkin_skip_building_tests' from command line to 'False'
[0.343s] DEBUG:colcon.colcon_core.verb:Building package 'i6robotics_guiding' with the following arguments: {'ament_cmake_args': None, 'build_base': '/home/hjpark/dev_hjp/ROS2/storagy-repo-1/i6robotics/build/i6robotics_guiding', 'catkin_cmake_args': None, 'catkin_skip_building_tests': False, 'cmake_args': None, 'cmake_clean_cache': False, 'cmake_clean_first': False, 'cmake_force_configure': False, 'cmake_target': None, 'cmake_target_skip_unavailable': False, 'install_base': '/home/hjpark/dev_hjp/ROS2/storagy-repo-1/i6robotics/install/i6robotics_guiding', 'merge_install': False, 'path': '/home/hjpark/dev_hjp/ROS2/storagy-repo-1/i6robotics/src/i6robotics_guiding', 'symlink_install': False, 'test_result_base': None}
[0.344s] Level 5:colcon.colcon_core.verb:set package 'i6robotics_msgs' build argument 'cmake_args' from command line to 'None'
[0.344s] Level 5:colcon.colcon_core.verb:set package 'i6robotics_msgs' build argument 'cmake_target' from command line to 'None'
[0.344s] Level 5:colcon.colcon_core.verb:set package 'i6robotics_msgs' build argument 'cmake_target_skip_unavailable' from command line to 'False'
[0.344s] Level 5:colcon.colcon_core.verb:set package 'i6robotics_msgs' build argument 'cmake_clean_cache' from command line to 'False'
[0.344s] Level 5:colcon.colcon_core.verb:set package 'i6robotics_msgs' build argument 'cmake_clean_first' from command line to 'False'
[0.344s] Level 5:colcon.colcon_core.verb:set package 'i6robotics_msgs' build argument 'cmake_force_configure' from command line to 'False'
[0.344s] Level 5:colcon.colcon_core.verb:set package 'i6robotics_msgs' build argument 'ament_cmake_args' from command line to 'None'
[0.344s] Level 5:colcon.colcon_core.verb:set package 'i6robotics_msgs' build argument 'catkin_cmake_args' from command line to 'None'
[0.344s] Level 5:colcon.colcon_core.verb:set package 'i6robotics_msgs' build argument 'catkin_skip_building_tests' from command line to 'False'
[0.344s] DEBUG:colcon.colcon_core.verb:Building package 'i6robotics_msgs' with the following arguments: {'ament_cmake_args': None, 'build_base': '/home/hjpark/dev_hjp/ROS2/storagy-repo-1/i6robotics/build/i6robotics_msgs', 'catkin_cmake_args': None, 'catkin_skip_building_tests': False, 'cmake_args': None, 'cmake_clean_cache': False, 'cmake_clean_first': False, 'cmake_force_configure': False, 'cmake_target': None, 'cmake_target_skip_unavailable': False, 'install_base': '/home/hjpark/dev_hjp/ROS2/storagy-repo-1/i6robotics/install/i6robotics_msgs', 'merge_install': False, 'path': '/home/hjpark/dev_hjp/ROS2/storagy-repo-1/i6robotics/src/i6robotics_msgs', 'symlink_install': False, 'test_result_base': None}
[0.344s] INFO:colcon.colcon_core.executor:Executing jobs using 'parallel' executor
[0.345s] DEBUG:colcon.colcon_parallel_executor.executor.parallel:run_until_complete
[0.346s] INFO:colcon.colcon_ros.task.ament_cmake.build:Building ROS package in '/home/hjpark/dev_hjp/ROS2/storagy-repo-1/i6robotics/src/guiding_services' with build type 'ament_cmake'
[0.346s] INFO:colcon.colcon_cmake.task.cmake.build:Building CMake package in '/home/hjpark/dev_hjp/ROS2/storagy-repo-1/i6robotics/src/guiding_services'
[0.349s] INFO:colcon.colcon_core.plugin_system:Skipping extension 'colcon_core.shell.bat': Not used on non-Windows systems
[0.350s] INFO:colcon.colcon_core.shell:Skip shell extension 'powershell' for command environment: Not usable outside of PowerShell
[0.350s] DEBUG:colcon.colcon_core.shell:Skip shell extension 'dsv' for command environment
[0.352s] INFO:colcon.colcon_ros.task.ament_python.build:Building ROS package in '/home/hjpark/dev_hjp/ROS2/storagy-repo-1/i6robotics/src/i6robotics_control' with build type 'ament_python'
[0.352s] Level 1:colcon.colcon_core.shell:create_environment_hook('i6robotics_control', 'ament_prefix_path')
[0.352s] INFO:colcon.colcon_core.shell:Creating environment hook '/home/hjpark/dev_hjp/ROS2/storagy-repo-1/i6robotics/install/i6robotics_control/share/i6robotics_control/hook/ament_prefix_path.ps1'
[0.353s] INFO:colcon.colcon_core.shell:Creating environment descriptor '/home/hjpark/dev_hjp/ROS2/storagy-repo-1/i6robotics/install/i6robotics_control/share/i6robotics_control/hook/ament_prefix_path.dsv'
[0.354s] INFO:colcon.colcon_core.shell:Creating environment hook '/home/hjpark/dev_hjp/ROS2/storagy-repo-1/i6robotics/install/i6robotics_control/share/i6robotics_control/hook/ament_prefix_path.sh'
[0.354s] INFO:colcon.colcon_core.shell:Skip shell extension 'powershell' for command environment: Not usable outside of PowerShell
[0.354s] DEBUG:colcon.colcon_core.shell:Skip shell extension 'dsv' for command environment
[0.369s] INFO:colcon.colcon_ros.task.ament_cmake.build:Building ROS package in '/home/hjpark/dev_hjp/ROS2/storagy-repo-1/i6robotics/src/i6robotics_control_msgs' with build type 'ament_cmake'
[0.369s] INFO:colcon.colcon_cmake.task.cmake.build:Building CMake package in '/home/hjpark/dev_hjp/ROS2/storagy-repo-1/i6robotics/src/i6robotics_control_msgs'
[0.369s] INFO:colcon.colcon_core.shell:Skip shell extension 'powershell' for command environment: Not usable outside of PowerShell
[0.369s] DEBUG:colcon.colcon_core.shell:Skip shell extension 'dsv' for command environment
[0.371s] INFO:colcon.colcon_ros.task.ament_python.build:Building ROS package in '/home/hjpark/dev_hjp/ROS2/storagy-repo-1/i6robotics/src/i6robotics_data_processing' with build type 'ament_python'
[0.371s] Level 1:colcon.colcon_core.shell:create_environment_hook('i6robotics_data_processing', 'ament_prefix_path')
[0.371s] INFO:colcon.colcon_core.shell:Creating environment hook '/home/hjpark/dev_hjp/ROS2/storagy-repo-1/i6robotics/install/i6robotics_data_processing/share/i6robotics_data_processing/hook/ament_prefix_path.ps1'
[0.372s] INFO:colcon.colcon_core.shell:Creating environment descriptor '/home/hjpark/dev_hjp/ROS2/storagy-repo-1/i6robotics/install/i6robotics_data_processing/share/i6robotics_data_processing/hook/ament_prefix_path.dsv'
[0.372s] INFO:colcon.colcon_core.shell:Creating environment hook '/home/hjpark/dev_hjp/ROS2/storagy-repo-1/i6robotics/install/i6robotics_data_processing/share/i6robotics_data_processing/hook/ament_prefix_path.sh'
[0.373s] INFO:colcon.colcon_core.shell:Skip shell extension 'powershell' for command environment: Not usable outside of PowerShell
[0.373s] DEBUG:colcon.colcon_core.shell:Skip shell extension 'dsv' for command environment
[0.374s] INFO:colcon.colcon_ros.task.ament_python.build:Building ROS package in '/home/hjpark/dev_hjp/ROS2/storagy-repo-1/i6robotics/src/i6robotics_get_data' with build type 'ament_python'
[0.374s] Level 1:colcon.colcon_core.shell:create_environment_hook('i6robotics_get_data', 'ament_prefix_path')
[0.374s] INFO:colcon.colcon_core.shell:Creating environment hook '/home/hjpark/dev_hjp/ROS2/storagy-repo-1/i6robotics/install/i6robotics_get_data/share/i6robotics_get_data/hook/ament_prefix_path.ps1'
[0.375s] INFO:colcon.colcon_core.shell:Creating environment descriptor '/home/hjpark/dev_hjp/ROS2/storagy-repo-1/i6robotics/install/i6robotics_get_data/share/i6robotics_get_data/hook/ament_prefix_path.dsv'
[0.375s] INFO:colcon.colcon_core.shell:Creating environment hook '/home/hjpark/dev_hjp/ROS2/storagy-repo-1/i6robotics/install/i6robotics_get_data/share/i6robotics_get_data/hook/ament_prefix_path.sh'
[0.376s] INFO:colcon.colcon_core.shell:Skip shell extension 'powershell' for command environment: Not usable outside of PowerShell
[0.376s] DEBUG:colcon.colcon_core.shell:Skip shell extension 'dsv' for command environment
[0.377s] INFO:colcon.colcon_ros.task.ament_python.build:Building ROS package in '/home/hjpark/dev_hjp/ROS2/storagy-repo-1/i6robotics/src/i6robotics_guiding' with build type 'ament_python'
[0.377s] Level 1:colcon.colcon_core.shell:create_environment_hook('i6robotics_guiding', 'ament_prefix_path')
[0.377s] INFO:colcon.colcon_core.shell:Creating environment hook '/home/hjpark/dev_hjp/ROS2/storagy-repo-1/i6robotics/install/i6robotics_guiding/share/i6robotics_guiding/hook/ament_prefix_path.ps1'
[0.378s] INFO:colcon.colcon_core.shell:Creating environment descriptor '/home/hjpark/dev_hjp/ROS2/storagy-repo-1/i6robotics/install/i6robotics_guiding/share/i6robotics_guiding/hook/ament_prefix_path.dsv'
[0.378s] INFO:colcon.colcon_core.shell:Creating environment hook '/home/hjpark/dev_hjp/ROS2/storagy-repo-1/i6robotics/install/i6robotics_guiding/share/i6robotics_guiding/hook/ament_prefix_path.sh'
[0.379s] INFO:colcon.colcon_core.shell:Skip shell extension 'powershell' for command environment: Not usable outside of PowerShell
[0.379s] DEBUG:colcon.colcon_core.shell:Skip shell extension 'dsv' for command environment
[0.380s] INFO:colcon.colcon_ros.task.ament_cmake.build:Building ROS package in '/home/hjpark/dev_hjp/ROS2/storagy-repo-1/i6robotics/src/i6robotics_msgs' with build type 'ament_cmake'
[0.380s] INFO:colcon.colcon_cmake.task.cmake.build:Building CMake package in '/home/hjpark/dev_hjp/ROS2/storagy-repo-1/i6robotics/src/i6robotics_msgs'
[0.380s] INFO:colcon.colcon_core.shell:Skip shell extension 'powershell' for command environment: Not usable outside of PowerShell
[0.380s] DEBUG:colcon.colcon_core.shell:Skip shell extension 'dsv' for command environment
[0.387s] DEBUG:colcon.colcon_core.event_handler.log_command:Invoking command in '/home/hjpark/dev_hjp/ROS2/storagy-repo-1/i6robotics/build/guiding_services': /usr/bin/cmake --build /home/hjpark/dev_hjp/ROS2/storagy-repo-1/i6robotics/build/guiding_services -- -j16 -l16
[0.622s] INFO:colcon.colcon_core.task.python.build:Building Python package in '/home/hjpark/dev_hjp/ROS2/storagy-repo-1/i6robotics/src/i6robotics_control'
[0.622s] INFO:colcon.colcon_core.shell:Skip shell extension 'powershell' for command environment: Not usable outside of PowerShell
[0.622s] DEBUG:colcon.colcon_core.shell:Skip shell extension 'dsv' for command environment
[0.628s] DEBUG:colcon.colcon_core.event_handler.log_command:Invoking command in '/home/hjpark/dev_hjp/ROS2/storagy-repo-1/i6robotics/build/i6robotics_control_msgs': /usr/bin/cmake --build /home/hjpark/dev_hjp/ROS2/storagy-repo-1/i6robotics/build/i6robotics_control_msgs -- -j16 -l16
[0.848s] INFO:colcon.colcon_core.task.python.build:Building Python package in '/home/hjpark/dev_hjp/ROS2/storagy-repo-1/i6robotics/src/i6robotics_data_processing'
[0.848s] INFO:colcon.colcon_core.shell:Skip shell extension 'powershell' for command environment: Not usable outside of PowerShell
[0.848s] DEBUG:colcon.colcon_core.shell:Skip shell extension 'dsv' for command environment
[1.014s] INFO:colcon.colcon_core.task.python.build:Building Python package in '/home/hjpark/dev_hjp/ROS2/storagy-repo-1/i6robotics/src/i6robotics_get_data'
[1.015s] INFO:colcon.colcon_core.shell:Skip shell extension 'powershell' for command environment: Not usable outside of PowerShell
[1.015s] DEBUG:colcon.colcon_core.shell:Skip shell extension 'dsv' for command environment
[1.187s] INFO:colcon.colcon_core.task.python.build:Building Python package in '/home/hjpark/dev_hjp/ROS2/storagy-repo-1/i6robotics/src/i6robotics_guiding'
[1.187s] INFO:colcon.colcon_core.shell:Skip shell extension 'powershell' for command environment: Not usable outside of PowerShell
[1.187s] DEBUG:colcon.colcon_core.shell:Skip shell extension 'dsv' for command environment
[1.196s] DEBUG:colcon.colcon_core.event_handler.log_command:Invoking command in '/home/hjpark/dev_hjp/ROS2/storagy-repo-1/i6robotics/build/i6robotics_msgs': /usr/bin/cmake --build /home/hjpark/dev_hjp/ROS2/storagy-repo-1/i6robotics/build/i6robotics_msgs -- -j16 -l16
[1.197s] DEBUG:colcon.colcon_core.event_handler.log_command:Invoked command in '/home/hjpark/dev_hjp/ROS2/storagy-repo-1/i6robotics/build/i6robotics_control_msgs' returned '0': /usr/bin/cmake --build /home/hjpark/dev_hjp/ROS2/storagy-repo-1/i6robotics/build/i6robotics_control_msgs -- -j16 -l16
[1.207s] DEBUG:colcon.colcon_core.event_handler.log_command:Invoking command in '/home/hjpark/dev_hjp/ROS2/storagy-repo-1/i6robotics/build/i6robotics_control_msgs': /usr/bin/cmake --install /home/hjpark/dev_hjp/ROS2/storagy-repo-1/i6robotics/build/i6robotics_control_msgs
[1.228s] DEBUG:colcon.colcon_core.event_handler.log_command:Invoked command in '/home/hjpark/dev_hjp/ROS2/storagy-repo-1/i6robotics/build/guiding_services' returned '0': /usr/bin/cmake --build /home/hjpark/dev_hjp/ROS2/storagy-repo-1/i6robotics/build/guiding_services -- -j16 -l16
[1.232s] DEBUG:colcon.colcon_core.event_handler.log_command:Invoking command in '/home/hjpark/dev_hjp/ROS2/storagy-repo-1/i6robotics/build/guiding_services': /usr/bin/cmake --install /home/hjpark/dev_hjp/ROS2/storagy-repo-1/i6robotics/build/guiding_services
[1.242s] DEBUG:colcon.colcon_core.event_handler.log_command:Invoked command in '/home/hjpark/dev_hjp/ROS2/storagy-repo-1/i6robotics/build/i6robotics_msgs' returned '0': /usr/bin/cmake --build /home/hjpark/dev_hjp/ROS2/storagy-repo-1/i6robotics/build/i6robotics_msgs -- -j16 -l16
[1.244s] DEBUG:colcon.colcon_core.event_handler.log_command:Invoking command in '/home/hjpark/dev_hjp/ROS2/storagy-repo-1/i6robotics/build/i6robotics_msgs': /usr/bin/cmake --install /home/hjpark/dev_hjp/ROS2/storagy-repo-1/i6robotics/build/i6robotics_msgs
[1.250s] Level 1:colcon.colcon_core.environment:create_environment_scripts_only(i6robotics_msgs)
[1.251s] DEBUG:colcon.colcon_core.event_handler.log_command:Invoked command in '/home/hjpark/dev_hjp/ROS2/storagy-repo-1/i6robotics/build/i6robotics_msgs' returned '0': /usr/bin/cmake --install /home/hjpark/dev_hjp/ROS2/storagy-repo-1/i6robotics/build/i6robotics_msgs
[1.254s] Level 1:colcon.colcon_core.environment:checking '/home/hjpark/dev_hjp/ROS2/storagy-repo-1/i6robotics/install/i6robotics_msgs' for CMake module files
[1.255s] Level 1:colcon.colcon_core.environment:checking '/home/hjpark/dev_hjp/ROS2/storagy-repo-1/i6robotics/install/i6robotics_msgs' for CMake config files
[1.255s] Level 1:colcon.colcon_core.shell:create_environment_hook('i6robotics_msgs', 'cmake_prefix_path')
[1.256s] INFO:colcon.colcon_core.shell:Creating environment hook '/home/hjpark/dev_hjp/ROS2/storagy-repo-1/i6robotics/install/i6robotics_msgs/share/i6robotics_msgs/hook/cmake_prefix_path.ps1'
[1.256s] INFO:colcon.colcon_core.shell:Creating environment descriptor '/home/hjpark/dev_hjp/ROS2/storagy-repo-1/i6robotics/install/i6robotics_msgs/share/i6robotics_msgs/hook/cmake_prefix_path.dsv'
[1.257s] INFO:colcon.colcon_core.shell:Creating environment hook '/home/hjpark/dev_hjp/ROS2/storagy-repo-1/i6robotics/install/i6robotics_msgs/share/i6robotics_msgs/hook/cmake_prefix_path.sh'
[1.258s] Level 1:colcon.colcon_core.environment:checking '/home/hjpark/dev_hjp/ROS2/storagy-repo-1/i6robotics/install/i6robotics_msgs/bin'
[1.258s] Level 1:colcon.colcon_core.environment:checking '/home/hjpark/dev_hjp/ROS2/storagy-repo-1/i6robotics/install/i6robotics_msgs/lib/pkgconfig/i6robotics_msgs.pc'
[1.258s] Level 1:colcon.colcon_core.environment:checking '/home/hjpark/dev_hjp/ROS2/storagy-repo-1/i6robotics/install/i6robotics_msgs/lib/python3.10/site-packages'
[1.259s] Level 1:colcon.colcon_core.environment:checking '/home/hjpark/dev_hjp/ROS2/storagy-repo-1/i6robotics/install/i6robotics_msgs/bin'
[1.259s] INFO:colcon.colcon_core.shell:Creating package script '/home/hjpark/dev_hjp/ROS2/storagy-repo-1/i6robotics/install/i6robotics_msgs/share/i6robotics_msgs/package.ps1'
[1.260s] INFO:colcon.colcon_core.shell:Creating package descriptor '/home/hjpark/dev_hjp/ROS2/storagy-repo-1/i6robotics/install/i6robotics_msgs/share/i6robotics_msgs/package.dsv'
[1.261s] INFO:colcon.colcon_core.shell:Creating package script '/home/hjpark/dev_hjp/ROS2/storagy-repo-1/i6robotics/install/i6robotics_msgs/share/i6robotics_msgs/package.sh'
[1.262s] INFO:colcon.colcon_core.shell:Creating package script '/home/hjpark/dev_hjp/ROS2/storagy-repo-1/i6robotics/install/i6robotics_msgs/share/i6robotics_msgs/package.bash'
[1.264s] INFO:colcon.colcon_core.shell:Creating package script '/home/hjpark/dev_hjp/ROS2/storagy-repo-1/i6robotics/install/i6robotics_msgs/share/i6robotics_msgs/package.zsh'
[1.266s] Level 1:colcon.colcon_core.environment:create_file_with_runtime_dependencies(/home/hjpark/dev_hjp/ROS2/storagy-repo-1/i6robotics/install/i6robotics_msgs/share/colcon-core/packages/i6robotics_msgs)
[1.267s] Level 1:colcon.colcon_core.environment:create_environment_scripts_only(i6robotics_msgs)
[1.267s] Level 1:colcon.colcon_core.environment:checking '/home/hjpark/dev_hjp/ROS2/storagy-repo-1/i6robotics/install/i6robotics_msgs' for CMake module files
[1.268s] Level 1:colcon.colcon_core.environment:checking '/home/hjpark/dev_hjp/ROS2/storagy-repo-1/i6robotics/install/i6robotics_msgs' for CMake config files
[1.268s] Level 1:colcon.colcon_core.shell:create_environment_hook('i6robotics_msgs', 'cmake_prefix_path')
[1.268s] INFO:colcon.colcon_core.shell:Creating environment hook '/home/hjpark/dev_hjp/ROS2/storagy-repo-1/i6robotics/install/i6robotics_msgs/share/i6robotics_msgs/hook/cmake_prefix_path.ps1'
[1.269s] INFO:colcon.colcon_core.shell:Creating environment descriptor '/home/hjpark/dev_hjp/ROS2/storagy-repo-1/i6robotics/install/i6robotics_msgs/share/i6robotics_msgs/hook/cmake_prefix_path.dsv'
[1.269s] INFO:colcon.colcon_core.shell:Creating environment hook '/home/hjpark/dev_hjp/ROS2/storagy-repo-1/i6robotics/install/i6robotics_msgs/share/i6robotics_msgs/hook/cmake_prefix_path.sh'
[1.270s] Level 1:colcon.colcon_core.environment:checking '/home/hjpark/dev_hjp/ROS2/storagy-repo-1/i6robotics/install/i6robotics_msgs/bin'
[1.270s] Level 1:colcon.colcon_core.environment:checking '/home/hjpark/dev_hjp/ROS2/storagy-repo-1/i6robotics/install/i6robotics_msgs/lib/pkgconfig/i6robotics_msgs.pc'
[1.270s] Level 1:colcon.colcon_core.environment:checking '/home/hjpark/dev_hjp/ROS2/storagy-repo-1/i6robotics/install/i6robotics_msgs/lib/python3.10/site-packages'
[1.270s] Level 1:colcon.colcon_core.environment:checking '/home/hjpark/dev_hjp/ROS2/storagy-repo-1/i6robotics/install/i6robotics_msgs/bin'
[1.271s] INFO:colcon.colcon_core.shell:Creating package script '/home/hjpark/dev_hjp/ROS2/storagy-repo-1/i6robotics/install/i6robotics_msgs/share/i6robotics_msgs/package.ps1'
[1.272s] INFO:colcon.colcon_core.shell:Creating package descriptor '/home/hjpark/dev_hjp/ROS2/storagy-repo-1/i6robotics/install/i6robotics_msgs/share/i6robotics_msgs/package.dsv'
[1.272s] INFO:colcon.colcon_core.shell:Creating package script '/home/hjpark/dev_hjp/ROS2/storagy-repo-1/i6robotics/install/i6robotics_msgs/share/i6robotics_msgs/package.sh'
[1.273s] INFO:colcon.colcon_core.shell:Creating package script '/home/hjpark/dev_hjp/ROS2/storagy-repo-1/i6robotics/install/i6robotics_msgs/share/i6robotics_msgs/package.bash'
[1.274s] INFO:colcon.colcon_core.shell:Creating package script '/home/hjpark/dev_hjp/ROS2/storagy-repo-1/i6robotics/install/i6robotics_msgs/share/i6robotics_msgs/package.zsh'
[1.274s] Level 1:colcon.colcon_core.environment:create_file_with_runtime_dependencies(/home/hjpark/dev_hjp/ROS2/storagy-repo-1/i6robotics/install/i6robotics_msgs/share/colcon-core/packages/i6robotics_msgs)
[1.285s] Level 1:colcon.colcon_core.environment:create_environment_scripts_only(i6robotics_control_msgs)
[1.285s] Level 1:colcon.colcon_core.environment:checking '/home/hjpark/dev_hjp/ROS2/storagy-repo-1/i6robotics/install/i6robotics_control_msgs' for CMake module files
[1.286s] DEBUG:colcon.colcon_core.event_handler.log_command:Invoked command in '/home/hjpark/dev_hjp/ROS2/storagy-repo-1/i6robotics/build/i6robotics_control_msgs' returned '0': /usr/bin/cmake --install /home/hjpark/dev_hjp/ROS2/storagy-repo-1/i6robotics/build/i6robotics_control_msgs
[1.286s] Level 1:colcon.colcon_core.environment:checking '/home/hjpark/dev_hjp/ROS2/storagy-repo-1/i6robotics/install/i6robotics_control_msgs' for CMake config files
[1.287s] Level 1:colcon.colcon_core.shell:create_environment_hook('i6robotics_control_msgs', 'cmake_prefix_path')
[1.287s] INFO:colcon.colcon_core.shell:Creating environment hook '/home/hjpark/dev_hjp/ROS2/storagy-repo-1/i6robotics/install/i6robotics_control_msgs/share/i6robotics_control_msgs/hook/cmake_prefix_path.ps1'
[1.288s] INFO:colcon.colcon_core.shell:Creating environment descriptor '/home/hjpark/dev_hjp/ROS2/storagy-repo-1/i6robotics/install/i6robotics_control_msgs/share/i6robotics_control_msgs/hook/cmake_prefix_path.dsv'
[1.288s] INFO:colcon.colcon_core.shell:Creating environment hook '/home/hjpark/dev_hjp/ROS2/storagy-repo-1/i6robotics/install/i6robotics_control_msgs/share/i6robotics_control_msgs/hook/cmake_prefix_path.sh'
[1.289s] Level 1:colcon.colcon_core.environment:checking '/home/hjpark/dev_hjp/ROS2/storagy-repo-1/i6robotics/install/i6robotics_control_msgs/lib'
[1.289s] Level 1:colcon.colcon_core.shell:create_environment_hook('i6robotics_control_msgs', 'ld_library_path_lib')
[1.289s] INFO:colcon.colcon_core.shell:Creating environment hook '/home/hjpark/dev_hjp/ROS2/storagy-repo-1/i6robotics/install/i6robotics_control_msgs/share/i6robotics_control_msgs/hook/ld_library_path_lib.ps1'
[1.290s] INFO:colcon.colcon_core.shell:Creating environment descriptor '/home/hjpark/dev_hjp/ROS2/storagy-repo-1/i6robotics/install/i6robotics_control_msgs/share/i6robotics_control_msgs/hook/ld_library_path_lib.dsv'
[1.290s] INFO:colcon.colcon_core.shell:Creating environment hook '/home/hjpark/dev_hjp/ROS2/storagy-repo-1/i6robotics/install/i6robotics_control_msgs/share/i6robotics_control_msgs/hook/ld_library_path_lib.sh'
[1.290s] Level 1:colcon.colcon_core.environment:checking '/home/hjpark/dev_hjp/ROS2/storagy-repo-1/i6robotics/install/i6robotics_control_msgs/bin'
[1.290s] Level 1:colcon.colcon_core.environment:checking '/home/hjpark/dev_hjp/ROS2/storagy-repo-1/i6robotics/install/i6robotics_control_msgs/lib/pkgconfig/i6robotics_control_msgs.pc'
[1.291s] Level 1:colcon.colcon_core.environment:checking '/home/hjpark/dev_hjp/ROS2/storagy-repo-1/i6robotics/install/i6robotics_control_msgs/lib/python3.10/site-packages'
[1.291s] Level 1:colcon.colcon_core.environment:checking '/home/hjpark/dev_hjp/ROS2/storagy-repo-1/i6robotics/install/i6robotics_control_msgs/bin'
[1.291s] INFO:colcon.colcon_core.shell:Creating package script '/home/hjpark/dev_hjp/ROS2/storagy-repo-1/i6robotics/install/i6robotics_control_msgs/share/i6robotics_control_msgs/package.ps1'
[1.291s] INFO:colcon.colcon_core.shell:Creating package descriptor '/home/hjpark/dev_hjp/ROS2/storagy-repo-1/i6robotics/install/i6robotics_control_msgs/share/i6robotics_control_msgs/package.dsv'
[1.292s] INFO:colcon.colcon_core.shell:Creating package script '/home/hjpark/dev_hjp/ROS2/storagy-repo-1/i6robotics/install/i6robotics_control_msgs/share/i6robotics_control_msgs/package.sh'
[1.292s] INFO:colcon.colcon_core.shell:Creating package script '/home/hjpark/dev_hjp/ROS2/storagy-repo-1/i6robotics/install/i6robotics_control_msgs/share/i6robotics_control_msgs/package.bash'
[1.292s] INFO:colcon.colcon_core.shell:Creating package script '/home/hjpark/dev_hjp/ROS2/storagy-repo-1/i6robotics/install/i6robotics_control_msgs/share/i6robotics_control_msgs/package.zsh'
[1.293s] Level 1:colcon.colcon_core.environment:create_file_with_runtime_dependencies(/home/hjpark/dev_hjp/ROS2/storagy-repo-1/i6robotics/install/i6robotics_control_msgs/share/colcon-core/packages/i6robotics_control_msgs)
[1.293s] Level 1:colcon.colcon_core.environment:create_environment_scripts_only(i6robotics_control_msgs)
[1.294s] Level 1:colcon.colcon_core.environment:checking '/home/hjpark/dev_hjp/ROS2/storagy-repo-1/i6robotics/install/i6robotics_control_msgs' for CMake module files
[1.294s] Level 1:colcon.colcon_core.environment:checking '/home/hjpark/dev_hjp/ROS2/storagy-repo-1/i6robotics/install/i6robotics_control_msgs' for CMake config files
[1.294s] Level 1:colcon.colcon_core.shell:create_environment_hook('i6robotics_control_msgs', 'cmake_prefix_path')
[1.295s] INFO:colcon.colcon_core.shell:Creating environment hook '/home/hjpark/dev_hjp/ROS2/storagy-repo-1/i6robotics/install/i6robotics_control_msgs/share/i6robotics_control_msgs/hook/cmake_prefix_path.ps1'
[1.295s] INFO:colcon.colcon_core.shell:Creating environment descriptor '/home/hjpark/dev_hjp/ROS2/storagy-repo-1/i6robotics/install/i6robotics_control_msgs/share/i6robotics_control_msgs/hook/cmake_prefix_path.dsv'
[1.295s] INFO:colcon.colcon_core.shell:Creating environment hook '/home/hjpark/dev_hjp/ROS2/storagy-repo-1/i6robotics/install/i6robotics_control_msgs/share/i6robotics_control_msgs/hook/cmake_prefix_path.sh'
[1.296s] Level 1:colcon.colcon_core.environment:checking '/home/hjpark/dev_hjp/ROS2/storagy-repo-1/i6robotics/install/i6robotics_control_msgs/lib'
[1.296s] Level 1:colcon.colcon_core.shell:create_environment_hook('i6robotics_control_msgs', 'ld_library_path_lib')
[1.296s] INFO:colcon.colcon_core.shell:Creating environment hook '/home/hjpark/dev_hjp/ROS2/storagy-repo-1/i6robotics/install/i6robotics_control_msgs/share/i6robotics_control_msgs/hook/ld_library_path_lib.ps1'
[1.296s] INFO:colcon.colcon_core.shell:Creating environment descriptor '/home/hjpark/dev_hjp/ROS2/storagy-repo-1/i6robotics/install/i6robotics_control_msgs/share/i6robotics_control_msgs/hook/ld_library_path_lib.dsv'
[1.297s] INFO:colcon.colcon_core.shell:Creating environment hook '/home/hjpark/dev_hjp/ROS2/storagy-repo-1/i6robotics/install/i6robotics_control_msgs/share/i6robotics_control_msgs/hook/ld_library_path_lib.sh'
[1.297s] Level 1:colcon.colcon_core.environment:checking '/home/hjpark/dev_hjp/ROS2/storagy-repo-1/i6robotics/install/i6robotics_control_msgs/bin'
[1.297s] Level 1:colcon.colcon_core.environment:checking '/home/hjpark/dev_hjp/ROS2/storagy-repo-1/i6robotics/install/i6robotics_control_msgs/lib/pkgconfig/i6robotics_control_msgs.pc'
[1.297s] Level 1:colcon.colcon_core.environment:checking '/home/hjpark/dev_hjp/ROS2/storagy-repo-1/i6robotics/install/i6robotics_control_msgs/lib/python3.10/site-packages'
[1.297s] Level 1:colcon.colcon_core.environment:checking '/home/hjpark/dev_hjp/ROS2/storagy-repo-1/i6robotics/install/i6robotics_control_msgs/bin'
[1.297s] INFO:colcon.colcon_core.shell:Creating package script '/home/hjpark/dev_hjp/ROS2/storagy-repo-1/i6robotics/install/i6robotics_control_msgs/share/i6robotics_control_msgs/package.ps1'
[1.298s] INFO:colcon.colcon_core.shell:Creating package descriptor '/home/hjpark/dev_hjp/ROS2/storagy-repo-1/i6robotics/install/i6robotics_control_msgs/share/i6robotics_control_msgs/package.dsv'
[1.298s] INFO:colcon.colcon_core.shell:Creating package script '/home/hjpark/dev_hjp/ROS2/storagy-repo-1/i6robotics/install/i6robotics_control_msgs/share/i6robotics_control_msgs/package.sh'
[1.299s] INFO:colcon.colcon_core.shell:Creating package script '/home/hjpark/dev_hjp/ROS2/storagy-repo-1/i6robotics/install/i6robotics_control_msgs/share/i6robotics_control_msgs/package.bash'
[1.299s] INFO:colcon.colcon_core.shell:Creating package script '/home/hjpark/dev_hjp/ROS2/storagy-repo-1/i6robotics/install/i6robotics_control_msgs/share/i6robotics_control_msgs/package.zsh'
[1.299s] Level 1:colcon.colcon_core.environment:create_file_with_runtime_dependencies(/home/hjpark/dev_hjp/ROS2/storagy-repo-1/i6robotics/install/i6robotics_control_msgs/share/colcon-core/packages/i6robotics_control_msgs)
[1.300s] Level 1:colcon.colcon_core.environment:create_environment_scripts_only(guiding_services)
[1.300s] Level 1:colcon.colcon_core.environment:checking '/home/hjpark/dev_hjp/ROS2/storagy-repo-1/i6robotics/install/guiding_services' for CMake module files
[1.301s] DEBUG:colcon.colcon_core.event_handler.log_command:Invoked command in '/home/hjpark/dev_hjp/ROS2/storagy-repo-1/i6robotics/build/guiding_services' returned '0': /usr/bin/cmake --install /home/hjpark/dev_hjp/ROS2/storagy-repo-1/i6robotics/build/guiding_services
[1.302s] Level 1:colcon.colcon_core.environment:checking '/home/hjpark/dev_hjp/ROS2/storagy-repo-1/i6robotics/install/guiding_services' for CMake config files
[1.302s] Level 1:colcon.colcon_core.shell:create_environment_hook('guiding_services', 'cmake_prefix_path')
[1.302s] INFO:colcon.colcon_core.shell:Creating environment hook '/home/hjpark/dev_hjp/ROS2/storagy-repo-1/i6robotics/install/guiding_services/share/guiding_services/hook/cmake_prefix_path.ps1'
[1.303s] INFO:colcon.colcon_core.shell:Creating environment descriptor '/home/hjpark/dev_hjp/ROS2/storagy-repo-1/i6robotics/install/guiding_services/share/guiding_services/hook/cmake_prefix_path.dsv'
[1.303s] INFO:colcon.colcon_core.shell:Creating environment hook '/home/hjpark/dev_hjp/ROS2/storagy-repo-1/i6robotics/install/guiding_services/share/guiding_services/hook/cmake_prefix_path.sh'
[1.303s] Level 1:colcon.colcon_core.environment:checking '/home/hjpark/dev_hjp/ROS2/storagy-repo-1/i6robotics/install/guiding_services/lib'
[1.304s] Level 1:colcon.colcon_core.shell:create_environment_hook('guiding_services', 'ld_library_path_lib')
[1.304s] INFO:colcon.colcon_core.shell:Creating environment hook '/home/hjpark/dev_hjp/ROS2/storagy-repo-1/i6robotics/install/guiding_services/share/guiding_services/hook/ld_library_path_lib.ps1'
[1.304s] INFO:colcon.colcon_core.shell:Creating environment descriptor '/home/hjpark/dev_hjp/ROS2/storagy-repo-1/i6robotics/install/guiding_services/share/guiding_services/hook/ld_library_path_lib.dsv'
[1.304s] INFO:colcon.colcon_core.shell:Creating environment hook '/home/hjpark/dev_hjp/ROS2/storagy-repo-1/i6robotics/install/guiding_services/share/guiding_services/hook/ld_library_path_lib.sh'
[1.305s] Level 1:colcon.colcon_core.environment:checking '/home/hjpark/dev_hjp/ROS2/storagy-repo-1/i6robotics/install/guiding_services/bin'
[1.305s] Level 1:colcon.colcon_core.environment:checking '/home/hjpark/dev_hjp/ROS2/storagy-repo-1/i6robotics/install/guiding_services/lib/pkgconfig/guiding_services.pc'
[1.305s] Level 1:colcon.colcon_core.environment:checking '/home/hjpark/dev_hjp/ROS2/storagy-repo-1/i6robotics/install/guiding_services/lib/python3.10/site-packages'
[1.305s] Level 1:colcon.colcon_core.environment:checking '/home/hjpark/dev_hjp/ROS2/storagy-repo-1/i6robotics/install/guiding_services/bin'
[1.305s] INFO:colcon.colcon_core.shell:Creating package script '/home/hjpark/dev_hjp/ROS2/storagy-repo-1/i6robotics/install/guiding_services/share/guiding_services/package.ps1'
[1.306s] INFO:colcon.colcon_core.shell:Creating package descriptor '/home/hjpark/dev_hjp/ROS2/storagy-repo-1/i6robotics/install/guiding_services/share/guiding_services/package.dsv'
[1.306s] INFO:colcon.colcon_core.shell:Creating package script '/home/hjpark/dev_hjp/ROS2/storagy-repo-1/i6robotics/install/guiding_services/share/guiding_services/package.sh'
[1.306s] INFO:colcon.colcon_core.shell:Creating package script '/home/hjpark/dev_hjp/ROS2/storagy-repo-1/i6robotics/install/guiding_services/share/guiding_services/package.bash'
[1.307s] INFO:colcon.colcon_core.shell:Creating package script '/home/hjpark/dev_hjp/ROS2/storagy-repo-1/i6robotics/install/guiding_services/share/guiding_services/package.zsh'
[1.307s] Level 1:colcon.colcon_core.environment:create_file_with_runtime_dependencies(/home/hjpark/dev_hjp/ROS2/storagy-repo-1/i6robotics/install/guiding_services/share/colcon-core/packages/guiding_services)
[1.307s] Level 1:colcon.colcon_core.environment:create_environment_scripts_only(guiding_services)
[1.307s] Level 1:colcon.colcon_core.environment:checking '/home/hjpark/dev_hjp/ROS2/storagy-repo-1/i6robotics/install/guiding_services' for CMake module files
[1.308s] Level 1:colcon.colcon_core.environment:checking '/home/hjpark/dev_hjp/ROS2/storagy-repo-1/i6robotics/install/guiding_services' for CMake config files
[1.308s] Level 1:colcon.colcon_core.shell:create_environment_hook('guiding_services', 'cmake_prefix_path')
[1.309s] INFO:colcon.colcon_core.shell:Creating environment hook '/home/hjpark/dev_hjp/ROS2/storagy-repo-1/i6robotics/install/guiding_services/share/guiding_services/hook/cmake_prefix_path.ps1'
[1.309s] INFO:colcon.colcon_core.shell:Creating environment descriptor '/home/hjpark/dev_hjp/ROS2/storagy-repo-1/i6robotics/install/guiding_services/share/guiding_services/hook/cmake_prefix_path.dsv'
[1.309s] INFO:colcon.colcon_core.shell:Creating environment hook '/home/hjpark/dev_hjp/ROS2/storagy-repo-1/i6robotics/install/guiding_services/share/guiding_services/hook/cmake_prefix_path.sh'
[1.310s] Level 1:colcon.colcon_core.environment:checking '/home/hjpark/dev_hjp/ROS2/storagy-repo-1/i6robotics/install/guiding_services/lib'
[1.310s] Level 1:colcon.colcon_core.shell:create_environment_hook('guiding_services', 'ld_library_path_lib')
[1.310s] INFO:colcon.colcon_core.shell:Creating environment hook '/home/hjpark/dev_hjp/ROS2/storagy-repo-1/i6robotics/install/guiding_services/share/guiding_services/hook/ld_library_path_lib.ps1'
[1.310s] INFO:colcon.colcon_core.shell:Creating environment descriptor '/home/hjpark/dev_hjp/ROS2/storagy-repo-1/i6robotics/install/guiding_services/share/guiding_services/hook/ld_library_path_lib.dsv'
[1.311s] INFO:colcon.colcon_core.shell:Creating environment hook '/home/hjpark/dev_hjp/ROS2/storagy-repo-1/i6robotics/install/guiding_services/share/guiding_services/hook/ld_library_path_lib.sh'
[1.311s] Level 1:colcon.colcon_core.environment:checking '/home/hjpark/dev_hjp/ROS2/storagy-repo-1/i6robotics/install/guiding_services/bin'
[1.311s] Level 1:colcon.colcon_core.environment:checking '/home/hjpark/dev_hjp/ROS2/storagy-repo-1/i6robotics/install/guiding_services/lib/pkgconfig/guiding_services.pc'
[1.311s] Level 1:colcon.colcon_core.environment:checking '/home/hjpark/dev_hjp/ROS2/storagy-repo-1/i6robotics/install/guiding_services/lib/python3.10/site-packages'
[1.311s] Level 1:colcon.colcon_core.environment:checking '/home/hjpark/dev_hjp/ROS2/storagy-repo-1/i6robotics/install/guiding_services/bin'
[1.312s] INFO:colcon.colcon_core.shell:Creating package script '/home/hjpark/dev_hjp/ROS2/storagy-repo-1/i6robotics/install/guiding_services/share/guiding_services/package.ps1'
[1.312s] INFO:colcon.colcon_core.shell:Creating package descriptor '/home/hjpark/dev_hjp/ROS2/storagy-repo-1/i6robotics/install/guiding_services/share/guiding_services/package.dsv'
[1.312s] INFO:colcon.colcon_core.shell:Creating package script '/home/hjpark/dev_hjp/ROS2/storagy-repo-1/i6robotics/install/guiding_services/share/guiding_services/package.sh'
[1.313s] INFO:colcon.colcon_core.shell:Creating package script '/home/hjpark/dev_hjp/ROS2/storagy-repo-1/i6robotics/install/guiding_services/share/guiding_services/package.bash'
[1.313s] INFO:colcon.colcon_core.shell:Creating package script '/home/hjpark/dev_hjp/ROS2/storagy-repo-1/i6robotics/install/guiding_services/share/guiding_services/package.zsh'
[1.314s] Level 1:colcon.colcon_core.environment:create_file_with_runtime_dependencies(/home/hjpark/dev_hjp/ROS2/storagy-repo-1/i6robotics/install/guiding_services/share/colcon-core/packages/guiding_services)
[1.617s] DEBUG:colcon.colcon_core.event_handler.log_command:Invoking command in '/home/hjpark/dev_hjp/ROS2/storagy-repo-1/i6robotics/src/i6robotics_guiding': PYTHONPATH=/home/hjpark/dev_hjp/ROS2/storagy-repo-1/i6robotics/build/i6robotics_guiding/prefix_override:/usr/lib/python3/dist-packages/colcon_core/task/python/colcon_distutils_commands:/home/hjpark/dev_hjp/ROS2/storagy-repo-1/i6robotics/install/i6robotics_guiding/lib/python3.10/site-packages: /usr/bin/python3 -W ignore:setup.py install is deprecated -W ignore:easy_install command is deprecated setup.py egg_info --egg-base ../../build/i6robotics_guiding build --build-base /home/hjpark/dev_hjp/ROS2/storagy-repo-1/i6robotics/build/i6robotics_guiding/build install --record /home/hjpark/dev_hjp/ROS2/storagy-repo-1/i6robotics/build/i6robotics_guiding/install.log --single-version-externally-managed install_data
[1.621s] DEBUG:colcon.colcon_core.event_handler.log_command:Invoking command in '/home/hjpark/dev_hjp/ROS2/storagy-repo-1/i6robotics/src/i6robotics_data_processing': PYTHONPATH=/home/hjpark/dev_hjp/ROS2/storagy-repo-1/i6robotics/build/i6robotics_data_processing/prefix_override:/usr/lib/python3/dist-packages/colcon_core/task/python/colcon_distutils_commands:/home/hjpark/dev_hjp/ROS2/storagy-repo-1/i6robotics/install/i6robotics_data_processing/lib/python3.10/site-packages: /usr/bin/python3 -W ignore:setup.py install is deprecated -W ignore:easy_install command is deprecated setup.py egg_info --egg-base ../../build/i6robotics_data_processing build --build-base /home/hjpark/dev_hjp/ROS2/storagy-repo-1/i6robotics/build/i6robotics_data_processing/build install --record /home/hjpark/dev_hjp/ROS2/storagy-repo-1/i6robotics/build/i6robotics_data_processing/install.log --single-version-externally-managed install_data
[1.624s] DEBUG:colcon.colcon_core.event_handler.log_command:Invoking command in '/home/hjpark/dev_hjp/ROS2/storagy-repo-1/i6robotics/src/i6robotics_get_data': PYTHONPATH=/home/hjpark/dev_hjp/ROS2/storagy-repo-1/i6robotics/build/i6robotics_get_data/prefix_override:/usr/lib/python3/dist-packages/colcon_core/task/python/colcon_distutils_commands:/home/hjpark/dev_hjp/ROS2/storagy-repo-1/i6robotics/install/i6robotics_get_data/lib/python3.10/site-packages: /usr/bin/python3 -W ignore:setup.py install is deprecated -W ignore:easy_install command is deprecated setup.py egg_info --egg-base ../../build/i6robotics_get_data build --build-base /home/hjpark/dev_hjp/ROS2/storagy-repo-1/i6robotics/build/i6robotics_get_data/build install --record /home/hjpark/dev_hjp/ROS2/storagy-repo-1/i6robotics/build/i6robotics_get_data/install.log --single-version-externally-managed install_data
[1.626s] DEBUG:colcon.colcon_core.event_handler.log_command:Invoking command in '/home/hjpark/dev_hjp/ROS2/storagy-repo-1/i6robotics/src/i6robotics_control': PYTHONPATH=/home/hjpark/dev_hjp/ROS2/storagy-repo-1/i6robotics/build/i6robotics_control/prefix_override:/usr/lib/python3/dist-packages/colcon_core/task/python/colcon_distutils_commands:/home/hjpark/dev_hjp/ROS2/storagy-repo-1/i6robotics/install/i6robotics_control/lib/python3.10/site-packages: /usr/bin/python3 -W ignore:setup.py install is deprecated -W ignore:easy_install command is deprecated setup.py egg_info --egg-base ../../build/i6robotics_control build --build-base /home/hjpark/dev_hjp/ROS2/storagy-repo-1/i6robotics/build/i6robotics_control/build install --record /home/hjpark/dev_hjp/ROS2/storagy-repo-1/i6robotics/build/i6robotics_control/install.log --single-version-externally-managed install_data
[1.904s] Level 1:colcon.colcon_core.environment:checking '/home/hjpark/dev_hjp/ROS2/storagy-repo-1/i6robotics/install/i6robotics_data_processing' for CMake module files
[1.905s] DEBUG:colcon.colcon_core.event_handler.log_command:Invoked command in '/home/hjpark/dev_hjp/ROS2/storagy-repo-1/i6robotics/src/i6robotics_data_processing' returned '0': PYTHONPATH=/home/hjpark/dev_hjp/ROS2/storagy-repo-1/i6robotics/build/i6robotics_data_processing/prefix_override:/usr/lib/python3/dist-packages/colcon_core/task/python/colcon_distutils_commands:/home/hjpark/dev_hjp/ROS2/storagy-repo-1/i6robotics/install/i6robotics_data_processing/lib/python3.10/site-packages: /usr/bin/python3 -W ignore:setup.py install is deprecated -W ignore:easy_install command is deprecated setup.py egg_info --egg-base ../../build/i6robotics_data_processing build --build-base /home/hjpark/dev_hjp/ROS2/storagy-repo-1/i6robotics/build/i6robotics_data_processing/build install --record /home/hjpark/dev_hjp/ROS2/storagy-repo-1/i6robotics/build/i6robotics_data_processing/install.log --single-version-externally-managed install_data
[1.905s] Level 1:colcon.colcon_core.environment:checking '/home/hjpark/dev_hjp/ROS2/storagy-repo-1/i6robotics/install/i6robotics_data_processing' for CMake config files
[1.906s] Level 1:colcon.colcon_core.environment:checking '/home/hjpark/dev_hjp/ROS2/storagy-repo-1/i6robotics/install/i6robotics_data_processing/lib'
[1.906s] Level 1:colcon.colcon_core.environment:checking '/home/hjpark/dev_hjp/ROS2/storagy-repo-1/i6robotics/install/i6robotics_data_processing/bin'
[1.906s] Level 1:colcon.colcon_core.environment:checking '/home/hjpark/dev_hjp/ROS2/storagy-repo-1/i6robotics/install/i6robotics_data_processing/lib/pkgconfig/i6robotics_data_processing.pc'
[1.906s] Level 1:colcon.colcon_core.environment:checking '/home/hjpark/dev_hjp/ROS2/storagy-repo-1/i6robotics/install/i6robotics_data_processing/lib/python3.10/site-packages'
[1.907s] Level 1:colcon.colcon_core.shell:create_environment_hook('i6robotics_data_processing', 'pythonpath')
[1.907s] INFO:colcon.colcon_core.shell:Creating environment hook '/home/hjpark/dev_hjp/ROS2/storagy-repo-1/i6robotics/install/i6robotics_data_processing/share/i6robotics_data_processing/hook/pythonpath.ps1'
[1.907s] INFO:colcon.colcon_core.shell:Creating environment descriptor '/home/hjpark/dev_hjp/ROS2/storagy-repo-1/i6robotics/install/i6robotics_data_processing/share/i6robotics_data_processing/hook/pythonpath.dsv'
[1.908s] INFO:colcon.colcon_core.shell:Creating environment hook '/home/hjpark/dev_hjp/ROS2/storagy-repo-1/i6robotics/install/i6robotics_data_processing/share/i6robotics_data_processing/hook/pythonpath.sh'
[1.909s] Level 1:colcon.colcon_core.environment:checking '/home/hjpark/dev_hjp/ROS2/storagy-repo-1/i6robotics/install/i6robotics_data_processing/bin'
[1.909s] Level 1:colcon.colcon_core.environment:create_environment_scripts_only(i6robotics_data_processing)
[1.909s] INFO:colcon.colcon_core.shell:Creating package script '/home/hjpark/dev_hjp/ROS2/storagy-repo-1/i6robotics/install/i6robotics_data_processing/share/i6robotics_data_processing/package.ps1'
[1.910s] INFO:colcon.colcon_core.shell:Creating package descriptor '/home/hjpark/dev_hjp/ROS2/storagy-repo-1/i6robotics/install/i6robotics_data_processing/share/i6robotics_data_processing/package.dsv'
[1.910s] INFO:colcon.colcon_core.shell:Creating package script '/home/hjpark/dev_hjp/ROS2/storagy-repo-1/i6robotics/install/i6robotics_data_processing/share/i6robotics_data_processing/package.sh'
[1.911s] INFO:colcon.colcon_core.shell:Creating package script '/home/hjpark/dev_hjp/ROS2/storagy-repo-1/i6robotics/install/i6robotics_data_processing/share/i6robotics_data_processing/package.bash'
[1.911s] INFO:colcon.colcon_core.shell:Creating package script '/home/hjpark/dev_hjp/ROS2/storagy-repo-1/i6robotics/install/i6robotics_data_processing/share/i6robotics_data_processing/package.zsh'
[1.911s] Level 1:colcon.colcon_core.environment:create_file_with_runtime_dependencies(/home/hjpark/dev_hjp/ROS2/storagy-repo-1/i6robotics/install/i6robotics_data_processing/share/colcon-core/packages/i6robotics_data_processing)
[1.915s] Level 1:colcon.colcon_core.environment:checking '/home/hjpark/dev_hjp/ROS2/storagy-repo-1/i6robotics/install/i6robotics_get_data' for CMake module files
[1.916s] DEBUG:colcon.colcon_core.event_handler.log_command:Invoked command in '/home/hjpark/dev_hjp/ROS2/storagy-repo-1/i6robotics/src/i6robotics_get_data' returned '0': PYTHONPATH=/home/hjpark/dev_hjp/ROS2/storagy-repo-1/i6robotics/build/i6robotics_get_data/prefix_override:/usr/lib/python3/dist-packages/colcon_core/task/python/colcon_distutils_commands:/home/hjpark/dev_hjp/ROS2/storagy-repo-1/i6robotics/install/i6robotics_get_data/lib/python3.10/site-packages: /usr/bin/python3 -W ignore:setup.py install is deprecated -W ignore:easy_install command is deprecated setup.py egg_info --egg-base ../../build/i6robotics_get_data build --build-base /home/hjpark/dev_hjp/ROS2/storagy-repo-1/i6robotics/build/i6robotics_get_data/build install --record /home/hjpark/dev_hjp/ROS2/storagy-repo-1/i6robotics/build/i6robotics_get_data/install.log --single-version-externally-managed install_data
[1.916s] Level 1:colcon.colcon_core.environment:checking '/home/hjpark/dev_hjp/ROS2/storagy-repo-1/i6robotics/install/i6robotics_get_data' for CMake config files
[1.917s] Level 1:colcon.colcon_core.environment:checking '/home/hjpark/dev_hjp/ROS2/storagy-repo-1/i6robotics/install/i6robotics_get_data/lib'
[1.917s] Level 1:colcon.colcon_core.environment:checking '/home/hjpark/dev_hjp/ROS2/storagy-repo-1/i6robotics/install/i6robotics_get_data/bin'
[1.917s] Level 1:colcon.colcon_core.environment:checking '/home/hjpark/dev_hjp/ROS2/storagy-repo-1/i6robotics/install/i6robotics_get_data/lib/pkgconfig/i6robotics_get_data.pc'
[1.917s] Level 1:colcon.colcon_core.environment:checking '/home/hjpark/dev_hjp/ROS2/storagy-repo-1/i6robotics/install/i6robotics_get_data/lib/python3.10/site-packages'
[1.917s] Level 1:colcon.colcon_core.shell:create_environment_hook('i6robotics_get_data', 'pythonpath')
[1.917s] INFO:colcon.colcon_core.shell:Creating environment hook '/home/hjpark/dev_hjp/ROS2/storagy-repo-1/i6robotics/install/i6robotics_get_data/share/i6robotics_get_data/hook/pythonpath.ps1'
[1.918s] INFO:colcon.colcon_core.shell:Creating environment descriptor '/home/hjpark/dev_hjp/ROS2/storagy-repo-1/i6robotics/install/i6robotics_get_data/share/i6robotics_get_data/hook/pythonpath.dsv'
[1.918s] INFO:colcon.colcon_core.shell:Creating environment hook '/home/hjpark/dev_hjp/ROS2/storagy-repo-1/i6robotics/install/i6robotics_get_data/share/i6robotics_get_data/hook/pythonpath.sh'
[1.918s] Level 1:colcon.colcon_core.environment:checking '/home/hjpark/dev_hjp/ROS2/storagy-repo-1/i6robotics/install/i6robotics_get_data/bin'
[1.919s] Level 1:colcon.colcon_core.environment:create_environment_scripts_only(i6robotics_get_data)
[1.919s] INFO:colcon.colcon_core.shell:Creating package script '/home/hjpark/dev_hjp/ROS2/storagy-repo-1/i6robotics/install/i6robotics_get_data/share/i6robotics_get_data/package.ps1'
[1.919s] INFO:colcon.colcon_core.shell:Creating package descriptor '/home/hjpark/dev_hjp/ROS2/storagy-repo-1/i6robotics/install/i6robotics_get_data/share/i6robotics_get_data/package.dsv'
[1.920s] INFO:colcon.colcon_core.shell:Creating package script '/home/hjpark/dev_hjp/ROS2/storagy-repo-1/i6robotics/install/i6robotics_get_data/share/i6robotics_get_data/package.sh'
[1.920s] INFO:colcon.colcon_core.shell:Creating package script '/home/hjpark/dev_hjp/ROS2/storagy-repo-1/i6robotics/install/i6robotics_get_data/share/i6robotics_get_data/package.bash'
[1.920s] INFO:colcon.colcon_core.shell:Creating package script '/home/hjpark/dev_hjp/ROS2/storagy-repo-1/i6robotics/install/i6robotics_get_data/share/i6robotics_get_data/package.zsh'
[1.921s] Level 1:colcon.colcon_core.environment:create_file_with_runtime_dependencies(/home/hjpark/dev_hjp/ROS2/storagy-repo-1/i6robotics/install/i6robotics_get_data/share/colcon-core/packages/i6robotics_get_data)
[1.922s] Level 1:colcon.colcon_core.environment:checking '/home/hjpark/dev_hjp/ROS2/storagy-repo-1/i6robotics/install/i6robotics_guiding' for CMake module files
[1.923s] DEBUG:colcon.colcon_core.event_handler.log_command:Invoked command in '/home/hjpark/dev_hjp/ROS2/storagy-repo-1/i6robotics/src/i6robotics_guiding' returned '0': PYTHONPATH=/home/hjpark/dev_hjp/ROS2/storagy-repo-1/i6robotics/build/i6robotics_guiding/prefix_override:/usr/lib/python3/dist-packages/colcon_core/task/python/colcon_distutils_commands:/home/hjpark/dev_hjp/ROS2/storagy-repo-1/i6robotics/install/i6robotics_guiding/lib/python3.10/site-packages: /usr/bin/python3 -W ignore:setup.py install is deprecated -W ignore:easy_install command is deprecated setup.py egg_info --egg-base ../../build/i6robotics_guiding build --build-base /home/hjpark/dev_hjp/ROS2/storagy-repo-1/i6robotics/build/i6robotics_guiding/build install --record /home/hjpark/dev_hjp/ROS2/storagy-repo-1/i6robotics/build/i6robotics_guiding/install.log --single-version-externally-managed install_data
[1.923s] Level 1:colcon.colcon_core.environment:checking '/home/hjpark/dev_hjp/ROS2/storagy-repo-1/i6robotics/install/i6robotics_guiding' for CMake config files
[1.924s] Level 1:colcon.colcon_core.environment:checking '/home/hjpark/dev_hjp/ROS2/storagy-repo-1/i6robotics/install/i6robotics_guiding/lib'
[1.924s] Level 1:colcon.colcon_core.environment:checking '/home/hjpark/dev_hjp/ROS2/storagy-repo-1/i6robotics/install/i6robotics_guiding/bin'
[1.924s] Level 1:colcon.colcon_core.environment:checking '/home/hjpark/dev_hjp/ROS2/storagy-repo-1/i6robotics/install/i6robotics_guiding/lib/pkgconfig/i6robotics_guiding.pc'
[1.925s] Level 1:colcon.colcon_core.environment:checking '/home/hjpark/dev_hjp/ROS2/storagy-repo-1/i6robotics/install/i6robotics_guiding/lib/python3.10/site-packages'
[1.925s] Level 1:colcon.colcon_core.shell:create_environment_hook('i6robotics_guiding', 'pythonpath')
[1.925s] INFO:colcon.colcon_core.shell:Creating environment hook '/home/hjpark/dev_hjp/ROS2/storagy-repo-1/i6robotics/install/i6robotics_guiding/share/i6robotics_guiding/hook/pythonpath.ps1'
[1.926s] INFO:colcon.colcon_core.shell:Creating environment descriptor '/home/hjpark/dev_hjp/ROS2/storagy-repo-1/i6robotics/install/i6robotics_guiding/share/i6robotics_guiding/hook/pythonpath.dsv'
[1.926s] INFO:colcon.colcon_core.shell:Creating environment hook '/home/hjpark/dev_hjp/ROS2/storagy-repo-1/i6robotics/install/i6robotics_guiding/share/i6robotics_guiding/hook/pythonpath.sh'
[1.927s] Level 1:colcon.colcon_core.environment:checking '/home/hjpark/dev_hjp/ROS2/storagy-repo-1/i6robotics/install/i6robotics_guiding/bin'
[1.927s] Level 1:colcon.colcon_core.environment:create_environment_scripts_only(i6robotics_guiding)
[1.927s] INFO:colcon.colcon_core.shell:Creating package script '/home/hjpark/dev_hjp/ROS2/storagy-repo-1/i6robotics/install/i6robotics_guiding/share/i6robotics_guiding/package.ps1'
[1.928s] INFO:colcon.colcon_core.shell:Creating package descriptor '/home/hjpark/dev_hjp/ROS2/storagy-repo-1/i6robotics/install/i6robotics_guiding/share/i6robotics_guiding/package.dsv'
[1.928s] INFO:colcon.colcon_core.shell:Creating package script '/home/hjpark/dev_hjp/ROS2/storagy-repo-1/i6robotics/install/i6robotics_guiding/share/i6robotics_guiding/package.sh'
[1.929s] INFO:colcon.colcon_core.shell:Creating package script '/home/hjpark/dev_hjp/ROS2/storagy-repo-1/i6robotics/install/i6robotics_guiding/share/i6robotics_guiding/package.bash'
[1.929s] INFO:colcon.colcon_core.shell:Creating package script '/home/hjpark/dev_hjp/ROS2/storagy-repo-1/i6robotics/install/i6robotics_guiding/share/i6robotics_guiding/package.zsh'
[1.930s] Level 1:colcon.colcon_core.environment:create_file_with_runtime_dependencies(/home/hjpark/dev_hjp/ROS2/storagy-repo-1/i6robotics/install/i6robotics_guiding/share/colcon-core/packages/i6robotics_guiding)
[1.931s] Level 1:colcon.colcon_core.environment:checking '/home/hjpark/dev_hjp/ROS2/storagy-repo-1/i6robotics/install/i6robotics_control' for CMake module files
[1.933s] DEBUG:colcon.colcon_core.event_handler.log_command:Invoked command in '/home/hjpark/dev_hjp/ROS2/storagy-repo-1/i6robotics/src/i6robotics_control' returned '0': PYTHONPATH=/home/hjpark/dev_hjp/ROS2/storagy-repo-1/i6robotics/build/i6robotics_control/prefix_override:/usr/lib/python3/dist-packages/colcon_core/task/python/colcon_distutils_commands:/home/hjpark/dev_hjp/ROS2/storagy-repo-1/i6robotics/install/i6robotics_control/lib/python3.10/site-packages: /usr/bin/python3 -W ignore:setup.py install is deprecated -W ignore:easy_install command is deprecated setup.py egg_info --egg-base ../../build/i6robotics_control build --build-base /home/hjpark/dev_hjp/ROS2/storagy-repo-1/i6robotics/build/i6robotics_control/build install --record /home/hjpark/dev_hjp/ROS2/storagy-repo-1/i6robotics/build/i6robotics_control/install.log --single-version-externally-managed install_data
[1.933s] Level 1:colcon.colcon_core.environment:checking '/home/hjpark/dev_hjp/ROS2/storagy-repo-1/i6robotics/install/i6robotics_control' for CMake config files
[1.933s] Level 1:colcon.colcon_core.environment:checking '/home/hjpark/dev_hjp/ROS2/storagy-repo-1/i6robotics/install/i6robotics_control/lib'
[1.933s] Level 1:colcon.colcon_core.environment:checking '/home/hjpark/dev_hjp/ROS2/storagy-repo-1/i6robotics/install/i6robotics_control/bin'
[1.933s] Level 1:colcon.colcon_core.environment:checking '/home/hjpark/dev_hjp/ROS2/storagy-repo-1/i6robotics/install/i6robotics_control/lib/pkgconfig/i6robotics_control.pc'
[1.934s] Level 1:colcon.colcon_core.environment:checking '/home/hjpark/dev_hjp/ROS2/storagy-repo-1/i6robotics/install/i6robotics_control/lib/python3.10/site-packages'
[1.934s] Level 1:colcon.colcon_core.shell:create_environment_hook('i6robotics_control', 'pythonpath')
[1.934s] INFO:colcon.colcon_core.shell:Creating environment hook '/home/hjpark/dev_hjp/ROS2/storagy-repo-1/i6robotics/install/i6robotics_control/share/i6robotics_control/hook/pythonpath.ps1'
[1.934s] INFO:colcon.colcon_core.shell:Creating environment descriptor '/home/hjpark/dev_hjp/ROS2/storagy-repo-1/i6robotics/install/i6robotics_control/share/i6robotics_control/hook/pythonpath.dsv'
[1.935s] INFO:colcon.colcon_core.shell:Creating environment hook '/home/hjpark/dev_hjp/ROS2/storagy-repo-1/i6robotics/install/i6robotics_control/share/i6robotics_control/hook/pythonpath.sh'
[1.935s] Level 1:colcon.colcon_core.environment:checking '/home/hjpark/dev_hjp/ROS2/storagy-repo-1/i6robotics/install/i6robotics_control/bin'
[1.935s] Level 1:colcon.colcon_core.environment:create_environment_scripts_only(i6robotics_control)
[1.936s] INFO:colcon.colcon_core.shell:Creating package script '/home/hjpark/dev_hjp/ROS2/storagy-repo-1/i6robotics/install/i6robotics_control/share/i6robotics_control/package.ps1'
[1.936s] INFO:colcon.colcon_core.shell:Creating package descriptor '/home/hjpark/dev_hjp/ROS2/storagy-repo-1/i6robotics/install/i6robotics_control/share/i6robotics_control/package.dsv'
[1.936s] INFO:colcon.colcon_core.shell:Creating package script '/home/hjpark/dev_hjp/ROS2/storagy-repo-1/i6robotics/install/i6robotics_control/share/i6robotics_control/package.sh'
[1.937s] INFO:colcon.colcon_core.shell:Creating package script '/home/hjpark/dev_hjp/ROS2/storagy-repo-1/i6robotics/install/i6robotics_control/share/i6robotics_control/package.bash'
[1.937s] INFO:colcon.colcon_core.shell:Creating package script '/home/hjpark/dev_hjp/ROS2/storagy-repo-1/i6robotics/install/i6robotics_control/share/i6robotics_control/package.zsh'
[1.938s] Level 1:colcon.colcon_core.environment:create_file_with_runtime_dependencies(/home/hjpark/dev_hjp/ROS2/storagy-repo-1/i6robotics/install/i6robotics_control/share/colcon-core/packages/i6robotics_control)
[1.938s] DEBUG:colcon.colcon_parallel_executor.executor.parallel:closing loop
[1.938s] DEBUG:colcon.colcon_parallel_executor.executor.parallel:loop closed
[1.938s] DEBUG:colcon.colcon_parallel_executor.executor.parallel:run_until_complete finished with '0'
[1.938s] DEBUG:colcon.colcon_core.event_reactor:joining thread
[1.948s] INFO:colcon.colcon_core.plugin_system:Skipping extension 'colcon_notification.desktop_notification.terminal_notifier': Not used on non-Darwin systems
[1.948s] INFO:colcon.colcon_core.plugin_system:Skipping extension 'colcon_notification.desktop_notification.win32': Not used on non-Windows systems
[1.948s] INFO:colcon.colcon_notification.desktop_notification:Sending desktop notification using 'notify2'
[1.964s] DEBUG:colcon.colcon_core.event_reactor:joined thread
[1.965s] INFO:colcon.colcon_core.shell:Creating prefix script '/home/hjpark/dev_hjp/ROS2/storagy-repo-1/i6robotics/install/local_setup.ps1'
[1.967s] INFO:colcon.colcon_core.shell:Creating prefix util module '/home/hjpark/dev_hjp/ROS2/storagy-repo-1/i6robotics/install/_local_setup_util_ps1.py'
[1.969s] INFO:colcon.colcon_core.shell:Creating prefix chain script '/home/hjpark/dev_hjp/ROS2/storagy-repo-1/i6robotics/install/setup.ps1'
[1.970s] INFO:colcon.colcon_core.shell:Creating prefix script '/home/hjpark/dev_hjp/ROS2/storagy-repo-1/i6robotics/install/local_setup.sh'
[1.970s] INFO:colcon.colcon_core.shell:Creating prefix util module '/home/hjpark/dev_hjp/ROS2/storagy-repo-1/i6robotics/install/_local_setup_util_sh.py'
[1.971s] INFO:colcon.colcon_core.shell:Creating prefix chain script '/home/hjpark/dev_hjp/ROS2/storagy-repo-1/i6robotics/install/setup.sh'
[1.971s] INFO:colcon.colcon_core.shell:Creating prefix script '/home/hjpark/dev_hjp/ROS2/storagy-repo-1/i6robotics/install/local_setup.bash'
[1.972s] INFO:colcon.colcon_core.shell:Creating prefix chain script '/home/hjpark/dev_hjp/ROS2/storagy-repo-1/i6robotics/install/setup.bash'
[1.972s] INFO:colcon.colcon_core.shell:Creating prefix script '/home/hjpark/dev_hjp/ROS2/storagy-repo-1/i6robotics/install/local_setup.zsh'
[1.973s] INFO:colcon.colcon_core.shell:Creating prefix chain script '/home/hjpark/dev_hjp/ROS2/storagy-repo-1/i6robotics/install/setup.zsh'
