[0.283s] Invoking command in '/home/hjpark/dev_hjp/ROS2/storagy-repo-1/i6robotics/build/i6robotics_control_msgs': CMAKE_PREFIX_PATH=/opt/ros/humble /usr/bin/cmake --build /home/hjpark/dev_hjp/ROS2/storagy-repo-1/i6robotics/build/i6robotics_control_msgs -- -j16 -l16
[1.003s] [  1%] Built target i6robotics_control_msgs__cpp
[1.003s] [ 12%] Built target i6robotics_control_msgs__rosidl_generator_c
[1.003s] [ 12%] Built target ament_cmake_python_copy_i6robotics_control_msgs
[1.003s] [ 23%] Built target i6robotics_control_msgs__rosidl_typesupport_c
[1.004s] [ 35%] Built target i6robotics_control_msgs__rosidl_typesupport_introspection_c
[1.004s] [ 46%] Built target i6robotics_control_msgs__rosidl_typesupport_fastrtps_cpp
[1.004s] [ 57%] Built target i6robotics_control_msgs__rosidl_typesupport_introspection_cpp
[1.004s] [ 80%] Built target i6robotics_control_msgs__rosidl_typesupport_fastrtps_c
[1.004s] [ 80%] Built target i6robotics_control_msgs__rosidl_typesupport_cpp
[1.004s] [ 80%] Built target i6robotics_control_msgs
[1.004s] [ 81%] Built target i6robotics_control_msgs__py
[1.004s] [ 91%] Built target i6robotics_control_msgs__rosidl_generator_py
[1.004s] [100%] Built target i6robotics_control_msgs__rosidl_typesupport_fastrtps_c__pyext
[1.004s] [100%] Built target i6robotics_control_msgs__rosidl_typesupport_introspection_c__pyext
[1.004s] [100%] Built target i6robotics_control_msgs__rosidl_typesupport_c__pyext
[1.004s] running egg_info
[1.004s] writing i6robotics_control_msgs.egg-info/PKG-INFO
[1.004s] writing dependency_links to i6robotics_control_msgs.egg-info/dependency_links.txt
[1.004s] writing top-level names to i6robotics_control_msgs.egg-info/top_level.txt
[1.004s] reading manifest file 'i6robotics_control_msgs.egg-info/SOURCES.txt'
[1.004s] writing manifest file 'i6robotics_control_msgs.egg-info/SOURCES.txt'
[1.005s] [100%] Built target ament_cmake_python_build_i6robotics_control_msgs_egg
[1.017s] Invoked command in '/home/hjpark/dev_hjp/ROS2/storagy-repo-1/i6robotics/build/i6robotics_control_msgs' returned '0': CMAKE_PREFIX_PATH=/opt/ros/humble /usr/bin/cmake --build /home/hjpark/dev_hjp/ROS2/storagy-repo-1/i6robotics/build/i6robotics_control_msgs -- -j16 -l16
[1.018s] Invoking command in '/home/hjpark/dev_hjp/ROS2/storagy-repo-1/i6robotics/build/i6robotics_control_msgs': CMAKE_PREFIX_PATH=/opt/ros/humble /usr/bin/cmake --install /home/hjpark/dev_hjp/ROS2/storagy-repo-1/i6robotics/build/i6robotics_control_msgs
[1.035s] -- Install configuration: ""
[1.035s] -- Up-to-date: /home/hjpark/dev_hjp/ROS2/storagy-repo-1/i6robotics/install/i6robotics_control_msgs/share/ament_index/resource_index/rosidl_interfaces/i6robotics_control_msgs
[1.035s] -- Up-to-date: /home/hjpark/dev_hjp/ROS2/storagy-repo-1/i6robotics/install/i6robotics_control_msgs/include/i6robotics_control_msgs/i6robotics_control_msgs
[1.035s] -- Up-to-date: /home/hjpark/dev_hjp/ROS2/storagy-repo-1/i6robotics/install/i6robotics_control_msgs/include/i6robotics_control_msgs/i6robotics_control_msgs/action
[1.035s] -- Up-to-date: /home/hjpark/dev_hjp/ROS2/storagy-repo-1/i6robotics/install/i6robotics_control_msgs/include/i6robotics_control_msgs/i6robotics_control_msgs/action/follow.h
[1.036s] -- Up-to-date: /home/hjpark/dev_hjp/ROS2/storagy-repo-1/i6robotics/install/i6robotics_control_msgs/include/i6robotics_control_msgs/i6robotics_control_msgs/action/nav_order.h
[1.036s] -- Up-to-date: /home/hjpark/dev_hjp/ROS2/storagy-repo-1/i6robotics/install/i6robotics_control_msgs/include/i6robotics_control_msgs/i6robotics_control_msgs/action/detail
[1.036s] -- Up-to-date: /home/hjpark/dev_hjp/ROS2/storagy-repo-1/i6robotics/install/i6robotics_control_msgs/include/i6robotics_control_msgs/i6robotics_control_msgs/action/detail/follow__functions.c
[1.036s] -- Up-to-date: /home/hjpark/dev_hjp/ROS2/storagy-repo-1/i6robotics/install/i6robotics_control_msgs/include/i6robotics_control_msgs/i6robotics_control_msgs/action/detail/follow__type_support.h
[1.036s] -- Up-to-date: /home/hjpark/dev_hjp/ROS2/storagy-repo-1/i6robotics/install/i6robotics_control_msgs/include/i6robotics_control_msgs/i6robotics_control_msgs/action/detail/nav_order__struct.h
[1.037s] -- Up-to-date: /home/hjpark/dev_hjp/ROS2/storagy-repo-1/i6robotics/install/i6robotics_control_msgs/include/i6robotics_control_msgs/i6robotics_control_msgs/action/detail/follow__struct.h
[1.037s] -- Up-to-date: /home/hjpark/dev_hjp/ROS2/storagy-repo-1/i6robotics/install/i6robotics_control_msgs/include/i6robotics_control_msgs/i6robotics_control_msgs/action/detail/follow__functions.h
[1.037s] -- Up-to-date: /home/hjpark/dev_hjp/ROS2/storagy-repo-1/i6robotics/install/i6robotics_control_msgs/include/i6robotics_control_msgs/i6robotics_control_msgs/action/detail/nav_order__functions.c
[1.037s] -- Up-to-date: /home/hjpark/dev_hjp/ROS2/storagy-repo-1/i6robotics/install/i6robotics_control_msgs/include/i6robotics_control_msgs/i6robotics_control_msgs/action/detail/nav_order__functions.h
[1.037s] -- Up-to-date: /home/hjpark/dev_hjp/ROS2/storagy-repo-1/i6robotics/install/i6robotics_control_msgs/include/i6robotics_control_msgs/i6robotics_control_msgs/action/detail/nav_order__type_support.h
[1.037s] -- Up-to-date: /home/hjpark/dev_hjp/ROS2/storagy-repo-1/i6robotics/install/i6robotics_control_msgs/include/i6robotics_control_msgs/i6robotics_control_msgs/srv
[1.037s] -- Up-to-date: /home/hjpark/dev_hjp/ROS2/storagy-repo-1/i6robotics/install/i6robotics_control_msgs/include/i6robotics_control_msgs/i6robotics_control_msgs/srv/nav_order_srv.h
[1.037s] -- Up-to-date: /home/hjpark/dev_hjp/ROS2/storagy-repo-1/i6robotics/install/i6robotics_control_msgs/include/i6robotics_control_msgs/i6robotics_control_msgs/srv/order.h
[1.037s] -- Up-to-date: /home/hjpark/dev_hjp/ROS2/storagy-repo-1/i6robotics/install/i6robotics_control_msgs/include/i6robotics_control_msgs/i6robotics_control_msgs/srv/detail
[1.038s] -- Up-to-date: /home/hjpark/dev_hjp/ROS2/storagy-repo-1/i6robotics/install/i6robotics_control_msgs/include/i6robotics_control_msgs/i6robotics_control_msgs/srv/detail/order__functions.h
[1.038s] -- Up-to-date: /home/hjpark/dev_hjp/ROS2/storagy-repo-1/i6robotics/install/i6robotics_control_msgs/include/i6robotics_control_msgs/i6robotics_control_msgs/srv/detail/order__struct.h
[1.038s] -- Up-to-date: /home/hjpark/dev_hjp/ROS2/storagy-repo-1/i6robotics/install/i6robotics_control_msgs/include/i6robotics_control_msgs/i6robotics_control_msgs/srv/detail/order__functions.c
[1.038s] -- Up-to-date: /home/hjpark/dev_hjp/ROS2/storagy-repo-1/i6robotics/install/i6robotics_control_msgs/include/i6robotics_control_msgs/i6robotics_control_msgs/srv/detail/nav_order_srv__struct.h
[1.038s] -- Up-to-date: /home/hjpark/dev_hjp/ROS2/storagy-repo-1/i6robotics/install/i6robotics_control_msgs/include/i6robotics_control_msgs/i6robotics_control_msgs/srv/detail/nav_order_srv__type_support.h
[1.038s] -- Up-to-date: /home/hjpark/dev_hjp/ROS2/storagy-repo-1/i6robotics/install/i6robotics_control_msgs/include/i6robotics_control_msgs/i6robotics_control_msgs/srv/detail/nav_order_srv__functions.c
[1.038s] -- Up-to-date: /home/hjpark/dev_hjp/ROS2/storagy-repo-1/i6robotics/install/i6robotics_control_msgs/include/i6robotics_control_msgs/i6robotics_control_msgs/srv/detail/nav_order_srv__functions.h
[1.038s] -- Up-to-date: /home/hjpark/dev_hjp/ROS2/storagy-repo-1/i6robotics/install/i6robotics_control_msgs/include/i6robotics_control_msgs/i6robotics_control_msgs/srv/detail/order__type_support.h
[1.038s] -- Up-to-date: /home/hjpark/dev_hjp/ROS2/storagy-repo-1/i6robotics/install/i6robotics_control_msgs/include/i6robotics_control_msgs/i6robotics_control_msgs/msg
[1.038s] -- Up-to-date: /home/hjpark/dev_hjp/ROS2/storagy-repo-1/i6robotics/install/i6robotics_control_msgs/include/i6robotics_control_msgs/i6robotics_control_msgs/msg/rosidl_generator_c__visibility_control.h
[1.038s] -- Up-to-date: /home/hjpark/dev_hjp/ROS2/storagy-repo-1/i6robotics/install/i6robotics_control_msgs/include/i6robotics_control_msgs/i6robotics_control_msgs/msg/nav_order_feedback.h
[1.038s] -- Up-to-date: /home/hjpark/dev_hjp/ROS2/storagy-repo-1/i6robotics/install/i6robotics_control_msgs/include/i6robotics_control_msgs/i6robotics_control_msgs/msg/detail
[1.038s] -- Up-to-date: /home/hjpark/dev_hjp/ROS2/storagy-repo-1/i6robotics/install/i6robotics_control_msgs/include/i6robotics_control_msgs/i6robotics_control_msgs/msg/detail/cmd_and_pose_vel__functions.c
[1.038s] -- Up-to-date: /home/hjpark/dev_hjp/ROS2/storagy-repo-1/i6robotics/install/i6robotics_control_msgs/include/i6robotics_control_msgs/i6robotics_control_msgs/msg/detail/nav_order_feedback__type_support.h
[1.039s] -- Up-to-date: /home/hjpark/dev_hjp/ROS2/storagy-repo-1/i6robotics/install/i6robotics_control_msgs/include/i6robotics_control_msgs/i6robotics_control_msgs/msg/detail/nav_order_feedback__functions.h
[1.039s] -- Up-to-date: /home/hjpark/dev_hjp/ROS2/storagy-repo-1/i6robotics/install/i6robotics_control_msgs/include/i6robotics_control_msgs/i6robotics_control_msgs/msg/detail/nav_order_feedback__functions.c
[1.039s] -- Up-to-date: /home/hjpark/dev_hjp/ROS2/storagy-repo-1/i6robotics/install/i6robotics_control_msgs/include/i6robotics_control_msgs/i6robotics_control_msgs/msg/detail/cmd_and_pose_vel__functions.h
[1.039s] -- Up-to-date: /home/hjpark/dev_hjp/ROS2/storagy-repo-1/i6robotics/install/i6robotics_control_msgs/include/i6robotics_control_msgs/i6robotics_control_msgs/msg/detail/cmd_and_pose_vel__struct.h
[1.039s] -- Up-to-date: /home/hjpark/dev_hjp/ROS2/storagy-repo-1/i6robotics/install/i6robotics_control_msgs/include/i6robotics_control_msgs/i6robotics_control_msgs/msg/detail/cmd_and_pose_vel__type_support.h
[1.039s] -- Up-to-date: /home/hjpark/dev_hjp/ROS2/storagy-repo-1/i6robotics/install/i6robotics_control_msgs/include/i6robotics_control_msgs/i6robotics_control_msgs/msg/detail/nav_order_feedback__struct.h
[1.039s] -- Up-to-date: /home/hjpark/dev_hjp/ROS2/storagy-repo-1/i6robotics/install/i6robotics_control_msgs/include/i6robotics_control_msgs/i6robotics_control_msgs/msg/cmd_and_pose_vel.h
[1.039s] -- Up-to-date: /home/hjpark/dev_hjp/ROS2/storagy-repo-1/i6robotics/install/i6robotics_control_msgs/share/i6robotics_control_msgs/environment/library_path.sh
[1.039s] -- Up-to-date: /home/hjpark/dev_hjp/ROS2/storagy-repo-1/i6robotics/install/i6robotics_control_msgs/share/i6robotics_control_msgs/environment/library_path.dsv
[1.039s] -- Up-to-date: /home/hjpark/dev_hjp/ROS2/storagy-repo-1/i6robotics/install/i6robotics_control_msgs/lib/libi6robotics_control_msgs__rosidl_generator_c.so
[1.040s] -- Up-to-date: /home/hjpark/dev_hjp/ROS2/storagy-repo-1/i6robotics/install/i6robotics_control_msgs/include/i6robotics_control_msgs/i6robotics_control_msgs
[1.040s] -- Up-to-date: /home/hjpark/dev_hjp/ROS2/storagy-repo-1/i6robotics/install/i6robotics_control_msgs/include/i6robotics_control_msgs/i6robotics_control_msgs/action
[1.040s] -- Up-to-date: /home/hjpark/dev_hjp/ROS2/storagy-repo-1/i6robotics/install/i6robotics_control_msgs/include/i6robotics_control_msgs/i6robotics_control_msgs/action/detail
[1.040s] -- Up-to-date: /home/hjpark/dev_hjp/ROS2/storagy-repo-1/i6robotics/install/i6robotics_control_msgs/include/i6robotics_control_msgs/i6robotics_control_msgs/action/detail/nav_order__rosidl_typesupport_fastrtps_c.h
[1.040s] -- Up-to-date: /home/hjpark/dev_hjp/ROS2/storagy-repo-1/i6robotics/install/i6robotics_control_msgs/include/i6robotics_control_msgs/i6robotics_control_msgs/action/detail/follow__rosidl_typesupport_fastrtps_c.h
[1.040s] -- Up-to-date: /home/hjpark/dev_hjp/ROS2/storagy-repo-1/i6robotics/install/i6robotics_control_msgs/include/i6robotics_control_msgs/i6robotics_control_msgs/srv
[1.040s] -- Up-to-date: /home/hjpark/dev_hjp/ROS2/storagy-repo-1/i6robotics/install/i6robotics_control_msgs/include/i6robotics_control_msgs/i6robotics_control_msgs/srv/detail
[1.041s] -- Up-to-date: /home/hjpark/dev_hjp/ROS2/storagy-repo-1/i6robotics/install/i6robotics_control_msgs/include/i6robotics_control_msgs/i6robotics_control_msgs/srv/detail/order__rosidl_typesupport_fastrtps_c.h
[1.041s] -- Up-to-date: /home/hjpark/dev_hjp/ROS2/storagy-repo-1/i6robotics/install/i6robotics_control_msgs/include/i6robotics_control_msgs/i6robotics_control_msgs/srv/detail/nav_order_srv__rosidl_typesupport_fastrtps_c.h
[1.041s] -- Up-to-date: /home/hjpark/dev_hjp/ROS2/storagy-repo-1/i6robotics/install/i6robotics_control_msgs/include/i6robotics_control_msgs/i6robotics_control_msgs/msg
[1.041s] -- Up-to-date: /home/hjpark/dev_hjp/ROS2/storagy-repo-1/i6robotics/install/i6robotics_control_msgs/include/i6robotics_control_msgs/i6robotics_control_msgs/msg/rosidl_typesupport_fastrtps_c__visibility_control.h
[1.041s] -- Up-to-date: /home/hjpark/dev_hjp/ROS2/storagy-repo-1/i6robotics/install/i6robotics_control_msgs/include/i6robotics_control_msgs/i6robotics_control_msgs/msg/detail
[1.041s] -- Up-to-date: /home/hjpark/dev_hjp/ROS2/storagy-repo-1/i6robotics/install/i6robotics_control_msgs/include/i6robotics_control_msgs/i6robotics_control_msgs/msg/detail/nav_order_feedback__rosidl_typesupport_fastrtps_c.h
[1.041s] -- Up-to-date: /home/hjpark/dev_hjp/ROS2/storagy-repo-1/i6robotics/install/i6robotics_control_msgs/include/i6robotics_control_msgs/i6robotics_control_msgs/msg/detail/cmd_and_pose_vel__rosidl_typesupport_fastrtps_c.h
[1.041s] -- Up-to-date: /home/hjpark/dev_hjp/ROS2/storagy-repo-1/i6robotics/install/i6robotics_control_msgs/lib/libi6robotics_control_msgs__rosidl_typesupport_fastrtps_c.so
[1.041s] -- Up-to-date: /home/hjpark/dev_hjp/ROS2/storagy-repo-1/i6robotics/install/i6robotics_control_msgs/include/i6robotics_control_msgs/i6robotics_control_msgs
[1.041s] -- Up-to-date: /home/hjpark/dev_hjp/ROS2/storagy-repo-1/i6robotics/install/i6robotics_control_msgs/include/i6robotics_control_msgs/i6robotics_control_msgs/action
[1.041s] -- Up-to-date: /home/hjpark/dev_hjp/ROS2/storagy-repo-1/i6robotics/install/i6robotics_control_msgs/include/i6robotics_control_msgs/i6robotics_control_msgs/action/nav_order.hpp
[1.041s] -- Up-to-date: /home/hjpark/dev_hjp/ROS2/storagy-repo-1/i6robotics/install/i6robotics_control_msgs/include/i6robotics_control_msgs/i6robotics_control_msgs/action/follow.hpp
[1.041s] -- Up-to-date: /home/hjpark/dev_hjp/ROS2/storagy-repo-1/i6robotics/install/i6robotics_control_msgs/include/i6robotics_control_msgs/i6robotics_control_msgs/action/detail
[1.041s] -- Up-to-date: /home/hjpark/dev_hjp/ROS2/storagy-repo-1/i6robotics/install/i6robotics_control_msgs/include/i6robotics_control_msgs/i6robotics_control_msgs/action/detail/nav_order__builder.hpp
[1.042s] -- Up-to-date: /home/hjpark/dev_hjp/ROS2/storagy-repo-1/i6robotics/install/i6robotics_control_msgs/include/i6robotics_control_msgs/i6robotics_control_msgs/action/detail/nav_order__struct.hpp
[1.042s] -- Up-to-date: /home/hjpark/dev_hjp/ROS2/storagy-repo-1/i6robotics/install/i6robotics_control_msgs/include/i6robotics_control_msgs/i6robotics_control_msgs/action/detail/follow__traits.hpp
[1.042s] -- Up-to-date: /home/hjpark/dev_hjp/ROS2/storagy-repo-1/i6robotics/install/i6robotics_control_msgs/include/i6robotics_control_msgs/i6robotics_control_msgs/action/detail/follow__struct.hpp
[1.042s] -- Up-to-date: /home/hjpark/dev_hjp/ROS2/storagy-repo-1/i6robotics/install/i6robotics_control_msgs/include/i6robotics_control_msgs/i6robotics_control_msgs/action/detail/nav_order__type_support.hpp
[1.042s] -- Up-to-date: /home/hjpark/dev_hjp/ROS2/storagy-repo-1/i6robotics/install/i6robotics_control_msgs/include/i6robotics_control_msgs/i6robotics_control_msgs/action/detail/nav_order__traits.hpp
[1.042s] -- Up-to-date: /home/hjpark/dev_hjp/ROS2/storagy-repo-1/i6robotics/install/i6robotics_control_msgs/include/i6robotics_control_msgs/i6robotics_control_msgs/action/detail/follow__builder.hpp
[1.042s] -- Up-to-date: /home/hjpark/dev_hjp/ROS2/storagy-repo-1/i6robotics/install/i6robotics_control_msgs/include/i6robotics_control_msgs/i6robotics_control_msgs/action/detail/follow__type_support.hpp
[1.042s] -- Up-to-date: /home/hjpark/dev_hjp/ROS2/storagy-repo-1/i6robotics/install/i6robotics_control_msgs/include/i6robotics_control_msgs/i6robotics_control_msgs/srv
[1.042s] -- Up-to-date: /home/hjpark/dev_hjp/ROS2/storagy-repo-1/i6robotics/install/i6robotics_control_msgs/include/i6robotics_control_msgs/i6robotics_control_msgs/srv/order.hpp
[1.042s] -- Up-to-date: /home/hjpark/dev_hjp/ROS2/storagy-repo-1/i6robotics/install/i6robotics_control_msgs/include/i6robotics_control_msgs/i6robotics_control_msgs/srv/detail
[1.042s] -- Up-to-date: /home/hjpark/dev_hjp/ROS2/storagy-repo-1/i6robotics/install/i6robotics_control_msgs/include/i6robotics_control_msgs/i6robotics_control_msgs/srv/detail/nav_order_srv__traits.hpp
[1.043s] -- Up-to-date: /home/hjpark/dev_hjp/ROS2/storagy-repo-1/i6robotics/install/i6robotics_control_msgs/include/i6robotics_control_msgs/i6robotics_control_msgs/srv/detail/order__struct.hpp
[1.043s] -- Up-to-date: /home/hjpark/dev_hjp/ROS2/storagy-repo-1/i6robotics/install/i6robotics_control_msgs/include/i6robotics_control_msgs/i6robotics_control_msgs/srv/detail/order__builder.hpp
[1.043s] -- Up-to-date: /home/hjpark/dev_hjp/ROS2/storagy-repo-1/i6robotics/install/i6robotics_control_msgs/include/i6robotics_control_msgs/i6robotics_control_msgs/srv/detail/order__traits.hpp
[1.043s] -- Up-to-date: /home/hjpark/dev_hjp/ROS2/storagy-repo-1/i6robotics/install/i6robotics_control_msgs/include/i6robotics_control_msgs/i6robotics_control_msgs/srv/detail/order__type_support.hpp
[1.043s] -- Up-to-date: /home/hjpark/dev_hjp/ROS2/storagy-repo-1/i6robotics/install/i6robotics_control_msgs/include/i6robotics_control_msgs/i6robotics_control_msgs/srv/detail/nav_order_srv__struct.hpp
[1.043s] -- Up-to-date: /home/hjpark/dev_hjp/ROS2/storagy-repo-1/i6robotics/install/i6robotics_control_msgs/include/i6robotics_control_msgs/i6robotics_control_msgs/srv/detail/nav_order_srv__type_support.hpp
[1.043s] -- Up-to-date: /home/hjpark/dev_hjp/ROS2/storagy-repo-1/i6robotics/install/i6robotics_control_msgs/include/i6robotics_control_msgs/i6robotics_control_msgs/srv/detail/nav_order_srv__builder.hpp
[1.043s] -- Up-to-date: /home/hjpark/dev_hjp/ROS2/storagy-repo-1/i6robotics/install/i6robotics_control_msgs/include/i6robotics_control_msgs/i6robotics_control_msgs/srv/nav_order_srv.hpp
[1.043s] -- Up-to-date: /home/hjpark/dev_hjp/ROS2/storagy-repo-1/i6robotics/install/i6robotics_control_msgs/include/i6robotics_control_msgs/i6robotics_control_msgs/msg
[1.043s] -- Up-to-date: /home/hjpark/dev_hjp/ROS2/storagy-repo-1/i6robotics/install/i6robotics_control_msgs/include/i6robotics_control_msgs/i6robotics_control_msgs/msg/cmd_and_pose_vel.hpp
[1.043s] -- Up-to-date: /home/hjpark/dev_hjp/ROS2/storagy-repo-1/i6robotics/install/i6robotics_control_msgs/include/i6robotics_control_msgs/i6robotics_control_msgs/msg/nav_order_feedback.hpp
[1.043s] -- Up-to-date: /home/hjpark/dev_hjp/ROS2/storagy-repo-1/i6robotics/install/i6robotics_control_msgs/include/i6robotics_control_msgs/i6robotics_control_msgs/msg/rosidl_generator_cpp__visibility_control.hpp
[1.043s] -- Up-to-date: /home/hjpark/dev_hjp/ROS2/storagy-repo-1/i6robotics/install/i6robotics_control_msgs/include/i6robotics_control_msgs/i6robotics_control_msgs/msg/detail
[1.043s] -- Up-to-date: /home/hjpark/dev_hjp/ROS2/storagy-repo-1/i6robotics/install/i6robotics_control_msgs/include/i6robotics_control_msgs/i6robotics_control_msgs/msg/detail/nav_order_feedback__type_support.hpp
[1.043s] -- Up-to-date: /home/hjpark/dev_hjp/ROS2/storagy-repo-1/i6robotics/install/i6robotics_control_msgs/include/i6robotics_control_msgs/i6robotics_control_msgs/msg/detail/cmd_and_pose_vel__type_support.hpp
[1.044s] -- Up-to-date: /home/hjpark/dev_hjp/ROS2/storagy-repo-1/i6robotics/install/i6robotics_control_msgs/include/i6robotics_control_msgs/i6robotics_control_msgs/msg/detail/cmd_and_pose_vel__builder.hpp
[1.044s] -- Up-to-date: /home/hjpark/dev_hjp/ROS2/storagy-repo-1/i6robotics/install/i6robotics_control_msgs/include/i6robotics_control_msgs/i6robotics_control_msgs/msg/detail/nav_order_feedback__traits.hpp
[1.044s] -- Up-to-date: /home/hjpark/dev_hjp/ROS2/storagy-repo-1/i6robotics/install/i6robotics_control_msgs/include/i6robotics_control_msgs/i6robotics_control_msgs/msg/detail/nav_order_feedback__struct.hpp
[1.045s] -- Up-to-date: /home/hjpark/dev_hjp/ROS2/storagy-repo-1/i6robotics/install/i6robotics_control_msgs/include/i6robotics_control_msgs/i6robotics_control_msgs/msg/detail/cmd_and_pose_vel__struct.hpp
[1.045s] -- Up-to-date: /home/hjpark/dev_hjp/ROS2/storagy-repo-1/i6robotics/install/i6robotics_control_msgs/include/i6robotics_control_msgs/i6robotics_control_msgs/msg/detail/cmd_and_pose_vel__traits.hpp
[1.045s] -- Up-to-date: /home/hjpark/dev_hjp/ROS2/storagy-repo-1/i6robotics/install/i6robotics_control_msgs/include/i6robotics_control_msgs/i6robotics_control_msgs/msg/detail/nav_order_feedback__builder.hpp
[1.045s] -- Up-to-date: /home/hjpark/dev_hjp/ROS2/storagy-repo-1/i6robotics/install/i6robotics_control_msgs/include/i6robotics_control_msgs/i6robotics_control_msgs
[1.046s] -- Up-to-date: /home/hjpark/dev_hjp/ROS2/storagy-repo-1/i6robotics/install/i6robotics_control_msgs/include/i6robotics_control_msgs/i6robotics_control_msgs/action
[1.046s] -- Up-to-date: /home/hjpark/dev_hjp/ROS2/storagy-repo-1/i6robotics/install/i6robotics_control_msgs/include/i6robotics_control_msgs/i6robotics_control_msgs/action/detail
[1.046s] -- Up-to-date: /home/hjpark/dev_hjp/ROS2/storagy-repo-1/i6robotics/install/i6robotics_control_msgs/include/i6robotics_control_msgs/i6robotics_control_msgs/action/detail/nav_order__rosidl_typesupport_fastrtps_cpp.hpp
[1.046s] -- Up-to-date: /home/hjpark/dev_hjp/ROS2/storagy-repo-1/i6robotics/install/i6robotics_control_msgs/include/i6robotics_control_msgs/i6robotics_control_msgs/action/detail/follow__rosidl_typesupport_fastrtps_cpp.hpp
[1.046s] -- Up-to-date: /home/hjpark/dev_hjp/ROS2/storagy-repo-1/i6robotics/install/i6robotics_control_msgs/include/i6robotics_control_msgs/i6robotics_control_msgs/action/detail/dds_fastrtps
[1.046s] -- Up-to-date: /home/hjpark/dev_hjp/ROS2/storagy-repo-1/i6robotics/install/i6robotics_control_msgs/include/i6robotics_control_msgs/i6robotics_control_msgs/srv
[1.046s] -- Up-to-date: /home/hjpark/dev_hjp/ROS2/storagy-repo-1/i6robotics/install/i6robotics_control_msgs/include/i6robotics_control_msgs/i6robotics_control_msgs/srv/detail
[1.046s] -- Up-to-date: /home/hjpark/dev_hjp/ROS2/storagy-repo-1/i6robotics/install/i6robotics_control_msgs/include/i6robotics_control_msgs/i6robotics_control_msgs/srv/detail/nav_order_srv__rosidl_typesupport_fastrtps_cpp.hpp
[1.046s] -- Up-to-date: /home/hjpark/dev_hjp/ROS2/storagy-repo-1/i6robotics/install/i6robotics_control_msgs/include/i6robotics_control_msgs/i6robotics_control_msgs/srv/detail/dds_fastrtps
[1.046s] -- Up-to-date: /home/hjpark/dev_hjp/ROS2/storagy-repo-1/i6robotics/install/i6robotics_control_msgs/include/i6robotics_control_msgs/i6robotics_control_msgs/srv/detail/order__rosidl_typesupport_fastrtps_cpp.hpp
[1.046s] -- Up-to-date: /home/hjpark/dev_hjp/ROS2/storagy-repo-1/i6robotics/install/i6robotics_control_msgs/include/i6robotics_control_msgs/i6robotics_control_msgs/msg
[1.046s] -- Up-to-date: /home/hjpark/dev_hjp/ROS2/storagy-repo-1/i6robotics/install/i6robotics_control_msgs/include/i6robotics_control_msgs/i6robotics_control_msgs/msg/rosidl_typesupport_fastrtps_cpp__visibility_control.h
[1.046s] -- Up-to-date: /home/hjpark/dev_hjp/ROS2/storagy-repo-1/i6robotics/install/i6robotics_control_msgs/include/i6robotics_control_msgs/i6robotics_control_msgs/msg/detail
[1.046s] -- Up-to-date: /home/hjpark/dev_hjp/ROS2/storagy-repo-1/i6robotics/install/i6robotics_control_msgs/include/i6robotics_control_msgs/i6robotics_control_msgs/msg/detail/nav_order_feedback__rosidl_typesupport_fastrtps_cpp.hpp
[1.046s] -- Up-to-date: /home/hjpark/dev_hjp/ROS2/storagy-repo-1/i6robotics/install/i6robotics_control_msgs/include/i6robotics_control_msgs/i6robotics_control_msgs/msg/detail/cmd_and_pose_vel__rosidl_typesupport_fastrtps_cpp.hpp
[1.047s] -- Up-to-date: /home/hjpark/dev_hjp/ROS2/storagy-repo-1/i6robotics/install/i6robotics_control_msgs/include/i6robotics_control_msgs/i6robotics_control_msgs/msg/detail/dds_fastrtps
[1.047s] -- Up-to-date: /home/hjpark/dev_hjp/ROS2/storagy-repo-1/i6robotics/install/i6robotics_control_msgs/lib/libi6robotics_control_msgs__rosidl_typesupport_fastrtps_cpp.so
[1.047s] -- Up-to-date: /home/hjpark/dev_hjp/ROS2/storagy-repo-1/i6robotics/install/i6robotics_control_msgs/include/i6robotics_control_msgs/i6robotics_control_msgs
[1.047s] -- Up-to-date: /home/hjpark/dev_hjp/ROS2/storagy-repo-1/i6robotics/install/i6robotics_control_msgs/include/i6robotics_control_msgs/i6robotics_control_msgs/action
[1.047s] -- Up-to-date: /home/hjpark/dev_hjp/ROS2/storagy-repo-1/i6robotics/install/i6robotics_control_msgs/include/i6robotics_control_msgs/i6robotics_control_msgs/action/detail
[1.047s] -- Up-to-date: /home/hjpark/dev_hjp/ROS2/storagy-repo-1/i6robotics/install/i6robotics_control_msgs/include/i6robotics_control_msgs/i6robotics_control_msgs/action/detail/follow__rosidl_typesupport_introspection_c.h
[1.047s] -- Up-to-date: /home/hjpark/dev_hjp/ROS2/storagy-repo-1/i6robotics/install/i6robotics_control_msgs/include/i6robotics_control_msgs/i6robotics_control_msgs/action/detail/nav_order__rosidl_typesupport_introspection_c.h
[1.047s] -- Up-to-date: /home/hjpark/dev_hjp/ROS2/storagy-repo-1/i6robotics/install/i6robotics_control_msgs/include/i6robotics_control_msgs/i6robotics_control_msgs/action/detail/nav_order__type_support.c
[1.047s] -- Up-to-date: /home/hjpark/dev_hjp/ROS2/storagy-repo-1/i6robotics/install/i6robotics_control_msgs/include/i6robotics_control_msgs/i6robotics_control_msgs/action/detail/follow__type_support.c
[1.047s] -- Up-to-date: /home/hjpark/dev_hjp/ROS2/storagy-repo-1/i6robotics/install/i6robotics_control_msgs/include/i6robotics_control_msgs/i6robotics_control_msgs/srv
[1.047s] -- Up-to-date: /home/hjpark/dev_hjp/ROS2/storagy-repo-1/i6robotics/install/i6robotics_control_msgs/include/i6robotics_control_msgs/i6robotics_control_msgs/srv/detail
[1.048s] -- Up-to-date: /home/hjpark/dev_hjp/ROS2/storagy-repo-1/i6robotics/install/i6robotics_control_msgs/include/i6robotics_control_msgs/i6robotics_control_msgs/srv/detail/nav_order_srv__type_support.c
[1.048s] -- Up-to-date: /home/hjpark/dev_hjp/ROS2/storagy-repo-1/i6robotics/install/i6robotics_control_msgs/include/i6robotics_control_msgs/i6robotics_control_msgs/srv/detail/order__rosidl_typesupport_introspection_c.h
[1.048s] -- Up-to-date: /home/hjpark/dev_hjp/ROS2/storagy-repo-1/i6robotics/install/i6robotics_control_msgs/include/i6robotics_control_msgs/i6robotics_control_msgs/srv/detail/order__type_support.c
[1.048s] -- Up-to-date: /home/hjpark/dev_hjp/ROS2/storagy-repo-1/i6robotics/install/i6robotics_control_msgs/include/i6robotics_control_msgs/i6robotics_control_msgs/srv/detail/nav_order_srv__rosidl_typesupport_introspection_c.h
[1.048s] -- Up-to-date: /home/hjpark/dev_hjp/ROS2/storagy-repo-1/i6robotics/install/i6robotics_control_msgs/include/i6robotics_control_msgs/i6robotics_control_msgs/msg
[1.048s] -- Up-to-date: /home/hjpark/dev_hjp/ROS2/storagy-repo-1/i6robotics/install/i6robotics_control_msgs/include/i6robotics_control_msgs/i6robotics_control_msgs/msg/detail
[1.048s] -- Up-to-date: /home/hjpark/dev_hjp/ROS2/storagy-repo-1/i6robotics/install/i6robotics_control_msgs/include/i6robotics_control_msgs/i6robotics_control_msgs/msg/detail/nav_order_feedback__type_support.c
[1.048s] -- Up-to-date: /home/hjpark/dev_hjp/ROS2/storagy-repo-1/i6robotics/install/i6robotics_control_msgs/include/i6robotics_control_msgs/i6robotics_control_msgs/msg/detail/cmd_and_pose_vel__rosidl_typesupport_introspection_c.h
[1.048s] -- Up-to-date: /home/hjpark/dev_hjp/ROS2/storagy-repo-1/i6robotics/install/i6robotics_control_msgs/include/i6robotics_control_msgs/i6robotics_control_msgs/msg/detail/nav_order_feedback__rosidl_typesupport_introspection_c.h
[1.048s] -- Up-to-date: /home/hjpark/dev_hjp/ROS2/storagy-repo-1/i6robotics/install/i6robotics_control_msgs/include/i6robotics_control_msgs/i6robotics_control_msgs/msg/detail/cmd_and_pose_vel__type_support.c
[1.048s] -- Up-to-date: /home/hjpark/dev_hjp/ROS2/storagy-repo-1/i6robotics/install/i6robotics_control_msgs/include/i6robotics_control_msgs/i6robotics_control_msgs/msg/rosidl_typesupport_introspection_c__visibility_control.h
[1.048s] -- Up-to-date: /home/hjpark/dev_hjp/ROS2/storagy-repo-1/i6robotics/install/i6robotics_control_msgs/lib/libi6robotics_control_msgs__rosidl_typesupport_introspection_c.so
[1.048s] -- Up-to-date: /home/hjpark/dev_hjp/ROS2/storagy-repo-1/i6robotics/install/i6robotics_control_msgs/lib/libi6robotics_control_msgs__rosidl_typesupport_c.so
[1.049s] -- Up-to-date: /home/hjpark/dev_hjp/ROS2/storagy-repo-1/i6robotics/install/i6robotics_control_msgs/include/i6robotics_control_msgs/i6robotics_control_msgs
[1.049s] -- Up-to-date: /home/hjpark/dev_hjp/ROS2/storagy-repo-1/i6robotics/install/i6robotics_control_msgs/include/i6robotics_control_msgs/i6robotics_control_msgs/action
[1.049s] -- Up-to-date: /home/hjpark/dev_hjp/ROS2/storagy-repo-1/i6robotics/install/i6robotics_control_msgs/include/i6robotics_control_msgs/i6robotics_control_msgs/action/detail
[1.049s] -- Up-to-date: /home/hjpark/dev_hjp/ROS2/storagy-repo-1/i6robotics/install/i6robotics_control_msgs/include/i6robotics_control_msgs/i6robotics_control_msgs/action/detail/follow__type_support.cpp
[1.049s] -- Up-to-date: /home/hjpark/dev_hjp/ROS2/storagy-repo-1/i6robotics/install/i6robotics_control_msgs/include/i6robotics_control_msgs/i6robotics_control_msgs/action/detail/nav_order__type_support.cpp
[1.049s] -- Up-to-date: /home/hjpark/dev_hjp/ROS2/storagy-repo-1/i6robotics/install/i6robotics_control_msgs/include/i6robotics_control_msgs/i6robotics_control_msgs/action/detail/follow__rosidl_typesupport_introspection_cpp.hpp
[1.049s] -- Up-to-date: /home/hjpark/dev_hjp/ROS2/storagy-repo-1/i6robotics/install/i6robotics_control_msgs/include/i6robotics_control_msgs/i6robotics_control_msgs/action/detail/nav_order__rosidl_typesupport_introspection_cpp.hpp
[1.049s] -- Up-to-date: /home/hjpark/dev_hjp/ROS2/storagy-repo-1/i6robotics/install/i6robotics_control_msgs/include/i6robotics_control_msgs/i6robotics_control_msgs/srv
[1.049s] -- Up-to-date: /home/hjpark/dev_hjp/ROS2/storagy-repo-1/i6robotics/install/i6robotics_control_msgs/include/i6robotics_control_msgs/i6robotics_control_msgs/srv/detail
[1.049s] -- Up-to-date: /home/hjpark/dev_hjp/ROS2/storagy-repo-1/i6robotics/install/i6robotics_control_msgs/include/i6robotics_control_msgs/i6robotics_control_msgs/srv/detail/order__rosidl_typesupport_introspection_cpp.hpp
[1.049s] -- Up-to-date: /home/hjpark/dev_hjp/ROS2/storagy-repo-1/i6robotics/install/i6robotics_control_msgs/include/i6robotics_control_msgs/i6robotics_control_msgs/srv/detail/nav_order_srv__type_support.cpp
[1.049s] -- Up-to-date: /home/hjpark/dev_hjp/ROS2/storagy-repo-1/i6robotics/install/i6robotics_control_msgs/include/i6robotics_control_msgs/i6robotics_control_msgs/srv/detail/nav_order_srv__rosidl_typesupport_introspection_cpp.hpp
[1.050s] -- Up-to-date: /home/hjpark/dev_hjp/ROS2/storagy-repo-1/i6robotics/install/i6robotics_control_msgs/include/i6robotics_control_msgs/i6robotics_control_msgs/srv/detail/order__type_support.cpp
[1.050s] -- Up-to-date: /home/hjpark/dev_hjp/ROS2/storagy-repo-1/i6robotics/install/i6robotics_control_msgs/include/i6robotics_control_msgs/i6robotics_control_msgs/msg
[1.050s] -- Up-to-date: /home/hjpark/dev_hjp/ROS2/storagy-repo-1/i6robotics/install/i6robotics_control_msgs/include/i6robotics_control_msgs/i6robotics_control_msgs/msg/detail
[1.050s] -- Up-to-date: /home/hjpark/dev_hjp/ROS2/storagy-repo-1/i6robotics/install/i6robotics_control_msgs/include/i6robotics_control_msgs/i6robotics_control_msgs/msg/detail/nav_order_feedback__rosidl_typesupport_introspection_cpp.hpp
[1.050s] -- Up-to-date: /home/hjpark/dev_hjp/ROS2/storagy-repo-1/i6robotics/install/i6robotics_control_msgs/include/i6robotics_control_msgs/i6robotics_control_msgs/msg/detail/nav_order_feedback__type_support.cpp
[1.050s] -- Up-to-date: /home/hjpark/dev_hjp/ROS2/storagy-repo-1/i6robotics/install/i6robotics_control_msgs/include/i6robotics_control_msgs/i6robotics_control_msgs/msg/detail/cmd_and_pose_vel__type_support.cpp
[1.050s] -- Up-to-date: /home/hjpark/dev_hjp/ROS2/storagy-repo-1/i6robotics/install/i6robotics_control_msgs/include/i6robotics_control_msgs/i6robotics_control_msgs/msg/detail/cmd_and_pose_vel__rosidl_typesupport_introspection_cpp.hpp
[1.050s] -- Up-to-date: /home/hjpark/dev_hjp/ROS2/storagy-repo-1/i6robotics/install/i6robotics_control_msgs/lib/libi6robotics_control_msgs__rosidl_typesupport_introspection_cpp.so
[1.051s] -- Up-to-date: /home/hjpark/dev_hjp/ROS2/storagy-repo-1/i6robotics/install/i6robotics_control_msgs/lib/libi6robotics_control_msgs__rosidl_typesupport_cpp.so
[1.051s] -- Up-to-date: /home/hjpark/dev_hjp/ROS2/storagy-repo-1/i6robotics/install/i6robotics_control_msgs/share/i6robotics_control_msgs/environment/pythonpath.sh
[1.051s] -- Up-to-date: /home/hjpark/dev_hjp/ROS2/storagy-repo-1/i6robotics/install/i6robotics_control_msgs/share/i6robotics_control_msgs/environment/pythonpath.dsv
[1.051s] -- Up-to-date: /home/hjpark/dev_hjp/ROS2/storagy-repo-1/i6robotics/install/i6robotics_control_msgs/local/lib/python3.10/dist-packages/i6robotics_control_msgs-0.0.0-py3.10.egg-info
[1.051s] -- Installing: /home/hjpark/dev_hjp/ROS2/storagy-repo-1/i6robotics/install/i6robotics_control_msgs/local/lib/python3.10/dist-packages/i6robotics_control_msgs-0.0.0-py3.10.egg-info/top_level.txt
[1.052s] -- Installing: /home/hjpark/dev_hjp/ROS2/storagy-repo-1/i6robotics/install/i6robotics_control_msgs/local/lib/python3.10/dist-packages/i6robotics_control_msgs-0.0.0-py3.10.egg-info/dependency_links.txt
[1.052s] -- Installing: /home/hjpark/dev_hjp/ROS2/storagy-repo-1/i6robotics/install/i6robotics_control_msgs/local/lib/python3.10/dist-packages/i6robotics_control_msgs-0.0.0-py3.10.egg-info/PKG-INFO
[1.052s] -- Installing: /home/hjpark/dev_hjp/ROS2/storagy-repo-1/i6robotics/install/i6robotics_control_msgs/local/lib/python3.10/dist-packages/i6robotics_control_msgs-0.0.0-py3.10.egg-info/SOURCES.txt
[1.052s] -- Up-to-date: /home/hjpark/dev_hjp/ROS2/storagy-repo-1/i6robotics/install/i6robotics_control_msgs/local/lib/python3.10/dist-packages/i6robotics_control_msgs
[1.052s] -- Up-to-date: /home/hjpark/dev_hjp/ROS2/storagy-repo-1/i6robotics/install/i6robotics_control_msgs/local/lib/python3.10/dist-packages/i6robotics_control_msgs/_i6robotics_control_msgs_s.ep.rosidl_typesupport_fastrtps_c.c
[1.052s] -- Up-to-date: /home/hjpark/dev_hjp/ROS2/storagy-repo-1/i6robotics/install/i6robotics_control_msgs/local/lib/python3.10/dist-packages/i6robotics_control_msgs/i6robotics_control_msgs_s__rosidl_typesupport_introspection_c.cpython-310-x86_64-linux-gnu.so
[1.052s] -- Up-to-date: /home/hjpark/dev_hjp/ROS2/storagy-repo-1/i6robotics/install/i6robotics_control_msgs/local/lib/python3.10/dist-packages/i6robotics_control_msgs/_i6robotics_control_msgs_s.ep.rosidl_typesupport_introspection_c.c
[1.052s] -- Up-to-date: /home/hjpark/dev_hjp/ROS2/storagy-repo-1/i6robotics/install/i6robotics_control_msgs/local/lib/python3.10/dist-packages/i6robotics_control_msgs/_i6robotics_control_msgs_s.ep.rosidl_typesupport_c.c
[1.053s] -- Up-to-date: /home/hjpark/dev_hjp/ROS2/storagy-repo-1/i6robotics/install/i6robotics_control_msgs/local/lib/python3.10/dist-packages/i6robotics_control_msgs/action
[1.053s] -- Up-to-date: /home/hjpark/dev_hjp/ROS2/storagy-repo-1/i6robotics/install/i6robotics_control_msgs/local/lib/python3.10/dist-packages/i6robotics_control_msgs/action/_nav_order.py
[1.053s] -- Up-to-date: /home/hjpark/dev_hjp/ROS2/storagy-repo-1/i6robotics/install/i6robotics_control_msgs/local/lib/python3.10/dist-packages/i6robotics_control_msgs/action/_nav_order_s.c
[1.053s] -- Up-to-date: /home/hjpark/dev_hjp/ROS2/storagy-repo-1/i6robotics/install/i6robotics_control_msgs/local/lib/python3.10/dist-packages/i6robotics_control_msgs/action/_follow.py
[1.053s] -- Up-to-date: /home/hjpark/dev_hjp/ROS2/storagy-repo-1/i6robotics/install/i6robotics_control_msgs/local/lib/python3.10/dist-packages/i6robotics_control_msgs/action/_follow_s.c
[1.053s] -- Up-to-date: /home/hjpark/dev_hjp/ROS2/storagy-repo-1/i6robotics/install/i6robotics_control_msgs/local/lib/python3.10/dist-packages/i6robotics_control_msgs/action/__init__.py
[1.053s] -- Up-to-date: /home/hjpark/dev_hjp/ROS2/storagy-repo-1/i6robotics/install/i6robotics_control_msgs/local/lib/python3.10/dist-packages/i6robotics_control_msgs/i6robotics_control_msgs_s__rosidl_typesupport_fastrtps_c.cpython-310-x86_64-linux-gnu.so
[1.053s] -- Up-to-date: /home/hjpark/dev_hjp/ROS2/storagy-repo-1/i6robotics/install/i6robotics_control_msgs/local/lib/python3.10/dist-packages/i6robotics_control_msgs/srv
[1.053s] -- Up-to-date: /home/hjpark/dev_hjp/ROS2/storagy-repo-1/i6robotics/install/i6robotics_control_msgs/local/lib/python3.10/dist-packages/i6robotics_control_msgs/srv/_order_s.c
[1.053s] -- Up-to-date: /home/hjpark/dev_hjp/ROS2/storagy-repo-1/i6robotics/install/i6robotics_control_msgs/local/lib/python3.10/dist-packages/i6robotics_control_msgs/srv/_order.py
[1.053s] -- Up-to-date: /home/hjpark/dev_hjp/ROS2/storagy-repo-1/i6robotics/install/i6robotics_control_msgs/local/lib/python3.10/dist-packages/i6robotics_control_msgs/srv/_nav_order_srv_s.c
[1.053s] -- Up-to-date: /home/hjpark/dev_hjp/ROS2/storagy-repo-1/i6robotics/install/i6robotics_control_msgs/local/lib/python3.10/dist-packages/i6robotics_control_msgs/srv/_nav_order_srv.py
[1.053s] -- Up-to-date: /home/hjpark/dev_hjp/ROS2/storagy-repo-1/i6robotics/install/i6robotics_control_msgs/local/lib/python3.10/dist-packages/i6robotics_control_msgs/srv/__init__.py
[1.053s] -- Up-to-date: /home/hjpark/dev_hjp/ROS2/storagy-repo-1/i6robotics/install/i6robotics_control_msgs/local/lib/python3.10/dist-packages/i6robotics_control_msgs/msg
[1.053s] -- Up-to-date: /home/hjpark/dev_hjp/ROS2/storagy-repo-1/i6robotics/install/i6robotics_control_msgs/local/lib/python3.10/dist-packages/i6robotics_control_msgs/msg/_nav_order_feedback_s.c
[1.054s] -- Up-to-date: /home/hjpark/dev_hjp/ROS2/storagy-repo-1/i6robotics/install/i6robotics_control_msgs/local/lib/python3.10/dist-packages/i6robotics_control_msgs/msg/_cmd_and_pose_vel_s.c
[1.054s] -- Up-to-date: /home/hjpark/dev_hjp/ROS2/storagy-repo-1/i6robotics/install/i6robotics_control_msgs/local/lib/python3.10/dist-packages/i6robotics_control_msgs/msg/_cmd_and_pose_vel.py
[1.054s] -- Up-to-date: /home/hjpark/dev_hjp/ROS2/storagy-repo-1/i6robotics/install/i6robotics_control_msgs/local/lib/python3.10/dist-packages/i6robotics_control_msgs/msg/_nav_order_feedback.py
[1.054s] -- Up-to-date: /home/hjpark/dev_hjp/ROS2/storagy-repo-1/i6robotics/install/i6robotics_control_msgs/local/lib/python3.10/dist-packages/i6robotics_control_msgs/msg/__init__.py
[1.054s] -- Up-to-date: /home/hjpark/dev_hjp/ROS2/storagy-repo-1/i6robotics/install/i6robotics_control_msgs/local/lib/python3.10/dist-packages/i6robotics_control_msgs/i6robotics_control_msgs_s__rosidl_typesupport_c.cpython-310-x86_64-linux-gnu.so
[1.054s] -- Up-to-date: /home/hjpark/dev_hjp/ROS2/storagy-repo-1/i6robotics/install/i6robotics_control_msgs/local/lib/python3.10/dist-packages/i6robotics_control_msgs/libi6robotics_control_msgs__rosidl_generator_py.so
[1.054s] -- Up-to-date: /home/hjpark/dev_hjp/ROS2/storagy-repo-1/i6robotics/install/i6robotics_control_msgs/local/lib/python3.10/dist-packages/i6robotics_control_msgs/__init__.py
[1.066s] Listing '/home/hjpark/dev_hjp/ROS2/storagy-repo-1/i6robotics/install/i6robotics_control_msgs/local/lib/python3.10/dist-packages/i6robotics_control_msgs'...
[1.066s] Listing '/home/hjpark/dev_hjp/ROS2/storagy-repo-1/i6robotics/install/i6robotics_control_msgs/local/lib/python3.10/dist-packages/i6robotics_control_msgs/action'...
[1.066s] Listing '/home/hjpark/dev_hjp/ROS2/storagy-repo-1/i6robotics/install/i6robotics_control_msgs/local/lib/python3.10/dist-packages/i6robotics_control_msgs/msg'...
[1.066s] Listing '/home/hjpark/dev_hjp/ROS2/storagy-repo-1/i6robotics/install/i6robotics_control_msgs/local/lib/python3.10/dist-packages/i6robotics_control_msgs/srv'...
[1.071s] -- Up-to-date: /home/hjpark/dev_hjp/ROS2/storagy-repo-1/i6robotics/install/i6robotics_control_msgs/local/lib/python3.10/dist-packages/i6robotics_control_msgs/i6robotics_control_msgs_s__rosidl_typesupport_fastrtps_c.cpython-310-x86_64-linux-gnu.so
[1.071s] -- Up-to-date: /home/hjpark/dev_hjp/ROS2/storagy-repo-1/i6robotics/install/i6robotics_control_msgs/local/lib/python3.10/dist-packages/i6robotics_control_msgs/i6robotics_control_msgs_s__rosidl_typesupport_introspection_c.cpython-310-x86_64-linux-gnu.so
[1.071s] -- Up-to-date: /home/hjpark/dev_hjp/ROS2/storagy-repo-1/i6robotics/install/i6robotics_control_msgs/local/lib/python3.10/dist-packages/i6robotics_control_msgs/i6robotics_control_msgs_s__rosidl_typesupport_c.cpython-310-x86_64-linux-gnu.so
[1.071s] -- Up-to-date: /home/hjpark/dev_hjp/ROS2/storagy-repo-1/i6robotics/install/i6robotics_control_msgs/lib/libi6robotics_control_msgs__rosidl_generator_py.so
[1.072s] -- Up-to-date: /home/hjpark/dev_hjp/ROS2/storagy-repo-1/i6robotics/install/i6robotics_control_msgs/share/i6robotics_control_msgs/msg/CmdAndPoseVel.idl
[1.072s] -- Up-to-date: /home/hjpark/dev_hjp/ROS2/storagy-repo-1/i6robotics/install/i6robotics_control_msgs/share/i6robotics_control_msgs/action/NavOrder.idl
[1.072s] -- Up-to-date: /home/hjpark/dev_hjp/ROS2/storagy-repo-1/i6robotics/install/i6robotics_control_msgs/share/i6robotics_control_msgs/action/Follow.idl
[1.072s] -- Up-to-date: /home/hjpark/dev_hjp/ROS2/storagy-repo-1/i6robotics/install/i6robotics_control_msgs/share/i6robotics_control_msgs/srv/NavOrderSrv.idl
[1.072s] -- Up-to-date: /home/hjpark/dev_hjp/ROS2/storagy-repo-1/i6robotics/install/i6robotics_control_msgs/share/i6robotics_control_msgs/srv/Order.idl
[1.072s] -- Up-to-date: /home/hjpark/dev_hjp/ROS2/storagy-repo-1/i6robotics/install/i6robotics_control_msgs/share/i6robotics_control_msgs/msg/NavOrderFeedback.idl
[1.072s] -- Up-to-date: /home/hjpark/dev_hjp/ROS2/storagy-repo-1/i6robotics/install/i6robotics_control_msgs/share/i6robotics_control_msgs/msg/CmdAndPoseVel.msg
[1.072s] -- Up-to-date: /home/hjpark/dev_hjp/ROS2/storagy-repo-1/i6robotics/install/i6robotics_control_msgs/share/i6robotics_control_msgs/action/NavOrder.action
[1.072s] -- Up-to-date: /home/hjpark/dev_hjp/ROS2/storagy-repo-1/i6robotics/install/i6robotics_control_msgs/share/i6robotics_control_msgs/action/Follow.action
[1.072s] -- Up-to-date: /home/hjpark/dev_hjp/ROS2/storagy-repo-1/i6robotics/install/i6robotics_control_msgs/share/i6robotics_control_msgs/srv/NavOrderSrv.srv
[1.072s] -- Up-to-date: /home/hjpark/dev_hjp/ROS2/storagy-repo-1/i6robotics/install/i6robotics_control_msgs/share/i6robotics_control_msgs/srv/NavOrderSrv_Request.msg
[1.072s] -- Up-to-date: /home/hjpark/dev_hjp/ROS2/storagy-repo-1/i6robotics/install/i6robotics_control_msgs/share/i6robotics_control_msgs/srv/NavOrderSrv_Response.msg
[1.072s] -- Up-to-date: /home/hjpark/dev_hjp/ROS2/storagy-repo-1/i6robotics/install/i6robotics_control_msgs/share/i6robotics_control_msgs/srv/Order.srv
[1.073s] -- Up-to-date: /home/hjpark/dev_hjp/ROS2/storagy-repo-1/i6robotics/install/i6robotics_control_msgs/share/i6robotics_control_msgs/srv/Order_Request.msg
[1.073s] -- Up-to-date: /home/hjpark/dev_hjp/ROS2/storagy-repo-1/i6robotics/install/i6robotics_control_msgs/share/i6robotics_control_msgs/srv/Order_Response.msg
[1.073s] -- Up-to-date: /home/hjpark/dev_hjp/ROS2/storagy-repo-1/i6robotics/install/i6robotics_control_msgs/share/i6robotics_control_msgs/msg/NavOrderFeedback.msg
[1.073s] -- Up-to-date: /home/hjpark/dev_hjp/ROS2/storagy-repo-1/i6robotics/install/i6robotics_control_msgs/share/ament_index/resource_index/package_run_dependencies/i6robotics_control_msgs
[1.073s] -- Up-to-date: /home/hjpark/dev_hjp/ROS2/storagy-repo-1/i6robotics/install/i6robotics_control_msgs/share/ament_index/resource_index/parent_prefix_path/i6robotics_control_msgs
[1.073s] -- Up-to-date: /home/hjpark/dev_hjp/ROS2/storagy-repo-1/i6robotics/install/i6robotics_control_msgs/share/i6robotics_control_msgs/environment/ament_prefix_path.sh
[1.073s] -- Up-to-date: /home/hjpark/dev_hjp/ROS2/storagy-repo-1/i6robotics/install/i6robotics_control_msgs/share/i6robotics_control_msgs/environment/ament_prefix_path.dsv
[1.073s] -- Up-to-date: /home/hjpark/dev_hjp/ROS2/storagy-repo-1/i6robotics/install/i6robotics_control_msgs/share/i6robotics_control_msgs/environment/path.sh
[1.073s] -- Up-to-date: /home/hjpark/dev_hjp/ROS2/storagy-repo-1/i6robotics/install/i6robotics_control_msgs/share/i6robotics_control_msgs/environment/path.dsv
[1.073s] -- Up-to-date: /home/hjpark/dev_hjp/ROS2/storagy-repo-1/i6robotics/install/i6robotics_control_msgs/share/i6robotics_control_msgs/local_setup.bash
[1.073s] -- Up-to-date: /home/hjpark/dev_hjp/ROS2/storagy-repo-1/i6robotics/install/i6robotics_control_msgs/share/i6robotics_control_msgs/local_setup.sh
[1.074s] -- Up-to-date: /home/hjpark/dev_hjp/ROS2/storagy-repo-1/i6robotics/install/i6robotics_control_msgs/share/i6robotics_control_msgs/local_setup.zsh
[1.074s] -- Up-to-date: /home/hjpark/dev_hjp/ROS2/storagy-repo-1/i6robotics/install/i6robotics_control_msgs/share/i6robotics_control_msgs/local_setup.dsv
[1.074s] -- Installing: /home/hjpark/dev_hjp/ROS2/storagy-repo-1/i6robotics/install/i6robotics_control_msgs/share/i6robotics_control_msgs/package.dsv
[1.074s] -- Up-to-date: /home/hjpark/dev_hjp/ROS2/storagy-repo-1/i6robotics/install/i6robotics_control_msgs/share/ament_index/resource_index/packages/i6robotics_control_msgs
[1.074s] -- Up-to-date: /home/hjpark/dev_hjp/ROS2/storagy-repo-1/i6robotics/install/i6robotics_control_msgs/share/i6robotics_control_msgs/cmake/export_i6robotics_control_msgs__rosidl_generator_cExport.cmake
[1.075s] -- Up-to-date: /home/hjpark/dev_hjp/ROS2/storagy-repo-1/i6robotics/install/i6robotics_control_msgs/share/i6robotics_control_msgs/cmake/export_i6robotics_control_msgs__rosidl_generator_cExport-noconfig.cmake
[1.076s] -- Up-to-date: /home/hjpark/dev_hjp/ROS2/storagy-repo-1/i6robotics/install/i6robotics_control_msgs/share/i6robotics_control_msgs/cmake/export_i6robotics_control_msgs__rosidl_typesupport_fastrtps_cExport.cmake
[1.076s] -- Up-to-date: /home/hjpark/dev_hjp/ROS2/storagy-repo-1/i6robotics/install/i6robotics_control_msgs/share/i6robotics_control_msgs/cmake/export_i6robotics_control_msgs__rosidl_typesupport_fastrtps_cExport-noconfig.cmake
[1.076s] -- Up-to-date: /home/hjpark/dev_hjp/ROS2/storagy-repo-1/i6robotics/install/i6robotics_control_msgs/share/i6robotics_control_msgs/cmake/export_i6robotics_control_msgs__rosidl_generator_cppExport.cmake
[1.077s] -- Up-to-date: /home/hjpark/dev_hjp/ROS2/storagy-repo-1/i6robotics/install/i6robotics_control_msgs/share/i6robotics_control_msgs/cmake/export_i6robotics_control_msgs__rosidl_typesupport_fastrtps_cppExport.cmake
[1.077s] -- Up-to-date: /home/hjpark/dev_hjp/ROS2/storagy-repo-1/i6robotics/install/i6robotics_control_msgs/share/i6robotics_control_msgs/cmake/export_i6robotics_control_msgs__rosidl_typesupport_fastrtps_cppExport-noconfig.cmake
[1.077s] -- Up-to-date: /home/hjpark/dev_hjp/ROS2/storagy-repo-1/i6robotics/install/i6robotics_control_msgs/share/i6robotics_control_msgs/cmake/i6robotics_control_msgs__rosidl_typesupport_introspection_cExport.cmake
[1.077s] -- Up-to-date: /home/hjpark/dev_hjp/ROS2/storagy-repo-1/i6robotics/install/i6robotics_control_msgs/share/i6robotics_control_msgs/cmake/i6robotics_control_msgs__rosidl_typesupport_introspection_cExport-noconfig.cmake
[1.078s] -- Up-to-date: /home/hjpark/dev_hjp/ROS2/storagy-repo-1/i6robotics/install/i6robotics_control_msgs/share/i6robotics_control_msgs/cmake/i6robotics_control_msgs__rosidl_typesupport_cExport.cmake
[1.079s] -- Up-to-date: /home/hjpark/dev_hjp/ROS2/storagy-repo-1/i6robotics/install/i6robotics_control_msgs/share/i6robotics_control_msgs/cmake/i6robotics_control_msgs__rosidl_typesupport_cExport-noconfig.cmake
[1.080s] -- Up-to-date: /home/hjpark/dev_hjp/ROS2/storagy-repo-1/i6robotics/install/i6robotics_control_msgs/share/i6robotics_control_msgs/cmake/i6robotics_control_msgs__rosidl_typesupport_introspection_cppExport.cmake
[1.081s] -- Up-to-date: /home/hjpark/dev_hjp/ROS2/storagy-repo-1/i6robotics/install/i6robotics_control_msgs/share/i6robotics_control_msgs/cmake/i6robotics_control_msgs__rosidl_typesupport_introspection_cppExport-noconfig.cmake
[1.081s] -- Up-to-date: /home/hjpark/dev_hjp/ROS2/storagy-repo-1/i6robotics/install/i6robotics_control_msgs/share/i6robotics_control_msgs/cmake/i6robotics_control_msgs__rosidl_typesupport_cppExport.cmake
[1.081s] -- Up-to-date: /home/hjpark/dev_hjp/ROS2/storagy-repo-1/i6robotics/install/i6robotics_control_msgs/share/i6robotics_control_msgs/cmake/i6robotics_control_msgs__rosidl_typesupport_cppExport-noconfig.cmake
[1.082s] -- Up-to-date: /home/hjpark/dev_hjp/ROS2/storagy-repo-1/i6robotics/install/i6robotics_control_msgs/share/i6robotics_control_msgs/cmake/export_i6robotics_control_msgs__rosidl_generator_pyExport.cmake
[1.082s] -- Up-to-date: /home/hjpark/dev_hjp/ROS2/storagy-repo-1/i6robotics/install/i6robotics_control_msgs/share/i6robotics_control_msgs/cmake/export_i6robotics_control_msgs__rosidl_generator_pyExport-noconfig.cmake
[1.083s] -- Up-to-date: /home/hjpark/dev_hjp/ROS2/storagy-repo-1/i6robotics/install/i6robotics_control_msgs/share/i6robotics_control_msgs/cmake/rosidl_cmake-extras.cmake
[1.084s] -- Up-to-date: /home/hjpark/dev_hjp/ROS2/storagy-repo-1/i6robotics/install/i6robotics_control_msgs/share/i6robotics_control_msgs/cmake/ament_cmake_export_dependencies-extras.cmake
[1.085s] -- Up-to-date: /home/hjpark/dev_hjp/ROS2/storagy-repo-1/i6robotics/install/i6robotics_control_msgs/share/i6robotics_control_msgs/cmake/ament_cmake_export_include_directories-extras.cmake
[1.085s] -- Up-to-date: /home/hjpark/dev_hjp/ROS2/storagy-repo-1/i6robotics/install/i6robotics_control_msgs/share/i6robotics_control_msgs/cmake/ament_cmake_export_libraries-extras.cmake
[1.085s] -- Up-to-date: /home/hjpark/dev_hjp/ROS2/storagy-repo-1/i6robotics/install/i6robotics_control_msgs/share/i6robotics_control_msgs/cmake/ament_cmake_export_targets-extras.cmake
[1.085s] -- Up-to-date: /home/hjpark/dev_hjp/ROS2/storagy-repo-1/i6robotics/install/i6robotics_control_msgs/share/i6robotics_control_msgs/cmake/rosidl_cmake_export_typesupport_targets-extras.cmake
[1.085s] -- Up-to-date: /home/hjpark/dev_hjp/ROS2/storagy-repo-1/i6robotics/install/i6robotics_control_msgs/share/i6robotics_control_msgs/cmake/rosidl_cmake_export_typesupport_libraries-extras.cmake
[1.085s] -- Up-to-date: /home/hjpark/dev_hjp/ROS2/storagy-repo-1/i6robotics/install/i6robotics_control_msgs/share/i6robotics_control_msgs/cmake/i6robotics_control_msgsConfig.cmake
[1.085s] -- Up-to-date: /home/hjpark/dev_hjp/ROS2/storagy-repo-1/i6robotics/install/i6robotics_control_msgs/share/i6robotics_control_msgs/cmake/i6robotics_control_msgsConfig-version.cmake
[1.085s] -- Up-to-date: /home/hjpark/dev_hjp/ROS2/storagy-repo-1/i6robotics/install/i6robotics_control_msgs/share/i6robotics_control_msgs/package.xml
[1.094s] Invoked command in '/home/hjpark/dev_hjp/ROS2/storagy-repo-1/i6robotics/build/i6robotics_control_msgs' returned '0': CMAKE_PREFIX_PATH=/opt/ros/humble /usr/bin/cmake --install /home/hjpark/dev_hjp/ROS2/storagy-repo-1/i6robotics/build/i6robotics_control_msgs
