[0.041s] Invoking command in '/home/hjpark/dev_hjp/ROS2/storagy-repo-1/i6robotics/build/guiding_services': /usr/bin/cmake --build /home/hjpark/dev_hjp/ROS2/storagy-repo-1/i6robotics/build/guiding_services -- -j16 -l16
[0.787s] [  3%] Built target guiding_services__cpp
[0.787s] [ 12%] Built target guiding_services__rosidl_generator_c
[0.787s] [ 12%] Built target ament_cmake_python_copy_guiding_services
[0.787s] [ 22%] Built target guiding_services__rosidl_typesupport_c
[0.787s] [ 32%] Built target guiding_services__rosidl_typesupport_cpp
[0.787s] [ 48%] Built target guiding_services__rosidl_typesupport_introspection_cpp
[0.788s] [ 51%] Built target guiding_services__rosidl_typesupport_introspection_c
[0.788s] [ 61%] Built target guiding_services__rosidl_typesupport_fastrtps_c
[0.789s] [ 70%] Built target guiding_services__rosidl_typesupport_fastrtps_cpp
[0.789s] [ 70%] Built target guiding_services
[0.789s] [ 74%] Built target guiding_services__py
[0.789s] [ 80%] Built target guiding_services__rosidl_generator_py
[0.789s] [100%] Built target guiding_services__rosidl_typesupport_c__pyext
[0.789s] [100%] Built target guiding_services__rosidl_typesupport_introspection_c__pyext
[0.789s] [100%] Built target guiding_services__rosidl_typesupport_fastrtps_c__pyext
[0.789s] running egg_info
[0.789s] writing guiding_services.egg-info/PKG-INFO
[0.789s] writing dependency_links to guiding_services.egg-info/dependency_links.txt
[0.789s] writing top-level names to guiding_services.egg-info/top_level.txt
[0.789s] reading manifest file 'guiding_services.egg-info/SOURCES.txt'
[0.790s] writing manifest file 'guiding_services.egg-info/SOURCES.txt'
[0.790s] [100%] Built target ament_cmake_python_build_guiding_services_egg
[0.801s] Invoked command in '/home/hjpark/dev_hjp/ROS2/storagy-repo-1/i6robotics/build/guiding_services' returned '0': /usr/bin/cmake --build /home/hjpark/dev_hjp/ROS2/storagy-repo-1/i6robotics/build/guiding_services -- -j16 -l16
[0.801s] Invoking command in '/home/hjpark/dev_hjp/ROS2/storagy-repo-1/i6robotics/build/guiding_services': /usr/bin/cmake --install /home/hjpark/dev_hjp/ROS2/storagy-repo-1/i6robotics/build/guiding_services
[0.827s] -- Install configuration: ""
[0.827s] -- Up-to-date: /home/hjpark/dev_hjp/ROS2/storagy-repo-1/i6robotics/install/guiding_services/share/ament_index/resource_index/rosidl_interfaces/guiding_services
[0.827s] -- Up-to-date: /home/hjpark/dev_hjp/ROS2/storagy-repo-1/i6robotics/install/guiding_services/include/guiding_services/guiding_services
[0.828s] -- Up-to-date: /home/hjpark/dev_hjp/ROS2/storagy-repo-1/i6robotics/install/guiding_services/include/guiding_services/guiding_services/srv
[0.828s] -- Up-to-date: /home/hjpark/dev_hjp/ROS2/storagy-repo-1/i6robotics/install/guiding_services/include/guiding_services/guiding_services/srv/set_goal_choice.h
[0.828s] -- Up-to-date: /home/hjpark/dev_hjp/ROS2/storagy-repo-1/i6robotics/install/guiding_services/include/guiding_services/guiding_services/srv/detail
[0.828s] -- Up-to-date: /home/hjpark/dev_hjp/ROS2/storagy-repo-1/i6robotics/install/guiding_services/include/guiding_services/guiding_services/srv/detail/set_goal_choice__functions.h
[0.828s] -- Up-to-date: /home/hjpark/dev_hjp/ROS2/storagy-repo-1/i6robotics/install/guiding_services/include/guiding_services/guiding_services/srv/detail/set_goal_choice__type_support.h
[0.828s] -- Up-to-date: /home/hjpark/dev_hjp/ROS2/storagy-repo-1/i6robotics/install/guiding_services/include/guiding_services/guiding_services/srv/detail/set_goal_choice__struct.h
[0.828s] -- Up-to-date: /home/hjpark/dev_hjp/ROS2/storagy-repo-1/i6robotics/install/guiding_services/include/guiding_services/guiding_services/srv/detail/set_goal_choice__functions.c
[0.828s] -- Up-to-date: /home/hjpark/dev_hjp/ROS2/storagy-repo-1/i6robotics/install/guiding_services/include/guiding_services/guiding_services/msg
[0.828s] -- Up-to-date: /home/hjpark/dev_hjp/ROS2/storagy-repo-1/i6robotics/install/guiding_services/include/guiding_services/guiding_services/msg/rosidl_generator_c__visibility_control.h
[0.828s] -- Up-to-date: /home/hjpark/dev_hjp/ROS2/storagy-repo-1/i6robotics/install/guiding_services/share/guiding_services/environment/library_path.sh
[0.829s] -- Up-to-date: /home/hjpark/dev_hjp/ROS2/storagy-repo-1/i6robotics/install/guiding_services/share/guiding_services/environment/library_path.dsv
[0.829s] -- Up-to-date: /home/hjpark/dev_hjp/ROS2/storagy-repo-1/i6robotics/install/guiding_services/lib/libguiding_services__rosidl_generator_c.so
[0.829s] -- Up-to-date: /home/hjpark/dev_hjp/ROS2/storagy-repo-1/i6robotics/install/guiding_services/include/guiding_services/guiding_services
[0.829s] -- Up-to-date: /home/hjpark/dev_hjp/ROS2/storagy-repo-1/i6robotics/install/guiding_services/include/guiding_services/guiding_services/srv
[0.829s] -- Up-to-date: /home/hjpark/dev_hjp/ROS2/storagy-repo-1/i6robotics/install/guiding_services/include/guiding_services/guiding_services/srv/detail
[0.829s] -- Up-to-date: /home/hjpark/dev_hjp/ROS2/storagy-repo-1/i6robotics/install/guiding_services/include/guiding_services/guiding_services/srv/detail/set_goal_choice__rosidl_typesupport_fastrtps_c.h
[0.829s] -- Up-to-date: /home/hjpark/dev_hjp/ROS2/storagy-repo-1/i6robotics/install/guiding_services/include/guiding_services/guiding_services/msg
[0.830s] -- Up-to-date: /home/hjpark/dev_hjp/ROS2/storagy-repo-1/i6robotics/install/guiding_services/include/guiding_services/guiding_services/msg/rosidl_typesupport_fastrtps_c__visibility_control.h
[0.831s] -- Up-to-date: /home/hjpark/dev_hjp/ROS2/storagy-repo-1/i6robotics/install/guiding_services/lib/libguiding_services__rosidl_typesupport_fastrtps_c.so
[0.831s] -- Up-to-date: /home/hjpark/dev_hjp/ROS2/storagy-repo-1/i6robotics/install/guiding_services/include/guiding_services/guiding_services
[0.831s] -- Up-to-date: /home/hjpark/dev_hjp/ROS2/storagy-repo-1/i6robotics/install/guiding_services/include/guiding_services/guiding_services/srv
[0.831s] -- Up-to-date: /home/hjpark/dev_hjp/ROS2/storagy-repo-1/i6robotics/install/guiding_services/include/guiding_services/guiding_services/srv/detail
[0.831s] -- Up-to-date: /home/hjpark/dev_hjp/ROS2/storagy-repo-1/i6robotics/install/guiding_services/include/guiding_services/guiding_services/srv/detail/set_goal_choice__rosidl_typesupport_introspection_c.h
[0.831s] -- Up-to-date: /home/hjpark/dev_hjp/ROS2/storagy-repo-1/i6robotics/install/guiding_services/include/guiding_services/guiding_services/srv/detail/set_goal_choice__type_support.c
[0.831s] -- Up-to-date: /home/hjpark/dev_hjp/ROS2/storagy-repo-1/i6robotics/install/guiding_services/include/guiding_services/guiding_services/msg
[0.831s] -- Up-to-date: /home/hjpark/dev_hjp/ROS2/storagy-repo-1/i6robotics/install/guiding_services/include/guiding_services/guiding_services/msg/rosidl_typesupport_introspection_c__visibility_control.h
[0.831s] -- Up-to-date: /home/hjpark/dev_hjp/ROS2/storagy-repo-1/i6robotics/install/guiding_services/lib/libguiding_services__rosidl_typesupport_introspection_c.so
[0.831s] -- Up-to-date: /home/hjpark/dev_hjp/ROS2/storagy-repo-1/i6robotics/install/guiding_services/lib/libguiding_services__rosidl_typesupport_c.so
[0.831s] -- Up-to-date: /home/hjpark/dev_hjp/ROS2/storagy-repo-1/i6robotics/install/guiding_services/include/guiding_services/guiding_services
[0.832s] -- Up-to-date: /home/hjpark/dev_hjp/ROS2/storagy-repo-1/i6robotics/install/guiding_services/include/guiding_services/guiding_services/srv
[0.832s] -- Up-to-date: /home/hjpark/dev_hjp/ROS2/storagy-repo-1/i6robotics/install/guiding_services/include/guiding_services/guiding_services/srv/set_goal_choice.hpp
[0.832s] -- Up-to-date: /home/hjpark/dev_hjp/ROS2/storagy-repo-1/i6robotics/install/guiding_services/include/guiding_services/guiding_services/srv/detail
[0.832s] -- Up-to-date: /home/hjpark/dev_hjp/ROS2/storagy-repo-1/i6robotics/install/guiding_services/include/guiding_services/guiding_services/srv/detail/set_goal_choice__struct.hpp
[0.832s] -- Up-to-date: /home/hjpark/dev_hjp/ROS2/storagy-repo-1/i6robotics/install/guiding_services/include/guiding_services/guiding_services/srv/detail/set_goal_choice__traits.hpp
[0.832s] -- Up-to-date: /home/hjpark/dev_hjp/ROS2/storagy-repo-1/i6robotics/install/guiding_services/include/guiding_services/guiding_services/srv/detail/set_goal_choice__type_support.hpp
[0.832s] -- Up-to-date: /home/hjpark/dev_hjp/ROS2/storagy-repo-1/i6robotics/install/guiding_services/include/guiding_services/guiding_services/srv/detail/set_goal_choice__builder.hpp
[0.832s] -- Up-to-date: /home/hjpark/dev_hjp/ROS2/storagy-repo-1/i6robotics/install/guiding_services/include/guiding_services/guiding_services/msg
[0.832s] -- Up-to-date: /home/hjpark/dev_hjp/ROS2/storagy-repo-1/i6robotics/install/guiding_services/include/guiding_services/guiding_services/msg/rosidl_generator_cpp__visibility_control.hpp
[0.832s] -- Up-to-date: /home/hjpark/dev_hjp/ROS2/storagy-repo-1/i6robotics/install/guiding_services/include/guiding_services/guiding_services
[0.832s] -- Up-to-date: /home/hjpark/dev_hjp/ROS2/storagy-repo-1/i6robotics/install/guiding_services/include/guiding_services/guiding_services/srv
[0.832s] -- Up-to-date: /home/hjpark/dev_hjp/ROS2/storagy-repo-1/i6robotics/install/guiding_services/include/guiding_services/guiding_services/srv/detail
[0.832s] -- Up-to-date: /home/hjpark/dev_hjp/ROS2/storagy-repo-1/i6robotics/install/guiding_services/include/guiding_services/guiding_services/srv/detail/set_goal_choice__rosidl_typesupport_fastrtps_cpp.hpp
[0.833s] -- Up-to-date: /home/hjpark/dev_hjp/ROS2/storagy-repo-1/i6robotics/install/guiding_services/include/guiding_services/guiding_services/srv/detail/dds_fastrtps
[0.833s] -- Up-to-date: /home/hjpark/dev_hjp/ROS2/storagy-repo-1/i6robotics/install/guiding_services/include/guiding_services/guiding_services/msg
[0.833s] -- Up-to-date: /home/hjpark/dev_hjp/ROS2/storagy-repo-1/i6robotics/install/guiding_services/include/guiding_services/guiding_services/msg/rosidl_typesupport_fastrtps_cpp__visibility_control.h
[0.833s] -- Up-to-date: /home/hjpark/dev_hjp/ROS2/storagy-repo-1/i6robotics/install/guiding_services/lib/libguiding_services__rosidl_typesupport_fastrtps_cpp.so
[0.833s] -- Up-to-date: /home/hjpark/dev_hjp/ROS2/storagy-repo-1/i6robotics/install/guiding_services/include/guiding_services/guiding_services
[0.833s] -- Up-to-date: /home/hjpark/dev_hjp/ROS2/storagy-repo-1/i6robotics/install/guiding_services/include/guiding_services/guiding_services/srv
[0.833s] -- Up-to-date: /home/hjpark/dev_hjp/ROS2/storagy-repo-1/i6robotics/install/guiding_services/include/guiding_services/guiding_services/srv/detail
[0.833s] -- Up-to-date: /home/hjpark/dev_hjp/ROS2/storagy-repo-1/i6robotics/install/guiding_services/include/guiding_services/guiding_services/srv/detail/set_goal_choice__type_support.cpp
[0.833s] -- Up-to-date: /home/hjpark/dev_hjp/ROS2/storagy-repo-1/i6robotics/install/guiding_services/include/guiding_services/guiding_services/srv/detail/set_goal_choice__rosidl_typesupport_introspection_cpp.hpp
[0.833s] -- Up-to-date: /home/hjpark/dev_hjp/ROS2/storagy-repo-1/i6robotics/install/guiding_services/lib/libguiding_services__rosidl_typesupport_introspection_cpp.so
[0.833s] -- Up-to-date: /home/hjpark/dev_hjp/ROS2/storagy-repo-1/i6robotics/install/guiding_services/lib/libguiding_services__rosidl_typesupport_cpp.so
[0.833s] -- Up-to-date: /home/hjpark/dev_hjp/ROS2/storagy-repo-1/i6robotics/install/guiding_services/share/guiding_services/environment/pythonpath.sh
[0.833s] -- Up-to-date: /home/hjpark/dev_hjp/ROS2/storagy-repo-1/i6robotics/install/guiding_services/share/guiding_services/environment/pythonpath.dsv
[0.833s] -- Up-to-date: /home/hjpark/dev_hjp/ROS2/storagy-repo-1/i6robotics/install/guiding_services/local/lib/python3.10/dist-packages/guiding_services-0.0.0-py3.10.egg-info
[0.833s] -- Installing: /home/hjpark/dev_hjp/ROS2/storagy-repo-1/i6robotics/install/guiding_services/local/lib/python3.10/dist-packages/guiding_services-0.0.0-py3.10.egg-info/top_level.txt
[0.834s] -- Installing: /home/hjpark/dev_hjp/ROS2/storagy-repo-1/i6robotics/install/guiding_services/local/lib/python3.10/dist-packages/guiding_services-0.0.0-py3.10.egg-info/dependency_links.txt
[0.834s] -- Installing: /home/hjpark/dev_hjp/ROS2/storagy-repo-1/i6robotics/install/guiding_services/local/lib/python3.10/dist-packages/guiding_services-0.0.0-py3.10.egg-info/PKG-INFO
[0.834s] -- Installing: /home/hjpark/dev_hjp/ROS2/storagy-repo-1/i6robotics/install/guiding_services/local/lib/python3.10/dist-packages/guiding_services-0.0.0-py3.10.egg-info/SOURCES.txt
[0.834s] -- Up-to-date: /home/hjpark/dev_hjp/ROS2/storagy-repo-1/i6robotics/install/guiding_services/local/lib/python3.10/dist-packages/guiding_services
[0.834s] -- Up-to-date: /home/hjpark/dev_hjp/ROS2/storagy-repo-1/i6robotics/install/guiding_services/local/lib/python3.10/dist-packages/guiding_services/_guiding_services_s.ep.rosidl_typesupport_c.c
[0.834s] -- Up-to-date: /home/hjpark/dev_hjp/ROS2/storagy-repo-1/i6robotics/install/guiding_services/local/lib/python3.10/dist-packages/guiding_services/libguiding_services__rosidl_generator_py.so
[0.834s] -- Up-to-date: /home/hjpark/dev_hjp/ROS2/storagy-repo-1/i6robotics/install/guiding_services/local/lib/python3.10/dist-packages/guiding_services/srv
[0.834s] -- Up-to-date: /home/hjpark/dev_hjp/ROS2/storagy-repo-1/i6robotics/install/guiding_services/local/lib/python3.10/dist-packages/guiding_services/srv/_set_goal_choice_s.c
[0.834s] -- Up-to-date: /home/hjpark/dev_hjp/ROS2/storagy-repo-1/i6robotics/install/guiding_services/local/lib/python3.10/dist-packages/guiding_services/srv/_set_goal_choice.py
[0.834s] -- Up-to-date: /home/hjpark/dev_hjp/ROS2/storagy-repo-1/i6robotics/install/guiding_services/local/lib/python3.10/dist-packages/guiding_services/srv/__init__.py
[0.834s] -- Up-to-date: /home/hjpark/dev_hjp/ROS2/storagy-repo-1/i6robotics/install/guiding_services/local/lib/python3.10/dist-packages/guiding_services/guiding_services_s__rosidl_typesupport_fastrtps_c.cpython-310-x86_64-linux-gnu.so
[0.834s] -- Up-to-date: /home/hjpark/dev_hjp/ROS2/storagy-repo-1/i6robotics/install/guiding_services/local/lib/python3.10/dist-packages/guiding_services/_guiding_services_s.ep.rosidl_typesupport_fastrtps_c.c
[0.834s] -- Up-to-date: /home/hjpark/dev_hjp/ROS2/storagy-repo-1/i6robotics/install/guiding_services/local/lib/python3.10/dist-packages/guiding_services/guiding_services_s__rosidl_typesupport_introspection_c.cpython-310-x86_64-linux-gnu.so
[0.835s] -- Up-to-date: /home/hjpark/dev_hjp/ROS2/storagy-repo-1/i6robotics/install/guiding_services/local/lib/python3.10/dist-packages/guiding_services/guiding_services_s__rosidl_typesupport_c.cpython-310-x86_64-linux-gnu.so
[0.835s] -- Up-to-date: /home/hjpark/dev_hjp/ROS2/storagy-repo-1/i6robotics/install/guiding_services/local/lib/python3.10/dist-packages/guiding_services/_guiding_services_s.ep.rosidl_typesupport_introspection_c.c
[0.835s] -- Up-to-date: /home/hjpark/dev_hjp/ROS2/storagy-repo-1/i6robotics/install/guiding_services/local/lib/python3.10/dist-packages/guiding_services/__init__.py
[0.837s] Listing '/home/hjpark/dev_hjp/ROS2/storagy-repo-1/i6robotics/install/guiding_services/local/lib/python3.10/dist-packages/guiding_services'...
[0.837s] Listing '/home/hjpark/dev_hjp/ROS2/storagy-repo-1/i6robotics/install/guiding_services/local/lib/python3.10/dist-packages/guiding_services/srv'...
[0.843s] -- Up-to-date: /home/hjpark/dev_hjp/ROS2/storagy-repo-1/i6robotics/install/guiding_services/local/lib/python3.10/dist-packages/guiding_services/guiding_services_s__rosidl_typesupport_fastrtps_c.cpython-310-x86_64-linux-gnu.so
[0.844s] -- Up-to-date: /home/hjpark/dev_hjp/ROS2/storagy-repo-1/i6robotics/install/guiding_services/local/lib/python3.10/dist-packages/guiding_services/guiding_services_s__rosidl_typesupport_introspection_c.cpython-310-x86_64-linux-gnu.so
[0.844s] -- Up-to-date: /home/hjpark/dev_hjp/ROS2/storagy-repo-1/i6robotics/install/guiding_services/local/lib/python3.10/dist-packages/guiding_services/guiding_services_s__rosidl_typesupport_c.cpython-310-x86_64-linux-gnu.so
[0.846s] -- Up-to-date: /home/hjpark/dev_hjp/ROS2/storagy-repo-1/i6robotics/install/guiding_services/lib/libguiding_services__rosidl_generator_py.so
[0.847s] -- Up-to-date: /home/hjpark/dev_hjp/ROS2/storagy-repo-1/i6robotics/install/guiding_services/share/guiding_services/srv/SetGoalChoice.idl
[0.847s] -- Up-to-date: /home/hjpark/dev_hjp/ROS2/storagy-repo-1/i6robotics/install/guiding_services/share/guiding_services/srv/SetGoalChoice.srv
[0.847s] -- Up-to-date: /home/hjpark/dev_hjp/ROS2/storagy-repo-1/i6robotics/install/guiding_services/share/guiding_services/srv/SetGoalChoice_Request.msg
[0.847s] -- Up-to-date: /home/hjpark/dev_hjp/ROS2/storagy-repo-1/i6robotics/install/guiding_services/share/guiding_services/srv/SetGoalChoice_Response.msg
[0.847s] -- Up-to-date: /home/hjpark/dev_hjp/ROS2/storagy-repo-1/i6robotics/install/guiding_services/share/ament_index/resource_index/package_run_dependencies/guiding_services
[0.847s] -- Up-to-date: /home/hjpark/dev_hjp/ROS2/storagy-repo-1/i6robotics/install/guiding_services/share/ament_index/resource_index/parent_prefix_path/guiding_services
[0.847s] -- Up-to-date: /home/hjpark/dev_hjp/ROS2/storagy-repo-1/i6robotics/install/guiding_services/share/guiding_services/environment/ament_prefix_path.sh
[0.847s] -- Up-to-date: /home/hjpark/dev_hjp/ROS2/storagy-repo-1/i6robotics/install/guiding_services/share/guiding_services/environment/ament_prefix_path.dsv
[0.849s] -- Up-to-date: /home/hjpark/dev_hjp/ROS2/storagy-repo-1/i6robotics/install/guiding_services/share/guiding_services/environment/path.sh
[0.849s] -- Up-to-date: /home/hjpark/dev_hjp/ROS2/storagy-repo-1/i6robotics/install/guiding_services/share/guiding_services/environment/path.dsv
[0.849s] -- Up-to-date: /home/hjpark/dev_hjp/ROS2/storagy-repo-1/i6robotics/install/guiding_services/share/guiding_services/local_setup.bash
[0.849s] -- Up-to-date: /home/hjpark/dev_hjp/ROS2/storagy-repo-1/i6robotics/install/guiding_services/share/guiding_services/local_setup.sh
[0.849s] -- Up-to-date: /home/hjpark/dev_hjp/ROS2/storagy-repo-1/i6robotics/install/guiding_services/share/guiding_services/local_setup.zsh
[0.850s] -- Up-to-date: /home/hjpark/dev_hjp/ROS2/storagy-repo-1/i6robotics/install/guiding_services/share/guiding_services/local_setup.dsv
[0.850s] -- Installing: /home/hjpark/dev_hjp/ROS2/storagy-repo-1/i6robotics/install/guiding_services/share/guiding_services/package.dsv
[0.851s] -- Up-to-date: /home/hjpark/dev_hjp/ROS2/storagy-repo-1/i6robotics/install/guiding_services/share/ament_index/resource_index/packages/guiding_services
[0.852s] -- Up-to-date: /home/hjpark/dev_hjp/ROS2/storagy-repo-1/i6robotics/install/guiding_services/share/guiding_services/cmake/export_guiding_services__rosidl_generator_cExport.cmake
[0.852s] -- Up-to-date: /home/hjpark/dev_hjp/ROS2/storagy-repo-1/i6robotics/install/guiding_services/share/guiding_services/cmake/export_guiding_services__rosidl_generator_cExport-noconfig.cmake
[0.852s] -- Up-to-date: /home/hjpark/dev_hjp/ROS2/storagy-repo-1/i6robotics/install/guiding_services/share/guiding_services/cmake/export_guiding_services__rosidl_typesupport_fastrtps_cExport.cmake
[0.853s] -- Up-to-date: /home/hjpark/dev_hjp/ROS2/storagy-repo-1/i6robotics/install/guiding_services/share/guiding_services/cmake/export_guiding_services__rosidl_typesupport_fastrtps_cExport-noconfig.cmake
[0.853s] -- Up-to-date: /home/hjpark/dev_hjp/ROS2/storagy-repo-1/i6robotics/install/guiding_services/share/guiding_services/cmake/guiding_services__rosidl_typesupport_introspection_cExport.cmake
[0.854s] -- Up-to-date: /home/hjpark/dev_hjp/ROS2/storagy-repo-1/i6robotics/install/guiding_services/share/guiding_services/cmake/guiding_services__rosidl_typesupport_introspection_cExport-noconfig.cmake
[0.854s] -- Up-to-date: /home/hjpark/dev_hjp/ROS2/storagy-repo-1/i6robotics/install/guiding_services/share/guiding_services/cmake/guiding_services__rosidl_typesupport_cExport.cmake
[0.855s] -- Up-to-date: /home/hjpark/dev_hjp/ROS2/storagy-repo-1/i6robotics/install/guiding_services/share/guiding_services/cmake/guiding_services__rosidl_typesupport_cExport-noconfig.cmake
[0.855s] -- Up-to-date: /home/hjpark/dev_hjp/ROS2/storagy-repo-1/i6robotics/install/guiding_services/share/guiding_services/cmake/export_guiding_services__rosidl_generator_cppExport.cmake
[0.855s] -- Up-to-date: /home/hjpark/dev_hjp/ROS2/storagy-repo-1/i6robotics/install/guiding_services/share/guiding_services/cmake/export_guiding_services__rosidl_typesupport_fastrtps_cppExport.cmake
[0.855s] -- Up-to-date: /home/hjpark/dev_hjp/ROS2/storagy-repo-1/i6robotics/install/guiding_services/share/guiding_services/cmake/export_guiding_services__rosidl_typesupport_fastrtps_cppExport-noconfig.cmake
[0.856s] -- Up-to-date: /home/hjpark/dev_hjp/ROS2/storagy-repo-1/i6robotics/install/guiding_services/share/guiding_services/cmake/guiding_services__rosidl_typesupport_introspection_cppExport.cmake
[0.856s] -- Up-to-date: /home/hjpark/dev_hjp/ROS2/storagy-repo-1/i6robotics/install/guiding_services/share/guiding_services/cmake/guiding_services__rosidl_typesupport_introspection_cppExport-noconfig.cmake
[0.856s] -- Up-to-date: /home/hjpark/dev_hjp/ROS2/storagy-repo-1/i6robotics/install/guiding_services/share/guiding_services/cmake/guiding_services__rosidl_typesupport_cppExport.cmake
[0.856s] -- Up-to-date: /home/hjpark/dev_hjp/ROS2/storagy-repo-1/i6robotics/install/guiding_services/share/guiding_services/cmake/guiding_services__rosidl_typesupport_cppExport-noconfig.cmake
[0.857s] -- Up-to-date: /home/hjpark/dev_hjp/ROS2/storagy-repo-1/i6robotics/install/guiding_services/share/guiding_services/cmake/export_guiding_services__rosidl_generator_pyExport.cmake
[0.857s] -- Up-to-date: /home/hjpark/dev_hjp/ROS2/storagy-repo-1/i6robotics/install/guiding_services/share/guiding_services/cmake/export_guiding_services__rosidl_generator_pyExport-noconfig.cmake
[0.857s] -- Up-to-date: /home/hjpark/dev_hjp/ROS2/storagy-repo-1/i6robotics/install/guiding_services/share/guiding_services/cmake/rosidl_cmake-extras.cmake
[0.857s] -- Up-to-date: /home/hjpark/dev_hjp/ROS2/storagy-repo-1/i6robotics/install/guiding_services/share/guiding_services/cmake/ament_cmake_export_dependencies-extras.cmake
[0.857s] -- Up-to-date: /home/hjpark/dev_hjp/ROS2/storagy-repo-1/i6robotics/install/guiding_services/share/guiding_services/cmake/ament_cmake_export_include_directories-extras.cmake
[0.857s] -- Up-to-date: /home/hjpark/dev_hjp/ROS2/storagy-repo-1/i6robotics/install/guiding_services/share/guiding_services/cmake/ament_cmake_export_libraries-extras.cmake
[0.857s] -- Up-to-date: /home/hjpark/dev_hjp/ROS2/storagy-repo-1/i6robotics/install/guiding_services/share/guiding_services/cmake/ament_cmake_export_targets-extras.cmake
[0.857s] -- Up-to-date: /home/hjpark/dev_hjp/ROS2/storagy-repo-1/i6robotics/install/guiding_services/share/guiding_services/cmake/rosidl_cmake_export_typesupport_targets-extras.cmake
[0.857s] -- Up-to-date: /home/hjpark/dev_hjp/ROS2/storagy-repo-1/i6robotics/install/guiding_services/share/guiding_services/cmake/rosidl_cmake_export_typesupport_libraries-extras.cmake
[0.858s] -- Up-to-date: /home/hjpark/dev_hjp/ROS2/storagy-repo-1/i6robotics/install/guiding_services/share/guiding_services/cmake/guiding_servicesConfig.cmake
[0.858s] -- Up-to-date: /home/hjpark/dev_hjp/ROS2/storagy-repo-1/i6robotics/install/guiding_services/share/guiding_services/cmake/guiding_servicesConfig-version.cmake
[0.858s] -- Up-to-date: /home/hjpark/dev_hjp/ROS2/storagy-repo-1/i6robotics/install/guiding_services/share/guiding_services/package.xml
[0.864s] Invoked command in '/home/hjpark/dev_hjp/ROS2/storagy-repo-1/i6robotics/build/guiding_services' returned '0': /usr/bin/cmake --install /home/hjpark/dev_hjp/ROS2/storagy-repo-1/i6robotics/build/guiding_services
