[0.115s] DEBUG:colcon:Command line arguments: ['/usr/bin/colcon', 'build']
[0.115s] DEBUG:colcon:Parsed command line arguments: Namespace(log_base=None, log_level=None, verb_name='build', build_base='build', install_base='install', merge_install=False, symlink_install=False, test_result_base=None, continue_on_error=False, executor='parallel', parallel_workers=16, event_handlers=None, ignore_user_meta=False, metas=['./colcon.meta'], base_paths=['.'], packages_ignore=None, packages_ignore_regex=None, paths=None, packages_up_to=None, packages_up_to_regex=None, packages_above=None, packages_above_and_dependencies=None, packages_above_depth=None, packages_select_by_dep=None, packages_skip_by_dep=None, packages_skip_up_to=None, packages_select_build_failed=False, packages_skip_build_finished=False, packages_select_test_failures=False, packages_skip_test_passed=False, packages_select=None, packages_skip=None, packages_select_regex=None, packages_skip_regex=None, packages_start=None, packages_end=None, allow_overriding=[], cmake_args=None, cmake_target=None, cmake_target_skip_unavailable=False, cmake_clean_cache=False, cmake_clean_first=False, cmake_force_configure=False, ament_cmake_args=None, catkin_cmake_args=None, catkin_skip_building_tests=False, mixin_files=None, mixin=None, verb_parser=<colcon_mixin.mixin.mixin_argument.MixinArgumentDecorator object at 0x7fc63b75c460>, verb_extension=<colcon_core.verb.build.BuildVerb object at 0x7fc63b8612d0>, main=<bound method BuildVerb.main of <colcon_core.verb.build.BuildVerb object at 0x7fc63b8612d0>>, mixin_verb=('build',))
[0.312s] Level 1:colcon.colcon_core.package_discovery:discover_packages(colcon_meta) check parameters
[0.312s] Level 1:colcon.colcon_core.package_discovery:discover_packages(recursive) check parameters
[0.312s] Level 1:colcon.colcon_core.package_discovery:discover_packages(ignore) check parameters
[0.312s] Level 1:colcon.colcon_core.package_discovery:discover_packages(path) check parameters
[0.312s] Level 1:colcon.colcon_core.package_discovery:discover_packages(colcon_meta) discover
[0.312s] Level 1:colcon.colcon_core.package_discovery:discover_packages(recursive) discover
[0.312s] INFO:colcon.colcon_core.package_discovery:Crawling recursively for packages in '/home/hjpark/dev_hjp/ROS2/storagy-repo-1/i6robotics'
[0.312s] Level 1:colcon.colcon_core.package_identification:_identify(.) by extensions ['ignore', 'ignore_ament_install']
[0.312s] Level 1:colcon.colcon_core.package_identification:_identify(.) by extension 'ignore'
[0.312s] Level 1:colcon.colcon_core.package_identification:_identify(.) by extension 'ignore_ament_install'
[0.312s] Level 1:colcon.colcon_core.package_identification:_identify(.) by extensions ['colcon_pkg']
[0.312s] Level 1:colcon.colcon_core.package_identification:_identify(.) by extension 'colcon_pkg'
[0.312s] Level 1:colcon.colcon_core.package_identification:_identify(.) by extensions ['colcon_meta']
[0.312s] Level 1:colcon.colcon_core.package_identification:_identify(.) by extension 'colcon_meta'
[0.312s] Level 1:colcon.colcon_core.package_identification:_identify(.) by extensions ['ros']
[0.312s] Level 1:colcon.colcon_core.package_identification:_identify(.) by extension 'ros'
[0.323s] Level 1:colcon.colcon_core.package_identification:_identify(.) by extensions ['cmake', 'python']
[0.323s] Level 1:colcon.colcon_core.package_identification:_identify(.) by extension 'cmake'
[0.323s] Level 1:colcon.colcon_core.package_identification:_identify(.) by extension 'python'
[0.323s] Level 1:colcon.colcon_core.package_identification:_identify(.) by extensions ['python_setup_py']
[0.323s] Level 1:colcon.colcon_core.package_identification:_identify(.) by extension 'python_setup_py'
[0.323s] Level 1:colcon.colcon_core.package_identification:_identify(build) by extensions ['ignore', 'ignore_ament_install']
[0.323s] Level 1:colcon.colcon_core.package_identification:_identify(build) by extension 'ignore'
[0.323s] Level 1:colcon.colcon_core.package_identification:_identify(build) ignored
[0.323s] Level 1:colcon.colcon_core.package_identification:_identify(install) by extensions ['ignore', 'ignore_ament_install']
[0.323s] Level 1:colcon.colcon_core.package_identification:_identify(install) by extension 'ignore'
[0.323s] Level 1:colcon.colcon_core.package_identification:_identify(install) ignored
[0.324s] Level 1:colcon.colcon_core.package_identification:_identify(log) by extensions ['ignore', 'ignore_ament_install']
[0.324s] Level 1:colcon.colcon_core.package_identification:_identify(log) by extension 'ignore'
[0.324s] Level 1:colcon.colcon_core.package_identification:_identify(log) ignored
[0.324s] Level 1:colcon.colcon_core.package_identification:_identify(src) by extensions ['ignore', 'ignore_ament_install']
[0.324s] Level 1:colcon.colcon_core.package_identification:_identify(src) by extension 'ignore'
[0.324s] Level 1:colcon.colcon_core.package_identification:_identify(src) by extension 'ignore_ament_install'
[0.324s] Level 1:colcon.colcon_core.package_identification:_identify(src) by extensions ['colcon_pkg']
[0.324s] Level 1:colcon.colcon_core.package_identification:_identify(src) by extension 'colcon_pkg'
[0.324s] Level 1:colcon.colcon_core.package_identification:_identify(src) by extensions ['colcon_meta']
[0.324s] Level 1:colcon.colcon_core.package_identification:_identify(src) by extension 'colcon_meta'
[0.324s] Level 1:colcon.colcon_core.package_identification:_identify(src) by extensions ['ros']
[0.324s] Level 1:colcon.colcon_core.package_identification:_identify(src) by extension 'ros'
[0.324s] Level 1:colcon.colcon_core.package_identification:_identify(src) by extensions ['cmake', 'python']
[0.324s] Level 1:colcon.colcon_core.package_identification:_identify(src) by extension 'cmake'
[0.324s] Level 1:colcon.colcon_core.package_identification:_identify(src) by extension 'python'
[0.324s] Level 1:colcon.colcon_core.package_identification:_identify(src) by extensions ['python_setup_py']
[0.324s] Level 1:colcon.colcon_core.package_identification:_identify(src) by extension 'python_setup_py'
[0.324s] Level 1:colcon.colcon_core.package_identification:_identify(src/guiding_services) by extensions ['ignore', 'ignore_ament_install']
[0.324s] Level 1:colcon.colcon_core.package_identification:_identify(src/guiding_services) by extension 'ignore'
[0.325s] Level 1:colcon.colcon_core.package_identification:_identify(src/guiding_services) by extension 'ignore_ament_install'
[0.325s] Level 1:colcon.colcon_core.package_identification:_identify(src/guiding_services) by extensions ['colcon_pkg']
[0.325s] Level 1:colcon.colcon_core.package_identification:_identify(src/guiding_services) by extension 'colcon_pkg'
[0.325s] Level 1:colcon.colcon_core.package_identification:_identify(src/guiding_services) by extensions ['colcon_meta']
[0.325s] Level 1:colcon.colcon_core.package_identification:_identify(src/guiding_services) by extension 'colcon_meta'
[0.325s] Level 1:colcon.colcon_core.package_identification:_identify(src/guiding_services) by extensions ['ros']
[0.325s] Level 1:colcon.colcon_core.package_identification:_identify(src/guiding_services) by extension 'ros'
[0.328s] DEBUG:colcon.colcon_core.package_identification:Package 'src/guiding_services' with type 'ros.ament_cmake' and name 'guiding_services'
[0.328s] Level 1:colcon.colcon_core.package_identification:_identify(src/i6robotics_control) by extensions ['ignore', 'ignore_ament_install']
[0.328s] Level 1:colcon.colcon_core.package_identification:_identify(src/i6robotics_control) by extension 'ignore'
[0.328s] Level 1:colcon.colcon_core.package_identification:_identify(src/i6robotics_control) by extension 'ignore_ament_install'
[0.328s] Level 1:colcon.colcon_core.package_identification:_identify(src/i6robotics_control) by extensions ['colcon_pkg']
[0.328s] Level 1:colcon.colcon_core.package_identification:_identify(src/i6robotics_control) by extension 'colcon_pkg'
[0.328s] Level 1:colcon.colcon_core.package_identification:_identify(src/i6robotics_control) by extensions ['colcon_meta']
[0.328s] Level 1:colcon.colcon_core.package_identification:_identify(src/i6robotics_control) by extension 'colcon_meta'
[0.328s] Level 1:colcon.colcon_core.package_identification:_identify(src/i6robotics_control) by extensions ['ros']
[0.328s] Level 1:colcon.colcon_core.package_identification:_identify(src/i6robotics_control) by extension 'ros'
[0.329s] DEBUG:colcon.colcon_core.package_identification:Package 'src/i6robotics_control' with type 'ros.ament_python' and name 'i6robotics_control'
[0.329s] Level 1:colcon.colcon_core.package_identification:_identify(src/i6robotics_control_msgs) by extensions ['ignore', 'ignore_ament_install']
[0.329s] Level 1:colcon.colcon_core.package_identification:_identify(src/i6robotics_control_msgs) by extension 'ignore'
[0.329s] Level 1:colcon.colcon_core.package_identification:_identify(src/i6robotics_control_msgs) by extension 'ignore_ament_install'
[0.329s] Level 1:colcon.colcon_core.package_identification:_identify(src/i6robotics_control_msgs) by extensions ['colcon_pkg']
[0.329s] Level 1:colcon.colcon_core.package_identification:_identify(src/i6robotics_control_msgs) by extension 'colcon_pkg'
[0.329s] Level 1:colcon.colcon_core.package_identification:_identify(src/i6robotics_control_msgs) by extensions ['colcon_meta']
[0.329s] Level 1:colcon.colcon_core.package_identification:_identify(src/i6robotics_control_msgs) by extension 'colcon_meta'
[0.329s] Level 1:colcon.colcon_core.package_identification:_identify(src/i6robotics_control_msgs) by extensions ['ros']
[0.329s] Level 1:colcon.colcon_core.package_identification:_identify(src/i6robotics_control_msgs) by extension 'ros'
[0.330s] DEBUG:colcon.colcon_core.package_identification:Package 'src/i6robotics_control_msgs' with type 'ros.ament_cmake' and name 'i6robotics_control_msgs'
[0.330s] Level 1:colcon.colcon_core.package_identification:_identify(src/i6robotics_data_processing) by extensions ['ignore', 'ignore_ament_install']
[0.330s] Level 1:colcon.colcon_core.package_identification:_identify(src/i6robotics_data_processing) by extension 'ignore'
[0.330s] Level 1:colcon.colcon_core.package_identification:_identify(src/i6robotics_data_processing) by extension 'ignore_ament_install'
[0.330s] Level 1:colcon.colcon_core.package_identification:_identify(src/i6robotics_data_processing) by extensions ['colcon_pkg']
[0.330s] Level 1:colcon.colcon_core.package_identification:_identify(src/i6robotics_data_processing) by extension 'colcon_pkg'
[0.330s] Level 1:colcon.colcon_core.package_identification:_identify(src/i6robotics_data_processing) by extensions ['colcon_meta']
[0.330s] Level 1:colcon.colcon_core.package_identification:_identify(src/i6robotics_data_processing) by extension 'colcon_meta'
[0.330s] Level 1:colcon.colcon_core.package_identification:_identify(src/i6robotics_data_processing) by extensions ['ros']
[0.330s] Level 1:colcon.colcon_core.package_identification:_identify(src/i6robotics_data_processing) by extension 'ros'
[0.338s] DEBUG:colcon.colcon_core.package_identification:Package 'src/i6robotics_data_processing' with type 'ros.ament_python' and name 'i6robotics_data_processing'
[0.339s] Level 1:colcon.colcon_core.package_identification:_identify(src/i6robotics_get_data) by extensions ['ignore', 'ignore_ament_install']
[0.339s] Level 1:colcon.colcon_core.package_identification:_identify(src/i6robotics_get_data) by extension 'ignore'
[0.339s] Level 1:colcon.colcon_core.package_identification:_identify(src/i6robotics_get_data) by extension 'ignore_ament_install'
[0.339s] Level 1:colcon.colcon_core.package_identification:_identify(src/i6robotics_get_data) by extensions ['colcon_pkg']
[0.339s] Level 1:colcon.colcon_core.package_identification:_identify(src/i6robotics_get_data) by extension 'colcon_pkg'
[0.339s] Level 1:colcon.colcon_core.package_identification:_identify(src/i6robotics_get_data) by extensions ['colcon_meta']
[0.339s] Level 1:colcon.colcon_core.package_identification:_identify(src/i6robotics_get_data) by extension 'colcon_meta'
[0.339s] Level 1:colcon.colcon_core.package_identification:_identify(src/i6robotics_get_data) by extensions ['ros']
[0.339s] Level 1:colcon.colcon_core.package_identification:_identify(src/i6robotics_get_data) by extension 'ros'
[0.339s] DEBUG:colcon.colcon_core.package_identification:Package 'src/i6robotics_get_data' with type 'ros.ament_python' and name 'i6robotics_get_data'
[0.340s] Level 1:colcon.colcon_core.package_identification:_identify(src/i6robotics_guiding) by extensions ['ignore', 'ignore_ament_install']
[0.340s] Level 1:colcon.colcon_core.package_identification:_identify(src/i6robotics_guiding) by extension 'ignore'
[0.340s] Level 1:colcon.colcon_core.package_identification:_identify(src/i6robotics_guiding) by extension 'ignore_ament_install'
[0.340s] Level 1:colcon.colcon_core.package_identification:_identify(src/i6robotics_guiding) by extensions ['colcon_pkg']
[0.340s] Level 1:colcon.colcon_core.package_identification:_identify(src/i6robotics_guiding) by extension 'colcon_pkg'
[0.340s] Level 1:colcon.colcon_core.package_identification:_identify(src/i6robotics_guiding) by extensions ['colcon_meta']
[0.340s] Level 1:colcon.colcon_core.package_identification:_identify(src/i6robotics_guiding) by extension 'colcon_meta'
[0.340s] Level 1:colcon.colcon_core.package_identification:_identify(src/i6robotics_guiding) by extensions ['ros']
[0.340s] Level 1:colcon.colcon_core.package_identification:_identify(src/i6robotics_guiding) by extension 'ros'
[0.341s] DEBUG:colcon.colcon_core.package_identification:Package 'src/i6robotics_guiding' with type 'ros.ament_python' and name 'i6robotics_guiding'
[0.341s] Level 1:colcon.colcon_core.package_identification:_identify(src/i6robotics_msgs) by extensions ['ignore', 'ignore_ament_install']
[0.341s] Level 1:colcon.colcon_core.package_identification:_identify(src/i6robotics_msgs) by extension 'ignore'
[0.341s] Level 1:colcon.colcon_core.package_identification:_identify(src/i6robotics_msgs) by extension 'ignore_ament_install'
[0.341s] Level 1:colcon.colcon_core.package_identification:_identify(src/i6robotics_msgs) by extensions ['colcon_pkg']
[0.341s] Level 1:colcon.colcon_core.package_identification:_identify(src/i6robotics_msgs) by extension 'colcon_pkg'
[0.341s] Level 1:colcon.colcon_core.package_identification:_identify(src/i6robotics_msgs) by extensions ['colcon_meta']
[0.341s] Level 1:colcon.colcon_core.package_identification:_identify(src/i6robotics_msgs) by extension 'colcon_meta'
[0.341s] Level 1:colcon.colcon_core.package_identification:_identify(src/i6robotics_msgs) by extensions ['ros']
[0.342s] Level 1:colcon.colcon_core.package_identification:_identify(src/i6robotics_msgs) by extension 'ros'
[0.342s] DEBUG:colcon.colcon_core.package_identification:Package 'src/i6robotics_msgs' with type 'ros.ament_cmake' and name 'i6robotics_msgs'
[0.342s] Level 1:colcon.colcon_core.package_discovery:discover_packages(recursive) using defaults
[0.342s] Level 1:colcon.colcon_core.package_discovery:discover_packages(ignore) discover
[0.342s] Level 1:colcon.colcon_core.package_discovery:discover_packages(ignore) using defaults
[0.342s] Level 1:colcon.colcon_core.package_discovery:discover_packages(path) discover
[0.342s] Level 1:colcon.colcon_core.package_discovery:discover_packages(path) using defaults
[0.361s] Level 1:colcon.colcon_core.package_discovery:discover_packages(prefix_path) check parameters
[0.361s] Level 1:colcon.colcon_core.package_discovery:discover_packages(prefix_path) discover
[0.365s] DEBUG:colcon.colcon_installed_package_information.package_discovery:Found 393 installed packages in /opt/ros/humble
[0.367s] Level 1:colcon.colcon_core.package_discovery:discover_packages(prefix_path) using defaults
[0.413s] Level 5:colcon.colcon_core.verb:set package 'guiding_services' build argument 'cmake_args' from command line to 'None'
[0.413s] Level 5:colcon.colcon_core.verb:set package 'guiding_services' build argument 'cmake_target' from command line to 'None'
[0.413s] Level 5:colcon.colcon_core.verb:set package 'guiding_services' build argument 'cmake_target_skip_unavailable' from command line to 'False'
[0.413s] Level 5:colcon.colcon_core.verb:set package 'guiding_services' build argument 'cmake_clean_cache' from command line to 'False'
[0.413s] Level 5:colcon.colcon_core.verb:set package 'guiding_services' build argument 'cmake_clean_first' from command line to 'False'
[0.413s] Level 5:colcon.colcon_core.verb:set package 'guiding_services' build argument 'cmake_force_configure' from command line to 'False'
[0.413s] Level 5:colcon.colcon_core.verb:set package 'guiding_services' build argument 'ament_cmake_args' from command line to 'None'
[0.413s] Level 5:colcon.colcon_core.verb:set package 'guiding_services' build argument 'catkin_cmake_args' from command line to 'None'
[0.413s] Level 5:colcon.colcon_core.verb:set package 'guiding_services' build argument 'catkin_skip_building_tests' from command line to 'False'
[0.413s] DEBUG:colcon.colcon_core.verb:Building package 'guiding_services' with the following arguments: {'ament_cmake_args': None, 'build_base': '/home/hjpark/dev_hjp/ROS2/storagy-repo-1/i6robotics/build/guiding_services', 'catkin_cmake_args': None, 'catkin_skip_building_tests': False, 'cmake_args': None, 'cmake_clean_cache': False, 'cmake_clean_first': False, 'cmake_force_configure': False, 'cmake_target': None, 'cmake_target_skip_unavailable': False, 'install_base': '/home/hjpark/dev_hjp/ROS2/storagy-repo-1/i6robotics/install/guiding_services', 'merge_install': False, 'path': '/home/hjpark/dev_hjp/ROS2/storagy-repo-1/i6robotics/src/guiding_services', 'symlink_install': False, 'test_result_base': None}
[0.413s] Level 5:colcon.colcon_core.verb:set package 'i6robotics_control' build argument 'cmake_args' from command line to 'None'
[0.414s] Level 5:colcon.colcon_core.verb:set package 'i6robotics_control' build argument 'cmake_target' from command line to 'None'
[0.414s] Level 5:colcon.colcon_core.verb:set package 'i6robotics_control' build argument 'cmake_target_skip_unavailable' from command line to 'False'
[0.414s] Level 5:colcon.colcon_core.verb:set package 'i6robotics_control' build argument 'cmake_clean_cache' from command line to 'False'
[0.414s] Level 5:colcon.colcon_core.verb:set package 'i6robotics_control' build argument 'cmake_clean_first' from command line to 'False'
[0.414s] Level 5:colcon.colcon_core.verb:set package 'i6robotics_control' build argument 'cmake_force_configure' from command line to 'False'
[0.414s] Level 5:colcon.colcon_core.verb:set package 'i6robotics_control' build argument 'ament_cmake_args' from command line to 'None'
[0.414s] Level 5:colcon.colcon_core.verb:set package 'i6robotics_control' build argument 'catkin_cmake_args' from command line to 'None'
[0.414s] Level 5:colcon.colcon_core.verb:set package 'i6robotics_control' build argument 'catkin_skip_building_tests' from command line to 'False'
[0.414s] DEBUG:colcon.colcon_core.verb:Building package 'i6robotics_control' with the following arguments: {'ament_cmake_args': None, 'build_base': '/home/hjpark/dev_hjp/ROS2/storagy-repo-1/i6robotics/build/i6robotics_control', 'catkin_cmake_args': None, 'catkin_skip_building_tests': False, 'cmake_args': None, 'cmake_clean_cache': False, 'cmake_clean_first': False, 'cmake_force_configure': False, 'cmake_target': None, 'cmake_target_skip_unavailable': False, 'install_base': '/home/hjpark/dev_hjp/ROS2/storagy-repo-1/i6robotics/install/i6robotics_control', 'merge_install': False, 'path': '/home/hjpark/dev_hjp/ROS2/storagy-repo-1/i6robotics/src/i6robotics_control', 'symlink_install': False, 'test_result_base': None}
[0.414s] Level 5:colcon.colcon_core.verb:set package 'i6robotics_control_msgs' build argument 'cmake_args' from command line to 'None'
[0.414s] Level 5:colcon.colcon_core.verb:set package 'i6robotics_control_msgs' build argument 'cmake_target' from command line to 'None'
[0.414s] Level 5:colcon.colcon_core.verb:set package 'i6robotics_control_msgs' build argument 'cmake_target_skip_unavailable' from command line to 'False'
[0.414s] Level 5:colcon.colcon_core.verb:set package 'i6robotics_control_msgs' build argument 'cmake_clean_cache' from command line to 'False'
[0.414s] Level 5:colcon.colcon_core.verb:set package 'i6robotics_control_msgs' build argument 'cmake_clean_first' from command line to 'False'
[0.414s] Level 5:colcon.colcon_core.verb:set package 'i6robotics_control_msgs' build argument 'cmake_force_configure' from command line to 'False'
[0.414s] Level 5:colcon.colcon_core.verb:set package 'i6robotics_control_msgs' build argument 'ament_cmake_args' from command line to 'None'
[0.414s] Level 5:colcon.colcon_core.verb:set package 'i6robotics_control_msgs' build argument 'catkin_cmake_args' from command line to 'None'
[0.414s] Level 5:colcon.colcon_core.verb:set package 'i6robotics_control_msgs' build argument 'catkin_skip_building_tests' from command line to 'False'
[0.414s] DEBUG:colcon.colcon_core.verb:Building package 'i6robotics_control_msgs' with the following arguments: {'ament_cmake_args': None, 'build_base': '/home/hjpark/dev_hjp/ROS2/storagy-repo-1/i6robotics/build/i6robotics_control_msgs', 'catkin_cmake_args': None, 'catkin_skip_building_tests': False, 'cmake_args': None, 'cmake_clean_cache': False, 'cmake_clean_first': False, 'cmake_force_configure': False, 'cmake_target': None, 'cmake_target_skip_unavailable': False, 'install_base': '/home/hjpark/dev_hjp/ROS2/storagy-repo-1/i6robotics/install/i6robotics_control_msgs', 'merge_install': False, 'path': '/home/hjpark/dev_hjp/ROS2/storagy-repo-1/i6robotics/src/i6robotics_control_msgs', 'symlink_install': False, 'test_result_base': None}
[0.415s] Level 5:colcon.colcon_core.verb:set package 'i6robotics_data_processing' build argument 'cmake_args' from command line to 'None'
[0.415s] Level 5:colcon.colcon_core.verb:set package 'i6robotics_data_processing' build argument 'cmake_target' from command line to 'None'
[0.415s] Level 5:colcon.colcon_core.verb:set package 'i6robotics_data_processing' build argument 'cmake_target_skip_unavailable' from command line to 'False'
[0.415s] Level 5:colcon.colcon_core.verb:set package 'i6robotics_data_processing' build argument 'cmake_clean_cache' from command line to 'False'
[0.415s] Level 5:colcon.colcon_core.verb:set package 'i6robotics_data_processing' build argument 'cmake_clean_first' from command line to 'False'
[0.415s] Level 5:colcon.colcon_core.verb:set package 'i6robotics_data_processing' build argument 'cmake_force_configure' from command line to 'False'
[0.415s] Level 5:colcon.colcon_core.verb:set package 'i6robotics_data_processing' build argument 'ament_cmake_args' from command line to 'None'
[0.415s] Level 5:colcon.colcon_core.verb:set package 'i6robotics_data_processing' build argument 'catkin_cmake_args' from command line to 'None'
[0.415s] Level 5:colcon.colcon_core.verb:set package 'i6robotics_data_processing' build argument 'catkin_skip_building_tests' from command line to 'False'
[0.415s] DEBUG:colcon.colcon_core.verb:Building package 'i6robotics_data_processing' with the following arguments: {'ament_cmake_args': None, 'build_base': '/home/hjpark/dev_hjp/ROS2/storagy-repo-1/i6robotics/build/i6robotics_data_processing', 'catkin_cmake_args': None, 'catkin_skip_building_tests': False, 'cmake_args': None, 'cmake_clean_cache': False, 'cmake_clean_first': False, 'cmake_force_configure': False, 'cmake_target': None, 'cmake_target_skip_unavailable': False, 'install_base': '/home/hjpark/dev_hjp/ROS2/storagy-repo-1/i6robotics/install/i6robotics_data_processing', 'merge_install': False, 'path': '/home/hjpark/dev_hjp/ROS2/storagy-repo-1/i6robotics/src/i6robotics_data_processing', 'symlink_install': False, 'test_result_base': None}
[0.415s] Level 5:colcon.colcon_core.verb:set package 'i6robotics_get_data' build argument 'cmake_args' from command line to 'None'
[0.415s] Level 5:colcon.colcon_core.verb:set package 'i6robotics_get_data' build argument 'cmake_target' from command line to 'None'
[0.415s] Level 5:colcon.colcon_core.verb:set package 'i6robotics_get_data' build argument 'cmake_target_skip_unavailable' from command line to 'False'
[0.415s] Level 5:colcon.colcon_core.verb:set package 'i6robotics_get_data' build argument 'cmake_clean_cache' from command line to 'False'
[0.415s] Level 5:colcon.colcon_core.verb:set package 'i6robotics_get_data' build argument 'cmake_clean_first' from command line to 'False'
[0.415s] Level 5:colcon.colcon_core.verb:set package 'i6robotics_get_data' build argument 'cmake_force_configure' from command line to 'False'
[0.415s] Level 5:colcon.colcon_core.verb:set package 'i6robotics_get_data' build argument 'ament_cmake_args' from command line to 'None'
[0.415s] Level 5:colcon.colcon_core.verb:set package 'i6robotics_get_data' build argument 'catkin_cmake_args' from command line to 'None'
[0.415s] Level 5:colcon.colcon_core.verb:set package 'i6robotics_get_data' build argument 'catkin_skip_building_tests' from command line to 'False'
[0.415s] DEBUG:colcon.colcon_core.verb:Building package 'i6robotics_get_data' with the following arguments: {'ament_cmake_args': None, 'build_base': '/home/hjpark/dev_hjp/ROS2/storagy-repo-1/i6robotics/build/i6robotics_get_data', 'catkin_cmake_args': None, 'catkin_skip_building_tests': False, 'cmake_args': None, 'cmake_clean_cache': False, 'cmake_clean_first': False, 'cmake_force_configure': False, 'cmake_target': None, 'cmake_target_skip_unavailable': False, 'install_base': '/home/hjpark/dev_hjp/ROS2/storagy-repo-1/i6robotics/install/i6robotics_get_data', 'merge_install': False, 'path': '/home/hjpark/dev_hjp/ROS2/storagy-repo-1/i6robotics/src/i6robotics_get_data', 'symlink_install': False, 'test_result_base': None}
[0.416s] Level 5:colcon.colcon_core.verb:set package 'i6robotics_guiding' build argument 'cmake_args' from command line to 'None'
[0.416s] Level 5:colcon.colcon_core.verb:set package 'i6robotics_guiding' build argument 'cmake_target' from command line to 'None'
[0.416s] Level 5:colcon.colcon_core.verb:set package 'i6robotics_guiding' build argument 'cmake_target_skip_unavailable' from command line to 'False'
[0.416s] Level 5:colcon.colcon_core.verb:set package 'i6robotics_guiding' build argument 'cmake_clean_cache' from command line to 'False'
[0.416s] Level 5:colcon.colcon_core.verb:set package 'i6robotics_guiding' build argument 'cmake_clean_first' from command line to 'False'
[0.416s] Level 5:colcon.colcon_core.verb:set package 'i6robotics_guiding' build argument 'cmake_force_configure' from command line to 'False'
[0.416s] Level 5:colcon.colcon_core.verb:set package 'i6robotics_guiding' build argument 'ament_cmake_args' from command line to 'None'
[0.416s] Level 5:colcon.colcon_core.verb:set package 'i6robotics_guiding' build argument 'catkin_cmake_args' from command line to 'None'
[0.416s] Level 5:colcon.colcon_core.verb:set package 'i6robotics_guiding' build argument 'catkin_skip_building_tests' from command line to 'False'
[0.416s] DEBUG:colcon.colcon_core.verb:Building package 'i6robotics_guiding' with the following arguments: {'ament_cmake_args': None, 'build_base': '/home/hjpark/dev_hjp/ROS2/storagy-repo-1/i6robotics/build/i6robotics_guiding', 'catkin_cmake_args': None, 'catkin_skip_building_tests': False, 'cmake_args': None, 'cmake_clean_cache': False, 'cmake_clean_first': False, 'cmake_force_configure': False, 'cmake_target': None, 'cmake_target_skip_unavailable': False, 'install_base': '/home/hjpark/dev_hjp/ROS2/storagy-repo-1/i6robotics/install/i6robotics_guiding', 'merge_install': False, 'path': '/home/hjpark/dev_hjp/ROS2/storagy-repo-1/i6robotics/src/i6robotics_guiding', 'symlink_install': False, 'test_result_base': None}
[0.416s] Level 5:colcon.colcon_core.verb:set package 'i6robotics_msgs' build argument 'cmake_args' from command line to 'None'
[0.416s] Level 5:colcon.colcon_core.verb:set package 'i6robotics_msgs' build argument 'cmake_target' from command line to 'None'
[0.416s] Level 5:colcon.colcon_core.verb:set package 'i6robotics_msgs' build argument 'cmake_target_skip_unavailable' from command line to 'False'
[0.416s] Level 5:colcon.colcon_core.verb:set package 'i6robotics_msgs' build argument 'cmake_clean_cache' from command line to 'False'
[0.416s] Level 5:colcon.colcon_core.verb:set package 'i6robotics_msgs' build argument 'cmake_clean_first' from command line to 'False'
[0.416s] Level 5:colcon.colcon_core.verb:set package 'i6robotics_msgs' build argument 'cmake_force_configure' from command line to 'False'
[0.416s] Level 5:colcon.colcon_core.verb:set package 'i6robotics_msgs' build argument 'ament_cmake_args' from command line to 'None'
[0.416s] Level 5:colcon.colcon_core.verb:set package 'i6robotics_msgs' build argument 'catkin_cmake_args' from command line to 'None'
[0.416s] Level 5:colcon.colcon_core.verb:set package 'i6robotics_msgs' build argument 'catkin_skip_building_tests' from command line to 'False'
[0.416s] DEBUG:colcon.colcon_core.verb:Building package 'i6robotics_msgs' with the following arguments: {'ament_cmake_args': None, 'build_base': '/home/hjpark/dev_hjp/ROS2/storagy-repo-1/i6robotics/build/i6robotics_msgs', 'catkin_cmake_args': None, 'catkin_skip_building_tests': False, 'cmake_args': None, 'cmake_clean_cache': False, 'cmake_clean_first': False, 'cmake_force_configure': False, 'cmake_target': None, 'cmake_target_skip_unavailable': False, 'install_base': '/home/hjpark/dev_hjp/ROS2/storagy-repo-1/i6robotics/install/i6robotics_msgs', 'merge_install': False, 'path': '/home/hjpark/dev_hjp/ROS2/storagy-repo-1/i6robotics/src/i6robotics_msgs', 'symlink_install': False, 'test_result_base': None}
[0.416s] INFO:colcon.colcon_core.executor:Executing jobs using 'parallel' executor
[0.418s] DEBUG:colcon.colcon_parallel_executor.executor.parallel:run_until_complete
[0.418s] INFO:colcon.colcon_ros.task.ament_cmake.build:Building ROS package in '/home/hjpark/dev_hjp/ROS2/storagy-repo-1/i6robotics/src/guiding_services' with build type 'ament_cmake'
[0.418s] INFO:colcon.colcon_cmake.task.cmake.build:Building CMake package in '/home/hjpark/dev_hjp/ROS2/storagy-repo-1/i6robotics/src/guiding_services'
[0.420s] INFO:colcon.colcon_core.plugin_system:Skipping extension 'colcon_core.shell.bat': Not used on non-Windows systems
[0.420s] INFO:colcon.colcon_core.shell:Skip shell extension 'powershell' for command environment: Not usable outside of PowerShell
[0.420s] DEBUG:colcon.colcon_core.shell:Skip shell extension 'dsv' for command environment
[0.424s] INFO:colcon.colcon_ros.task.ament_python.build:Building ROS package in '/home/hjpark/dev_hjp/ROS2/storagy-repo-1/i6robotics/src/i6robotics_control' with build type 'ament_python'
[0.424s] Level 1:colcon.colcon_core.shell:create_environment_hook('i6robotics_control', 'ament_prefix_path')
[0.424s] INFO:colcon.colcon_core.shell:Creating environment hook '/home/hjpark/dev_hjp/ROS2/storagy-repo-1/i6robotics/install/i6robotics_control/share/i6robotics_control/hook/ament_prefix_path.ps1'
[0.425s] INFO:colcon.colcon_core.shell:Creating environment descriptor '/home/hjpark/dev_hjp/ROS2/storagy-repo-1/i6robotics/install/i6robotics_control/share/i6robotics_control/hook/ament_prefix_path.dsv'
[0.426s] INFO:colcon.colcon_core.shell:Creating environment hook '/home/hjpark/dev_hjp/ROS2/storagy-repo-1/i6robotics/install/i6robotics_control/share/i6robotics_control/hook/ament_prefix_path.sh'
[0.426s] INFO:colcon.colcon_core.shell:Skip shell extension 'powershell' for command environment: Not usable outside of PowerShell
[0.426s] DEBUG:colcon.colcon_core.shell:Skip shell extension 'dsv' for command environment
[0.430s] INFO:colcon.colcon_ros.task.ament_cmake.build:Building ROS package in '/home/hjpark/dev_hjp/ROS2/storagy-repo-1/i6robotics/src/i6robotics_control_msgs' with build type 'ament_cmake'
[0.430s] INFO:colcon.colcon_cmake.task.cmake.build:Building CMake package in '/home/hjpark/dev_hjp/ROS2/storagy-repo-1/i6robotics/src/i6robotics_control_msgs'
[0.430s] INFO:colcon.colcon_core.shell:Skip shell extension 'powershell' for command environment: Not usable outside of PowerShell
[0.430s] DEBUG:colcon.colcon_core.shell:Skip shell extension 'dsv' for command environment
[0.434s] INFO:colcon.colcon_ros.task.ament_python.build:Building ROS package in '/home/hjpark/dev_hjp/ROS2/storagy-repo-1/i6robotics/src/i6robotics_data_processing' with build type 'ament_python'
[0.434s] Level 1:colcon.colcon_core.shell:create_environment_hook('i6robotics_data_processing', 'ament_prefix_path')
[0.434s] INFO:colcon.colcon_core.shell:Creating environment hook '/home/hjpark/dev_hjp/ROS2/storagy-repo-1/i6robotics/install/i6robotics_data_processing/share/i6robotics_data_processing/hook/ament_prefix_path.ps1'
[0.435s] INFO:colcon.colcon_core.shell:Creating environment descriptor '/home/hjpark/dev_hjp/ROS2/storagy-repo-1/i6robotics/install/i6robotics_data_processing/share/i6robotics_data_processing/hook/ament_prefix_path.dsv'
[0.435s] INFO:colcon.colcon_core.shell:Creating environment hook '/home/hjpark/dev_hjp/ROS2/storagy-repo-1/i6robotics/install/i6robotics_data_processing/share/i6robotics_data_processing/hook/ament_prefix_path.sh'
[0.436s] INFO:colcon.colcon_core.shell:Skip shell extension 'powershell' for command environment: Not usable outside of PowerShell
[0.436s] DEBUG:colcon.colcon_core.shell:Skip shell extension 'dsv' for command environment
[0.439s] INFO:colcon.colcon_ros.task.ament_python.build:Building ROS package in '/home/hjpark/dev_hjp/ROS2/storagy-repo-1/i6robotics/src/i6robotics_get_data' with build type 'ament_python'
[0.439s] Level 1:colcon.colcon_core.shell:create_environment_hook('i6robotics_get_data', 'ament_prefix_path')
[0.440s] INFO:colcon.colcon_core.shell:Creating environment hook '/home/hjpark/dev_hjp/ROS2/storagy-repo-1/i6robotics/install/i6robotics_get_data/share/i6robotics_get_data/hook/ament_prefix_path.ps1'
[0.441s] INFO:colcon.colcon_core.shell:Creating environment descriptor '/home/hjpark/dev_hjp/ROS2/storagy-repo-1/i6robotics/install/i6robotics_get_data/share/i6robotics_get_data/hook/ament_prefix_path.dsv'
[0.441s] INFO:colcon.colcon_core.shell:Creating environment hook '/home/hjpark/dev_hjp/ROS2/storagy-repo-1/i6robotics/install/i6robotics_get_data/share/i6robotics_get_data/hook/ament_prefix_path.sh'
[0.442s] INFO:colcon.colcon_core.shell:Skip shell extension 'powershell' for command environment: Not usable outside of PowerShell
[0.442s] DEBUG:colcon.colcon_core.shell:Skip shell extension 'dsv' for command environment
[0.445s] INFO:colcon.colcon_ros.task.ament_python.build:Building ROS package in '/home/hjpark/dev_hjp/ROS2/storagy-repo-1/i6robotics/src/i6robotics_guiding' with build type 'ament_python'
[0.445s] Level 1:colcon.colcon_core.shell:create_environment_hook('i6robotics_guiding', 'ament_prefix_path')
[0.445s] INFO:colcon.colcon_core.shell:Creating environment hook '/home/hjpark/dev_hjp/ROS2/storagy-repo-1/i6robotics/install/i6robotics_guiding/share/i6robotics_guiding/hook/ament_prefix_path.ps1'
[0.446s] INFO:colcon.colcon_core.shell:Creating environment descriptor '/home/hjpark/dev_hjp/ROS2/storagy-repo-1/i6robotics/install/i6robotics_guiding/share/i6robotics_guiding/hook/ament_prefix_path.dsv'
[0.447s] INFO:colcon.colcon_core.shell:Creating environment hook '/home/hjpark/dev_hjp/ROS2/storagy-repo-1/i6robotics/install/i6robotics_guiding/share/i6robotics_guiding/hook/ament_prefix_path.sh'
[0.447s] INFO:colcon.colcon_core.shell:Skip shell extension 'powershell' for command environment: Not usable outside of PowerShell
[0.448s] DEBUG:colcon.colcon_core.shell:Skip shell extension 'dsv' for command environment
[0.451s] INFO:colcon.colcon_ros.task.ament_cmake.build:Building ROS package in '/home/hjpark/dev_hjp/ROS2/storagy-repo-1/i6robotics/src/i6robotics_msgs' with build type 'ament_cmake'
[0.451s] INFO:colcon.colcon_cmake.task.cmake.build:Building CMake package in '/home/hjpark/dev_hjp/ROS2/storagy-repo-1/i6robotics/src/i6robotics_msgs'
[0.451s] INFO:colcon.colcon_core.shell:Skip shell extension 'powershell' for command environment: Not usable outside of PowerShell
[0.451s] DEBUG:colcon.colcon_core.shell:Skip shell extension 'dsv' for command environment
[0.461s] DEBUG:colcon.colcon_core.event_handler.log_command:Invoking command in '/home/hjpark/dev_hjp/ROS2/storagy-repo-1/i6robotics/build/guiding_services': CMAKE_PREFIX_PATH=/opt/ros/humble /usr/bin/cmake /home/hjpark/dev_hjp/ROS2/storagy-repo-1/i6robotics/src/guiding_services -DCMAKE_INSTALL_PREFIX=/home/hjpark/dev_hjp/ROS2/storagy-repo-1/i6robotics/install/guiding_services
[0.754s] INFO:colcon.colcon_core.task.python.build:Building Python package in '/home/hjpark/dev_hjp/ROS2/storagy-repo-1/i6robotics/src/i6robotics_control'
[0.754s] INFO:colcon.colcon_core.shell:Skip shell extension 'powershell' for command environment: Not usable outside of PowerShell
[0.755s] DEBUG:colcon.colcon_core.shell:Skip shell extension 'dsv' for command environment
[0.761s] DEBUG:colcon.colcon_core.event_handler.log_command:Invoking command in '/home/hjpark/dev_hjp/ROS2/storagy-repo-1/i6robotics/build/i6robotics_control_msgs': CMAKE_PREFIX_PATH=/opt/ros/humble /usr/bin/cmake /home/hjpark/dev_hjp/ROS2/storagy-repo-1/i6robotics/src/i6robotics_control_msgs -DCMAKE_INSTALL_PREFIX=/home/hjpark/dev_hjp/ROS2/storagy-repo-1/i6robotics/install/i6robotics_control_msgs
[0.993s] INFO:colcon.colcon_core.task.python.build:Building Python package in '/home/hjpark/dev_hjp/ROS2/storagy-repo-1/i6robotics/src/i6robotics_data_processing'
[0.993s] INFO:colcon.colcon_core.shell:Skip shell extension 'powershell' for command environment: Not usable outside of PowerShell
[0.994s] DEBUG:colcon.colcon_core.shell:Skip shell extension 'dsv' for command environment
[1.216s] INFO:colcon.colcon_core.task.python.build:Building Python package in '/home/hjpark/dev_hjp/ROS2/storagy-repo-1/i6robotics/src/i6robotics_get_data'
[1.216s] INFO:colcon.colcon_core.shell:Skip shell extension 'powershell' for command environment: Not usable outside of PowerShell
[1.216s] DEBUG:colcon.colcon_core.shell:Skip shell extension 'dsv' for command environment
[1.438s] INFO:colcon.colcon_core.task.python.build:Building Python package in '/home/hjpark/dev_hjp/ROS2/storagy-repo-1/i6robotics/src/i6robotics_guiding'
[1.439s] INFO:colcon.colcon_core.shell:Skip shell extension 'powershell' for command environment: Not usable outside of PowerShell
[1.439s] DEBUG:colcon.colcon_core.shell:Skip shell extension 'dsv' for command environment
[1.448s] DEBUG:colcon.colcon_core.event_handler.log_command:Invoking command in '/home/hjpark/dev_hjp/ROS2/storagy-repo-1/i6robotics/build/i6robotics_msgs': CMAKE_PREFIX_PATH=/opt/ros/humble /usr/bin/cmake /home/hjpark/dev_hjp/ROS2/storagy-repo-1/i6robotics/src/i6robotics_msgs -DCMAKE_INSTALL_PREFIX=/home/hjpark/dev_hjp/ROS2/storagy-repo-1/i6robotics/install/i6robotics_msgs
[1.800s] DEBUG:colcon.colcon_core.event_handler.log_command:Invoking command in '/home/hjpark/dev_hjp/ROS2/storagy-repo-1/i6robotics/src/i6robotics_control': PYTHONPATH=/home/hjpark/dev_hjp/ROS2/storagy-repo-1/i6robotics/build/i6robotics_control/prefix_override:/usr/lib/python3/dist-packages/colcon_core/task/python/colcon_distutils_commands:/home/hjpark/dev_hjp/ROS2/storagy-repo-1/i6robotics/install/i6robotics_control/lib/python3.10/site-packages:${PYTHONPATH} /usr/bin/python3 -W ignore:setup.py install is deprecated -W ignore:easy_install command is deprecated setup.py egg_info --egg-base ../../build/i6robotics_control build --build-base /home/hjpark/dev_hjp/ROS2/storagy-repo-1/i6robotics/build/i6robotics_control/build install --record /home/hjpark/dev_hjp/ROS2/storagy-repo-1/i6robotics/build/i6robotics_control/install.log --single-version-externally-managed install_data
[1.805s] DEBUG:colcon.colcon_core.event_handler.log_command:Invoking command in '/home/hjpark/dev_hjp/ROS2/storagy-repo-1/i6robotics/src/i6robotics_get_data': PYTHONPATH=/home/hjpark/dev_hjp/ROS2/storagy-repo-1/i6robotics/build/i6robotics_get_data/prefix_override:/usr/lib/python3/dist-packages/colcon_core/task/python/colcon_distutils_commands:/home/hjpark/dev_hjp/ROS2/storagy-repo-1/i6robotics/install/i6robotics_get_data/lib/python3.10/site-packages:${PYTHONPATH} /usr/bin/python3 -W ignore:setup.py install is deprecated -W ignore:easy_install command is deprecated setup.py egg_info --egg-base ../../build/i6robotics_get_data build --build-base /home/hjpark/dev_hjp/ROS2/storagy-repo-1/i6robotics/build/i6robotics_get_data/build install --record /home/hjpark/dev_hjp/ROS2/storagy-repo-1/i6robotics/build/i6robotics_get_data/install.log --single-version-externally-managed install_data
[1.811s] DEBUG:colcon.colcon_core.event_handler.log_command:Invoking command in '/home/hjpark/dev_hjp/ROS2/storagy-repo-1/i6robotics/src/i6robotics_guiding': PYTHONPATH=/home/hjpark/dev_hjp/ROS2/storagy-repo-1/i6robotics/build/i6robotics_guiding/prefix_override:/usr/lib/python3/dist-packages/colcon_core/task/python/colcon_distutils_commands:/home/hjpark/dev_hjp/ROS2/storagy-repo-1/i6robotics/install/i6robotics_guiding/lib/python3.10/site-packages:${PYTHONPATH} /usr/bin/python3 -W ignore:setup.py install is deprecated -W ignore:easy_install command is deprecated setup.py egg_info --egg-base ../../build/i6robotics_guiding build --build-base /home/hjpark/dev_hjp/ROS2/storagy-repo-1/i6robotics/build/i6robotics_guiding/build install --record /home/hjpark/dev_hjp/ROS2/storagy-repo-1/i6robotics/build/i6robotics_guiding/install.log --single-version-externally-managed install_data
[1.836s] DEBUG:colcon.colcon_core.event_handler.log_command:Invoking command in '/home/hjpark/dev_hjp/ROS2/storagy-repo-1/i6robotics/src/i6robotics_data_processing': PYTHONPATH=/home/hjpark/dev_hjp/ROS2/storagy-repo-1/i6robotics/build/i6robotics_data_processing/prefix_override:/usr/lib/python3/dist-packages/colcon_core/task/python/colcon_distutils_commands:/home/hjpark/dev_hjp/ROS2/storagy-repo-1/i6robotics/install/i6robotics_data_processing/lib/python3.10/site-packages:${PYTHONPATH} /usr/bin/python3 -W ignore:setup.py install is deprecated -W ignore:easy_install command is deprecated setup.py egg_info --egg-base ../../build/i6robotics_data_processing build --build-base /home/hjpark/dev_hjp/ROS2/storagy-repo-1/i6robotics/build/i6robotics_data_processing/build install --record /home/hjpark/dev_hjp/ROS2/storagy-repo-1/i6robotics/build/i6robotics_data_processing/install.log --single-version-externally-managed install_data
[1.950s] DEBUG:colcon.colcon_core.event_handler.log_command:Invoked command in '/home/hjpark/dev_hjp/ROS2/storagy-repo-1/i6robotics/build/guiding_services' returned '0': CMAKE_PREFIX_PATH=/opt/ros/humble /usr/bin/cmake /home/hjpark/dev_hjp/ROS2/storagy-repo-1/i6robotics/src/guiding_services -DCMAKE_INSTALL_PREFIX=/home/hjpark/dev_hjp/ROS2/storagy-repo-1/i6robotics/install/guiding_services
[1.952s] DEBUG:colcon.colcon_core.event_handler.log_command:Invoking command in '/home/hjpark/dev_hjp/ROS2/storagy-repo-1/i6robotics/build/guiding_services': CMAKE_PREFIX_PATH=/opt/ros/humble /usr/bin/cmake --build /home/hjpark/dev_hjp/ROS2/storagy-repo-1/i6robotics/build/guiding_services -- -j16 -l16
[2.058s] DEBUG:colcon.colcon_core.event_handler.log_command:Invoked command in '/home/hjpark/dev_hjp/ROS2/storagy-repo-1/i6robotics/build/i6robotics_msgs' returned '0': CMAKE_PREFIX_PATH=/opt/ros/humble /usr/bin/cmake /home/hjpark/dev_hjp/ROS2/storagy-repo-1/i6robotics/src/i6robotics_msgs -DCMAKE_INSTALL_PREFIX=/home/hjpark/dev_hjp/ROS2/storagy-repo-1/i6robotics/install/i6robotics_msgs
[2.059s] DEBUG:colcon.colcon_core.event_handler.log_command:Invoking command in '/home/hjpark/dev_hjp/ROS2/storagy-repo-1/i6robotics/build/i6robotics_msgs': CMAKE_PREFIX_PATH=/opt/ros/humble /usr/bin/cmake --build /home/hjpark/dev_hjp/ROS2/storagy-repo-1/i6robotics/build/i6robotics_msgs -- -j16 -l16
[2.084s] DEBUG:colcon.colcon_core.event_handler.log_command:Invoked command in '/home/hjpark/dev_hjp/ROS2/storagy-repo-1/i6robotics/src/i6robotics_control' returned '0': PYTHONPATH=/home/hjpark/dev_hjp/ROS2/storagy-repo-1/i6robotics/build/i6robotics_control/prefix_override:/usr/lib/python3/dist-packages/colcon_core/task/python/colcon_distutils_commands:/home/hjpark/dev_hjp/ROS2/storagy-repo-1/i6robotics/install/i6robotics_control/lib/python3.10/site-packages:${PYTHONPATH} /usr/bin/python3 -W ignore:setup.py install is deprecated -W ignore:easy_install command is deprecated setup.py egg_info --egg-base ../../build/i6robotics_control build --build-base /home/hjpark/dev_hjp/ROS2/storagy-repo-1/i6robotics/build/i6robotics_control/build install --record /home/hjpark/dev_hjp/ROS2/storagy-repo-1/i6robotics/build/i6robotics_control/install.log --single-version-externally-managed install_data
[2.086s] Level 1:colcon.colcon_core.environment:checking '/home/hjpark/dev_hjp/ROS2/storagy-repo-1/i6robotics/install/i6robotics_control' for CMake module files
[2.086s] Level 1:colcon.colcon_core.environment:checking '/home/hjpark/dev_hjp/ROS2/storagy-repo-1/i6robotics/install/i6robotics_control' for CMake config files
[2.087s] Level 1:colcon.colcon_core.environment:checking '/home/hjpark/dev_hjp/ROS2/storagy-repo-1/i6robotics/install/i6robotics_control/lib'
[2.087s] Level 1:colcon.colcon_core.environment:checking '/home/hjpark/dev_hjp/ROS2/storagy-repo-1/i6robotics/install/i6robotics_control/bin'
[2.087s] Level 1:colcon.colcon_core.environment:checking '/home/hjpark/dev_hjp/ROS2/storagy-repo-1/i6robotics/install/i6robotics_control/lib/pkgconfig/i6robotics_control.pc'
[2.088s] Level 1:colcon.colcon_core.environment:checking '/home/hjpark/dev_hjp/ROS2/storagy-repo-1/i6robotics/install/i6robotics_control/lib/python3.10/site-packages'
[2.088s] Level 1:colcon.colcon_core.shell:create_environment_hook('i6robotics_control', 'pythonpath')
[2.088s] INFO:colcon.colcon_core.shell:Creating environment hook '/home/hjpark/dev_hjp/ROS2/storagy-repo-1/i6robotics/install/i6robotics_control/share/i6robotics_control/hook/pythonpath.ps1'
[2.089s] INFO:colcon.colcon_core.shell:Creating environment descriptor '/home/hjpark/dev_hjp/ROS2/storagy-repo-1/i6robotics/install/i6robotics_control/share/i6robotics_control/hook/pythonpath.dsv'
[2.089s] INFO:colcon.colcon_core.shell:Creating environment hook '/home/hjpark/dev_hjp/ROS2/storagy-repo-1/i6robotics/install/i6robotics_control/share/i6robotics_control/hook/pythonpath.sh'
[2.089s] Level 1:colcon.colcon_core.environment:checking '/home/hjpark/dev_hjp/ROS2/storagy-repo-1/i6robotics/install/i6robotics_control/bin'
[2.089s] Level 1:colcon.colcon_core.environment:create_environment_scripts_only(i6robotics_control)
[2.090s] INFO:colcon.colcon_core.shell:Creating package script '/home/hjpark/dev_hjp/ROS2/storagy-repo-1/i6robotics/install/i6robotics_control/share/i6robotics_control/package.ps1'
[2.091s] INFO:colcon.colcon_core.shell:Creating package descriptor '/home/hjpark/dev_hjp/ROS2/storagy-repo-1/i6robotics/install/i6robotics_control/share/i6robotics_control/package.dsv'
[2.091s] INFO:colcon.colcon_core.shell:Creating package script '/home/hjpark/dev_hjp/ROS2/storagy-repo-1/i6robotics/install/i6robotics_control/share/i6robotics_control/package.sh'
[2.092s] INFO:colcon.colcon_core.shell:Creating package script '/home/hjpark/dev_hjp/ROS2/storagy-repo-1/i6robotics/install/i6robotics_control/share/i6robotics_control/package.bash'
[2.092s] INFO:colcon.colcon_core.shell:Creating package script '/home/hjpark/dev_hjp/ROS2/storagy-repo-1/i6robotics/install/i6robotics_control/share/i6robotics_control/package.zsh'
[2.093s] Level 1:colcon.colcon_core.environment:create_file_with_runtime_dependencies(/home/hjpark/dev_hjp/ROS2/storagy-repo-1/i6robotics/install/i6robotics_control/share/colcon-core/packages/i6robotics_control)
[2.107s] DEBUG:colcon.colcon_core.event_handler.log_command:Invoked command in '/home/hjpark/dev_hjp/ROS2/storagy-repo-1/i6robotics/build/i6robotics_msgs' returned '0': CMAKE_PREFIX_PATH=/opt/ros/humble /usr/bin/cmake --build /home/hjpark/dev_hjp/ROS2/storagy-repo-1/i6robotics/build/i6robotics_msgs -- -j16 -l16
[2.121s] DEBUG:colcon.colcon_core.event_handler.log_command:Invoking command in '/home/hjpark/dev_hjp/ROS2/storagy-repo-1/i6robotics/build/i6robotics_msgs': CMAKE_PREFIX_PATH=/opt/ros/humble /usr/bin/cmake --install /home/hjpark/dev_hjp/ROS2/storagy-repo-1/i6robotics/build/i6robotics_msgs
[2.123s] Level 1:colcon.colcon_core.environment:checking '/home/hjpark/dev_hjp/ROS2/storagy-repo-1/i6robotics/install/i6robotics_get_data' for CMake module files
[2.124s] DEBUG:colcon.colcon_core.event_handler.log_command:Invoked command in '/home/hjpark/dev_hjp/ROS2/storagy-repo-1/i6robotics/src/i6robotics_get_data' returned '0': PYTHONPATH=/home/hjpark/dev_hjp/ROS2/storagy-repo-1/i6robotics/build/i6robotics_get_data/prefix_override:/usr/lib/python3/dist-packages/colcon_core/task/python/colcon_distutils_commands:/home/hjpark/dev_hjp/ROS2/storagy-repo-1/i6robotics/install/i6robotics_get_data/lib/python3.10/site-packages:${PYTHONPATH} /usr/bin/python3 -W ignore:setup.py install is deprecated -W ignore:easy_install command is deprecated setup.py egg_info --egg-base ../../build/i6robotics_get_data build --build-base /home/hjpark/dev_hjp/ROS2/storagy-repo-1/i6robotics/build/i6robotics_get_data/build install --record /home/hjpark/dev_hjp/ROS2/storagy-repo-1/i6robotics/build/i6robotics_get_data/install.log --single-version-externally-managed install_data
[2.124s] Level 1:colcon.colcon_core.environment:checking '/home/hjpark/dev_hjp/ROS2/storagy-repo-1/i6robotics/install/i6robotics_get_data' for CMake config files
[2.125s] Level 1:colcon.colcon_core.environment:checking '/home/hjpark/dev_hjp/ROS2/storagy-repo-1/i6robotics/install/i6robotics_get_data/lib'
[2.125s] Level 1:colcon.colcon_core.environment:checking '/home/hjpark/dev_hjp/ROS2/storagy-repo-1/i6robotics/install/i6robotics_get_data/bin'
[2.125s] Level 1:colcon.colcon_core.environment:checking '/home/hjpark/dev_hjp/ROS2/storagy-repo-1/i6robotics/install/i6robotics_get_data/lib/pkgconfig/i6robotics_get_data.pc'
[2.125s] Level 1:colcon.colcon_core.environment:checking '/home/hjpark/dev_hjp/ROS2/storagy-repo-1/i6robotics/install/i6robotics_get_data/lib/python3.10/site-packages'
[2.125s] Level 1:colcon.colcon_core.shell:create_environment_hook('i6robotics_get_data', 'pythonpath')
[2.126s] INFO:colcon.colcon_core.shell:Creating environment hook '/home/hjpark/dev_hjp/ROS2/storagy-repo-1/i6robotics/install/i6robotics_get_data/share/i6robotics_get_data/hook/pythonpath.ps1'
[2.126s] INFO:colcon.colcon_core.shell:Creating environment descriptor '/home/hjpark/dev_hjp/ROS2/storagy-repo-1/i6robotics/install/i6robotics_get_data/share/i6robotics_get_data/hook/pythonpath.dsv'
[2.127s] INFO:colcon.colcon_core.shell:Creating environment hook '/home/hjpark/dev_hjp/ROS2/storagy-repo-1/i6robotics/install/i6robotics_get_data/share/i6robotics_get_data/hook/pythonpath.sh'
[2.127s] Level 1:colcon.colcon_core.environment:checking '/home/hjpark/dev_hjp/ROS2/storagy-repo-1/i6robotics/install/i6robotics_get_data/bin'
[2.127s] Level 1:colcon.colcon_core.environment:create_environment_scripts_only(i6robotics_get_data)
[2.128s] INFO:colcon.colcon_core.shell:Creating package script '/home/hjpark/dev_hjp/ROS2/storagy-repo-1/i6robotics/install/i6robotics_get_data/share/i6robotics_get_data/package.ps1'
[2.128s] INFO:colcon.colcon_core.shell:Creating package descriptor '/home/hjpark/dev_hjp/ROS2/storagy-repo-1/i6robotics/install/i6robotics_get_data/share/i6robotics_get_data/package.dsv'
[2.129s] INFO:colcon.colcon_core.shell:Creating package script '/home/hjpark/dev_hjp/ROS2/storagy-repo-1/i6robotics/install/i6robotics_get_data/share/i6robotics_get_data/package.sh'
[2.129s] INFO:colcon.colcon_core.shell:Creating package script '/home/hjpark/dev_hjp/ROS2/storagy-repo-1/i6robotics/install/i6robotics_get_data/share/i6robotics_get_data/package.bash'
[2.130s] INFO:colcon.colcon_core.shell:Creating package script '/home/hjpark/dev_hjp/ROS2/storagy-repo-1/i6robotics/install/i6robotics_get_data/share/i6robotics_get_data/package.zsh'
[2.131s] Level 1:colcon.colcon_core.environment:create_file_with_runtime_dependencies(/home/hjpark/dev_hjp/ROS2/storagy-repo-1/i6robotics/install/i6robotics_get_data/share/colcon-core/packages/i6robotics_get_data)
[2.133s] Level 1:colcon.colcon_core.environment:checking '/home/hjpark/dev_hjp/ROS2/storagy-repo-1/i6robotics/install/i6robotics_data_processing' for CMake module files
[2.134s] DEBUG:colcon.colcon_core.event_handler.log_command:Invoked command in '/home/hjpark/dev_hjp/ROS2/storagy-repo-1/i6robotics/src/i6robotics_data_processing' returned '0': PYTHONPATH=/home/hjpark/dev_hjp/ROS2/storagy-repo-1/i6robotics/build/i6robotics_data_processing/prefix_override:/usr/lib/python3/dist-packages/colcon_core/task/python/colcon_distutils_commands:/home/hjpark/dev_hjp/ROS2/storagy-repo-1/i6robotics/install/i6robotics_data_processing/lib/python3.10/site-packages:${PYTHONPATH} /usr/bin/python3 -W ignore:setup.py install is deprecated -W ignore:easy_install command is deprecated setup.py egg_info --egg-base ../../build/i6robotics_data_processing build --build-base /home/hjpark/dev_hjp/ROS2/storagy-repo-1/i6robotics/build/i6robotics_data_processing/build install --record /home/hjpark/dev_hjp/ROS2/storagy-repo-1/i6robotics/build/i6robotics_data_processing/install.log --single-version-externally-managed install_data
[2.134s] Level 1:colcon.colcon_core.environment:checking '/home/hjpark/dev_hjp/ROS2/storagy-repo-1/i6robotics/install/i6robotics_data_processing' for CMake config files
[2.134s] Level 1:colcon.colcon_core.environment:checking '/home/hjpark/dev_hjp/ROS2/storagy-repo-1/i6robotics/install/i6robotics_data_processing/lib'
[2.135s] Level 1:colcon.colcon_core.environment:checking '/home/hjpark/dev_hjp/ROS2/storagy-repo-1/i6robotics/install/i6robotics_data_processing/bin'
[2.135s] Level 1:colcon.colcon_core.environment:checking '/home/hjpark/dev_hjp/ROS2/storagy-repo-1/i6robotics/install/i6robotics_data_processing/lib/pkgconfig/i6robotics_data_processing.pc'
[2.135s] Level 1:colcon.colcon_core.environment:checking '/home/hjpark/dev_hjp/ROS2/storagy-repo-1/i6robotics/install/i6robotics_data_processing/lib/python3.10/site-packages'
[2.135s] Level 1:colcon.colcon_core.shell:create_environment_hook('i6robotics_data_processing', 'pythonpath')
[2.135s] INFO:colcon.colcon_core.shell:Creating environment hook '/home/hjpark/dev_hjp/ROS2/storagy-repo-1/i6robotics/install/i6robotics_data_processing/share/i6robotics_data_processing/hook/pythonpath.ps1'
[2.136s] INFO:colcon.colcon_core.shell:Creating environment descriptor '/home/hjpark/dev_hjp/ROS2/storagy-repo-1/i6robotics/install/i6robotics_data_processing/share/i6robotics_data_processing/hook/pythonpath.dsv'
[2.136s] INFO:colcon.colcon_core.shell:Creating environment hook '/home/hjpark/dev_hjp/ROS2/storagy-repo-1/i6robotics/install/i6robotics_data_processing/share/i6robotics_data_processing/hook/pythonpath.sh'
[2.137s] Level 1:colcon.colcon_core.environment:checking '/home/hjpark/dev_hjp/ROS2/storagy-repo-1/i6robotics/install/i6robotics_data_processing/bin'
[2.137s] Level 1:colcon.colcon_core.environment:create_environment_scripts_only(i6robotics_data_processing)
[2.137s] INFO:colcon.colcon_core.shell:Creating package script '/home/hjpark/dev_hjp/ROS2/storagy-repo-1/i6robotics/install/i6robotics_data_processing/share/i6robotics_data_processing/package.ps1'
[2.138s] INFO:colcon.colcon_core.shell:Creating package descriptor '/home/hjpark/dev_hjp/ROS2/storagy-repo-1/i6robotics/install/i6robotics_data_processing/share/i6robotics_data_processing/package.dsv'
[2.138s] INFO:colcon.colcon_core.shell:Creating package script '/home/hjpark/dev_hjp/ROS2/storagy-repo-1/i6robotics/install/i6robotics_data_processing/share/i6robotics_data_processing/package.sh'
[2.138s] INFO:colcon.colcon_core.shell:Creating package script '/home/hjpark/dev_hjp/ROS2/storagy-repo-1/i6robotics/install/i6robotics_data_processing/share/i6robotics_data_processing/package.bash'
[2.139s] INFO:colcon.colcon_core.shell:Creating package script '/home/hjpark/dev_hjp/ROS2/storagy-repo-1/i6robotics/install/i6robotics_data_processing/share/i6robotics_data_processing/package.zsh'
[2.139s] Level 1:colcon.colcon_core.environment:create_file_with_runtime_dependencies(/home/hjpark/dev_hjp/ROS2/storagy-repo-1/i6robotics/install/i6robotics_data_processing/share/colcon-core/packages/i6robotics_data_processing)
[2.140s] Level 1:colcon.colcon_core.environment:checking '/home/hjpark/dev_hjp/ROS2/storagy-repo-1/i6robotics/install/i6robotics_guiding' for CMake module files
[2.141s] DEBUG:colcon.colcon_core.event_handler.log_command:Invoked command in '/home/hjpark/dev_hjp/ROS2/storagy-repo-1/i6robotics/src/i6robotics_guiding' returned '0': PYTHONPATH=/home/hjpark/dev_hjp/ROS2/storagy-repo-1/i6robotics/build/i6robotics_guiding/prefix_override:/usr/lib/python3/dist-packages/colcon_core/task/python/colcon_distutils_commands:/home/hjpark/dev_hjp/ROS2/storagy-repo-1/i6robotics/install/i6robotics_guiding/lib/python3.10/site-packages:${PYTHONPATH} /usr/bin/python3 -W ignore:setup.py install is deprecated -W ignore:easy_install command is deprecated setup.py egg_info --egg-base ../../build/i6robotics_guiding build --build-base /home/hjpark/dev_hjp/ROS2/storagy-repo-1/i6robotics/build/i6robotics_guiding/build install --record /home/hjpark/dev_hjp/ROS2/storagy-repo-1/i6robotics/build/i6robotics_guiding/install.log --single-version-externally-managed install_data
[2.141s] Level 1:colcon.colcon_core.environment:checking '/home/hjpark/dev_hjp/ROS2/storagy-repo-1/i6robotics/install/i6robotics_guiding' for CMake config files
[2.142s] Level 1:colcon.colcon_core.environment:checking '/home/hjpark/dev_hjp/ROS2/storagy-repo-1/i6robotics/install/i6robotics_guiding/lib'
[2.142s] Level 1:colcon.colcon_core.environment:checking '/home/hjpark/dev_hjp/ROS2/storagy-repo-1/i6robotics/install/i6robotics_guiding/bin'
[2.142s] Level 1:colcon.colcon_core.environment:checking '/home/hjpark/dev_hjp/ROS2/storagy-repo-1/i6robotics/install/i6robotics_guiding/lib/pkgconfig/i6robotics_guiding.pc'
[2.142s] Level 1:colcon.colcon_core.environment:checking '/home/hjpark/dev_hjp/ROS2/storagy-repo-1/i6robotics/install/i6robotics_guiding/lib/python3.10/site-packages'
[2.142s] Level 1:colcon.colcon_core.shell:create_environment_hook('i6robotics_guiding', 'pythonpath')
[2.143s] INFO:colcon.colcon_core.shell:Creating environment hook '/home/hjpark/dev_hjp/ROS2/storagy-repo-1/i6robotics/install/i6robotics_guiding/share/i6robotics_guiding/hook/pythonpath.ps1'
[2.143s] INFO:colcon.colcon_core.shell:Creating environment descriptor '/home/hjpark/dev_hjp/ROS2/storagy-repo-1/i6robotics/install/i6robotics_guiding/share/i6robotics_guiding/hook/pythonpath.dsv'
[2.144s] INFO:colcon.colcon_core.shell:Creating environment hook '/home/hjpark/dev_hjp/ROS2/storagy-repo-1/i6robotics/install/i6robotics_guiding/share/i6robotics_guiding/hook/pythonpath.sh'
[2.144s] Level 1:colcon.colcon_core.environment:checking '/home/hjpark/dev_hjp/ROS2/storagy-repo-1/i6robotics/install/i6robotics_guiding/bin'
[2.144s] Level 1:colcon.colcon_core.environment:create_environment_scripts_only(i6robotics_guiding)
[2.145s] INFO:colcon.colcon_core.shell:Creating package script '/home/hjpark/dev_hjp/ROS2/storagy-repo-1/i6robotics/install/i6robotics_guiding/share/i6robotics_guiding/package.ps1'
[2.145s] INFO:colcon.colcon_core.shell:Creating package descriptor '/home/hjpark/dev_hjp/ROS2/storagy-repo-1/i6robotics/install/i6robotics_guiding/share/i6robotics_guiding/package.dsv'
[2.145s] INFO:colcon.colcon_core.shell:Creating package script '/home/hjpark/dev_hjp/ROS2/storagy-repo-1/i6robotics/install/i6robotics_guiding/share/i6robotics_guiding/package.sh'
[2.146s] INFO:colcon.colcon_core.shell:Creating package script '/home/hjpark/dev_hjp/ROS2/storagy-repo-1/i6robotics/install/i6robotics_guiding/share/i6robotics_guiding/package.bash'
[2.146s] INFO:colcon.colcon_core.shell:Creating package script '/home/hjpark/dev_hjp/ROS2/storagy-repo-1/i6robotics/install/i6robotics_guiding/share/i6robotics_guiding/package.zsh'
[2.147s] Level 1:colcon.colcon_core.environment:create_file_with_runtime_dependencies(/home/hjpark/dev_hjp/ROS2/storagy-repo-1/i6robotics/install/i6robotics_guiding/share/colcon-core/packages/i6robotics_guiding)
[2.147s] Level 1:colcon.colcon_core.environment:create_environment_scripts_only(i6robotics_msgs)
[2.147s] Level 1:colcon.colcon_core.environment:checking '/home/hjpark/dev_hjp/ROS2/storagy-repo-1/i6robotics/install/i6robotics_msgs' for CMake module files
[2.148s] DEBUG:colcon.colcon_core.event_handler.log_command:Invoked command in '/home/hjpark/dev_hjp/ROS2/storagy-repo-1/i6robotics/build/i6robotics_msgs' returned '0': CMAKE_PREFIX_PATH=/opt/ros/humble /usr/bin/cmake --install /home/hjpark/dev_hjp/ROS2/storagy-repo-1/i6robotics/build/i6robotics_msgs
[2.148s] Level 1:colcon.colcon_core.environment:checking '/home/hjpark/dev_hjp/ROS2/storagy-repo-1/i6robotics/install/i6robotics_msgs' for CMake config files
[2.148s] Level 1:colcon.colcon_core.shell:create_environment_hook('i6robotics_msgs', 'cmake_prefix_path')
[2.149s] INFO:colcon.colcon_core.shell:Creating environment hook '/home/hjpark/dev_hjp/ROS2/storagy-repo-1/i6robotics/install/i6robotics_msgs/share/i6robotics_msgs/hook/cmake_prefix_path.ps1'
[2.149s] INFO:colcon.colcon_core.shell:Creating environment descriptor '/home/hjpark/dev_hjp/ROS2/storagy-repo-1/i6robotics/install/i6robotics_msgs/share/i6robotics_msgs/hook/cmake_prefix_path.dsv'
[2.149s] INFO:colcon.colcon_core.shell:Creating environment hook '/home/hjpark/dev_hjp/ROS2/storagy-repo-1/i6robotics/install/i6robotics_msgs/share/i6robotics_msgs/hook/cmake_prefix_path.sh'
[2.150s] Level 1:colcon.colcon_core.environment:checking '/home/hjpark/dev_hjp/ROS2/storagy-repo-1/i6robotics/install/i6robotics_msgs/bin'
[2.150s] Level 1:colcon.colcon_core.environment:checking '/home/hjpark/dev_hjp/ROS2/storagy-repo-1/i6robotics/install/i6robotics_msgs/lib/pkgconfig/i6robotics_msgs.pc'
[2.150s] Level 1:colcon.colcon_core.environment:checking '/home/hjpark/dev_hjp/ROS2/storagy-repo-1/i6robotics/install/i6robotics_msgs/lib/python3.10/site-packages'
[2.151s] Level 1:colcon.colcon_core.environment:checking '/home/hjpark/dev_hjp/ROS2/storagy-repo-1/i6robotics/install/i6robotics_msgs/bin'
[2.151s] INFO:colcon.colcon_core.shell:Creating package script '/home/hjpark/dev_hjp/ROS2/storagy-repo-1/i6robotics/install/i6robotics_msgs/share/i6robotics_msgs/package.ps1'
[2.152s] INFO:colcon.colcon_core.shell:Creating package descriptor '/home/hjpark/dev_hjp/ROS2/storagy-repo-1/i6robotics/install/i6robotics_msgs/share/i6robotics_msgs/package.dsv'
[2.152s] INFO:colcon.colcon_core.shell:Creating package script '/home/hjpark/dev_hjp/ROS2/storagy-repo-1/i6robotics/install/i6robotics_msgs/share/i6robotics_msgs/package.sh'
[2.153s] INFO:colcon.colcon_core.shell:Creating package script '/home/hjpark/dev_hjp/ROS2/storagy-repo-1/i6robotics/install/i6robotics_msgs/share/i6robotics_msgs/package.bash'
[2.153s] INFO:colcon.colcon_core.shell:Creating package script '/home/hjpark/dev_hjp/ROS2/storagy-repo-1/i6robotics/install/i6robotics_msgs/share/i6robotics_msgs/package.zsh'
[2.153s] Level 1:colcon.colcon_core.environment:create_file_with_runtime_dependencies(/home/hjpark/dev_hjp/ROS2/storagy-repo-1/i6robotics/install/i6robotics_msgs/share/colcon-core/packages/i6robotics_msgs)
[2.154s] Level 1:colcon.colcon_core.environment:create_environment_scripts_only(i6robotics_msgs)
[2.154s] Level 1:colcon.colcon_core.environment:checking '/home/hjpark/dev_hjp/ROS2/storagy-repo-1/i6robotics/install/i6robotics_msgs' for CMake module files
[2.155s] Level 1:colcon.colcon_core.environment:checking '/home/hjpark/dev_hjp/ROS2/storagy-repo-1/i6robotics/install/i6robotics_msgs' for CMake config files
[2.155s] Level 1:colcon.colcon_core.shell:create_environment_hook('i6robotics_msgs', 'cmake_prefix_path')
[2.155s] INFO:colcon.colcon_core.shell:Creating environment hook '/home/hjpark/dev_hjp/ROS2/storagy-repo-1/i6robotics/install/i6robotics_msgs/share/i6robotics_msgs/hook/cmake_prefix_path.ps1'
[2.156s] INFO:colcon.colcon_core.shell:Creating environment descriptor '/home/hjpark/dev_hjp/ROS2/storagy-repo-1/i6robotics/install/i6robotics_msgs/share/i6robotics_msgs/hook/cmake_prefix_path.dsv'
[2.156s] INFO:colcon.colcon_core.shell:Creating environment hook '/home/hjpark/dev_hjp/ROS2/storagy-repo-1/i6robotics/install/i6robotics_msgs/share/i6robotics_msgs/hook/cmake_prefix_path.sh'
[2.156s] Level 1:colcon.colcon_core.environment:checking '/home/hjpark/dev_hjp/ROS2/storagy-repo-1/i6robotics/install/i6robotics_msgs/bin'
[2.157s] Level 1:colcon.colcon_core.environment:checking '/home/hjpark/dev_hjp/ROS2/storagy-repo-1/i6robotics/install/i6robotics_msgs/lib/pkgconfig/i6robotics_msgs.pc'
[2.157s] Level 1:colcon.colcon_core.environment:checking '/home/hjpark/dev_hjp/ROS2/storagy-repo-1/i6robotics/install/i6robotics_msgs/lib/python3.10/site-packages'
[2.157s] Level 1:colcon.colcon_core.environment:checking '/home/hjpark/dev_hjp/ROS2/storagy-repo-1/i6robotics/install/i6robotics_msgs/bin'
[2.157s] INFO:colcon.colcon_core.shell:Creating package script '/home/hjpark/dev_hjp/ROS2/storagy-repo-1/i6robotics/install/i6robotics_msgs/share/i6robotics_msgs/package.ps1'
[2.158s] INFO:colcon.colcon_core.shell:Creating package descriptor '/home/hjpark/dev_hjp/ROS2/storagy-repo-1/i6robotics/install/i6robotics_msgs/share/i6robotics_msgs/package.dsv'
[2.158s] INFO:colcon.colcon_core.shell:Creating package script '/home/hjpark/dev_hjp/ROS2/storagy-repo-1/i6robotics/install/i6robotics_msgs/share/i6robotics_msgs/package.sh'
[2.159s] INFO:colcon.colcon_core.shell:Creating package script '/home/hjpark/dev_hjp/ROS2/storagy-repo-1/i6robotics/install/i6robotics_msgs/share/i6robotics_msgs/package.bash'
[2.159s] INFO:colcon.colcon_core.shell:Creating package script '/home/hjpark/dev_hjp/ROS2/storagy-repo-1/i6robotics/install/i6robotics_msgs/share/i6robotics_msgs/package.zsh'
[2.159s] Level 1:colcon.colcon_core.environment:create_file_with_runtime_dependencies(/home/hjpark/dev_hjp/ROS2/storagy-repo-1/i6robotics/install/i6robotics_msgs/share/colcon-core/packages/i6robotics_msgs)
[2.348s] DEBUG:colcon.colcon_core.event_handler.log_command:Invoked command in '/home/hjpark/dev_hjp/ROS2/storagy-repo-1/i6robotics/build/i6robotics_control_msgs' returned '0': CMAKE_PREFIX_PATH=/opt/ros/humble /usr/bin/cmake /home/hjpark/dev_hjp/ROS2/storagy-repo-1/i6robotics/src/i6robotics_control_msgs -DCMAKE_INSTALL_PREFIX=/home/hjpark/dev_hjp/ROS2/storagy-repo-1/i6robotics/install/i6robotics_control_msgs
[2.350s] DEBUG:colcon.colcon_core.event_handler.log_command:Invoking command in '/home/hjpark/dev_hjp/ROS2/storagy-repo-1/i6robotics/build/i6robotics_control_msgs': CMAKE_PREFIX_PATH=/opt/ros/humble /usr/bin/cmake --build /home/hjpark/dev_hjp/ROS2/storagy-repo-1/i6robotics/build/i6robotics_control_msgs -- -j16 -l16
[3.836s] DEBUG:colcon.colcon_core.event_handler.log_command:Invoked command in '/home/hjpark/dev_hjp/ROS2/storagy-repo-1/i6robotics/build/guiding_services' returned '0': CMAKE_PREFIX_PATH=/opt/ros/humble /usr/bin/cmake --build /home/hjpark/dev_hjp/ROS2/storagy-repo-1/i6robotics/build/guiding_services -- -j16 -l16
[3.838s] DEBUG:colcon.colcon_core.event_handler.log_command:Invoking command in '/home/hjpark/dev_hjp/ROS2/storagy-repo-1/i6robotics/build/guiding_services': CMAKE_PREFIX_PATH=/opt/ros/humble /usr/bin/cmake --install /home/hjpark/dev_hjp/ROS2/storagy-repo-1/i6robotics/build/guiding_services
[4.014s] Level 1:colcon.colcon_core.environment:create_environment_scripts_only(guiding_services)
[4.015s] Level 1:colcon.colcon_core.environment:checking '/home/hjpark/dev_hjp/ROS2/storagy-repo-1/i6robotics/install/guiding_services' for CMake module files
[4.016s] Level 1:colcon.colcon_core.environment:checking '/home/hjpark/dev_hjp/ROS2/storagy-repo-1/i6robotics/install/guiding_services' for CMake config files
[4.017s] Level 1:colcon.colcon_core.shell:create_environment_hook('guiding_services', 'cmake_prefix_path')
[4.017s] INFO:colcon.colcon_core.shell:Creating environment hook '/home/hjpark/dev_hjp/ROS2/storagy-repo-1/i6robotics/install/guiding_services/share/guiding_services/hook/cmake_prefix_path.ps1'
[4.019s] DEBUG:colcon.colcon_core.event_handler.log_command:Invoked command in '/home/hjpark/dev_hjp/ROS2/storagy-repo-1/i6robotics/build/guiding_services' returned '0': CMAKE_PREFIX_PATH=/opt/ros/humble /usr/bin/cmake --install /home/hjpark/dev_hjp/ROS2/storagy-repo-1/i6robotics/build/guiding_services
[4.019s] INFO:colcon.colcon_core.shell:Creating environment descriptor '/home/hjpark/dev_hjp/ROS2/storagy-repo-1/i6robotics/install/guiding_services/share/guiding_services/hook/cmake_prefix_path.dsv'
[4.021s] INFO:colcon.colcon_core.shell:Creating environment hook '/home/hjpark/dev_hjp/ROS2/storagy-repo-1/i6robotics/install/guiding_services/share/guiding_services/hook/cmake_prefix_path.sh'
[4.028s] Level 1:colcon.colcon_core.environment:checking '/home/hjpark/dev_hjp/ROS2/storagy-repo-1/i6robotics/install/guiding_services/lib'
[4.029s] Level 1:colcon.colcon_core.shell:create_environment_hook('guiding_services', 'ld_library_path_lib')
[4.029s] INFO:colcon.colcon_core.shell:Creating environment hook '/home/hjpark/dev_hjp/ROS2/storagy-repo-1/i6robotics/install/guiding_services/share/guiding_services/hook/ld_library_path_lib.ps1'
[4.029s] INFO:colcon.colcon_core.shell:Creating environment descriptor '/home/hjpark/dev_hjp/ROS2/storagy-repo-1/i6robotics/install/guiding_services/share/guiding_services/hook/ld_library_path_lib.dsv'
[4.030s] INFO:colcon.colcon_core.shell:Creating environment hook '/home/hjpark/dev_hjp/ROS2/storagy-repo-1/i6robotics/install/guiding_services/share/guiding_services/hook/ld_library_path_lib.sh'
[4.030s] Level 1:colcon.colcon_core.environment:checking '/home/hjpark/dev_hjp/ROS2/storagy-repo-1/i6robotics/install/guiding_services/bin'
[4.030s] Level 1:colcon.colcon_core.environment:checking '/home/hjpark/dev_hjp/ROS2/storagy-repo-1/i6robotics/install/guiding_services/lib/pkgconfig/guiding_services.pc'
[4.030s] Level 1:colcon.colcon_core.environment:checking '/home/hjpark/dev_hjp/ROS2/storagy-repo-1/i6robotics/install/guiding_services/lib/python3.10/site-packages'
[4.031s] Level 1:colcon.colcon_core.environment:checking '/home/hjpark/dev_hjp/ROS2/storagy-repo-1/i6robotics/install/guiding_services/bin'
[4.031s] INFO:colcon.colcon_core.shell:Creating package script '/home/hjpark/dev_hjp/ROS2/storagy-repo-1/i6robotics/install/guiding_services/share/guiding_services/package.ps1'
[4.032s] INFO:colcon.colcon_core.shell:Creating package descriptor '/home/hjpark/dev_hjp/ROS2/storagy-repo-1/i6robotics/install/guiding_services/share/guiding_services/package.dsv'
[4.032s] INFO:colcon.colcon_core.shell:Creating package script '/home/hjpark/dev_hjp/ROS2/storagy-repo-1/i6robotics/install/guiding_services/share/guiding_services/package.sh'
[4.032s] INFO:colcon.colcon_core.shell:Creating package script '/home/hjpark/dev_hjp/ROS2/storagy-repo-1/i6robotics/install/guiding_services/share/guiding_services/package.bash'
[4.033s] INFO:colcon.colcon_core.shell:Creating package script '/home/hjpark/dev_hjp/ROS2/storagy-repo-1/i6robotics/install/guiding_services/share/guiding_services/package.zsh'
[4.033s] Level 1:colcon.colcon_core.environment:create_file_with_runtime_dependencies(/home/hjpark/dev_hjp/ROS2/storagy-repo-1/i6robotics/install/guiding_services/share/colcon-core/packages/guiding_services)
[4.034s] Level 1:colcon.colcon_core.environment:create_environment_scripts_only(guiding_services)
[4.034s] Level 1:colcon.colcon_core.environment:checking '/home/hjpark/dev_hjp/ROS2/storagy-repo-1/i6robotics/install/guiding_services' for CMake module files
[4.035s] Level 1:colcon.colcon_core.environment:checking '/home/hjpark/dev_hjp/ROS2/storagy-repo-1/i6robotics/install/guiding_services' for CMake config files
[4.036s] Level 1:colcon.colcon_core.shell:create_environment_hook('guiding_services', 'cmake_prefix_path')
[4.036s] INFO:colcon.colcon_core.shell:Creating environment hook '/home/hjpark/dev_hjp/ROS2/storagy-repo-1/i6robotics/install/guiding_services/share/guiding_services/hook/cmake_prefix_path.ps1'
[4.037s] INFO:colcon.colcon_core.shell:Creating environment descriptor '/home/hjpark/dev_hjp/ROS2/storagy-repo-1/i6robotics/install/guiding_services/share/guiding_services/hook/cmake_prefix_path.dsv'
[4.039s] INFO:colcon.colcon_core.shell:Creating environment hook '/home/hjpark/dev_hjp/ROS2/storagy-repo-1/i6robotics/install/guiding_services/share/guiding_services/hook/cmake_prefix_path.sh'
[4.044s] Level 1:colcon.colcon_core.environment:checking '/home/hjpark/dev_hjp/ROS2/storagy-repo-1/i6robotics/install/guiding_services/lib'
[4.044s] Level 1:colcon.colcon_core.shell:create_environment_hook('guiding_services', 'ld_library_path_lib')
[4.045s] INFO:colcon.colcon_core.shell:Creating environment hook '/home/hjpark/dev_hjp/ROS2/storagy-repo-1/i6robotics/install/guiding_services/share/guiding_services/hook/ld_library_path_lib.ps1'
[4.045s] INFO:colcon.colcon_core.shell:Creating environment descriptor '/home/hjpark/dev_hjp/ROS2/storagy-repo-1/i6robotics/install/guiding_services/share/guiding_services/hook/ld_library_path_lib.dsv'
[4.046s] INFO:colcon.colcon_core.shell:Creating environment hook '/home/hjpark/dev_hjp/ROS2/storagy-repo-1/i6robotics/install/guiding_services/share/guiding_services/hook/ld_library_path_lib.sh'
[4.046s] Level 1:colcon.colcon_core.environment:checking '/home/hjpark/dev_hjp/ROS2/storagy-repo-1/i6robotics/install/guiding_services/bin'
[4.047s] Level 1:colcon.colcon_core.environment:checking '/home/hjpark/dev_hjp/ROS2/storagy-repo-1/i6robotics/install/guiding_services/lib/pkgconfig/guiding_services.pc'
[4.047s] Level 1:colcon.colcon_core.environment:checking '/home/hjpark/dev_hjp/ROS2/storagy-repo-1/i6robotics/install/guiding_services/lib/python3.10/site-packages'
[4.047s] Level 1:colcon.colcon_core.environment:checking '/home/hjpark/dev_hjp/ROS2/storagy-repo-1/i6robotics/install/guiding_services/bin'
[4.048s] INFO:colcon.colcon_core.shell:Creating package script '/home/hjpark/dev_hjp/ROS2/storagy-repo-1/i6robotics/install/guiding_services/share/guiding_services/package.ps1'
[4.049s] INFO:colcon.colcon_core.shell:Creating package descriptor '/home/hjpark/dev_hjp/ROS2/storagy-repo-1/i6robotics/install/guiding_services/share/guiding_services/package.dsv'
[4.050s] INFO:colcon.colcon_core.shell:Creating package script '/home/hjpark/dev_hjp/ROS2/storagy-repo-1/i6robotics/install/guiding_services/share/guiding_services/package.sh'
[4.050s] INFO:colcon.colcon_core.shell:Creating package script '/home/hjpark/dev_hjp/ROS2/storagy-repo-1/i6robotics/install/guiding_services/share/guiding_services/package.bash'
[4.053s] INFO:colcon.colcon_core.shell:Creating package script '/home/hjpark/dev_hjp/ROS2/storagy-repo-1/i6robotics/install/guiding_services/share/guiding_services/package.zsh'
[4.056s] Level 1:colcon.colcon_core.environment:create_file_with_runtime_dependencies(/home/hjpark/dev_hjp/ROS2/storagy-repo-1/i6robotics/install/guiding_services/share/colcon-core/packages/guiding_services)
[7.171s] DEBUG:colcon.colcon_core.event_handler.log_command:Invoked command in '/home/hjpark/dev_hjp/ROS2/storagy-repo-1/i6robotics/build/i6robotics_control_msgs' returned '0': CMAKE_PREFIX_PATH=/opt/ros/humble /usr/bin/cmake --build /home/hjpark/dev_hjp/ROS2/storagy-repo-1/i6robotics/build/i6robotics_control_msgs -- -j16 -l16
[7.173s] DEBUG:colcon.colcon_core.event_handler.log_command:Invoking command in '/home/hjpark/dev_hjp/ROS2/storagy-repo-1/i6robotics/build/i6robotics_control_msgs': CMAKE_PREFIX_PATH=/opt/ros/humble /usr/bin/cmake --install /home/hjpark/dev_hjp/ROS2/storagy-repo-1/i6robotics/build/i6robotics_control_msgs
[7.296s] Level 1:colcon.colcon_core.environment:create_environment_scripts_only(i6robotics_control_msgs)
[7.296s] Level 1:colcon.colcon_core.environment:checking '/home/hjpark/dev_hjp/ROS2/storagy-repo-1/i6robotics/install/i6robotics_control_msgs' for CMake module files
[7.297s] DEBUG:colcon.colcon_core.event_handler.log_command:Invoked command in '/home/hjpark/dev_hjp/ROS2/storagy-repo-1/i6robotics/build/i6robotics_control_msgs' returned '0': CMAKE_PREFIX_PATH=/opt/ros/humble /usr/bin/cmake --install /home/hjpark/dev_hjp/ROS2/storagy-repo-1/i6robotics/build/i6robotics_control_msgs
[7.297s] Level 1:colcon.colcon_core.environment:checking '/home/hjpark/dev_hjp/ROS2/storagy-repo-1/i6robotics/install/i6robotics_control_msgs' for CMake config files
[7.298s] Level 1:colcon.colcon_core.shell:create_environment_hook('i6robotics_control_msgs', 'cmake_prefix_path')
[7.298s] INFO:colcon.colcon_core.shell:Creating environment hook '/home/hjpark/dev_hjp/ROS2/storagy-repo-1/i6robotics/install/i6robotics_control_msgs/share/i6robotics_control_msgs/hook/cmake_prefix_path.ps1'
[7.298s] INFO:colcon.colcon_core.shell:Creating environment descriptor '/home/hjpark/dev_hjp/ROS2/storagy-repo-1/i6robotics/install/i6robotics_control_msgs/share/i6robotics_control_msgs/hook/cmake_prefix_path.dsv'
[7.298s] INFO:colcon.colcon_core.shell:Creating environment hook '/home/hjpark/dev_hjp/ROS2/storagy-repo-1/i6robotics/install/i6robotics_control_msgs/share/i6robotics_control_msgs/hook/cmake_prefix_path.sh'
[7.301s] Level 1:colcon.colcon_core.environment:checking '/home/hjpark/dev_hjp/ROS2/storagy-repo-1/i6robotics/install/i6robotics_control_msgs/lib'
[7.302s] Level 1:colcon.colcon_core.shell:create_environment_hook('i6robotics_control_msgs', 'ld_library_path_lib')
[7.305s] INFO:colcon.colcon_core.shell:Creating environment hook '/home/hjpark/dev_hjp/ROS2/storagy-repo-1/i6robotics/install/i6robotics_control_msgs/share/i6robotics_control_msgs/hook/ld_library_path_lib.ps1'
[7.305s] INFO:colcon.colcon_core.shell:Creating environment descriptor '/home/hjpark/dev_hjp/ROS2/storagy-repo-1/i6robotics/install/i6robotics_control_msgs/share/i6robotics_control_msgs/hook/ld_library_path_lib.dsv'
[7.306s] INFO:colcon.colcon_core.shell:Creating environment hook '/home/hjpark/dev_hjp/ROS2/storagy-repo-1/i6robotics/install/i6robotics_control_msgs/share/i6robotics_control_msgs/hook/ld_library_path_lib.sh'
[7.306s] Level 1:colcon.colcon_core.environment:checking '/home/hjpark/dev_hjp/ROS2/storagy-repo-1/i6robotics/install/i6robotics_control_msgs/bin'
[7.306s] Level 1:colcon.colcon_core.environment:checking '/home/hjpark/dev_hjp/ROS2/storagy-repo-1/i6robotics/install/i6robotics_control_msgs/lib/pkgconfig/i6robotics_control_msgs.pc'
[7.306s] Level 1:colcon.colcon_core.environment:checking '/home/hjpark/dev_hjp/ROS2/storagy-repo-1/i6robotics/install/i6robotics_control_msgs/lib/python3.10/site-packages'
[7.306s] Level 1:colcon.colcon_core.environment:checking '/home/hjpark/dev_hjp/ROS2/storagy-repo-1/i6robotics/install/i6robotics_control_msgs/bin'
[7.307s] INFO:colcon.colcon_core.shell:Creating package script '/home/hjpark/dev_hjp/ROS2/storagy-repo-1/i6robotics/install/i6robotics_control_msgs/share/i6robotics_control_msgs/package.ps1'
[7.307s] INFO:colcon.colcon_core.shell:Creating package descriptor '/home/hjpark/dev_hjp/ROS2/storagy-repo-1/i6robotics/install/i6robotics_control_msgs/share/i6robotics_control_msgs/package.dsv'
[7.307s] INFO:colcon.colcon_core.shell:Creating package script '/home/hjpark/dev_hjp/ROS2/storagy-repo-1/i6robotics/install/i6robotics_control_msgs/share/i6robotics_control_msgs/package.sh'
[7.308s] INFO:colcon.colcon_core.shell:Creating package script '/home/hjpark/dev_hjp/ROS2/storagy-repo-1/i6robotics/install/i6robotics_control_msgs/share/i6robotics_control_msgs/package.bash'
[7.308s] INFO:colcon.colcon_core.shell:Creating package script '/home/hjpark/dev_hjp/ROS2/storagy-repo-1/i6robotics/install/i6robotics_control_msgs/share/i6robotics_control_msgs/package.zsh'
[7.308s] Level 1:colcon.colcon_core.environment:create_file_with_runtime_dependencies(/home/hjpark/dev_hjp/ROS2/storagy-repo-1/i6robotics/install/i6robotics_control_msgs/share/colcon-core/packages/i6robotics_control_msgs)
[7.309s] Level 1:colcon.colcon_core.environment:create_environment_scripts_only(i6robotics_control_msgs)
[7.309s] Level 1:colcon.colcon_core.environment:checking '/home/hjpark/dev_hjp/ROS2/storagy-repo-1/i6robotics/install/i6robotics_control_msgs' for CMake module files
[7.309s] Level 1:colcon.colcon_core.environment:checking '/home/hjpark/dev_hjp/ROS2/storagy-repo-1/i6robotics/install/i6robotics_control_msgs' for CMake config files
[7.310s] Level 1:colcon.colcon_core.shell:create_environment_hook('i6robotics_control_msgs', 'cmake_prefix_path')
[7.310s] INFO:colcon.colcon_core.shell:Creating environment hook '/home/hjpark/dev_hjp/ROS2/storagy-repo-1/i6robotics/install/i6robotics_control_msgs/share/i6robotics_control_msgs/hook/cmake_prefix_path.ps1'
[7.310s] INFO:colcon.colcon_core.shell:Creating environment descriptor '/home/hjpark/dev_hjp/ROS2/storagy-repo-1/i6robotics/install/i6robotics_control_msgs/share/i6robotics_control_msgs/hook/cmake_prefix_path.dsv'
[7.310s] INFO:colcon.colcon_core.shell:Creating environment hook '/home/hjpark/dev_hjp/ROS2/storagy-repo-1/i6robotics/install/i6robotics_control_msgs/share/i6robotics_control_msgs/hook/cmake_prefix_path.sh'
[7.310s] Level 1:colcon.colcon_core.environment:checking '/home/hjpark/dev_hjp/ROS2/storagy-repo-1/i6robotics/install/i6robotics_control_msgs/lib'
[7.310s] Level 1:colcon.colcon_core.shell:create_environment_hook('i6robotics_control_msgs', 'ld_library_path_lib')
[7.311s] INFO:colcon.colcon_core.shell:Creating environment hook '/home/hjpark/dev_hjp/ROS2/storagy-repo-1/i6robotics/install/i6robotics_control_msgs/share/i6robotics_control_msgs/hook/ld_library_path_lib.ps1'
[7.311s] INFO:colcon.colcon_core.shell:Creating environment descriptor '/home/hjpark/dev_hjp/ROS2/storagy-repo-1/i6robotics/install/i6robotics_control_msgs/share/i6robotics_control_msgs/hook/ld_library_path_lib.dsv'
[7.311s] INFO:colcon.colcon_core.shell:Creating environment hook '/home/hjpark/dev_hjp/ROS2/storagy-repo-1/i6robotics/install/i6robotics_control_msgs/share/i6robotics_control_msgs/hook/ld_library_path_lib.sh'
[7.311s] Level 1:colcon.colcon_core.environment:checking '/home/hjpark/dev_hjp/ROS2/storagy-repo-1/i6robotics/install/i6robotics_control_msgs/bin'
[7.311s] Level 1:colcon.colcon_core.environment:checking '/home/hjpark/dev_hjp/ROS2/storagy-repo-1/i6robotics/install/i6robotics_control_msgs/lib/pkgconfig/i6robotics_control_msgs.pc'
[7.312s] Level 1:colcon.colcon_core.environment:checking '/home/hjpark/dev_hjp/ROS2/storagy-repo-1/i6robotics/install/i6robotics_control_msgs/lib/python3.10/site-packages'
[7.312s] Level 1:colcon.colcon_core.environment:checking '/home/hjpark/dev_hjp/ROS2/storagy-repo-1/i6robotics/install/i6robotics_control_msgs/bin'
[7.312s] INFO:colcon.colcon_core.shell:Creating package script '/home/hjpark/dev_hjp/ROS2/storagy-repo-1/i6robotics/install/i6robotics_control_msgs/share/i6robotics_control_msgs/package.ps1'
[7.313s] INFO:colcon.colcon_core.shell:Creating package descriptor '/home/hjpark/dev_hjp/ROS2/storagy-repo-1/i6robotics/install/i6robotics_control_msgs/share/i6robotics_control_msgs/package.dsv'
[7.313s] INFO:colcon.colcon_core.shell:Creating package script '/home/hjpark/dev_hjp/ROS2/storagy-repo-1/i6robotics/install/i6robotics_control_msgs/share/i6robotics_control_msgs/package.sh'
[7.313s] INFO:colcon.colcon_core.shell:Creating package script '/home/hjpark/dev_hjp/ROS2/storagy-repo-1/i6robotics/install/i6robotics_control_msgs/share/i6robotics_control_msgs/package.bash'
[7.314s] INFO:colcon.colcon_core.shell:Creating package script '/home/hjpark/dev_hjp/ROS2/storagy-repo-1/i6robotics/install/i6robotics_control_msgs/share/i6robotics_control_msgs/package.zsh'
[7.314s] Level 1:colcon.colcon_core.environment:create_file_with_runtime_dependencies(/home/hjpark/dev_hjp/ROS2/storagy-repo-1/i6robotics/install/i6robotics_control_msgs/share/colcon-core/packages/i6robotics_control_msgs)
[7.314s] DEBUG:colcon.colcon_parallel_executor.executor.parallel:closing loop
[7.314s] DEBUG:colcon.colcon_parallel_executor.executor.parallel:loop closed
[7.314s] DEBUG:colcon.colcon_parallel_executor.executor.parallel:run_until_complete finished with '0'
[7.314s] DEBUG:colcon.colcon_core.event_reactor:joining thread
[7.319s] INFO:colcon.colcon_core.plugin_system:Skipping extension 'colcon_notification.desktop_notification.terminal_notifier': Not used on non-Darwin systems
[7.319s] INFO:colcon.colcon_core.plugin_system:Skipping extension 'colcon_notification.desktop_notification.win32': Not used on non-Windows systems
[7.319s] INFO:colcon.colcon_notification.desktop_notification:Sending desktop notification using 'notify2'
[7.329s] DEBUG:colcon.colcon_core.event_reactor:joined thread
[7.329s] INFO:colcon.colcon_core.shell:Creating prefix script '/home/hjpark/dev_hjp/ROS2/storagy-repo-1/i6robotics/install/local_setup.ps1'
[7.330s] INFO:colcon.colcon_core.shell:Creating prefix util module '/home/hjpark/dev_hjp/ROS2/storagy-repo-1/i6robotics/install/_local_setup_util_ps1.py'
[7.331s] INFO:colcon.colcon_core.shell:Creating prefix chain script '/home/hjpark/dev_hjp/ROS2/storagy-repo-1/i6robotics/install/setup.ps1'
[7.332s] INFO:colcon.colcon_core.shell:Creating prefix script '/home/hjpark/dev_hjp/ROS2/storagy-repo-1/i6robotics/install/local_setup.sh'
[7.333s] INFO:colcon.colcon_core.shell:Creating prefix util module '/home/hjpark/dev_hjp/ROS2/storagy-repo-1/i6robotics/install/_local_setup_util_sh.py'
[7.333s] INFO:colcon.colcon_core.shell:Creating prefix chain script '/home/hjpark/dev_hjp/ROS2/storagy-repo-1/i6robotics/install/setup.sh'
[7.338s] INFO:colcon.colcon_core.shell:Creating prefix script '/home/hjpark/dev_hjp/ROS2/storagy-repo-1/i6robotics/install/local_setup.bash'
[7.340s] INFO:colcon.colcon_core.shell:Creating prefix chain script '/home/hjpark/dev_hjp/ROS2/storagy-repo-1/i6robotics/install/setup.bash'
[7.341s] INFO:colcon.colcon_core.shell:Creating prefix script '/home/hjpark/dev_hjp/ROS2/storagy-repo-1/i6robotics/install/local_setup.zsh'
[7.341s] INFO:colcon.colcon_core.shell:Creating prefix chain script '/home/hjpark/dev_hjp/ROS2/storagy-repo-1/i6robotics/install/setup.zsh'
