[35m[1mConsolidate compiler generated dependencies of target guiding_services__rosidl_generator_c[0m
[  3%] Built target guiding_services__cpp
[ 12%] Built target guiding_services__rosidl_generator_c
[ 12%] Built target ament_cmake_python_copy_guiding_services
[35m[1mConsolidate compiler generated dependencies of target guiding_services__rosidl_typesupport_cpp[0m
[35m[1mConsolidate compiler generated dependencies of target guiding_services__rosidl_typesupport_introspection_cpp[0m
[35m[1mConsolidate compiler generated dependencies of target guiding_services__rosidl_typesupport_fastrtps_cpp[0m
[35m[1mConsolidate compiler generated dependencies of target guiding_services__rosidl_typesupport_c[0m
[35m[1mConsolidate compiler generated dependencies of target guiding_services__rosidl_typesupport_introspection_c[0m
[35m[1mConsolidate compiler generated dependencies of target guiding_services__rosidl_typesupport_fastrtps_c[0m
[ 51%] Built target guiding_services__rosidl_typesupport_introspection_c
[ 51%] Built target guiding_services__rosidl_typesupport_introspection_cpp
[ 51%] Built target guiding_services__rosidl_typesupport_cpp
[ 51%] Built target guiding_services__rosidl_typesupport_c
[ 61%] Built target guiding_services__rosidl_typesupport_fastrtps_cpp
[ 70%] Built target guiding_services__rosidl_typesupport_fastrtps_c
[ 70%] Built target guiding_services
[ 74%] Built target guiding_services__py
[35m[1mConsolidate compiler generated dependencies of target guiding_services__rosidl_generator_py[0m
[ 80%] Built target guiding_services__rosidl_generator_py
[35m[1mConsolidate compiler generated dependencies of target guiding_services__rosidl_typesupport_fastrtps_c__pyext[0m
[35m[1mConsolidate compiler generated dependencies of target guiding_services__rosidl_typesupport_c__pyext[0m
[35m[1mConsolidate compiler generated dependencies of target guiding_services__rosidl_typesupport_introspection_c__pyext[0m
[ 93%] Built target guiding_services__rosidl_typesupport_fastrtps_c__pyext
[ 93%] Built target guiding_services__rosidl_typesupport_c__pyext
[100%] Built target guiding_services__rosidl_typesupport_introspection_c__pyext
running egg_info
writing guiding_services.egg-info/PKG-INFO
writing dependency_links to guiding_services.egg-info/dependency_links.txt
writing top-level names to guiding_services.egg-info/top_level.txt
reading manifest file 'guiding_services.egg-info/SOURCES.txt'
writing manifest file 'guiding_services.egg-info/SOURCES.txt'
[100%] Built target ament_cmake_python_build_guiding_services_egg
-- Install configuration: ""
-- Up-to-date: /home/hjpark/dev_hjp/ROS2/storagy-repo-1/i6robotics/install/guiding_services/share/ament_index/resource_index/rosidl_interfaces/guiding_services
-- Up-to-date: /home/hjpark/dev_hjp/ROS2/storagy-repo-1/i6robotics/install/guiding_services/include/guiding_services/guiding_services
-- Up-to-date: /home/hjpark/dev_hjp/ROS2/storagy-repo-1/i6robotics/install/guiding_services/include/guiding_services/guiding_services/srv
-- Up-to-date: /home/hjpark/dev_hjp/ROS2/storagy-repo-1/i6robotics/install/guiding_services/include/guiding_services/guiding_services/srv/set_goal_choice.h
-- Up-to-date: /home/hjpark/dev_hjp/ROS2/storagy-repo-1/i6robotics/install/guiding_services/include/guiding_services/guiding_services/srv/detail
-- Up-to-date: /home/hjpark/dev_hjp/ROS2/storagy-repo-1/i6robotics/install/guiding_services/include/guiding_services/guiding_services/srv/detail/set_goal_choice__functions.h
-- Up-to-date: /home/hjpark/dev_hjp/ROS2/storagy-repo-1/i6robotics/install/guiding_services/include/guiding_services/guiding_services/srv/detail/set_goal_choice__type_support.h
-- Up-to-date: /home/hjpark/dev_hjp/ROS2/storagy-repo-1/i6robotics/install/guiding_services/include/guiding_services/guiding_services/srv/detail/set_goal_choice__struct.h
-- Up-to-date: /home/hjpark/dev_hjp/ROS2/storagy-repo-1/i6robotics/install/guiding_services/include/guiding_services/guiding_services/srv/detail/set_goal_choice__functions.c
-- Up-to-date: /home/hjpark/dev_hjp/ROS2/storagy-repo-1/i6robotics/install/guiding_services/include/guiding_services/guiding_services/msg
-- Up-to-date: /home/hjpark/dev_hjp/ROS2/storagy-repo-1/i6robotics/install/guiding_services/include/guiding_services/guiding_services/msg/rosidl_generator_c__visibility_control.h
-- Up-to-date: /home/hjpark/dev_hjp/ROS2/storagy-repo-1/i6robotics/install/guiding_services/share/guiding_services/environment/library_path.sh
-- Up-to-date: /home/hjpark/dev_hjp/ROS2/storagy-repo-1/i6robotics/install/guiding_services/share/guiding_services/environment/library_path.dsv
-- Up-to-date: /home/hjpark/dev_hjp/ROS2/storagy-repo-1/i6robotics/install/guiding_services/lib/libguiding_services__rosidl_generator_c.so
-- Up-to-date: /home/hjpark/dev_hjp/ROS2/storagy-repo-1/i6robotics/install/guiding_services/include/guiding_services/guiding_services
-- Up-to-date: /home/hjpark/dev_hjp/ROS2/storagy-repo-1/i6robotics/install/guiding_services/include/guiding_services/guiding_services/srv
-- Up-to-date: /home/hjpark/dev_hjp/ROS2/storagy-repo-1/i6robotics/install/guiding_services/include/guiding_services/guiding_services/srv/detail
-- Up-to-date: /home/hjpark/dev_hjp/ROS2/storagy-repo-1/i6robotics/install/guiding_services/include/guiding_services/guiding_services/srv/detail/set_goal_choice__rosidl_typesupport_fastrtps_c.h
-- Up-to-date: /home/hjpark/dev_hjp/ROS2/storagy-repo-1/i6robotics/install/guiding_services/include/guiding_services/guiding_services/msg
-- Up-to-date: /home/hjpark/dev_hjp/ROS2/storagy-repo-1/i6robotics/install/guiding_services/include/guiding_services/guiding_services/msg/rosidl_typesupport_fastrtps_c__visibility_control.h
-- Up-to-date: /home/hjpark/dev_hjp/ROS2/storagy-repo-1/i6robotics/install/guiding_services/lib/libguiding_services__rosidl_typesupport_fastrtps_c.so
-- Up-to-date: /home/hjpark/dev_hjp/ROS2/storagy-repo-1/i6robotics/install/guiding_services/include/guiding_services/guiding_services
-- Up-to-date: /home/hjpark/dev_hjp/ROS2/storagy-repo-1/i6robotics/install/guiding_services/include/guiding_services/guiding_services/srv
-- Up-to-date: /home/hjpark/dev_hjp/ROS2/storagy-repo-1/i6robotics/install/guiding_services/include/guiding_services/guiding_services/srv/detail
-- Up-to-date: /home/hjpark/dev_hjp/ROS2/storagy-repo-1/i6robotics/install/guiding_services/include/guiding_services/guiding_services/srv/detail/set_goal_choice__rosidl_typesupport_introspection_c.h
-- Up-to-date: /home/hjpark/dev_hjp/ROS2/storagy-repo-1/i6robotics/install/guiding_services/include/guiding_services/guiding_services/srv/detail/set_goal_choice__type_support.c
-- Up-to-date: /home/hjpark/dev_hjp/ROS2/storagy-repo-1/i6robotics/install/guiding_services/include/guiding_services/guiding_services/msg
-- Up-to-date: /home/hjpark/dev_hjp/ROS2/storagy-repo-1/i6robotics/install/guiding_services/include/guiding_services/guiding_services/msg/rosidl_typesupport_introspection_c__visibility_control.h
-- Up-to-date: /home/hjpark/dev_hjp/ROS2/storagy-repo-1/i6robotics/install/guiding_services/lib/libguiding_services__rosidl_typesupport_introspection_c.so
-- Up-to-date: /home/hjpark/dev_hjp/ROS2/storagy-repo-1/i6robotics/install/guiding_services/lib/libguiding_services__rosidl_typesupport_c.so
-- Up-to-date: /home/hjpark/dev_hjp/ROS2/storagy-repo-1/i6robotics/install/guiding_services/include/guiding_services/guiding_services
-- Up-to-date: /home/hjpark/dev_hjp/ROS2/storagy-repo-1/i6robotics/install/guiding_services/include/guiding_services/guiding_services/srv
-- Up-to-date: /home/hjpark/dev_hjp/ROS2/storagy-repo-1/i6robotics/install/guiding_services/include/guiding_services/guiding_services/srv/set_goal_choice.hpp
-- Up-to-date: /home/hjpark/dev_hjp/ROS2/storagy-repo-1/i6robotics/install/guiding_services/include/guiding_services/guiding_services/srv/detail
-- Up-to-date: /home/hjpark/dev_hjp/ROS2/storagy-repo-1/i6robotics/install/guiding_services/include/guiding_services/guiding_services/srv/detail/set_goal_choice__struct.hpp
-- Up-to-date: /home/hjpark/dev_hjp/ROS2/storagy-repo-1/i6robotics/install/guiding_services/include/guiding_services/guiding_services/srv/detail/set_goal_choice__traits.hpp
-- Up-to-date: /home/hjpark/dev_hjp/ROS2/storagy-repo-1/i6robotics/install/guiding_services/include/guiding_services/guiding_services/srv/detail/set_goal_choice__type_support.hpp
-- Up-to-date: /home/hjpark/dev_hjp/ROS2/storagy-repo-1/i6robotics/install/guiding_services/include/guiding_services/guiding_services/srv/detail/set_goal_choice__builder.hpp
-- Up-to-date: /home/hjpark/dev_hjp/ROS2/storagy-repo-1/i6robotics/install/guiding_services/include/guiding_services/guiding_services/msg
-- Up-to-date: /home/hjpark/dev_hjp/ROS2/storagy-repo-1/i6robotics/install/guiding_services/include/guiding_services/guiding_services/msg/rosidl_generator_cpp__visibility_control.hpp
-- Up-to-date: /home/hjpark/dev_hjp/ROS2/storagy-repo-1/i6robotics/install/guiding_services/include/guiding_services/guiding_services
-- Up-to-date: /home/hjpark/dev_hjp/ROS2/storagy-repo-1/i6robotics/install/guiding_services/include/guiding_services/guiding_services/srv
-- Up-to-date: /home/hjpark/dev_hjp/ROS2/storagy-repo-1/i6robotics/install/guiding_services/include/guiding_services/guiding_services/srv/detail
-- Up-to-date: /home/hjpark/dev_hjp/ROS2/storagy-repo-1/i6robotics/install/guiding_services/include/guiding_services/guiding_services/srv/detail/set_goal_choice__rosidl_typesupport_fastrtps_cpp.hpp
-- Up-to-date: /home/hjpark/dev_hjp/ROS2/storagy-repo-1/i6robotics/install/guiding_services/include/guiding_services/guiding_services/srv/detail/dds_fastrtps
-- Up-to-date: /home/hjpark/dev_hjp/ROS2/storagy-repo-1/i6robotics/install/guiding_services/include/guiding_services/guiding_services/msg
-- Up-to-date: /home/hjpark/dev_hjp/ROS2/storagy-repo-1/i6robotics/install/guiding_services/include/guiding_services/guiding_services/msg/rosidl_typesupport_fastrtps_cpp__visibility_control.h
-- Up-to-date: /home/hjpark/dev_hjp/ROS2/storagy-repo-1/i6robotics/install/guiding_services/lib/libguiding_services__rosidl_typesupport_fastrtps_cpp.so
-- Up-to-date: /home/hjpark/dev_hjp/ROS2/storagy-repo-1/i6robotics/install/guiding_services/include/guiding_services/guiding_services
-- Up-to-date: /home/hjpark/dev_hjp/ROS2/storagy-repo-1/i6robotics/install/guiding_services/include/guiding_services/guiding_services/srv
-- Up-to-date: /home/hjpark/dev_hjp/ROS2/storagy-repo-1/i6robotics/install/guiding_services/include/guiding_services/guiding_services/srv/detail
-- Up-to-date: /home/hjpark/dev_hjp/ROS2/storagy-repo-1/i6robotics/install/guiding_services/include/guiding_services/guiding_services/srv/detail/set_goal_choice__type_support.cpp
-- Up-to-date: /home/hjpark/dev_hjp/ROS2/storagy-repo-1/i6robotics/install/guiding_services/include/guiding_services/guiding_services/srv/detail/set_goal_choice__rosidl_typesupport_introspection_cpp.hpp
-- Up-to-date: /home/hjpark/dev_hjp/ROS2/storagy-repo-1/i6robotics/install/guiding_services/lib/libguiding_services__rosidl_typesupport_introspection_cpp.so
-- Up-to-date: /home/hjpark/dev_hjp/ROS2/storagy-repo-1/i6robotics/install/guiding_services/lib/libguiding_services__rosidl_typesupport_cpp.so
-- Up-to-date: /home/hjpark/dev_hjp/ROS2/storagy-repo-1/i6robotics/install/guiding_services/share/guiding_services/environment/pythonpath.sh
-- Up-to-date: /home/hjpark/dev_hjp/ROS2/storagy-repo-1/i6robotics/install/guiding_services/share/guiding_services/environment/pythonpath.dsv
-- Up-to-date: /home/hjpark/dev_hjp/ROS2/storagy-repo-1/i6robotics/install/guiding_services/local/lib/python3.10/dist-packages/guiding_services-0.0.0-py3.10.egg-info
-- Installing: /home/hjpark/dev_hjp/ROS2/storagy-repo-1/i6robotics/install/guiding_services/local/lib/python3.10/dist-packages/guiding_services-0.0.0-py3.10.egg-info/top_level.txt
-- Installing: /home/hjpark/dev_hjp/ROS2/storagy-repo-1/i6robotics/install/guiding_services/local/lib/python3.10/dist-packages/guiding_services-0.0.0-py3.10.egg-info/dependency_links.txt
-- Installing: /home/hjpark/dev_hjp/ROS2/storagy-repo-1/i6robotics/install/guiding_services/local/lib/python3.10/dist-packages/guiding_services-0.0.0-py3.10.egg-info/PKG-INFO
-- Installing: /home/hjpark/dev_hjp/ROS2/storagy-repo-1/i6robotics/install/guiding_services/local/lib/python3.10/dist-packages/guiding_services-0.0.0-py3.10.egg-info/SOURCES.txt
-- Up-to-date: /home/hjpark/dev_hjp/ROS2/storagy-repo-1/i6robotics/install/guiding_services/local/lib/python3.10/dist-packages/guiding_services
-- Up-to-date: /home/hjpark/dev_hjp/ROS2/storagy-repo-1/i6robotics/install/guiding_services/local/lib/python3.10/dist-packages/guiding_services/_guiding_services_s.ep.rosidl_typesupport_c.c
-- Up-to-date: /home/hjpark/dev_hjp/ROS2/storagy-repo-1/i6robotics/install/guiding_services/local/lib/python3.10/dist-packages/guiding_services/libguiding_services__rosidl_generator_py.so
-- Up-to-date: /home/hjpark/dev_hjp/ROS2/storagy-repo-1/i6robotics/install/guiding_services/local/lib/python3.10/dist-packages/guiding_services/srv
-- Up-to-date: /home/hjpark/dev_hjp/ROS2/storagy-repo-1/i6robotics/install/guiding_services/local/lib/python3.10/dist-packages/guiding_services/srv/_set_goal_choice_s.c
-- Up-to-date: /home/hjpark/dev_hjp/ROS2/storagy-repo-1/i6robotics/install/guiding_services/local/lib/python3.10/dist-packages/guiding_services/srv/_set_goal_choice.py
-- Up-to-date: /home/hjpark/dev_hjp/ROS2/storagy-repo-1/i6robotics/install/guiding_services/local/lib/python3.10/dist-packages/guiding_services/srv/__init__.py
-- Up-to-date: /home/hjpark/dev_hjp/ROS2/storagy-repo-1/i6robotics/install/guiding_services/local/lib/python3.10/dist-packages/guiding_services/guiding_services_s__rosidl_typesupport_fastrtps_c.cpython-310-x86_64-linux-gnu.so
-- Up-to-date: /home/hjpark/dev_hjp/ROS2/storagy-repo-1/i6robotics/install/guiding_services/local/lib/python3.10/dist-packages/guiding_services/_guiding_services_s.ep.rosidl_typesupport_fastrtps_c.c
-- Up-to-date: /home/hjpark/dev_hjp/ROS2/storagy-repo-1/i6robotics/install/guiding_services/local/lib/python3.10/dist-packages/guiding_services/guiding_services_s__rosidl_typesupport_introspection_c.cpython-310-x86_64-linux-gnu.so
-- Up-to-date: /home/hjpark/dev_hjp/ROS2/storagy-repo-1/i6robotics/install/guiding_services/local/lib/python3.10/dist-packages/guiding_services/guiding_services_s__rosidl_typesupport_c.cpython-310-x86_64-linux-gnu.so
-- Up-to-date: /home/hjpark/dev_hjp/ROS2/storagy-repo-1/i6robotics/install/guiding_services/local/lib/python3.10/dist-packages/guiding_services/_guiding_services_s.ep.rosidl_typesupport_introspection_c.c
-- Up-to-date: /home/hjpark/dev_hjp/ROS2/storagy-repo-1/i6robotics/install/guiding_services/local/lib/python3.10/dist-packages/guiding_services/__init__.py
Listing '/home/hjpark/dev_hjp/ROS2/storagy-repo-1/i6robotics/install/guiding_services/local/lib/python3.10/dist-packages/guiding_services'...
Listing '/home/hjpark/dev_hjp/ROS2/storagy-repo-1/i6robotics/install/guiding_services/local/lib/python3.10/dist-packages/guiding_services/srv'...
-- Up-to-date: /home/hjpark/dev_hjp/ROS2/storagy-repo-1/i6robotics/install/guiding_services/local/lib/python3.10/dist-packages/guiding_services/guiding_services_s__rosidl_typesupport_fastrtps_c.cpython-310-x86_64-linux-gnu.so
-- Up-to-date: /home/hjpark/dev_hjp/ROS2/storagy-repo-1/i6robotics/install/guiding_services/local/lib/python3.10/dist-packages/guiding_services/guiding_services_s__rosidl_typesupport_introspection_c.cpython-310-x86_64-linux-gnu.so
-- Up-to-date: /home/hjpark/dev_hjp/ROS2/storagy-repo-1/i6robotics/install/guiding_services/local/lib/python3.10/dist-packages/guiding_services/guiding_services_s__rosidl_typesupport_c.cpython-310-x86_64-linux-gnu.so
-- Up-to-date: /home/hjpark/dev_hjp/ROS2/storagy-repo-1/i6robotics/install/guiding_services/lib/libguiding_services__rosidl_generator_py.so
-- Up-to-date: /home/hjpark/dev_hjp/ROS2/storagy-repo-1/i6robotics/install/guiding_services/share/guiding_services/srv/SetGoalChoice.idl
-- Up-to-date: /home/hjpark/dev_hjp/ROS2/storagy-repo-1/i6robotics/install/guiding_services/share/guiding_services/srv/SetGoalChoice.srv
-- Up-to-date: /home/hjpark/dev_hjp/ROS2/storagy-repo-1/i6robotics/install/guiding_services/share/guiding_services/srv/SetGoalChoice_Request.msg
-- Up-to-date: /home/hjpark/dev_hjp/ROS2/storagy-repo-1/i6robotics/install/guiding_services/share/guiding_services/srv/SetGoalChoice_Response.msg
-- Up-to-date: /home/hjpark/dev_hjp/ROS2/storagy-repo-1/i6robotics/install/guiding_services/share/ament_index/resource_index/package_run_dependencies/guiding_services
-- Up-to-date: /home/hjpark/dev_hjp/ROS2/storagy-repo-1/i6robotics/install/guiding_services/share/ament_index/resource_index/parent_prefix_path/guiding_services
-- Up-to-date: /home/hjpark/dev_hjp/ROS2/storagy-repo-1/i6robotics/install/guiding_services/share/guiding_services/environment/ament_prefix_path.sh
-- Up-to-date: /home/hjpark/dev_hjp/ROS2/storagy-repo-1/i6robotics/install/guiding_services/share/guiding_services/environment/ament_prefix_path.dsv
-- Up-to-date: /home/hjpark/dev_hjp/ROS2/storagy-repo-1/i6robotics/install/guiding_services/share/guiding_services/environment/path.sh
-- Up-to-date: /home/hjpark/dev_hjp/ROS2/storagy-repo-1/i6robotics/install/guiding_services/share/guiding_services/environment/path.dsv
-- Up-to-date: /home/hjpark/dev_hjp/ROS2/storagy-repo-1/i6robotics/install/guiding_services/share/guiding_services/local_setup.bash
-- Up-to-date: /home/hjpark/dev_hjp/ROS2/storagy-repo-1/i6robotics/install/guiding_services/share/guiding_services/local_setup.sh
-- Up-to-date: /home/hjpark/dev_hjp/ROS2/storagy-repo-1/i6robotics/install/guiding_services/share/guiding_services/local_setup.zsh
-- Up-to-date: /home/hjpark/dev_hjp/ROS2/storagy-repo-1/i6robotics/install/guiding_services/share/guiding_services/local_setup.dsv
-- Installing: /home/hjpark/dev_hjp/ROS2/storagy-repo-1/i6robotics/install/guiding_services/share/guiding_services/package.dsv
-- Up-to-date: /home/hjpark/dev_hjp/ROS2/storagy-repo-1/i6robotics/install/guiding_services/share/ament_index/resource_index/packages/guiding_services
-- Up-to-date: /home/hjpark/dev_hjp/ROS2/storagy-repo-1/i6robotics/install/guiding_services/share/guiding_services/cmake/export_guiding_services__rosidl_generator_cExport.cmake
-- Up-to-date: /home/hjpark/dev_hjp/ROS2/storagy-repo-1/i6robotics/install/guiding_services/share/guiding_services/cmake/export_guiding_services__rosidl_generator_cExport-noconfig.cmake
-- Up-to-date: /home/hjpark/dev_hjp/ROS2/storagy-repo-1/i6robotics/install/guiding_services/share/guiding_services/cmake/export_guiding_services__rosidl_typesupport_fastrtps_cExport.cmake
-- Up-to-date: /home/hjpark/dev_hjp/ROS2/storagy-repo-1/i6robotics/install/guiding_services/share/guiding_services/cmake/export_guiding_services__rosidl_typesupport_fastrtps_cExport-noconfig.cmake
-- Up-to-date: /home/hjpark/dev_hjp/ROS2/storagy-repo-1/i6robotics/install/guiding_services/share/guiding_services/cmake/guiding_services__rosidl_typesupport_introspection_cExport.cmake
-- Up-to-date: /home/hjpark/dev_hjp/ROS2/storagy-repo-1/i6robotics/install/guiding_services/share/guiding_services/cmake/guiding_services__rosidl_typesupport_introspection_cExport-noconfig.cmake
-- Up-to-date: /home/hjpark/dev_hjp/ROS2/storagy-repo-1/i6robotics/install/guiding_services/share/guiding_services/cmake/guiding_services__rosidl_typesupport_cExport.cmake
-- Up-to-date: /home/hjpark/dev_hjp/ROS2/storagy-repo-1/i6robotics/install/guiding_services/share/guiding_services/cmake/guiding_services__rosidl_typesupport_cExport-noconfig.cmake
-- Up-to-date: /home/hjpark/dev_hjp/ROS2/storagy-repo-1/i6robotics/install/guiding_services/share/guiding_services/cmake/export_guiding_services__rosidl_generator_cppExport.cmake
-- Up-to-date: /home/hjpark/dev_hjp/ROS2/storagy-repo-1/i6robotics/install/guiding_services/share/guiding_services/cmake/export_guiding_services__rosidl_typesupport_fastrtps_cppExport.cmake
-- Up-to-date: /home/hjpark/dev_hjp/ROS2/storagy-repo-1/i6robotics/install/guiding_services/share/guiding_services/cmake/export_guiding_services__rosidl_typesupport_fastrtps_cppExport-noconfig.cmake
-- Up-to-date: /home/hjpark/dev_hjp/ROS2/storagy-repo-1/i6robotics/install/guiding_services/share/guiding_services/cmake/guiding_services__rosidl_typesupport_introspection_cppExport.cmake
-- Up-to-date: /home/hjpark/dev_hjp/ROS2/storagy-repo-1/i6robotics/install/guiding_services/share/guiding_services/cmake/guiding_services__rosidl_typesupport_introspection_cppExport-noconfig.cmake
-- Up-to-date: /home/hjpark/dev_hjp/ROS2/storagy-repo-1/i6robotics/install/guiding_services/share/guiding_services/cmake/guiding_services__rosidl_typesupport_cppExport.cmake
-- Up-to-date: /home/hjpark/dev_hjp/ROS2/storagy-repo-1/i6robotics/install/guiding_services/share/guiding_services/cmake/guiding_services__rosidl_typesupport_cppExport-noconfig.cmake
-- Up-to-date: /home/hjpark/dev_hjp/ROS2/storagy-repo-1/i6robotics/install/guiding_services/share/guiding_services/cmake/export_guiding_services__rosidl_generator_pyExport.cmake
-- Up-to-date: /home/hjpark/dev_hjp/ROS2/storagy-repo-1/i6robotics/install/guiding_services/share/guiding_services/cmake/export_guiding_services__rosidl_generator_pyExport-noconfig.cmake
-- Up-to-date: /home/hjpark/dev_hjp/ROS2/storagy-repo-1/i6robotics/install/guiding_services/share/guiding_services/cmake/rosidl_cmake-extras.cmake
-- Up-to-date: /home/hjpark/dev_hjp/ROS2/storagy-repo-1/i6robotics/install/guiding_services/share/guiding_services/cmake/ament_cmake_export_dependencies-extras.cmake
-- Up-to-date: /home/hjpark/dev_hjp/ROS2/storagy-repo-1/i6robotics/install/guiding_services/share/guiding_services/cmake/ament_cmake_export_include_directories-extras.cmake
-- Up-to-date: /home/hjpark/dev_hjp/ROS2/storagy-repo-1/i6robotics/install/guiding_services/share/guiding_services/cmake/ament_cmake_export_libraries-extras.cmake
-- Up-to-date: /home/hjpark/dev_hjp/ROS2/storagy-repo-1/i6robotics/install/guiding_services/share/guiding_services/cmake/ament_cmake_export_targets-extras.cmake
-- Up-to-date: /home/hjpark/dev_hjp/ROS2/storagy-repo-1/i6robotics/install/guiding_services/share/guiding_services/cmake/rosidl_cmake_export_typesupport_targets-extras.cmake
-- Up-to-date: /home/hjpark/dev_hjp/ROS2/storagy-repo-1/i6robotics/install/guiding_services/share/guiding_services/cmake/rosidl_cmake_export_typesupport_libraries-extras.cmake
-- Up-to-date: /home/hjpark/dev_hjp/ROS2/storagy-repo-1/i6robotics/install/guiding_services/share/guiding_services/cmake/guiding_servicesConfig.cmake
-- Up-to-date: /home/hjpark/dev_hjp/ROS2/storagy-repo-1/i6robotics/install/guiding_services/share/guiding_services/cmake/guiding_servicesConfig-version.cmake
-- Up-to-date: /home/hjpark/dev_hjp/ROS2/storagy-repo-1/i6robotics/install/guiding_services/share/guiding_services/package.xml
