running egg_info
writing ../../build/i6robotics_guiding/i6robotics_guiding.egg-info/PKG-INFO
writing dependency_links to ../../build/i6robotics_guiding/i6robotics_guiding.egg-info/dependency_links.txt
writing entry points to ../../build/i6robotics_guiding/i6robotics_guiding.egg-info/entry_points.txt
writing requirements to ../../build/i6robotics_guiding/i6robotics_guiding.egg-info/requires.txt
writing top-level names to ../../build/i6robotics_guiding/i6robotics_guiding.egg-info/top_level.txt
reading manifest file '../../build/i6robotics_guiding/i6robotics_guiding.egg-info/SOURCES.txt'
writing manifest file '../../build/i6robotics_guiding/i6robotics_guiding.egg-info/SOURCES.txt'
running build
running build_py
running install
running install_lib
running install_data
running install_egg_info
removing '/home/hjpark/dev_hjp/ROS2/storagy-repo-1/i6robotics/install/i6robotics_guiding/lib/python3.10/site-packages/i6robotics_guiding-0.0.1-py3.10.egg-info' (and everything under it)
Copying ../../build/i6robotics_guiding/i6robotics_guiding.egg-info to /home/hjpark/dev_hjp/ROS2/storagy-repo-1/i6robotics/install/i6robotics_guiding/lib/python3.10/site-packages/i6robotics_guiding-0.0.1-py3.10.egg-info
running install_scripts
Installing nav2pose_client_test6 script to /home/hjpark/dev_hjp/ROS2/storagy-repo-1/i6robotics/install/i6robotics_guiding/lib/i6robotics_guiding
Installing nav2pose_client_test7 script to /home/hjpark/dev_hjp/ROS2/storagy-repo-1/i6robotics/install/i6robotics_guiding/lib/i6robotics_guiding
Installing rear_camera_publisher3 script to /home/hjpark/dev_hjp/ROS2/storagy-repo-1/i6robotics/install/i6robotics_guiding/lib/i6robotics_guiding
Installing set_goal_choice_client script to /home/hjpark/dev_hjp/ROS2/storagy-repo-1/i6robotics/install/i6robotics_guiding/lib/i6robotics_guiding
writing list of installed files to '/home/hjpark/dev_hjp/ROS2/storagy-repo-1/i6robotics/build/i6robotics_guiding/install.log'
